00f24a2eeccb0afbc72602c65192b43e
1376755637
1a1f06e4a0022380efdeca8e573bbb9c
20170109_1420
20170222_1300
20170315_1200
20170316_1300
20170324_1200
20170329_1500
20170420_1000
20170425_1200
20170429_1700
20170501_1500
20170502_1800
20170517_1200
20170524_0900
20170524_1100
20170524_1200
20170524_1600
20170531_1300
20170605_1645
20170606_1300
20170607_1200
20170609_1100
20170616_1600
20170619_1000
20170619_1100
20170619_2100
20170620_1230
20170620_1300
20170620_1400
20170620_1500
20170623_1530
20170623_1700
20170703_1430
20170703_1800
20170704_1835
20170705_1930
20170706_1000
20170711_1200
20170714_1100
20170726_1800
20170807_1500
20170815_1600
20170816_2015
20170816_2020
20170821_1530
20170825_1230
20170906_1900
20170908
20170915_1600
20170915_1800
20170925_1100
20171009_2000
20171011_1800
20171012_2150
20171020_1700
20171022_1830
20171028_1200
20171108_1300
20171120_1300
20171123_1115
20171130_1700
20171212_1700
20171215_1630
20171215_1845
20171218_1000
20180102_1700
20180103_1100
20180104_1500
20180104_1800
20180104_1830
20180105_1400
20180105_1600
20180105_1800
20180108_1800
20180109_1800
20180111_1100
20180111_1800
20180118_1000
20180209_1100
20180220_1400
20180228_1430
20180309_1700
20180312_1600
20180320_1730
20180323_1500
20180410_1730
20180418_1030
20180525_1000
20180606_1600
20180608_1200
20180608_2000
20180626_1700
20180716_1200
20180720_1600
20180725_1200
20180731_1800
20180808_1700
20180821_1800
20180822_2100
20180823_1000
20180901_0000
20180910_1621
20180913_0000
20180917_1000
20180918_1800
20180927_1219
20181009_1200
20181018_1400
20181019_1100
20181029_1725
20181112_1000
20181112_1200
20181114_1500
20181119_2100
20181122_1000
20181212_1100
20181219_1130
20181221_1400
20181231_1200
20190117_1700
20190118_1700
20190313_1000
20190314_1400
20190319_1600
20190402_1400
20190516_1000
20190517_1100
20190819_1740
20190829_1500
20191031_1400
20191031_1500
20200218_1200
20200805_2355
20200807_2355
20200911_2355
20201112_1008
3bec3c5f5682f032a445
3n0vy3
74ibe6
a6e5dc0045a0909e381a81fb59c6a771
authuser
auto
_branch_match_id
city
country
dbx3av
expired
f
fm
g0qzww
gclid
j5p83v
limit
merchant
n0cpbw
nvtgnj
offset
olj2wc
order_by
page
product_uuid
promo_type
promoType
province
q
search
size
slug
sort
star
token
topReviewUuid
tr
type
undefined
url
utm_campaign
utm_content
utm_medium
utm_source
v
w
zfvwdb
