https://api-email.lemonilo.com/docs/swagger-ui-bundle.js
https://api-email.lemonilo.com/docs/swagger-ui-init.js
https://api-email.lemonilo.com/docs/swagger-ui-standalone-preset.js
https://metabase.lemonilo.com/app/dist/app-main.bundle.js?3bec3c5f5682f032a445
https://metabase.lemonilo.com/app/dist/styles.bundle.js?3bec3c5f5682f032a445
https://metabase.lemonilo.com/app/dist/vendor.bundle.js?3bec3c5f5682f032a445
https://m.lemonilo.com/assets/js/auth/login.js
https://m.lemonilo.com/assets/js/auth/register.js?20170316_1300
https://m.lemonilo.com/assets/js/custom.js?20170420_1000
https://m.lemonilo.com/assets/js/custom.js?20170501_1500
https://m.lemonilo.com/assets/js/custom.js?20170524_0900
https://m.lemonilo.com/assets/js/custom.js?20170619_1100
https://m.lemonilo.com/assets/js/custom.js?20170623_1700
https://m.lemonilo.com/assets/js/general_message.js?20170706_1000
https://m.lemonilo.com/assets/js/pages/category.js
https://m.lemonilo.com/assets/js/pages/home.js?20170524_1200
https://m.lemonilo.com/assets/js/pages/home.js?20170524_1600
https://m.lemonilo.com/assets/js/pages/merchant.js?20170524_1600
https://m.lemonilo.com/assets/js/pages/product.js?20170524_1600
https://m.lemonilo.com/assets/js/pages/product.js?20170620_1230
https://m.lemonilo.com/assets/js/pages/referral-program.js?20170222_1300
https://m.lemonilo.com/assets/js/pages/subcategory.js
https://m.lemonilo.com/assets/vendor/bootstrap-datepicker/js/bootstrap-datepicker.js?20170517_1200
https://m.lemonilo.com/assets/vendor/bootstrap-slider-master/bootstrap-slider.min.js
https://m.lemonilo.com/assets/vendor/bootstrap-star-rating-master/js/star-rating.min.js?20171012_2150
https://m.lemonilo.com/assets/vendor/clipboard.js-master/clipboard.min.js
https://m.lemonilo.com/assets/vendor/fancybox/jquery.fancybox.min.js
https://m.lemonilo.com/assets/vendor/flickity/flickity.pkgd.min.js
https://m.lemonilo.com/assets/vendor/jquery.fly/jquery.fly.min.js
https://m.lemonilo.com/assets/vendor/jquery-inputmask/jquery.inputmask.bundle.min.js
https://m.lemonilo.com/assets/vendor/jquery/jquery-3.1.0.min.js
https://m.lemonilo.com/assets/vendor/jquery/jquery-3.3.1.min.js
https://m.lemonilo.com/assets/vendor/jquery.lazyload/jquery.lazyload.min.js
https://m.lemonilo.com/assets/vendor/jquery-validation/jquery.validate.js
https://m.lemonilo.com/assets/vendor/jquery-validation/jquery.validate.min.js
https://m.lemonilo.com/assets/vendor/owl.carousel/owl-carousel/owl.carousel.js
https://m.lemonilo.com/assets/vendor/pnotify/pnotify.custom.js
https://m.lemonilo.com/assets/vendor/readmore/readmore.min.js
https://m.lemonilo.com/assets/vendor/readmore/readmore.min.js?20190819_1740
https://m.lemonilo.com/assets/vendor/semantic/semantic.min.js
https://m.lemonilo.com/assets/vendor/slinky/assets/js/jquery.slinky.js
https://m.lemonilo.com/assets/vendor/swiper/dist/js/swiper.min.js
https://m.lemonilo.com/assets/vendor/webui-popover-master/jquery.webui-popover.min.js
https://m.lemonilo.com/cdn-cgi/scripts/5c5dd728/cloudflare-static/email-decode.min.js
https://m.lemonilo.com/manifest.json
https://m.lemonilo.com/min/?f=/assets/js/auth/login.js
https://m.lemonilo.com/min/?f=/assets/js/auth/register.js?20181221_1400
https://m.lemonilo.com/min/?f=/assets/js/custom.js&20170726_1800
https://m.lemonilo.com/min/?f=/assets/js/custom.js&20180104_1800
https://m.lemonilo.com/min/?f=/assets/js/custom.js&20181018_1400
https://m.lemonilo.com/min/?f=/assets/js/custom.js&20181019_1100
https://m.lemonilo.com/min/?f=/assets/js/custom.js&20181029_1725
https://m.lemonilo.com/min/?f=/assets/js/custom.js&20181114_1500
https://m.lemonilo.com/min/?f=/assets/js/custom.js&20181119_2100
https://m.lemonilo.com/min/?f=/assets/js/custom.js&20181219_1130
https://m.lemonilo.com/min/?f=/assets/js/custom.js&20181221_1400
https://m.lemonilo.com/min/?f=/assets/js/custom.js&20190402_1400
https://m.lemonilo.com/min/?f=/assets/js/filter.js&20180103_1100
https://m.lemonilo.com/min/?f=/assets/js/filter.js&20180525_1000
https://m.lemonilo.com/min/?f=/assets/js/filter.js&20190402_1400
https://m.lemonilo.com/min/?f=/assets/js/general_message.js&20170816_2020
https://m.lemonilo.com/min/?f=/assets/js/general_message.js&20171108_1300
https://m.lemonilo.com/min/?f=/assets/js/pages/article.js&20170815_1600
https://m.lemonilo.com/min/?f=/assets/js/pages/article-list.js
https://m.lemonilo.com/min/?f=/assets/js/pages/cart.js&20190402_1400
https://m.lemonilo.com/min/?f=/assets/js/pages/category.js&20180105_1400
https://m.lemonilo.com/min/?f=/assets/js/pages/category.js&20190819_1740
https://m.lemonilo.com/min/?f=/assets/js/pages/contributor.js&20190819_1740
https://m.lemonilo.com/min/?f=/assets/js/pages/home.js&20170524_1600
https://m.lemonilo.com/min/?f=/assets/js/pages/home.js&20180118_1000
https://m.lemonilo.com/min/?f=/assets/js/pages/home.js&20181221_1400
https://m.lemonilo.com/min/?f=/assets/js/pages/lemonilo-rack.js&20190819_1740
https://m.lemonilo.com/min/?f=/assets/js/pages/merchant.js&20180309_1700
https://m.lemonilo.com/min/?f=/assets/js/pages/merchant.js&20190819_1740
https://m.lemonilo.com/min/?f=/assets/js/pages/product-box.js&20170915_1800
https://m.lemonilo.com/min/?f=/assets/js/pages/product-box.js&20171022_1830
https://m.lemonilo.com/min/?f=/assets/js/pages/product-box.js&20180901_0000
https://m.lemonilo.com/min/?f=/assets/js/pages/product-box.js&20181019_1100
https://m.lemonilo.com/min/?f=/assets/js/pages/product-box.js&20181029_1725
https://m.lemonilo.com/min/?f=/assets/js/pages/product-box.js&20181114_1500
https://m.lemonilo.com/min/?f=/assets/js/pages/product-box.js&20181219_1130
https://m.lemonilo.com/min/?f=/assets/js/pages/product.js&20170825_1230
https://m.lemonilo.com/min/?f=/assets/js/pages/product.js&20171120_1300
https://m.lemonilo.com/min/?f=/assets/js/pages/product.js&20180410_1730
https://m.lemonilo.com/min/?f=/assets/js/pages/product.js&20180901_0000
https://m.lemonilo.com/min/?f=/assets/js/pages/product.js&20181114_1500
https://m.lemonilo.com/min/?f=/assets/js/pages/product.js&20191031_1500
https://m.lemonilo.com/min/?f=/assets/js/pages/product-tag.js&20171130_1700
https://m.lemonilo.com/min/?f=/assets/js/pages/product-tag.js&20190819_1740
https://m.lemonilo.com/min/?f=/assets/js/pages/promo.js&20190819_1740
https://m.lemonilo.com/min/?f=/assets/js/pages/referral-program.js&20170222_1300
https://m.lemonilo.com/min/?f=/assets/js/pages/subcategory.js&20180105_1400
https://m.lemonilo.com/min/?f=/assets/js/pages/subcategory.js&20190819_1740
https://m.lemonilo.com/min/?f=/assets/js/parts/banner_app_download.js&20200807_2355
https://m.lemonilo.com/min/?f=/assets/js/sort.js&20180103_1100
https://m.lemonilo.com/min/?f=/assets/js/sort.js&20190402_1400
https://m.lemonilo.com/min/?f=/assets/vendor/bootstrap-datepicker/js/bootstrap-datepicker.js
https://m.lemonilo.com/min/?f=/assets/vendor/bootstrap-datepicker/js/bootstrap-datepicker.js&20170908
https://m.lemonilo.com/min/?f=/assets/vendor/bootstrap-datepicker/js/bootstrap-datepicker.js&20171009_2000
https://m.lemonilo.com/min/?f=/assets/vendor/jquery.fly/jquery.fly.min.js&20170906_1900
https://m.lemonilo.com/min/?f=/assets/vendor/jquery-query-object/jquery.query-object.js
https://m.lemonilo.com/min/?f=/assets/vendor/pnotify/pnotify.custom.js
https://m.lemonilo.com/min/?f=/assets/vendor/slidebars/dist/slidebars.min.js
https://m.lemonilo.com/min/?f=/assets/vendor/slinky/assets/js/jquery.slinky.js&20170807_1500
https://m.lemonilo.com/min/?f=/assets/vendor/slinky/assets/js/jquery.slinky.js&20180104_1500
https://staging-adpanel.lemonilo.com/assets/javascripts/auth/login.js
https://staging-adpanel.lemonilo.com/assets/javascripts/pages/form-add-page.js?20171123_1115
https://staging-adpanel.lemonilo.com/assets/javascripts/theme.custom.js
https://staging-adpanel.lemonilo.com/assets/javascripts/theme.init.js
https://staging-adpanel.lemonilo.com/assets/javascripts/theme.js
https://staging-adpanel.lemonilo.com/assets/vendor/bootstrap-datepicker/js/bootstrap-datepicker.js
https://staging-adpanel.lemonilo.com/assets/vendor/bootstrap/js/bootstrap.js
https://staging-adpanel.lemonilo.com/assets/vendor/jquery-browser-mobile/jquery.browser.mobile.js
https://staging-adpanel.lemonilo.com/assets/vendor/jquery/jquery.js
https://staging-adpanel.lemonilo.com/assets/vendor/jquery-placeholder/jquery.placeholder.js
https://staging-adpanel.lemonilo.com/assets/vendor/jquery-validation/jquery.validate.js
https://staging-adpanel.lemonilo.com/assets/vendor/magnific-popup/magnific-popup.js
https://staging-adpanel.lemonilo.com/assets/vendor/modernizr/modernizr.js
https://staging-adpanel.lemonilo.com/assets/vendor/nanoscroller/nanoscroller.js
https://staging-api-email.lemonilo.com/docs/swagger-ui-bundle.js
https://staging-api-email.lemonilo.com/docs/swagger-ui-init.js
https://staging-api-email.lemonilo.com/docs/swagger-ui-standalone-preset.js
https://staging-api-push.lemonilo.com/docs/swagger-ui-bundle.js
https://staging-api-push.lemonilo.com/docs/swagger-ui-init.js
https://staging-api-push.lemonilo.com/docs/swagger-ui-standalone-preset.js
https://static.lemonilo.com/frontend/artifacts/_next/static/BjuDLec9y0FnVFA3vUJET/_buildManifest.js
https://static.lemonilo.com/frontend/artifacts/_next/static/BjuDLec9y0FnVFA3vUJET/_ssgManifest.js
https://static.lemonilo.com/frontend/artifacts/_next/static/C79SMohNAniQx4yEnaYIr/_buildManifest.js
https://static.lemonilo.com/frontend/artifacts/_next/static/C79SMohNAniQx4yEnaYIr/_ssgManifest.js
https://static.lemonilo.com/frontend/artifacts/_next/static/chunks/00d6831b930312b773f84fa14141a992f4d9b691.35974a3d08a4f4ea610d.js
https://static.lemonilo.com/frontend/artifacts/_next/static/chunks/04c75bfff1f4f4668b337a8a894aeefd608176db.a58546c7c78998492783.js
https://static.lemonilo.com/frontend/artifacts/_next/static/chunks/07f77e134f5e58a4ade556411bd2a2d79b13255e.5d75f312724035700ab4.js
https://static.lemonilo.com/frontend/artifacts/_next/static/chunks/0b8a81d45098ff0305eb13da63727933f91f3956.a27e43d7b207181ea785.js
https://static.lemonilo.com/frontend/artifacts/_next/static/chunks/0b8a81d45098ff0305eb13da63727933f91f3956.e413cce7c878308aa91b.js
https://static.lemonilo.com/frontend/artifacts/_next/static/chunks/0c9cf09963629cba75ad9813e6ccdef97c45b7bd.bf4395eb68c345ad44eb.js
https://static.lemonilo.com/frontend/artifacts/_next/static/chunks/0de2a496c47c8e70eea31a0b6b82ad26c7a598c5.d3ad23e61b9dc4dec7f2.js
https://static.lemonilo.com/frontend/artifacts/_next/static/chunks/1120bb77e8ed1860c15e69bcb03407def8dcb517.38c619e6479562d870e7.js
https://static.lemonilo.com/frontend/artifacts/_next/static/chunks/114.d00dbaee52c311761127.js
https://static.lemonilo.com/frontend/artifacts/_next/static/chunks/115.56b154b486b5347185de.js
https://static.lemonilo.com/frontend/artifacts/_next/static/chunks/116.26aaed1d51c74ff804f6.js
https://static.lemonilo.com/frontend/artifacts/_next/static/chunks/116.7a86ba229190d699cd84.js
https://static.lemonilo.com/frontend/artifacts/_next/static/chunks/116.cc71050e4a4beef69ad2.js
https://static.lemonilo.com/frontend/artifacts/_next/static/chunks/117.5903d1727d8b714d239a.js
https://static.lemonilo.com/frontend/artifacts/_next/static/chunks/117.cc06a44406298aa8712f.js
https://static.lemonilo.com/frontend/artifacts/_next/static/chunks/118.6ae675b0cae90ace4d6c.js
https://static.lemonilo.com/frontend/artifacts/_next/static/chunks/118.e31fe6a22efe5f71f41f.js
https://static.lemonilo.com/frontend/artifacts/_next/static/chunks/119.0a2b98f74cab07243724.js
https://static.lemonilo.com/frontend/artifacts/_next/static/chunks/119.23eaa58c99e857a087f2.js
https://static.lemonilo.com/frontend/artifacts/_next/static/chunks/119.29060c2db113710361e2.js
https://static.lemonilo.com/frontend/artifacts/_next/static/chunks/119.c9764f3990760487337d.js
https://static.lemonilo.com/frontend/artifacts/_next/static/chunks/11c8224efb7bc13d96383cd1754d9ae4c8090db3.8286fd10164129bae904.js
https://static.lemonilo.com/frontend/artifacts/_next/static/chunks/120.607de5de242a0004a772.js
https://static.lemonilo.com/frontend/artifacts/_next/static/chunks/120.b35511be66ea579de73b.js
https://static.lemonilo.com/frontend/artifacts/_next/static/chunks/120.f92a67b95293effe0619.js
https://static.lemonilo.com/frontend/artifacts/_next/static/chunks/121.18ce660149227fa8c063.js
https://static.lemonilo.com/frontend/artifacts/_next/static/chunks/121.21c973753de5524e687a.js
https://static.lemonilo.com/frontend/artifacts/_next/static/chunks/121.276161c7ad19fe415c0d.js
https://static.lemonilo.com/frontend/artifacts/_next/static/chunks/122.56a92147c55da25bacf9.js
https://static.lemonilo.com/frontend/artifacts/_next/static/chunks/122.d88e17ccddc88f62c771.js
https://static.lemonilo.com/frontend/artifacts/_next/static/chunks/123.27edbe2d707011578003.js
https://static.lemonilo.com/frontend/artifacts/_next/static/chunks/123.8afec24f884f87e2abac.js
https://static.lemonilo.com/frontend/artifacts/_next/static/chunks/123.e572b534b6fd62c01307.js
https://static.lemonilo.com/frontend/artifacts/_next/static/chunks/124.cc28bbf434b68d793806.js
https://static.lemonilo.com/frontend/artifacts/_next/static/chunks/125.be4d2a2ced4bf8728366.js
https://static.lemonilo.com/frontend/artifacts/_next/static/chunks/126.48d1cabf9e78981f8f73.js
https://static.lemonilo.com/frontend/artifacts/_next/static/chunks/127.51d7f98d6a22202f9d76.js
https://static.lemonilo.com/frontend/artifacts/_next/static/chunks/128.6e0ad2fd042aa09acc12.js
https://static.lemonilo.com/frontend/artifacts/_next/static/chunks/130.e722bec80e1f73ea3ac1.js
https://static.lemonilo.com/frontend/artifacts/_next/static/chunks/131.5f7cd4a51e7e4f3af127.js
https://static.lemonilo.com/frontend/artifacts/_next/static/chunks/132.5afac7368d99e35db397.js
https://static.lemonilo.com/frontend/artifacts/_next/static/chunks/133.8c2965ac87c6435ecf4d.js
https://static.lemonilo.com/frontend/artifacts/_next/static/chunks/135.925be5e4dba8d3d0d1a1.js
https://static.lemonilo.com/frontend/artifacts/_next/static/chunks/135.f6f5d9ce43a1bba026e8.js
https://static.lemonilo.com/frontend/artifacts/_next/static/chunks/136.4dd13fba0e44a5ab8aa4.js
https://static.lemonilo.com/frontend/artifacts/_next/static/chunks/136.e7832e929bc438944757.js
https://static.lemonilo.com/frontend/artifacts/_next/static/chunks/137.b431adc5ad55758194ed.js
https://static.lemonilo.com/frontend/artifacts/_next/static/chunks/138.5e433cbdd7595b3749e9.js
https://static.lemonilo.com/frontend/artifacts/_next/static/chunks/138.9923aec102e2de75299d.js
https://static.lemonilo.com/frontend/artifacts/_next/static/chunks/138.9cbb514488caf2bc7970.js
https://static.lemonilo.com/frontend/artifacts/_next/static/chunks/139.a45c9e095d4937e44df8.js
https://static.lemonilo.com/frontend/artifacts/_next/static/chunks/139.ab359aeb8393a4a40d56.js
https://static.lemonilo.com/frontend/artifacts/_next/static/chunks/139.ac30874d2ea5fcae9bca.js
https://static.lemonilo.com/frontend/artifacts/_next/static/chunks/140.f06be566a25621c22b8d.js
https://static.lemonilo.com/frontend/artifacts/_next/static/chunks/140.f138508afc271de2b740.js
https://static.lemonilo.com/frontend/artifacts/_next/static/chunks/141.93a5a9eba885e82f6a94.js
https://static.lemonilo.com/frontend/artifacts/_next/static/chunks/1419eaf69fbf2bb114679d82291d7136756d4df6.c3ba769ec378206928f6.js
https://static.lemonilo.com/frontend/artifacts/_next/static/chunks/141.a08aa9ae157ebb83202f.js
https://static.lemonilo.com/frontend/artifacts/_next/static/chunks/141.fb4901ce454281386557.js
https://static.lemonilo.com/frontend/artifacts/_next/static/chunks/142.2e644f87f38a17a28712.js
https://static.lemonilo.com/frontend/artifacts/_next/static/chunks/142.a9e1413a2f6494fca6fe.js
https://static.lemonilo.com/frontend/artifacts/_next/static/chunks/142.f797e2b37f218112c764.js
https://static.lemonilo.com/frontend/artifacts/_next/static/chunks/143.1137e6880a95b7ed1d8d.js
https://static.lemonilo.com/frontend/artifacts/_next/static/chunks/143.ff65e30426075f8da61f.js
https://static.lemonilo.com/frontend/artifacts/_next/static/chunks/144.6dfca938c8a487659b69.js
https://static.lemonilo.com/frontend/artifacts/_next/static/chunks/144.b3749c95aecb5077fa0e.js
https://static.lemonilo.com/frontend/artifacts/_next/static/chunks/145.7f3f4257eee81c9f8d5b.js
https://static.lemonilo.com/frontend/artifacts/_next/static/chunks/146.eb7581ce989092e66f28.js
https://static.lemonilo.com/frontend/artifacts/_next/static/chunks/147.0e53cee89f0956437fe5.js
https://static.lemonilo.com/frontend/artifacts/_next/static/chunks/148.3bb4daaf88b3439c8583.js
https://static.lemonilo.com/frontend/artifacts/_next/static/chunks/149.2a313b15418f1251fa15.js
https://static.lemonilo.com/frontend/artifacts/_next/static/chunks/150.70803a24e37e334d21cf.js
https://static.lemonilo.com/frontend/artifacts/_next/static/chunks/150.cdaa8e66cffac1ac39b0.js
https://static.lemonilo.com/frontend/artifacts/_next/static/chunks/1514e9ef660600d0a4f3b763978e3a1d38b3bc25.af71523e5b124d5ec112.js
https://static.lemonilo.com/frontend/artifacts/_next/static/chunks/151.947ea130c3e7ec52a64a.js
https://static.lemonilo.com/frontend/artifacts/_next/static/chunks/151.c963e26b822588cb54cd.js
https://static.lemonilo.com/frontend/artifacts/_next/static/chunks/152.2ac9d98dca02bfd9ff09.js
https://static.lemonilo.com/frontend/artifacts/_next/static/chunks/152.5e7f576b17e8b18b0955.js
https://static.lemonilo.com/frontend/artifacts/_next/static/chunks/152.755e37caf2aaeec3f4b7.js
https://static.lemonilo.com/frontend/artifacts/_next/static/chunks/153.5e5f5cabe78a386926c1.js
https://static.lemonilo.com/frontend/artifacts/_next/static/chunks/153.7ecd0daa80f42cb8df98.js
https://static.lemonilo.com/frontend/artifacts/_next/static/chunks/153.9f102c07d6a82f98804b.js
https://static.lemonilo.com/frontend/artifacts/_next/static/chunks/153.a61ba9cd57e748a1baf8.js
https://static.lemonilo.com/frontend/artifacts/_next/static/chunks/154.293b170a54efdfa48620.js
https://static.lemonilo.com/frontend/artifacts/_next/static/chunks/154.5365bb854bb6947663a3.js
https://static.lemonilo.com/frontend/artifacts/_next/static/chunks/1546c64b21d947e87af455462c500ab0f5d89f84.29e5c9fab8e7953424f4.js
https://static.lemonilo.com/frontend/artifacts/_next/static/chunks/154.8fb92ba35d527a660ce0.js
https://static.lemonilo.com/frontend/artifacts/_next/static/chunks/155.05439dfb0b94475ce059.js
https://static.lemonilo.com/frontend/artifacts/_next/static/chunks/155.4e3b633f7a7c6061025c.js
https://static.lemonilo.com/frontend/artifacts/_next/static/chunks/155.b32b88e1f4c180733d18.js
https://static.lemonilo.com/frontend/artifacts/_next/static/chunks/156.45b26a93d661a59bd92d.js
https://static.lemonilo.com/frontend/artifacts/_next/static/chunks/15697bc8304d5c303c03eeb16bb0f17ef5b57ac1.38c619e6479562d870e7.js
https://static.lemonilo.com/frontend/artifacts/_next/static/chunks/156.ddf8f46d152330328c78.js
https://static.lemonilo.com/frontend/artifacts/_next/static/chunks/156.fc2a74120c84d7cfefdf.js
https://static.lemonilo.com/frontend/artifacts/_next/static/chunks/156.fc653adf729bb38ce6ee.js
https://static.lemonilo.com/frontend/artifacts/_next/static/chunks/157.9d6cc82d517fb8af6914.js
https://static.lemonilo.com/frontend/artifacts/_next/static/chunks/158.0857e365e30a1ba88bb8.js
https://static.lemonilo.com/frontend/artifacts/_next/static/chunks/158.5a5c4bf6e56ab08ec086.js
https://static.lemonilo.com/frontend/artifacts/_next/static/chunks/18a4a8dac2bbbec8e76252ebf1fb79c40049fc18.eeb1009ec26ca03bd186.js
https://static.lemonilo.com/frontend/artifacts/_next/static/chunks/1ad5b1a2128275f8282ab1eba0f9f0dc44f13170.b09051592e6afeee17db.js
https://static.lemonilo.com/frontend/artifacts/_next/static/chunks/1bc3979f56b4c2a30d9b5fdd4bb3a6baa9d9512d.04eae8ce386bba320008.js
https://static.lemonilo.com/frontend/artifacts/_next/static/chunks/1bc3979f56b4c2a30d9b5fdd4bb3a6baa9d9512d.050a4b4a97b2be5d0ce4.js
https://static.lemonilo.com/frontend/artifacts/_next/static/chunks/1bc3979f56b4c2a30d9b5fdd4bb3a6baa9d9512d.a4aff8c24719d3f7eab3.js
https://static.lemonilo.com/frontend/artifacts/_next/static/chunks/1bc3979f56b4c2a30d9b5fdd4bb3a6baa9d9512d.ff3d07b3ec88277fb290.js
https://static.lemonilo.com/frontend/artifacts/_next/static/chunks/1be5bdc6c6479a49fd24eda500da0cec879bfe3d.a0eec69552b76366b4c2.js
https://static.lemonilo.com/frontend/artifacts/_next/static/chunks/1be5bdc6c6479a49fd24eda500da0cec879bfe3d.a27c166d252f6755bb76.js
https://static.lemonilo.com/frontend/artifacts/_next/static/chunks/1c67dff9b5c5a11a13e3b05c708fb37dad6132c6.d1f2cf727802588061ce.js
https://static.lemonilo.com/frontend/artifacts/_next/static/chunks/24c61cdf85171dcccfa6341f2a98191dfc064908.329329b5e6c8f1741973.js
https://static.lemonilo.com/frontend/artifacts/_next/static/chunks/24c61cdf85171dcccfa6341f2a98191dfc064908.ff3e99098c66c88dff4f.js
https://static.lemonilo.com/frontend/artifacts/_next/static/chunks/24e200c558dd792f8109cdfc56dddd544a7505f6.3807abc4f1259d780245.js
https://static.lemonilo.com/frontend/artifacts/_next/static/chunks/24e200c558dd792f8109cdfc56dddd544a7505f6.a158e0ab478cf3b5e51b.js
https://static.lemonilo.com/frontend/artifacts/_next/static/chunks/25327b5877b5b4090b78294a102dc1f76f9f5e56.a5bf0e4f11a81507bc63.js
https://static.lemonilo.com/frontend/artifacts/_next/static/chunks/2852872c.4f6b16d9a386f290fc80.js
https://static.lemonilo.com/frontend/artifacts/_next/static/chunks/2852872c.cfbc59d41287b802f456.js
https://static.lemonilo.com/frontend/artifacts/_next/static/chunks/2a9f7a30eb8d6c22b353332b1e2948a0b3728db1.4307cb45f7d2895f0799.js
https://static.lemonilo.com/frontend/artifacts/_next/static/chunks/2a9f7a30eb8d6c22b353332b1e2948a0b3728db1.d43c1b0f7c03b6fc76cb.js
https://static.lemonilo.com/frontend/artifacts/_next/static/chunks/2e5127ef0c78976232659f163a14d243bdf9f078.a27c166d252f6755bb76.js
https://static.lemonilo.com/frontend/artifacts/_next/static/chunks/2ee9c59defe8c4b6449345ae744d687852a2388a.d26a87bb71ebc4486408.js
https://static.lemonilo.com/frontend/artifacts/_next/static/chunks/321b31333d9411381395b02961b18da0ac57a4ff.f88fc79d6000cd2770dc.js
https://static.lemonilo.com/frontend/artifacts/_next/static/chunks/328c27ce9702e3c9b6dfa874fd3b202bae801dae.29b505a1e43b11c118d8.js
https://static.lemonilo.com/frontend/artifacts/_next/static/chunks/337e43907b48c00c46b00dfdf9c724bad99e1d8a.87667115a80e706bf20a.js
https://static.lemonilo.com/frontend/artifacts/_next/static/chunks/3a2c974d6f56b30a287561d102c1a21690953121.7cbbcde7cbe589df339d.js
https://static.lemonilo.com/frontend/artifacts/_next/static/chunks/3a85b063e8a57ef633a3ae5dd6eb61e119442a57.45b4b8f57d7c733dcb8b.js
https://static.lemonilo.com/frontend/artifacts/_next/static/chunks/3a85b063e8a57ef633a3ae5dd6eb61e119442a57.847c853096f4a8dee5f9.js
https://static.lemonilo.com/frontend/artifacts/_next/static/chunks/4375ff08d978004eef15e2cbfa2b8c6e9df013b9.9318bff58aacfefdc52c.js
https://static.lemonilo.com/frontend/artifacts/_next/static/chunks/4375ff08d978004eef15e2cbfa2b8c6e9df013b9.e991cde77f2d21808453.js
https://static.lemonilo.com/frontend/artifacts/_next/static/chunks/47dfcb09.60ed0b33d99a46dfe137.js
https://static.lemonilo.com/frontend/artifacts/_next/static/chunks/483fe5ed5c4f169b3b0894de8ac3d3646dc23986.9533d4a934a0054d6ad1.js
https://static.lemonilo.com/frontend/artifacts/_next/static/chunks/483fe5ed5c4f169b3b0894de8ac3d3646dc23986.c9b7e2ba3bb01c9310c7.js
https://static.lemonilo.com/frontend/artifacts/_next/static/chunks/4aa5273ac16c19388ed02b42abce6b7838e845e8.396915937fad4f904569.js
https://static.lemonilo.com/frontend/artifacts/_next/static/chunks/53ef623100fa53ccd36df2183d436cda2a27e09f.7a8f56e0141acefee2e4.js
https://static.lemonilo.com/frontend/artifacts/_next/static/chunks/54a0b2284e3d625870252f1693c03a12f3393470.5869b61cb2d09209da49.js
https://static.lemonilo.com/frontend/artifacts/_next/static/chunks/567cdeb3adcf4f1c7fdac5a2984777918d73d233.33178fc6d647946a91d3.js
https://static.lemonilo.com/frontend/artifacts/_next/static/chunks/567cdeb3adcf4f1c7fdac5a2984777918d73d233.883c0f0b241b030588a2.js
https://static.lemonilo.com/frontend/artifacts/_next/static/chunks/56f7b58f9e8b5d9fbcaec00e1d680fd2d2088d70.71c1a0dc740c25276fdd.js
https://static.lemonilo.com/frontend/artifacts/_next/static/chunks/59a26d8b273a39ffcf3686c88b74895ef8df8c98.ee2c9d9869caa1e75256.js
https://static.lemonilo.com/frontend/artifacts/_next/static/chunks/5b76204d206f75b6f9db9ee62251197232d527db.c620ca9dd648f8908bf9.js
https://static.lemonilo.com/frontend/artifacts/_next/static/chunks/5b76204d206f75b6f9db9ee62251197232d527db.cc0f791572252ddbe8d1.js
https://static.lemonilo.com/frontend/artifacts/_next/static/chunks/5c673a74e05a7cacf3bf4b024d759108d4addf03.b1c2faa0464e857ede98.js
https://static.lemonilo.com/frontend/artifacts/_next/static/chunks/69294dfeb94e8058a65b5d6a9a5dd25379870a6e.29e5c9fab8e7953424f4.js
https://static.lemonilo.com/frontend/artifacts/_next/static/chunks/6bc939b1c26f3dd85c5be3066fac69d0ebae54ce.3b07ac3503c8ee73f923.js
https://static.lemonilo.com/frontend/artifacts/_next/static/chunks/7292145699b7f0bfc7a4eec9b86ba81892668ba2.2fc9d5b714913827d1f9.js
https://static.lemonilo.com/frontend/artifacts/_next/static/chunks/7292145699b7f0bfc7a4eec9b86ba81892668ba2.ed21daacce5f0f261533.js
https://static.lemonilo.com/frontend/artifacts/_next/static/chunks/7583425e88621a20bd44305c3ca20920260e57bc.87b71c3a648aad995d39.js
https://static.lemonilo.com/frontend/artifacts/_next/static/chunks/75fc9c18.087ee8332cf7e942d6b2.js
https://static.lemonilo.com/frontend/artifacts/_next/static/chunks/75fc9c18.6b40b44100c647a1e2a4.js
https://static.lemonilo.com/frontend/artifacts/_next/static/chunks/75fc9c18.97ead289cd098e858fe9.js
https://static.lemonilo.com/frontend/artifacts/_next/static/chunks/765f61a94524b8cb502cc8f5c2403c4bbbbaa079.5d39d1be57b854c59348.js
https://static.lemonilo.com/frontend/artifacts/_next/static/chunks/78f7e6ac37cd85382d70b6faea5044ff043837fa.54b0da2ff5d6fd98ee17.js
https://static.lemonilo.com/frontend/artifacts/_next/static/chunks/7f3354fb728c543c68a39b12050bc1c89955f427.4ed40912d30e68db2585.js
https://static.lemonilo.com/frontend/artifacts/_next/static/chunks/7f3354fb728c543c68a39b12050bc1c89955f427.b295ef9a02993491e417.js
https://static.lemonilo.com/frontend/artifacts/_next/static/chunks/7f53a9b3b29133342670cdf4edf21c7a73631545.6914d6c20b959af44958.js
https://static.lemonilo.com/frontend/artifacts/_next/static/chunks/7f53a9b3b29133342670cdf4edf21c7a73631545.a42e1790273ea55865d2.js
https://static.lemonilo.com/frontend/artifacts/_next/static/chunks/7f53a9b3b29133342670cdf4edf21c7a73631545.caea91d7144219fd48b0.js
https://static.lemonilo.com/frontend/artifacts/_next/static/chunks/82c8ae8a25721ae57c400a7209131ea666a62970.5815070fff344d798eea.js
https://static.lemonilo.com/frontend/artifacts/_next/static/chunks/83348c121b62a8c9ed0fafef2c0f34bc19298577.84c054e49eeb2aa0d0e2.js
https://static.lemonilo.com/frontend/artifacts/_next/static/chunks/85ee04e704c987aa401b9e6eb950e8d2f4094161.3993f44b21ef313eb036.js
https://static.lemonilo.com/frontend/artifacts/_next/static/chunks/85ee04e704c987aa401b9e6eb950e8d2f4094161.fbac9083c1af88ff58b8.js
https://static.lemonilo.com/frontend/artifacts/_next/static/chunks/8c8b6b9cd743549bab361f39cf8c2779aa5a2e24.05bacfdc3bb31b58f8a3.js
https://static.lemonilo.com/frontend/artifacts/_next/static/chunks/8e9bf1c7f52a049c102939f5beafbce9ae6a8885.c27c37cb2b6f636d4db2.js
https://static.lemonilo.com/frontend/artifacts/_next/static/chunks/91ddcf30ac7fcb66757655a9b8843568fd298041.3702d40abad2103b34e7.js
https://static.lemonilo.com/frontend/artifacts/_next/static/chunks/91ddcf30ac7fcb66757655a9b8843568fd298041.c3857870f80cc7dd9a60.js
https://static.lemonilo.com/frontend/artifacts/_next/static/chunks/952460f2f057cdefa41621cb0d4c3358ab2745a2.71c1a0dc740c25276fdd.js
https://static.lemonilo.com/frontend/artifacts/_next/static/chunks/989853409d7ab63a9396c68964317cbc77dcfcbc.4ccb7b77faf5b90cbf6e.js
https://static.lemonilo.com/frontend/artifacts/_next/static/chunks/9e514540cada93732c7f78fbdb181a342e8c4a37.a0002bfe60d8fb5864a0.js
https://static.lemonilo.com/frontend/artifacts/_next/static/chunks/a2e43e423895038c481e0d1459de6a8a50cb06f9.76544f7ad1b06573b487.js
https://static.lemonilo.com/frontend/artifacts/_next/static/chunks/a2e43e423895038c481e0d1459de6a8a50cb06f9.a58546c7c78998492783.js
https://static.lemonilo.com/frontend/artifacts/_next/static/chunks/a4c92b5b.292e1e13e4f75c623fa3.js
https://static.lemonilo.com/frontend/artifacts/_next/static/chunks/a4c92b5b.a2f6ebddee560eb90d20.js
https://static.lemonilo.com/frontend/artifacts/_next/static/chunks/a4c92b5b.c3788d0be5e39fa8d3d1.js
https://static.lemonilo.com/frontend/artifacts/_next/static/chunks/a8bdd92a61994e4f8e9b64a16243230801718bad.33fea33442638056f5bc.js
https://static.lemonilo.com/frontend/artifacts/_next/static/chunks/b0c5d57e2b51754ba010c4456ca31f47c9f74c21.4847ff9efda50021cf9b.js
https://static.lemonilo.com/frontend/artifacts/_next/static/chunks/b0c5d57e2b51754ba010c4456ca31f47c9f74c21.56739518ee2b77a30d9a.js
https://static.lemonilo.com/frontend/artifacts/_next/static/chunks/b0c5d57e2b51754ba010c4456ca31f47c9f74c21.7d6836f9a0362bae6b62.js
https://static.lemonilo.com/frontend/artifacts/_next/static/chunks/b2b09de4ab0572949f3b686823d4d67aab43b367.4cfd00b9154c18e5bce5.js
https://static.lemonilo.com/frontend/artifacts/_next/static/chunks/b2b09de4ab0572949f3b686823d4d67aab43b367.753e5c07993c8d8e6fef.js
https://static.lemonilo.com/frontend/artifacts/_next/static/chunks/b2b09de4ab0572949f3b686823d4d67aab43b367.b24e3a0bbe90e2136a2a.js
https://static.lemonilo.com/frontend/artifacts/_next/static/chunks/b2b09de4ab0572949f3b686823d4d67aab43b367.cd2e87d67f2de3d63638.js
https://static.lemonilo.com/frontend/artifacts/_next/static/chunks/b2b09de4ab0572949f3b686823d4d67aab43b367.ce8a82b5c7261a75c18d.js
https://static.lemonilo.com/frontend/artifacts/_next/static/chunks/b4c24da887cd9044893ce0e3eb92288563c81920.1eed75311d0dd12fdd99.js
https://static.lemonilo.com/frontend/artifacts/_next/static/chunks/b89073f07eb4cb6fcb40d72e262b5f3a577b2656.a5f7e4f80769780b3f17.js
https://static.lemonilo.com/frontend/artifacts/_next/static/chunks/c38acd54e87c6f5b3efd04ac9c4fd3486f17dff4.77a94a930aa779a066fe.js
https://static.lemonilo.com/frontend/artifacts/_next/static/chunks/c46a4bbe495244cc1111b9be31eb05aa94007fbb.d90f09caae87388df2c6.js
https://static.lemonilo.com/frontend/artifacts/_next/static/chunks/c4a89ba65459712f6767db1615c828a857271d00.b4e2016bfccfae5a2734.js
https://static.lemonilo.com/frontend/artifacts/_next/static/chunks/c4f04b929534feb8daa70ca972104f3057784086.8286fd10164129bae904.js
https://static.lemonilo.com/frontend/artifacts/_next/static/chunks/c5ed0613a3c79c738eeb5561fca293788966021e.7334522f16bdb5cf770f.js
https://static.lemonilo.com/frontend/artifacts/_next/static/chunks/c63779f26e4b790cb26d2c18625454e932c9b129.6932a1636303546b037d.js
https://static.lemonilo.com/frontend/artifacts/_next/static/chunks/cc997ecb2f0e1750d5f23336bd83e3e966076bbd.b3aaf3b65adc1d0bc224.js
https://static.lemonilo.com/frontend/artifacts/_next/static/chunks/commons.224c494fe77c89dd2b27.js
https://static.lemonilo.com/frontend/artifacts/_next/static/chunks/d27a6c92c03b0b12005e4554ddbd1fb0102121b5.982c4182f89b686b4762.js
https://static.lemonilo.com/frontend/artifacts/_next/static/chunks/d2828428a87ee4d5678caf75629665c2b11e8332.e088998a1e145d0c2262.js
https://static.lemonilo.com/frontend/artifacts/_next/static/chunks/d285b0c8de96ae81eede17a084bf3aa836e3edb4.2b0eb2f9afea8fd50535.js
https://static.lemonilo.com/frontend/artifacts/_next/static/chunks/e0c20d249d902afc2677a3549c13bd13845850bf.982c4182f89b686b4762.js
https://static.lemonilo.com/frontend/artifacts/_next/static/chunks/f05f06c163abb7fb84a9d5599ade171d9ad8969f.5a4473f0f9dea7794c4f.js
https://static.lemonilo.com/frontend/artifacts/_next/static/chunks/f05f06c163abb7fb84a9d5599ade171d9ad8969f.c9b7e2ba3bb01c9310c7.js
https://static.lemonilo.com/frontend/artifacts/_next/static/chunks/f1596c3a106d95e708895d29f9a06e89c154a2e3.7a8f56e0141acefee2e4.js
https://static.lemonilo.com/frontend/artifacts/_next/static/chunks/f571f4693923454057226d0d785c53001b0f12de.5718c3aadd1f542ec059.js
https://static.lemonilo.com/frontend/artifacts/_next/static/chunks/f571f4693923454057226d0d785c53001b0f12de.7451ce7699f54145c039.js
https://static.lemonilo.com/frontend/artifacts/_next/static/chunks/f67029fb5dc6a3fe123107002b103c218d13aac1.acc4c111de3076feda7d.js
https://static.lemonilo.com/frontend/artifacts/_next/static/chunks/f67029fb5dc6a3fe123107002b103c218d13aac1.e2943b47c147dd431bd7.js
https://static.lemonilo.com/frontend/artifacts/_next/static/chunks/f7707efa598c69fe809ceffebc6a780f8e9840f6.b50261df9262e4326684.js
https://static.lemonilo.com/frontend/artifacts/_next/static/chunks/f7fbddb2655dff664bc467a6a74d20648039097d.54b0da2ff5d6fd98ee17.js
https://static.lemonilo.com/frontend/artifacts/_next/static/chunks/faefeadad7325436a50f46baf35fcc8e29569a1d.19e1927c5221227c1ad8.js
https://static.lemonilo.com/frontend/artifacts/_next/static/chunks/fb995bc52c141a94f4fac0d6ea84d9a80556688f.d609bccd17ed7f6da18b.js
https://static.lemonilo.com/frontend/artifacts/_next/static/chunks/fc3003cfbca71c514a7def7ddf9f6e72e8d5e5a9.2fc9d5b714913827d1f9.js
https://static.lemonilo.com/frontend/artifacts/_next/static/chunks/ff40c55d61c4179d96385020b0ec6ad698c23f9b.0b8f6932895e493833d7.js
https://static.lemonilo.com/frontend/artifacts/_next/static/chunks/ff40c55d61c4179d96385020b0ec6ad698c23f9b.333d1b6e91ed86b46873.js
https://static.lemonilo.com/frontend/artifacts/_next/static/chunks/ff40c55d61c4179d96385020b0ec6ad698c23f9b.5fb65f1c6ac945eb5a76.js
https://static.lemonilo.com/frontend/artifacts/_next/static/chunks/ff76010205987d9deb63d92e68634445d97fc295.af73daadd2b14c840da2.js
https://static.lemonilo.com/frontend/artifacts/_next/static/chunks/ff76010205987d9deb63d92e68634445d97fc295.d15469c1a115e1df2a6f.js
https://static.lemonilo.com/frontend/artifacts/_next/static/chunks/framework.ab0daecad86289656ff3.js
https://static.lemonilo.com/frontend/artifacts/_next/static/chunks/main-3d3872601c080b25db7f.js
https://static.lemonilo.com/frontend/artifacts/_next/static/chunks/main-61f63bda7c6e68bebecf.js
https://static.lemonilo.com/frontend/artifacts/_next/static/chunks/main-fab476a3e000be999294.js
https://static.lemonilo.com/frontend/artifacts/_next/static/chunks/pages/%5Bcategory%5D-115bb36fef2d3ebd1712.js
https://static.lemonilo.com/frontend/artifacts/_next/static/chunks/pages/%5Bcategory%5D-13d4a6d9a533d9075a85.js
https://static.lemonilo.com/frontend/artifacts/_next/static/chunks/pages/%5Bcategory%5D-72bc29663d4c69a6afc9.js
https://static.lemonilo.com/frontend/artifacts/_next/static/chunks/pages/%5Bcategory%5D-7d85c9093a5cc5e967ed.js
https://static.lemonilo.com/frontend/artifacts/_next/static/chunks/pages/%5Bcategory%5D-9b48c0cc5885ba7199c9.js
https://static.lemonilo.com/frontend/artifacts/_next/static/chunks/pages/%5Bcategory%5D-d426d0c557960f2afd00.js
https://static.lemonilo.com/frontend/artifacts/_next/static/chunks/pages/_app-07ac47ec58602ddab670.js
https://static.lemonilo.com/frontend/artifacts/_next/static/chunks/pages/_app-0ae128cecd6186bf5695.js
https://static.lemonilo.com/frontend/artifacts/_next/static/chunks/pages/_app-16881b2749edb70cfabc.js
https://static.lemonilo.com/frontend/artifacts/_next/static/chunks/pages/_app-86dcc9a03d8d99f1a5d8.js
https://static.lemonilo.com/frontend/artifacts/_next/static/chunks/pages/_app-9d3464cb297959a59422.js
https://static.lemonilo.com/frontend/artifacts/_next/static/chunks/pages/blog-10e3d3f9d45136282f38.js
https://static.lemonilo.com/frontend/artifacts/_next/static/chunks/pages/blog-15000a119a1168fe406d.js
https://static.lemonilo.com/frontend/artifacts/_next/static/chunks/pages/blog-368f179c814715ea5da4.js
https://static.lemonilo.com/frontend/artifacts/_next/static/chunks/pages/blog/%5Bslug%5D-1e76fac1e54002797d58.js
https://static.lemonilo.com/frontend/artifacts/_next/static/chunks/pages/blog/%5Bslug%5D-204e90f83c8ae1a752e7.js
https://static.lemonilo.com/frontend/artifacts/_next/static/chunks/pages/blog/%5Bslug%5D-50f0c7376732a04d69b0.js
https://static.lemonilo.com/frontend/artifacts/_next/static/chunks/pages/blog/%5Bslug%5D-626d8479990dbed65dea.js
https://static.lemonilo.com/frontend/artifacts/_next/static/chunks/pages/blog/%5Bslug%5D-6533ba4ef2ed138a6893.js
https://static.lemonilo.com/frontend/artifacts/_next/static/chunks/pages/blog/%5Bslug%5D-722e2b7f31b447fa8b56.js
https://static.lemonilo.com/frontend/artifacts/_next/static/chunks/pages/blog/%5Bslug%5D-d6c607c898a5a31f5975.js
https://static.lemonilo.com/frontend/artifacts/_next/static/chunks/pages/blog-845b1d7600ab00f3f14c.js
https://static.lemonilo.com/frontend/artifacts/_next/static/chunks/pages/careers-05a4e712d35749e697ee.js
https://static.lemonilo.com/frontend/artifacts/_next/static/chunks/pages/careers-a402d392e9631252f22a.js
https://static.lemonilo.com/frontend/artifacts/_next/static/chunks/pages/careers-ea03d237a172b795dca8.js
https://static.lemonilo.com/frontend/artifacts/_next/static/chunks/pages/delivery-policy-d9f5581876f934a188b4.js
https://static.lemonilo.com/frontend/artifacts/_next/static/chunks/pages/faq-54b562cef09820ee7e59.js
https://static.lemonilo.com/frontend/artifacts/_next/static/chunks/pages/faq-77cb2e0ee2a67f7e5e83.js
https://static.lemonilo.com/frontend/artifacts/_next/static/chunks/pages/faq-9f379282f1ab5e0f11d0.js
https://static.lemonilo.com/frontend/artifacts/_next/static/chunks/pages/index-21f6c8558436024f5d29.js
https://static.lemonilo.com/frontend/artifacts/_next/static/chunks/pages/index-43efd0a683eb945d6351.js
https://static.lemonilo.com/frontend/artifacts/_next/static/chunks/pages/index-c03a43dd14ac6383afeb.js
https://static.lemonilo.com/frontend/artifacts/_next/static/chunks/pages/index-d49bb36749cf2448b6d8.js
https://static.lemonilo.com/frontend/artifacts/_next/static/chunks/pages/index-f8188625ad051af119ab.js
https://static.lemonilo.com/frontend/artifacts/_next/static/chunks/pages/privacy-policy-d176c7dde8d34323e305.js
https://static.lemonilo.com/frontend/artifacts/_next/static/chunks/pages/privacy-policy-ec6ccf86fc20ff2aeed8.js
https://static.lemonilo.com/frontend/artifacts/_next/static/chunks/pages/privacy-policy-ee3f11b3f7c221579718.js
https://static.lemonilo.com/frontend/artifacts/_next/static/chunks/pages/product/%5Bslug%5D-3eaae9be0739847697a5.js
https://static.lemonilo.com/frontend/artifacts/_next/static/chunks/pages/product/%5Bslug%5D-6d3ad187e739698e648a.js
https://static.lemonilo.com/frontend/artifacts/_next/static/chunks/pages/product/%5Bslug%5D-8172e59ab4ff2f1f5e88.js
https://static.lemonilo.com/frontend/artifacts/_next/static/chunks/pages/product/%5Bslug%5D-969153fb4c9641a93f93.js
https://static.lemonilo.com/frontend/artifacts/_next/static/chunks/pages/product/%5Bslug%5D-a25adbb642f396bd358b.js
https://static.lemonilo.com/frontend/artifacts/_next/static/chunks/pages/product-list/%5Bslug%5D-89ac493426091f6f28af.js
https://static.lemonilo.com/frontend/artifacts/_next/static/chunks/pages/product-list/query-220f7cd27754cacf0d20.js
https://static.lemonilo.com/frontend/artifacts/_next/static/chunks/pages/product-list/query-5229caabc788f056930f.js
https://static.lemonilo.com/frontend/artifacts/_next/static/chunks/pages/product-list/query-ad1aeb6d31bf32baa48e.js
https://static.lemonilo.com/frontend/artifacts/_next/static/chunks/pages/product-list/query-ebd5327290852c8b8a05.js
https://static.lemonilo.com/frontend/artifacts/_next/static/chunks/pages/promo-014d66a63859b2ee6e4b.js
https://static.lemonilo.com/frontend/artifacts/_next/static/chunks/pages/promo-023064d8ce4bc6d30b66.js
https://static.lemonilo.com/frontend/artifacts/_next/static/chunks/pages/promo/%5Bslug%5D-27d37bb7f4291b77eb2e.js
https://static.lemonilo.com/frontend/artifacts/_next/static/chunks/pages/promo/%5Bslug%5D-6ebe3e14174cd8100368.js
https://static.lemonilo.com/frontend/artifacts/_next/static/chunks/pages/promo/%5Bslug%5D-adff9821ca7171bdbb1c.js
https://static.lemonilo.com/frontend/artifacts/_next/static/chunks/pages/promo/%5Bslug%5D-f352c943fa345cfc4dec.js
https://static.lemonilo.com/frontend/artifacts/_next/static/chunks/pages/promo/%5Bslug%5D-fe97553003c5f8c76c5b.js
https://static.lemonilo.com/frontend/artifacts/_next/static/chunks/pages/promo-aa8f2a129550e678c267.js
https://static.lemonilo.com/frontend/artifacts/_next/static/chunks/pages/promo-fe5639f2634f2046cda5.js
https://static.lemonilo.com/frontend/artifacts/_next/static/chunks/pages/redirect-b0aef9bcc0a140f0b869.js
https://static.lemonilo.com/frontend/artifacts/_next/static/chunks/pages/redirect-ea11361ceaf7925d5cc7.js
https://static.lemonilo.com/frontend/artifacts/_next/static/chunks/pages/referral/%5Bslug%5D-8c185eeb8f0eb0d3a96a.js
https://static.lemonilo.com/frontend/artifacts/_next/static/chunks/pages/referral/%5Bslug%5D-947d06900d1149f1f419.js
https://static.lemonilo.com/frontend/artifacts/_next/static/chunks/pages/referral/%5Bslug%5D-be66e792eae3e53ade5e.js
https://static.lemonilo.com/frontend/artifacts/_next/static/chunks/pages/register-07e94941f50664fbbae9.js
https://static.lemonilo.com/frontend/artifacts/_next/static/chunks/pages/register-1c10d2c50fdc576f0e18.js
https://static.lemonilo.com/frontend/artifacts/_next/static/chunks/pages/register-3762510ebd0c75cf085e.js
https://static.lemonilo.com/frontend/artifacts/_next/static/chunks/pages/register-57ae4131cf02a072eb09.js
https://static.lemonilo.com/frontend/artifacts/_next/static/chunks/pages/register-ade73f04822fcff3b64a.js
https://static.lemonilo.com/frontend/artifacts/_next/static/chunks/pages/store-1722d347e444c0701864.js
https://static.lemonilo.com/frontend/artifacts/_next/static/chunks/pages/store-201609fc1fd975496c85.js
https://static.lemonilo.com/frontend/artifacts/_next/static/chunks/pages/store-e535a1f5ac7199a917c7.js
https://static.lemonilo.com/frontend/artifacts/_next/static/chunks/pages/tag-0bef9def3f84101236b4.js
https://static.lemonilo.com/frontend/artifacts/_next/static/chunks/pages/tag-4bb243e6683c7b99f25a.js
https://static.lemonilo.com/frontend/artifacts/_next/static/chunks/pages/tag/%5Bslug%5D-598604bb7cc32a93c45e.js
https://static.lemonilo.com/frontend/artifacts/_next/static/chunks/pages/tag/%5Bslug%5D-5a06a52b8c9055bdbb8c.js
https://static.lemonilo.com/frontend/artifacts/_next/static/chunks/pages/tag-7cc82c503d30d6386d4e.js
https://static.lemonilo.com/frontend/artifacts/_next/static/chunks/pages/terms-and-conditions-2f3302f26ec43df121df.js
https://static.lemonilo.com/frontend/artifacts/_next/static/chunks/pages/terms-and-conditions-51ac4b9dc635c616920c.js
https://static.lemonilo.com/frontend/artifacts/_next/static/chunks/pages/terms-and-conditions-f3273894387cc9acfdd9.js
https://static.lemonilo.com/frontend/artifacts/_next/static/chunks/polyfills-30a7a509298edbcca3e1.js
https://static.lemonilo.com/frontend/artifacts/_next/static/chunks/polyfills-35d3eb6df1b85a712ef7.js
https://static.lemonilo.com/frontend/artifacts/_next/static/chunks/polyfills-87a373ce12e6d979ad17.js
https://static.lemonilo.com/frontend/artifacts/_next/static/chunks/polyfills-d618cb969de36bb1bbd7.js
https://static.lemonilo.com/frontend/artifacts/_next/static/chunks/polyfills-fb6ed31ce80350abb527.js
https://static.lemonilo.com/frontend/artifacts/_next/static/chunks/styles.117527fdc9cf8ee4525f.js
https://static.lemonilo.com/frontend/artifacts/_next/static/chunks/styles.771ae2a7f9deaef98545.js
https://static.lemonilo.com/frontend/artifacts/_next/static/chunks/styles.9c07eed470509830cef6.js
https://static.lemonilo.com/frontend/artifacts/_next/static/chunks/styles.da66b2177cde35bfde6c.js
https://static.lemonilo.com/frontend/artifacts/_next/static/chunks/styles.f0e50b5860391711f99e.js
https://static.lemonilo.com/frontend/artifacts/_next/static/chunks/webpack-0600426fcd16223f01f3.js
https://static.lemonilo.com/frontend/artifacts/_next/static/chunks/webpack-0b47405c91808bcca5fb.js
https://static.lemonilo.com/frontend/artifacts/_next/static/chunks/webpack-225b7e179a058fde9cf9.js
https://static.lemonilo.com/frontend/artifacts/_next/static/chunks/webpack-7b0f86768cd0fe5aab47.js
https://static.lemonilo.com/frontend/artifacts/_next/static/chunks/webpack-84370757bf0583e7c2c8.js
https://static.lemonilo.com/frontend/artifacts/_next/static/chunks/webpack-9b09aa97b6faafc72fc4.js
https://static.lemonilo.com/frontend/artifacts/_next/static/chunks/webpack-9c027365429638960d84.js
https://static.lemonilo.com/frontend/artifacts/_next/static/mBa8t2VeA29fZe7Uhtj2J/_buildManifest.js
https://static.lemonilo.com/frontend/artifacts/_next/static/mBa8t2VeA29fZe7Uhtj2J/_ssgManifest.js
https://static.lemonilo.com/frontend/artifacts/_next/static/Nsg3pUoHkuNSmAA3Q-oJf/_buildManifest.js
https://static.lemonilo.com/frontend/artifacts/_next/static/Nsg3pUoHkuNSmAA3Q-oJf/_ssgManifest.js
https://static.lemonilo.com/frontend/artifacts/_next/static/yeZczi6WJUw5fdHl1dSoA/_buildManifest.js
https://static.lemonilo.com/frontend/artifacts/_next/static/yeZczi6WJUw5fdHl1dSoA/_ssgManifest.js
https://static.lemonilo.com/frontend/artifacts/_next/static/YrDKePzG2aXwxSY9yPAM5/_buildManifest.js
https://static.lemonilo.com/frontend/artifacts/_next/static/YrDKePzG2aXwxSY9yPAM5/_ssgManifest.js
https://static.lemonilo.com/frontend/artifacts/_next/static/yvc1p8zfBTSVYN0gaTy0m/_buildManifest.js
https://static.lemonilo.com/frontend/artifacts/_next/static/yvc1p8zfBTSVYN0gaTy0m/_ssgManifest.js
https://static.lemonilo.com/frontend/artifacts/_next/static/-zw3gxx3OkIN4x5iDzC6M/_buildManifest.js
https://static.lemonilo.com/frontend/artifacts/_next/static/-zw3gxx3OkIN4x5iDzC6M/_ssgManifest.js
https://www.lemonilo.com/assets/js/auth/register.js?20170315_1200
https://www.lemonilo.com/assets/js/custom.js?20170324_1200
https://www.lemonilo.com/assets/js/custom.js?20170524_1100
https://www.lemonilo.com/assets/js/custom.js?20170616_1600
https://www.lemonilo.com/assets/js/custom.js?20170619_2100
https://www.lemonilo.com/assets/js/custom.js?20170620_1500
https://www.lemonilo.com/assets/js/custom.js?20170711_1200
https://www.lemonilo.com/assets/js/general_message.js?20170705_1930
https://www.lemonilo.com/assets/js/pages/category.js
https://www.lemonilo.com/assets/js/pages/home.js?20170329_1500
https://www.lemonilo.com/assets/js/pages/merchant.js
https://www.lemonilo.com/assets/js/pages/product.js?20170517_1200
https://www.lemonilo.com/assets/js/pages/referral-program.js?20170222_1300
https://www.lemonilo.com/assets/js/pages/subcategory.js
https://www.lemonilo.com/assets/vendor/bootbox/bootbox.min.js
https://www.lemonilo.com/assets/vendor/bootstrap-datepicker/js/bootstrap-datepicker.js?20170517_1200
https://www.lemonilo.com/assets/vendor/bootstrap/js/bootstrap.min.js
https://www.lemonilo.com/assets/vendor/bootstrap-slider-master/bootstrap-slider.min.js
https://www.lemonilo.com/assets/vendor/bootstrap-star-rating-master/js/star-rating.min.js
https://www.lemonilo.com/assets/vendor/duramenu/dura-main.js
https://www.lemonilo.com/assets/vendor/elevatezoom-master/jquery.elevateZoom-3.0.8.min.js
https://www.lemonilo.com/assets/vendor/jquery/jquery-3.1.0.min.js
https://www.lemonilo.com/assets/vendor/jquery.lazyload/jquery.lazyload.min.js
https://www.lemonilo.com/assets/vendor/jquery-query-object/jquery.query-object.js
https://www.lemonilo.com/assets/vendor/jquery-validation/jquery.validate.js
https://www.lemonilo.com/assets/vendor/jquery-validation/jquery.validate.min.js
https://www.lemonilo.com/assets/vendor/moment/moment.js
https://www.lemonilo.com/assets/vendor/nanoscroller/nanoscroller.js
https://www.lemonilo.com/assets/vendor/owl.carousel/owl-carousel/owl.carousel.js
https://www.lemonilo.com/assets/vendor/readmore/readmore.min.js
https://www.lemonilo.com/assets/vendor/slick/slick.min.js
https://www.lemonilo.com/assets/vendor/swiper/js/swiper.min.js
https://www.lemonilo.com/cdn-cgi/scripts/5c5dd728/cloudflare-static/email-decode.min.js
https://www.lemonilo.com/js/all.js
https://www.lemonilo.com/manifest.json
https://www.lemonilo.com/min/?f=/assets/js/auth/register.js&20180716_1200
https://www.lemonilo.com/min/?f=/assets/js/custom.js&20170109_1420
https://www.lemonilo.com/min/?f=/assets/js/custom.js&20170821_1530
https://www.lemonilo.com/min/?f=/assets/js/custom.js&20171215_1630
https://www.lemonilo.com/min/?f=/assets/js/custom.js&20180209_1100
https://www.lemonilo.com/min/?f=/assets/js/custom.js&20180608_1200
https://www.lemonilo.com/min/?f=/assets/js/custom.js&20180725_1200
https://www.lemonilo.com/min/?f=/assets/js/custom.js&20180823_1000
https://www.lemonilo.com/min/?f=/assets/js/custom.js&20180901_0000
https://www.lemonilo.com/min/?f=/assets/js/custom.js&20180913_0000
https://www.lemonilo.com/min/?f=/assets/js/custom.js&20181018_1400
https://www.lemonilo.com/min/?f=/assets/js/custom.js&20181029_1725
https://www.lemonilo.com/min/?f=/assets/js/custom.js&20181112_1000
https://www.lemonilo.com/min/?f=/assets/js/custom.js&20181114_1500
https://www.lemonilo.com/min/?f=/assets/js/custom.js&20181119_2100
https://www.lemonilo.com/min/?f=/assets/js/custom.js&20181219_1130
https://www.lemonilo.com/min/?f=/assets/js/custom.js&20190117_1700
https://www.lemonilo.com/min/?f=/assets/js/custom.js&20191031_1400
https://www.lemonilo.com/min/?f=/assets/js/custom.js&20191031_1500
https://www.lemonilo.com/min?f=/assets/js/filter.js&20171020_1700
https://www.lemonilo.com/min?f=/assets/js/filter.js&20180525_1000
https://www.lemonilo.com/min/?f=/assets/js/filter.js&20190516_1000
https://www.lemonilo.com/min/?f=/assets/js/general_message.js&20170816_2015
https://www.lemonilo.com/min/?f=/assets/js/general_message.js&20180109_1800
https://www.lemonilo.com/min/?f=/assets/js/pages/article.js&20180320_1730
https://www.lemonilo.com/min/?f=/assets/js/pages/article-list.js
https://www.lemonilo.com/min/?f=/assets/js/pages/cart.js&20191031_1500
https://www.lemonilo.com/min?f=/assets/js/pages/category.js&20180104_1830
https://www.lemonilo.com/min/?f=/assets/js/pages/category.js&20180525_1000
https://www.lemonilo.com/min?f=/assets/js/pages/home.js&20170329_1500
https://www.lemonilo.com/min/?f=/assets/js/pages/home.js&20180320_1730
https://www.lemonilo.com/min/?f=/assets/js/pages/home.js&20190118_1700
https://www.lemonilo.com/min/?f=/assets/js/pages/merchant.js&20180525_1000
https://www.lemonilo.com/min/?f=/assets/js/pages/product-box.js&20180220_1400
https://www.lemonilo.com/min/?f=/assets/js/pages/product-box.js&20180608_2000
https://www.lemonilo.com/min/?f=/assets/js/pages/product-box.js&20180731_1800
https://www.lemonilo.com/min/?f=/assets/js/pages/product-box.js&20180901_0000
https://www.lemonilo.com/min/?f=/assets/js/pages/product-box.js&20181029_1725
https://www.lemonilo.com/min/?f=/assets/js/pages/product-box.js&20181114_1500
https://www.lemonilo.com/min/?f=/assets/js/pages/product-box.js&20181219_1130
https://www.lemonilo.com/min/?f=/assets/js/pages/product-box.js&20181221_1400
https://www.lemonilo.com/min/?f=/assets/js/pages/product-box.js&20190829_1500
https://www.lemonilo.com/min/?f=/assets/js/pages/product-box.js&20191031_1500
https://www.lemonilo.com/min?f=/assets/js/pages/product.js&20170711_1200
https://www.lemonilo.com/min?f=/assets/js/pages/product.js&20171215_1845
https://www.lemonilo.com/min/?f=/assets/js/pages/product.js&20180720_1600
https://www.lemonilo.com/min/?f=/assets/js/pages/product.js&20180901_0000
https://www.lemonilo.com/min/?f=/assets/js/pages/product.js&20180927_1219
https://www.lemonilo.com/min/?f=/assets/js/pages/product.js&20181221_1400
https://www.lemonilo.com/min/?f=/assets/js/pages/product.js&20191031_1500
https://www.lemonilo.com/min/?f=/assets/js/pages/promo.js&20181212_1100
https://www.lemonilo.com/min/?f=/assets/js/pages/referral-program.js&20170222_1300
https://www.lemonilo.com/min?f=/assets/js/pages/subcategory.js&20180104_1830
https://www.lemonilo.com/min?f=/assets/js/pages/subcategory.js&20180111_1100
https://www.lemonilo.com/min/?f=/assets/js/pages/subcategory.js&20180525_1000
https://www.lemonilo.com/min?f=/assets/js/sort.js&20171028_1200
https://www.lemonilo.com/min?f=/assets/js/sort.js&20171212_1700
https://www.lemonilo.com/min?f=/assets/js/sort.js&20180418_1030
https://www.lemonilo.com/min/?f=/assets/js/sort.js&20180525_1000
https://www.lemonilo.com/min?f=/assets/vendor/bootstrap-datepicker/js/bootstrap-datepicker.js
https://www.lemonilo.com/min/?f=/assets/vendor/bootstrap-datepicker/js/bootstrap-datepicker.js&20171011_1800
https://www.lemonilo.com/min/?f=/assets/vendor/duramenu/dura-main.js
https://www.lemonilo.com/min/?f=/assets/vendor/duramenu/dura-main.js&20171212_1700
https://www.lemonilo.com/min/?f=/assets/vendor/duramenu/dura-main.js&20180323_1500
https://www.lemonilo.com/min/?f=/assets/vendor/jquery-query-object/jquery.query-object.js
https://www.lemonilo.com/min/?f=/assets/vendor/jquery-validation/jquery.validate.min.js
https://www.lemonilo.com/min?f=/assets/vendor/moment/moment.js
https://www.lemonilo.com/min/?f=/assets/vendor/nanoscroller/nanoscroller.js
https://www.lemonilo.com/min/?f=/assets/vendor/pnotify/pnotify.custom.js
https://www.lemonilo.com/us/_next/static/chunks/commons.833787371d6538e25f41.js
https://www.lemonilo.com/us/_next/static/chunks/commons.8e373d5287ba0da73392.js
https://www.lemonilo.com/us/_next/static/chunks/styles.286a4f966559e43fede8.js
https://www.lemonilo.com/us/_next/static/JhFmQlhYBLmCUbr-XC5FZ/pages/_app.js
https://www.lemonilo.com/us/_next/static/JhFmQlhYBLmCUbr-XC5FZ/pages/index.js
https://www.lemonilo.com/us/_next/static/runtime/main-fd73dbd6f398b7b886ec.js
https://www.lemonilo.com/us/_next/static/runtime/webpack-8ed9452df514b4d17d80.js
https://www.lemonilo.com/us/_next/static/Vl-vrOa-MIpuO7jbtQS-A/pages/_app.js
https://www.lemonilo.com/us/_next/static/Vl-vrOa-MIpuO7jbtQS-A/pages/index.js
