http://m.lemonilo.com/bahan/beras-quinoa?page=FUZZ
http://m.lemonilo.com/bahan-dapur?page=FUZZ
http://m.lemonilo.com/blog/contributor/shela?page=FUZZ
http://m.lemonilo.com/blog/dukung-nyala-literasi-indonesia-lemonilo-hadirkan-buku-cerita-anak-yuk-download-di-sini?search=FUZZ
http://m.lemonilo.com/brand/healthy-choice?page=FUZZ
http://m.lemonilo.com/brand/lemonilobox?page=FUZZ
http://m.lemonilo.com/brand/rasa-rempah-nusantara?page=FUZZ
http://m.lemonilo.com/lemonilobox?page=FUZZ
http://m.lemonilo.com/perawatan-bayi-anak-ibu-hamil-menyusui/keperluan-mandi-bayi-anak?page=FUZZ
http://m.lemonilo.com/perawatan-bayi-anak-ibu-hamil-menyusui?page=FUZZ
http://m.lemonilo.com/promo/giveaway-uang-tunai-total-rp-70-juta?page=FUZZ
http://m.lemonilo.com/promo/siap-sambut-ramadhan-up-to-50-off?page=FUZZ
http://m.lemonilo.com/tag/ibu-hamil-menyusui?page=FUZZ
http://m.lemonilo.com/tag/pemberdayaan-wanita?page=FUZZ
http://m.lemonilo.com/tag/rendah-gula?page=FUZZ
http://m.lemonilo.com/tag/rendah-lemak?page=FUZZ
http://m.lemonilo.com/tag/rendah-sodium?page=FUZZ
http://m.lemonilo.com/tag/sertifikat-halal-mui?page=FUZZ
http://m.lemonilo.com/tag/tumbuh-kembang-anak?page=FUZZ
http://m.lemonilo.com/tag/vegetarian?page=FUZZ
http://m.lemonilo.com/wiranilo?page=FUZZ
https://api.lemonilo.com/v1/filter/promo?expired=FUZZ
https://api.lemonilo.com/v1/filter/promo?expired=FUZZ&=FUZZ&search=FUZZ
https://api.lemonilo.com/v1/filter/promo?promoType=FUZZ&wiranilo=FUZZ&expired=FUZZ
https://api.lemonilo.com/v1/merchant/wiranilo/priority?page=FUZZ
https://api.lemonilo.com/v1/productCategory/all?size=FUZZ
https://api.lemonilo.com/v1/productCategory/bahan-dapur/priority?type=FUZZ
https://api.lemonilo.com/v1/productCategory/brand-kolaborasi/priority?type=FUZZ
https://api.lemonilo.com/v1/productCategory/cemilan/priority?type=FUZZ
https://api.lemonilo.com/v1/productCategory/lemonilobox/priority?type=FUZZ
https://api.lemonilo.com/v1/productCategory/mie/priority?type=FUZZ
https://api.lemonilo.com/v1/productCategory/minuman/priority?type=FUZZ
https://api.lemonilo.com/v1/productCategory/perawatan-kulit/priority?type=FUZZ
https://api.lemonilo.com/v1/product/featured/priority?page=FUZZ
https://api.lemonilo.com/v1/product/newest/priority?page=FUZZ
https://api.lemonilo.com/v1/product/popular/priority?page=FUZZ
https://api.lemonilo.com/v1/product/recent/priority?page=FUZZ
https://api.lemonilo.com/v1/productTag/buatan-lokal/priority?page=FUZZ
https://api.lemonilo.com/v1/productTag/sertifikat-halal-mui/priority?page=FUZZ
https://api.lemonilo.com/v1/productTag?size=FUZZ
https://api.lemonilo.com/v1/productTag/tanpa-pengawet/priority?page=FUZZ
https://api.lemonilo.com/v1/productTag/tanpa-penguat-rasa/priority?page=FUZZ
https://api.lemonilo.com/v1/productTag/tanpa-pewarna-sintetis/priority?page=FUZZ
https://api.lemonilo.com/v1/productTag/tinggi-serat/priority?page=FUZZ
https://api.lemonilo.com/v1/promo/baru-lemonilo-michoco-sekarang-beli-3-gratis-1/priority?slug=FUZZ&baru-lemonilo-michoco-sekarang-beli-3-gratis-1=FUZZ&page=FUZZ&1=FUZZ&size=FUZZ
https://api.lemonilo.com/v1/promo/belanja-dan-dapatkan-berbagai-produk-lemonilo-gratis/priority?slug=FUZZ&belanja-dan-dapatkan-berbagai-produk-lemonilo-gratis=FUZZ&page=FUZZ&1=FUZZ&size=FUZZ
https://api.lemonilo.com/v1/promo/dapatkan-goodie-bag-lucu-gratis-untuk-pembelian-paket-spesial-anak/priority?slug=FUZZ&dapatkan-goodie-bag-lucu-gratis-untuk-pembelian-paket-spesial-anak=FUZZ&page=FUZZ&1=FUZZ&size=FUZZ
https://api.lemonilo.com/v1/promo/gratis-ongkir/priority?slug=FUZZ&gratis-ongkir=FUZZ&page=FUZZ&1=FUZZ&size=FUZZ
https://api.lemonilo.com/v1/promo/guest?expired=FUZZ&=FUZZ&size=FUZZ
https://api.lemonilo.com/v1/promo/guest?promoType=FUZZ&wiranilo=FUZZ&expired=FUZZ&=FUZZ&size=FUZZ
https://api.lemonilo.com/v1/promo/hampers-natal-tahun-baru-lemonilo-x-duanyam/priority?slug=FUZZ&hampers-natal-tahun-baru-lemonilo-x-duanyam=FUZZ&page=FUZZ&1=FUZZ&size=FUZZ
https://api.lemonilo.com/v1/promo/jenius-year-end-program-cashback-rp-300000/priority?slug=FUZZ&jenius-year-end-program-cashback-rp-300000=FUZZ&page=FUZZ&1=FUZZ&size=FUZZ
https://api.lemonilo.com/v1/promo/lemonilo-x-ideku-handmade-pre-anniversary-bundle/priority?slug=FUZZ&lemonilo-x-ideku-handmade-pre-anniversary-bundle=FUZZ&page=FUZZ&1=FUZZ&size=FUZZ
https://api.lemonilo.com/v1/promo/new-normal-kit-by-lemonilo/priority?slug=FUZZ&new-normal-kit-by-lemonilo=FUZZ&page=FUZZ&1=FUZZ&size=FUZZ
https://api.lemonilo.com/v1/promo/produk-lemonilo-pilihan-diskon-hingga-15/priority?slug=FUZZ&produk-lemonilo-pilihan-diskon-hingga-15=FUZZ&page=FUZZ&1=FUZZ&size=FUZZ
https://api.lemonilo.com/v1/promo/promo-diskon-hingga-33-harbolnas-desember-2020/priority?slug=FUZZ&promo-diskon-hingga-33-harbolnas-desember-2020=FUZZ&page=FUZZ&1=FUZZ&size=FUZZ
https://api.lemonilo.com/v1/promo/year-end-sale-lemonilo-diskon-hingga-30/priority?slug=FUZZ&year-end-sale-lemonilo-diskon-hingga-30=FUZZ&page=FUZZ&1=FUZZ&size=FUZZ
https://api.lemonilo.com/v1/review/product/5-paket-hampers-natal-dan-tahun-baru-lemonilo-x-du-anyam-wiranilo?size=FUZZ&5=FUZZ&star=FUZZ&5=FUZZ&page=FUZZ&1=FUZZ&topReviewUuid=FUZZ
https://api.lemonilo.com/v1/review/product/b2b2c-lemonilo-100-organic-extra-virgin-coconut-oil-vco-1000-ml?size=FUZZ&5=FUZZ&star=FUZZ&5=FUZZ&page=FUZZ&1=FUZZ&topReviewUuid=FUZZ
https://api.lemonilo.com/v1/review/product/b2b2c-lemonilo-100-organic-extra-virgin-coconut-oil-vco-100-ml?size=FUZZ&5=FUZZ&star=FUZZ&5=FUZZ&page=FUZZ&1=FUZZ&topReviewUuid=FUZZ
https://api.lemonilo.com/v1/review/product/b2b2c-lemonilo-100-organic-extra-virgin-coconut-oil-vco-250-ml?size=FUZZ&5=FUZZ&star=FUZZ&5=FUZZ&page=FUZZ&1=FUZZ&topReviewUuid=FUZZ
https://api.lemonilo.com/v1/review/product/b2b2c-lemonilo-bumbu-komplit-alami-ayam-goreng-lengkuas-90-gr?size=FUZZ&5=FUZZ&star=FUZZ&5=FUZZ&page=FUZZ&1=FUZZ&topReviewUuid=FUZZ
https://api.lemonilo.com/v1/review/product/b2b2c-lemonilo-bumbu-komplit-alami-nasi-goreng-48-gr?size=FUZZ&5=FUZZ&star=FUZZ&5=FUZZ&page=FUZZ&1=FUZZ&topReviewUuid=FUZZ
https://api.lemonilo.com/v1/review/product/b2b2c-lemonilo-bumbu-komplit-alami-tepung-kremes-104-gr?size=FUZZ&5=FUZZ&star=FUZZ&5=FUZZ&page=FUZZ&1=FUZZ&topReviewUuid=FUZZ
https://api.lemonilo.com/v1/review/product/b2b2c-lemonilo-chilita-40-derajat?size=FUZZ&5=FUZZ&star=FUZZ&5=FUZZ&page=FUZZ&1=FUZZ&topReviewUuid=FUZZ
https://api.lemonilo.com/v1/review/product/b2b2c-naturizer-hand-sanitizer-by-lemonilo?size=FUZZ&5=FUZZ&star=FUZZ&5=FUZZ&page=FUZZ&1=FUZZ&topReviewUuid=FUZZ
https://api.lemonilo.com/v1/review/product/beli-2-gratis-1-brownies-crispy-rasa-chocochips-40-gr?size=FUZZ&5=FUZZ&star=FUZZ&5=FUZZ&page=FUZZ&1=FUZZ&topReviewUuid=FUZZ
https://api.lemonilo.com/v1/review/product/beli-2-gratis-1-brownies-crispy-rasa-chocochips-40-gr-wiranilo?size=FUZZ&5=FUZZ&star=FUZZ&5=FUZZ&page=FUZZ&1=FUZZ&topReviewUuid=FUZZ
https://api.lemonilo.com/v1/review/product/beli-2-gratis-1-brownies-crispy-rasa-keju-40-gr?size=FUZZ&5=FUZZ&star=FUZZ&5=FUZZ&page=FUZZ&1=FUZZ&topReviewUuid=FUZZ
https://api.lemonilo.com/v1/review/product/beli-2-gratis-1-brownies-crispy-rasa-keju-40-gr-wiranilo?size=FUZZ&5=FUZZ&star=FUZZ&5=FUZZ&page=FUZZ&1=FUZZ&topReviewUuid=FUZZ
https://api.lemonilo.com/v1/review/product/beli-2-gratis-1-hand-sanitizer-naturizer-lavender-spray-30-ml?size=FUZZ&5=FUZZ&star=FUZZ&5=FUZZ&page=FUZZ&1=FUZZ&topReviewUuid=FUZZ
https://api.lemonilo.com/v1/review/product/beli-2-gratis-1-hand-sanitizer-naturizer-lemongrass-gel-300-ml?size=FUZZ&5=FUZZ&star=FUZZ&5=FUZZ&page=FUZZ&1=FUZZ&topReviewUuid=FUZZ
https://api.lemonilo.com/v1/review/product/beli-2-gratis-1-hand-sanitizer-naturizer-lemongrass-gel-300-ml-wiranilo?size=FUZZ&5=FUZZ&star=FUZZ&5=FUZZ&page=FUZZ&1=FUZZ&topReviewUuid=FUZZ
https://api.lemonilo.com/v1/review/product/beli-2-gratis-1-hand-sanitizer-naturizer-lemongrass-gel-50-ml?size=FUZZ&5=FUZZ&star=FUZZ&5=FUZZ&page=FUZZ&1=FUZZ&topReviewUuid=FUZZ
https://api.lemonilo.com/v1/review/product/beli-2-gratis-1-hand-sanitizer-naturizer-peppermint-spray-30-ml?size=FUZZ&5=FUZZ&star=FUZZ&5=FUZZ&page=FUZZ&1=FUZZ&topReviewUuid=FUZZ
https://api.lemonilo.com/v1/review/product/beli-2-gratis-1-hand-sanitizer-naturizer-peppermint-spray-30-ml-wiranilo?size=FUZZ&5=FUZZ&star=FUZZ&5=FUZZ&page=FUZZ&1=FUZZ&topReviewUuid=FUZZ
https://api.lemonilo.com/v1/review/product/beli-2-gratis-1-kecap-manis-lemonilo?size=FUZZ&5=FUZZ&star=FUZZ&5=FUZZ&page=FUZZ&1=FUZZ&topReviewUuid=FUZZ
https://api.lemonilo.com/v1/review/product/beli-2-gratis-1-kecap-manis-lemonilo-wiranilo?size=FUZZ&5=FUZZ&star=FUZZ&5=FUZZ&page=FUZZ&1=FUZZ&topReviewUuid=FUZZ
https://api.lemonilo.com/v1/review/product/beli-3-gratis-1-keripik-ubi-chimi-rasa-jagung-bakar-40-gr?size=FUZZ&5=FUZZ&star=FUZZ&5=FUZZ&page=FUZZ&1=FUZZ&topReviewUuid=FUZZ
https://api.lemonilo.com/v1/review/product/beli-3-gratis-1-keripik-ubi-chimi-rasa-jagung-bakar-40-gr-wiranilo?size=FUZZ&5=FUZZ&star=FUZZ&5=FUZZ&page=FUZZ&1=FUZZ&topReviewUuid=FUZZ
https://api.lemonilo.com/v1/review/product/beli-3-gratis-1-keripik-ubi-chimi-rasa-jagung-balado-40-gr?size=FUZZ&5=FUZZ&star=FUZZ&5=FUZZ&page=FUZZ&1=FUZZ&topReviewUuid=FUZZ
https://api.lemonilo.com/v1/review/product/beli-3-gratis-1-keripik-ubi-chimi-rasa-jagung-balado-40-gr-wiranilo?size=FUZZ&5=FUZZ&star=FUZZ&5=FUZZ&page=FUZZ&1=FUZZ&topReviewUuid=FUZZ
https://api.lemonilo.com/v1/review/product/beli-3-gratis-1-minuman-bubuk-kakao-michoco-lemonilo?size=FUZZ&5=FUZZ&star=FUZZ&5=FUZZ&page=FUZZ&1=FUZZ&topReviewUuid=FUZZ
https://api.lemonilo.com/v1/review/product/beli-naturizer-lemongrass-gel-300-ml-dan-50-ml-gratis-2-masker-kain-lemonilo?size=FUZZ&5=FUZZ&star=FUZZ&5=FUZZ&page=FUZZ&1=FUZZ&topReviewUuid=FUZZ
https://api.lemonilo.com/v1/review/product/buy-10-lemonilo-mi-instan-kuah-rasa-ayam-bawang-free-masker-kain?size=FUZZ&5=FUZZ&star=FUZZ&5=FUZZ&page=FUZZ&1=FUZZ&topReviewUuid=FUZZ
https://api.lemonilo.com/v1/review/product/buy-10-lemonilo-mi-instan-kuah-rasa-kari-ayam-free-masker-kain?size=FUZZ&5=FUZZ&star=FUZZ&5=FUZZ&page=FUZZ&1=FUZZ&topReviewUuid=FUZZ
https://api.lemonilo.com/v1/review/product/buy-10-lemonilo-mi-instan-rasa-mi-goreng-free-masker-kain?size=FUZZ&5=FUZZ&star=FUZZ&5=FUZZ&page=FUZZ&1=FUZZ&topReviewUuid=FUZZ
https://api.lemonilo.com/v1/review/product/buy-2-hand-sanitizer-naturizer-lemongrass-gel-50-ml-free-holder?size=FUZZ&5=FUZZ&star=FUZZ&5=FUZZ&page=FUZZ&1=FUZZ&topReviewUuid=FUZZ
https://api.lemonilo.com/v1/review/product/hampers-natal-dan-tahun-baru-lemonilo-x-du-anyam?size=FUZZ&5=FUZZ&star=FUZZ&5=FUZZ&page=FUZZ&1=FUZZ&topReviewUuid=FUZZ
https://api.lemonilo.com/v1/review/product/hand-sanitizer-naturizer-peppermint-30-ml?size=FUZZ&5=FUZZ&star=FUZZ&5=FUZZ&page=FUZZ&1=FUZZ&topReviewUuid=FUZZ
https://api.lemonilo.com/v1/review/product/lemonilo-brownies-crispy-rasa-chocochips-40-gr?size=FUZZ&5=FUZZ&star=FUZZ&5=FUZZ&page=FUZZ&1=FUZZ&topReviewUuid=FUZZ
https://api.lemonilo.com/v1/review/product/lemonilo-brownies-crispy-rasa-keju-40-gr?size=FUZZ&5=FUZZ&star=FUZZ&5=FUZZ&page=FUZZ&1=FUZZ&topReviewUuid=FUZZ
https://api.lemonilo.com/v1/review/product/lemonilo-bumbu-komplit-alami-nasi-goreng-48-gr?size=FUZZ&5=FUZZ&star=FUZZ&5=FUZZ&page=FUZZ&1=FUZZ&topReviewUuid=FUZZ
https://api.lemonilo.com/v1/review/product/lemonilo-bumbu-penyedap-segala-all-purpose-seasoning?size=FUZZ&5=FUZZ&star=FUZZ&5=FUZZ&page=FUZZ&1=FUZZ&topReviewUuid=FUZZ
https://api.lemonilo.com/v1/review/product/lemonilo-chilita-60-derajat?size=FUZZ&5=FUZZ&star=FUZZ&5=FUZZ&page=FUZZ&1=FUZZ&topReviewUuid=FUZZ
https://api.lemonilo.com/v1/review/product/lemonilo-chilita-chili-tabur-alami-50-gr?size=FUZZ&5=FUZZ&star=FUZZ&5=FUZZ&page=FUZZ&1=FUZZ&topReviewUuid=FUZZ
https://api.lemonilo.com/v1/review/product/lemonilo-chimi-chips-alami-keripik-jamur-rasa-ayam-bawang?size=FUZZ&5=FUZZ&star=FUZZ&5=FUZZ&page=FUZZ&1=FUZZ&topReviewUuid=FUZZ
https://api.lemonilo.com/v1/review/product/lemonilo-chimi-chips-alami-keripik-jamur-rasa-jagung-bakar?size=FUZZ&5=FUZZ&star=FUZZ&5=FUZZ&page=FUZZ&1=FUZZ&topReviewUuid=FUZZ
https://api.lemonilo.com/v1/review/product/lemonilo-chimi-chips-alami-keripik-jamur-rasa-rumput-laut-pedas?size=FUZZ&5=FUZZ&star=FUZZ&5=FUZZ&page=FUZZ&1=FUZZ&topReviewUuid=FUZZ
https://api.lemonilo.com/v1/review/product/lemonilo-chimi-chips-alami-keripik-jamur-rasa-rumput-laut?size=FUZZ&5=FUZZ&star=FUZZ&5=FUZZ&page=FUZZ&1=FUZZ&topReviewUuid=FUZZ
https://api.lemonilo.com/v1/review/product/lemonilo-chimi-keripik-ubi-rasa-jagung-balado?size=FUZZ&5=FUZZ&star=FUZZ&5=FUZZ&page=FUZZ&1=FUZZ&topReviewUuid=FUZZ
https://api.lemonilo.com/v1/review/product/lemonilo-chimi-ubi-rasa-jagung-bakar?size=FUZZ&5=FUZZ&star=FUZZ&5=FUZZ&page=FUZZ&1=FUZZ&topReviewUuid=FUZZ
https://api.lemonilo.com/v1/review/product/lemonilo-cold-brew-coffee?size=FUZZ&5=FUZZ&star=FUZZ&5=FUZZ&page=FUZZ&1=FUZZ&topReviewUuid=FUZZ
https://api.lemonilo.com/v1/review/product/lemonilo-extra-virgin-coconut-oil-vco?size=FUZZ&5=FUZZ&star=FUZZ&5=FUZZ&page=FUZZ&1=FUZZ&topReviewUuid=FUZZ
https://api.lemonilo.com/v1/review/product/lemonilo-kaldu-pelezat-alami-jamur-80-gr?size=FUZZ&5=FUZZ&star=FUZZ&5=FUZZ&page=FUZZ&1=FUZZ&topReviewUuid=FUZZ
https://api.lemonilo.com/v1/review/product/lemonilo-kecap-manis-135-ml?size=FUZZ&5=FUZZ&star=FUZZ&5=FUZZ&page=FUZZ&1=FUZZ&topReviewUuid=FUZZ
https://api.lemonilo.com/v1/review/product/lemonilo-mie-goreng-instan-sehat?size=FUZZ&5=FUZZ&star=FUZZ&5=FUZZ&page=FUZZ&1=FUZZ&topReviewUuid=FUZZ
https://api.lemonilo.com/v1/review/product/lemonilo-mie-kuah-instan-alami-rasa-ayam-bawang?size=FUZZ&5=FUZZ&star=FUZZ&5=FUZZ&page=FUZZ&1=FUZZ&topReviewUuid=FUZZ
https://api.lemonilo.com/v1/review/product/lemonilo-mie-kuah-instan-alami-rasa-kari-ayam?size=FUZZ&5=FUZZ&star=FUZZ&5=FUZZ&page=FUZZ&1=FUZZ&topReviewUuid=FUZZ
https://api.lemonilo.com/v1/review/product/lemonilo-minuman-bubuk-kakao-michoco-100-gr?size=FUZZ&5=FUZZ&star=FUZZ&5=FUZZ&page=FUZZ&1=FUZZ&topReviewUuid=FUZZ
https://api.lemonilo.com/v1/review/product/lemonilo-minuman-bubuk-kakao-michoco-100-gr-wiranilo?size=FUZZ&5=FUZZ&star=FUZZ&5=FUZZ&page=FUZZ&1=FUZZ&topReviewUuid=FUZZ
https://api.lemonilo.com/v1/review/product/lemonilo-rempah-alami-bubuk-bawang-putih-garlic-powder-50-gr?size=FUZZ&5=FUZZ&star=FUZZ&5=FUZZ&page=FUZZ&1=FUZZ&topReviewUuid=FUZZ
https://api.lemonilo.com/v1/review/product/lemonilo-rempah-alami-bubuk-jinten-ground-cumin-55-gr?size=FUZZ&5=FUZZ&star=FUZZ&5=FUZZ&page=FUZZ&1=FUZZ&topReviewUuid=FUZZ
https://api.lemonilo.com/v1/review/product/lemonilo-rempah-alami-bubuk-kunyit-ground-turmeric-40-gr?size=FUZZ&5=FUZZ&star=FUZZ&5=FUZZ&page=FUZZ&1=FUZZ&topReviewUuid=FUZZ
https://api.lemonilo.com/v1/review/product/lemonilo-rempah-alami-bubuk-lada-hitam-ground-black-pepper-50-gr?size=FUZZ&5=FUZZ&star=FUZZ&5=FUZZ&page=FUZZ&1=FUZZ&topReviewUuid=FUZZ
https://api.lemonilo.com/v1/review/product/lemonilo-rempah-alami-bubuk-lada-putih-ground-white-pepper-60-gr?size=FUZZ&5=FUZZ&star=FUZZ&5=FUZZ&page=FUZZ&1=FUZZ&topReviewUuid=FUZZ
https://api.lemonilo.com/v1/review/product/lemonilo-rempah-alami-bubuk-pala-ground-nutmeg-50-gr?size=FUZZ&5=FUZZ&star=FUZZ&5=FUZZ&page=FUZZ&1=FUZZ&topReviewUuid=FUZZ
https://api.lemonilo.com/v1/review/product/lemonilo-rempah-alami-cengkeh-kering-dried-cloves-50-gr?size=FUZZ&5=FUZZ&star=FUZZ&5=FUZZ&page=FUZZ&1=FUZZ&topReviewUuid=FUZZ
https://api.lemonilo.com/v1/review/product/lemonilo-x-ideku-handmade-pre-anniversary-bundle-mint?size=FUZZ&5=FUZZ&star=FUZZ&5=FUZZ&page=FUZZ&1=FUZZ&topReviewUuid=FUZZ
https://api.lemonilo.com/v1/review/product/lemonilo-x-ideku-handmade-pre-anniversary-bundle-navy?size=FUZZ&5=FUZZ&star=FUZZ&5=FUZZ&page=FUZZ&1=FUZZ&topReviewUuid=FUZZ
https://api.lemonilo.com/v1/review/product/natural-hand-sanitizer-naturizer-by-lemonilo-lemongrass-gel-300-ml?size=FUZZ&5=FUZZ&star=FUZZ&5=FUZZ&page=FUZZ&1=FUZZ&topReviewUuid=FUZZ
https://api.lemonilo.com/v1/review/product/natural-hand-sanitizer-naturizer-by-lemonilo-lemongrass-gel-50-ml?size=FUZZ&5=FUZZ&star=FUZZ&5=FUZZ&page=FUZZ&1=FUZZ&topReviewUuid=FUZZ
https://api.lemonilo.com/v1/review/product/naturizer-hand-sanitizer-by-lemonilo?size=FUZZ&5=FUZZ&star=FUZZ&5=FUZZ&page=FUZZ&1=FUZZ&topReviewUuid=FUZZ
https://api.lemonilo.com/v1/review/product/new-normal-kit-1-by-lemonilo?size=FUZZ&5=FUZZ&star=FUZZ&5=FUZZ&page=FUZZ&1=FUZZ&topReviewUuid=FUZZ
https://api.lemonilo.com/v1/review/product/new-normal-kit-2-by-lemonilo?size=FUZZ&5=FUZZ&star=FUZZ&5=FUZZ&page=FUZZ&1=FUZZ&topReviewUuid=FUZZ
https://api.lemonilo.com/v1/review/product/paket-15-mie-goreng-gratis-naturizer-lemongrass?size=FUZZ&5=FUZZ&star=FUZZ&5=FUZZ&page=FUZZ&1=FUZZ&topReviewUuid=FUZZ
https://api.lemonilo.com/v1/review/product/paket-15-mie-lemonilo-gratis-naturizer-lavender?size=FUZZ&5=FUZZ&star=FUZZ&5=FUZZ&page=FUZZ&1=FUZZ&topReviewUuid=FUZZ
https://api.lemonilo.com/v1/review/product/paket-2-sembako-sehat-lemonilo?size=FUZZ&5=FUZZ&star=FUZZ&5=FUZZ&page=FUZZ&1=FUZZ&topReviewUuid=FUZZ
https://api.lemonilo.com/v1/review/product/paket-2-stok-darurat-tetap-sehat?size=FUZZ&5=FUZZ&star=FUZZ&5=FUZZ&page=FUZZ&1=FUZZ&topReviewUuid=FUZZ
https://api.lemonilo.com/v1/review/product/paket-3-hand-sanitizer-naturizer-lavender-30-ml-gratis-masker-kain?size=FUZZ&5=FUZZ&star=FUZZ&5=FUZZ&page=FUZZ&1=FUZZ&topReviewUuid=FUZZ
https://api.lemonilo.com/v1/review/product/paket-chimi-ubi-mie-gratis-piring-wiranilo?size=FUZZ&5=FUZZ&star=FUZZ&5=FUZZ&page=FUZZ&1=FUZZ&topReviewUuid=FUZZ
https://api.lemonilo.com/v1/review/product/paket-chimi-ubi-naturizer-gratis-holder-naturizer-2-piring?size=FUZZ&5=FUZZ&star=FUZZ&5=FUZZ&page=FUZZ&1=FUZZ&topReviewUuid=FUZZ
https://api.lemonilo.com/v1/review/product/paket-hari-anak-nasional-1-gratis-buku-cerita-anak-lemonilo?size=FUZZ&5=FUZZ&star=FUZZ&5=FUZZ&page=FUZZ&1=FUZZ&topReviewUuid=FUZZ
https://api.lemonilo.com/v1/review/product/paket-komplit-brownies-crispy?size=FUZZ&5=FUZZ&star=FUZZ&5=FUZZ&page=FUZZ&1=FUZZ&topReviewUuid=FUZZ
https://api.lemonilo.com/v1/review/product/paket-komplit-bumbu-alami?size=FUZZ&5=FUZZ&star=FUZZ&5=FUZZ&page=FUZZ&1=FUZZ&topReviewUuid=FUZZ
https://api.lemonilo.com/v1/review/product/paket-komplit-chimi-ubi-brownies-crispy-gratis-piring?size=FUZZ&5=FUZZ&star=FUZZ&5=FUZZ&page=FUZZ&1=FUZZ&topReviewUuid=FUZZ
https://api.lemonilo.com/v1/review/product/paket-komplit-kaldu-pelezat?size=FUZZ&5=FUZZ&star=FUZZ&5=FUZZ&page=FUZZ&1=FUZZ&topReviewUuid=FUZZ
https://api.lemonilo.com/v1/review/product/paket-komplit-lemonilo-100-organic-extra-virgin-coconut-oil-vco?size=FUZZ&5=FUZZ&star=FUZZ&5=FUZZ&page=FUZZ&1=FUZZ&topReviewUuid=FUZZ
https://api.lemonilo.com/v1/review/product/paket-komplit-mie-lemonilo-isi-20-gratis-2-masker-kain?size=FUZZ&5=FUZZ&star=FUZZ&5=FUZZ&page=FUZZ&1=FUZZ&topReviewUuid=FUZZ
https://api.lemonilo.com/v1/review/product/paket-komplit-rempah-lemonilo-gratis-2-masker-kain?size=FUZZ&5=FUZZ&star=FUZZ&5=FUZZ&page=FUZZ&1=FUZZ&topReviewUuid=FUZZ
https://api.lemonilo.com/v1/review/product/paket-mie-goreng-dan-cemilan-gratis-sumpit-lemonilo?size=FUZZ&5=FUZZ&star=FUZZ&5=FUZZ&page=FUZZ&1=FUZZ&topReviewUuid=FUZZ
https://api.lemonilo.com/v1/review/product/paket-mie-goreng-isi-20-gratis-2-piring?size=FUZZ&5=FUZZ&star=FUZZ&5=FUZZ&page=FUZZ&1=FUZZ&topReviewUuid=FUZZ
https://api.lemonilo.com/v1/review/product/paket-mie-goreng-isi-20-gratis-2-piring-wiranilo?size=FUZZ&5=FUZZ&star=FUZZ&5=FUZZ&page=FUZZ&1=FUZZ&topReviewUuid=FUZZ
https://api.lemonilo.com/v1/review/product/paket-mie-goreng-mie-kuah-ayam-bawang-gratis-naturizer-peppermint?size=FUZZ&5=FUZZ&star=FUZZ&5=FUZZ&page=FUZZ&1=FUZZ&topReviewUuid=FUZZ
https://api.lemonilo.com/v1/review/product/paket-mie-kuah-dan-cemilan-gratis-sumpit-lemonilo?size=FUZZ&5=FUZZ&star=FUZZ&5=FUZZ&page=FUZZ&1=FUZZ&topReviewUuid=FUZZ
https://api.lemonilo.com/v1/review/product/paket-mie-kuah-rasa-ayam-bawang-isi-20-gratis-2-piring?size=FUZZ&5=FUZZ&star=FUZZ&5=FUZZ&page=FUZZ&1=FUZZ&topReviewUuid=FUZZ
https://api.lemonilo.com/v1/review/product/paket-mie-kuah-rasa-ayam-bawang-isi-20-gratis-2-piring-wiranilo?size=FUZZ&5=FUZZ&star=FUZZ&5=FUZZ&page=FUZZ&1=FUZZ&topReviewUuid=FUZZ
https://api.lemonilo.com/v1/review/product/paket-mie-kuah-rasa-kari-ayam-isi-20-gratis-2-piring?size=FUZZ&5=FUZZ&star=FUZZ&5=FUZZ&page=FUZZ&1=FUZZ&topReviewUuid=FUZZ
https://api.lemonilo.com/v1/review/product/paket-mie-kuah-rasa-kari-ayam-isi-20-gratis-2-piring-wiranilo?size=FUZZ&5=FUZZ&star=FUZZ&5=FUZZ&page=FUZZ&1=FUZZ&topReviewUuid=FUZZ
https://api.lemonilo.com/v1/review/product/paket-ngemil-sehat-value?size=FUZZ&5=FUZZ&star=FUZZ&5=FUZZ&page=FUZZ&1=FUZZ&topReviewUuid=FUZZ
https://api.lemonilo.com/v1/review/product/paket-sembako-dan-ngemil-sehat-2?size=FUZZ&5=FUZZ&star=FUZZ&5=FUZZ&page=FUZZ&1=FUZZ&topReviewUuid=FUZZ
https://api.lemonilo.com/v1/review/product/paket-sembako-ngemil-sehat-1?size=FUZZ&5=FUZZ&star=FUZZ&5=FUZZ&page=FUZZ&1=FUZZ&topReviewUuid=FUZZ
https://api.lemonilo.com/v1/review/product/paket-sembako-sehat-5?size=FUZZ&5=FUZZ&star=FUZZ&5=FUZZ&page=FUZZ&1=FUZZ&topReviewUuid=FUZZ
https://api.lemonilo.com/v1/review/product/paket-sembako-sehat-lemonilo?size=FUZZ&5=FUZZ&star=FUZZ&5=FUZZ&page=FUZZ&1=FUZZ&topReviewUuid=FUZZ
https://api.lemonilo.com/v1/review/product/paket-spesial-anak-lemonilo-gratis-goodie-bag?size=FUZZ&5=FUZZ&star=FUZZ&5=FUZZ&page=FUZZ&1=FUZZ&topReviewUuid=FUZZ
https://api.lemonilo.com/v1/store/local?page=FUZZ&1=FUZZ&size=FUZZ&15=FUZZ&province=FUZZ&=FUZZ&city=FUZZ&=FUZZ&country=FUZZ
https://api.lemonilo.com/v2/article/get-article?limit=FUZZ&5=FUZZ&order_by=FUZZ&article_id=FUZZ&sort=FUZZ
https://api.lemonilo.com/v2/article/section-category-list?limit=FUZZ&1=FUZZ&offset=FUZZ
https://api.lemonilo.com/v2/product/product-faq-id/003be91a-c44b-54ba-a018-e78bd27336bb?page=FUZZ&1=FUZZ&size=FUZZ
https://api.lemonilo.com/v2/product/product-faq-id/043b2567-8ae6-5462-9483-ab45b5a973f6?page=FUZZ&1=FUZZ&size=FUZZ
https://api.lemonilo.com/v2/product/product-faq-id/04cacbab-6504-5e7b-b558-9ca36d400a63?page=FUZZ&1=FUZZ&size=FUZZ
https://api.lemonilo.com/v2/product/product-faq-id/0b6b97fc-4f7e-5d00-b092-2247a32847d8?page=FUZZ&1=FUZZ&size=FUZZ
https://api.lemonilo.com/v2/product/product-faq-id/0c8f1016-8eae-554c-b6d6-31b252951313?page=FUZZ&1=FUZZ&size=FUZZ
https://api.lemonilo.com/v2/product/product-faq-id/0d2acf6f-7945-583c-8889-22c4c7922890?page=FUZZ&1=FUZZ&size=FUZZ
https://api.lemonilo.com/v2/product/product-faq-id/0d2fc04b-fb4f-5697-ad1b-304fc505f642?page=FUZZ&1=FUZZ&size=FUZZ
https://api.lemonilo.com/v2/product/product-faq-id/10e23519-18a5-5571-9652-55bef98c001f?page=FUZZ&1=FUZZ&size=FUZZ
https://api.lemonilo.com/v2/product/product-faq-id/1599a426-ddd2-5bd4-a89e-1eacfb09f9b5?page=FUZZ&1=FUZZ&size=FUZZ
https://api.lemonilo.com/v2/product/product-faq-id/175feabb-f710-5498-95a6-d2b9fef5c7eb?page=FUZZ&1=FUZZ&size=FUZZ
https://api.lemonilo.com/v2/product/product-faq-id/17c0e0a9-5e2b-515c-8ea3-1ee6dad30c54?page=FUZZ&1=FUZZ&size=FUZZ
https://api.lemonilo.com/v2/product/product-faq-id/19548708-9643-5b91-bb4d-c3a7f6a77ab9?page=FUZZ&1=FUZZ&size=FUZZ
https://api.lemonilo.com/v2/product/product-faq-id/1a82e4fa-3e6d-5935-bfec-ca7b9940db3b?page=FUZZ&1=FUZZ&size=FUZZ
https://api.lemonilo.com/v2/product/product-faq-id/1d925808-d1f7-59c2-ab3e-892f5c716d56?page=FUZZ&1=FUZZ&size=FUZZ
https://api.lemonilo.com/v2/product/product-faq-id/227857a4-766a-5623-a177-0474b83da7ac?page=FUZZ&1=FUZZ&size=FUZZ
https://api.lemonilo.com/v2/product/product-faq-id/23ef26e8-e584-5b37-9c8a-7a7eed82d6f4?page=FUZZ&1=FUZZ&size=FUZZ
https://api.lemonilo.com/v2/product/product-faq-id/2541e710-45b3-5ee0-8731-bdd491813c7b?page=FUZZ&1=FUZZ&size=FUZZ
https://api.lemonilo.com/v2/product/product-faq-id/2dba5e7a-94b9-5ea9-8810-1d9976d28403?page=FUZZ&1=FUZZ&size=FUZZ
https://api.lemonilo.com/v2/product/product-faq-id/34b0fcb5-6667-50f8-abaa-19264073400f?page=FUZZ&1=FUZZ&size=FUZZ
https://api.lemonilo.com/v2/product/product-faq-id/3689795e-f1c5-5b1c-b652-5ecb4a6194eb?page=FUZZ&1=FUZZ&size=FUZZ
https://api.lemonilo.com/v2/product/product-faq-id/3c0dbec3-c9c5-5be6-ba18-f265b078a93c?page=FUZZ&1=FUZZ&size=FUZZ
https://api.lemonilo.com/v2/product/product-faq-id/3c9f2c58-70a7-52f5-bcfb-3b9d75ca404c?page=FUZZ&1=FUZZ&size=FUZZ
https://api.lemonilo.com/v2/product/product-faq-id/3dfff015-7dda-5e5c-ad10-504559915e15?page=FUZZ&1=FUZZ&size=FUZZ
https://api.lemonilo.com/v2/product/product-faq-id/408cc65a-5773-5f70-b6a0-9423e46c3bb5?page=FUZZ&1=FUZZ&size=FUZZ
https://api.lemonilo.com/v2/product/product-faq-id/413616fe-f719-5592-8c66-d3f3dd4316ee?page=FUZZ&1=FUZZ&size=FUZZ
https://api.lemonilo.com/v2/product/product-faq-id/42fb501a-629e-5ca1-8fac-3e948e23a986?page=FUZZ&1=FUZZ&size=FUZZ
https://api.lemonilo.com/v2/product/product-faq-id/431928b8-50e8-56ad-8ff2-727fe5266476?page=FUZZ&1=FUZZ&size=FUZZ
https://api.lemonilo.com/v2/product/product-faq-id/45e6b957-94d1-56fc-97da-2f12d91ce425?page=FUZZ&1=FUZZ&size=FUZZ
https://api.lemonilo.com/v2/product/product-faq-id/48cc0c23-5c9b-53bc-9f40-47b55dce4575?page=FUZZ&1=FUZZ&size=FUZZ
https://api.lemonilo.com/v2/product/product-faq-id/4a881acc-0ad1-59e7-8cf1-8232a3667957?page=FUZZ&1=FUZZ&size=FUZZ
https://api.lemonilo.com/v2/product/product-faq-id/4b5cc250-0d08-517a-93fb-c45adbc50d70?page=FUZZ&1=FUZZ&size=FUZZ
https://api.lemonilo.com/v2/product/product-faq-id/4bf0433a-3b1a-57a1-a9b7-8dc705f5f915?page=FUZZ&1=FUZZ&size=FUZZ
https://api.lemonilo.com/v2/product/product-faq-id/4e08164b-00bb-5263-90ba-39ae2c6a8836?page=FUZZ&1=FUZZ&size=FUZZ
https://api.lemonilo.com/v2/product/product-faq-id/526eafd8-4142-518e-9e88-b3504762f155?page=FUZZ&1=FUZZ&size=FUZZ
https://api.lemonilo.com/v2/product/product-faq-id/534a15d9-5972-56e6-b561-c62455435ee9?page=FUZZ&1=FUZZ&size=FUZZ
https://api.lemonilo.com/v2/product/product-faq-id/535afaf0-30ab-5709-ad8a-7d58ef217509?page=FUZZ&1=FUZZ&size=FUZZ
https://api.lemonilo.com/v2/product/product-faq-id/53d42f58-5c0f-59e1-a9ea-8271b469fae4?page=FUZZ&1=FUZZ&size=FUZZ
https://api.lemonilo.com/v2/product/product-faq-id/55204633-4b41-5b34-8014-a38298a2e3f8?page=FUZZ&1=FUZZ&size=FUZZ
https://api.lemonilo.com/v2/product/product-faq-id/589016ca-276d-5fd7-8704-8f19c18c3af8?page=FUZZ&1=FUZZ&size=FUZZ
https://api.lemonilo.com/v2/product/product-faq-id/5a761831-6137-5c29-979d-7fd0c3edfc54?page=FUZZ&1=FUZZ&size=FUZZ
https://api.lemonilo.com/v2/product/product-faq-id/5d672f05-e0a3-5d5a-868a-4b6038e8382a?page=FUZZ&1=FUZZ&size=FUZZ
https://api.lemonilo.com/v2/product/product-faq-id/5e5bc18d-396e-596b-86d3-03ab36afc37f?page=FUZZ&1=FUZZ&size=FUZZ
https://api.lemonilo.com/v2/product/product-faq-id/6187c990-e52d-5998-996b-0b49a232e83b?page=FUZZ&1=FUZZ&size=FUZZ
https://api.lemonilo.com/v2/product/product-faq-id/63b78e26-1811-56f9-9920-9e6052d09360?page=FUZZ&1=FUZZ&size=FUZZ
https://api.lemonilo.com/v2/product/product-faq-id/6e54817c-1dc1-5849-865a-33af246c3cc8?page=FUZZ&1=FUZZ&size=FUZZ
https://api.lemonilo.com/v2/product/product-faq-id/714ea594-211c-51ea-a4d3-96b18f0151e8?page=FUZZ&1=FUZZ&size=FUZZ
https://api.lemonilo.com/v2/product/product-faq-id/71a92119-e471-5fd5-af6c-711faf331801?page=FUZZ&1=FUZZ&size=FUZZ
https://api.lemonilo.com/v2/product/product-faq-id/72529d71-c61b-5761-bbe0-73510851a5b8?page=FUZZ&1=FUZZ&size=FUZZ
https://api.lemonilo.com/v2/product/product-faq-id/78a52566-4986-5f5e-a265-09a4604e3b4b?page=FUZZ&1=FUZZ&size=FUZZ
https://api.lemonilo.com/v2/product/product-faq-id/820bb817-bccf-5077-9db4-4bc73a159279?page=FUZZ&1=FUZZ&size=FUZZ
https://api.lemonilo.com/v2/product/product-faq-id/837f9893-4045-5005-9a46-eb432cb83466?page=FUZZ&1=FUZZ&size=FUZZ
https://api.lemonilo.com/v2/product/product-faq-id/84dc8922-b667-5a56-bc7c-a431eece5f8d?page=FUZZ&1=FUZZ&size=FUZZ
https://api.lemonilo.com/v2/product/product-faq-id/85c45c42-06f9-508c-aec4-9230245ed35b?page=FUZZ&1=FUZZ&size=FUZZ
https://api.lemonilo.com/v2/product/product-faq-id/85d67f7c-8d1e-579c-a9a1-474b8ff2446a?page=FUZZ&1=FUZZ&size=FUZZ
https://api.lemonilo.com/v2/product/product-faq-id/8ab70e2c-8346-500a-8191-2ee5f08c8227?page=FUZZ&1=FUZZ&size=FUZZ
https://api.lemonilo.com/v2/product/product-faq-id/8ba9232a-c769-5a62-ae37-b3469a917572?page=FUZZ&1=FUZZ&size=FUZZ
https://api.lemonilo.com/v2/product/product-faq-id/90a1dd9b-a701-5f56-bb1b-c21e8b69b786?page=FUZZ&1=FUZZ&size=FUZZ
https://api.lemonilo.com/v2/product/product-faq-id/995936ca-6e77-57bd-8621-c38a2fcedd84?page=FUZZ&1=FUZZ&size=FUZZ
https://api.lemonilo.com/v2/product/product-faq-id/9b646424-e34b-5505-8966-ad73a5039bda?page=FUZZ&1=FUZZ&size=FUZZ
https://api.lemonilo.com/v2/product/product-faq-id/9d397764-69b8-534d-8eb9-e489dc9ef2cc?page=FUZZ&1=FUZZ&size=FUZZ
https://api.lemonilo.com/v2/product/product-faq-id/9d796145-d660-5707-b16a-a9db108dda5f?page=FUZZ&1=FUZZ&size=FUZZ
https://api.lemonilo.com/v2/product/product-faq-id/a0bcb0ca-704c-5342-9eec-480ca1c100d7?page=FUZZ&1=FUZZ&size=FUZZ
https://api.lemonilo.com/v2/product/product-faq-id/a0bd9cb1-e791-56a4-be92-365ab6b9386a?page=FUZZ&1=FUZZ&size=FUZZ
https://api.lemonilo.com/v2/product/product-faq-id/a1cddcdc-8ffc-5545-bcca-5febf69e7411?page=FUZZ&1=FUZZ&size=FUZZ
https://api.lemonilo.com/v2/product/product-faq-id/accd1762-a1f0-5d65-baac-0c9c4db78840?page=FUZZ&1=FUZZ&size=FUZZ
https://api.lemonilo.com/v2/product/product-faq-id/b0498bfc-e3f6-5799-8854-96b8b11b6e6e?page=FUZZ&1=FUZZ&size=FUZZ
https://api.lemonilo.com/v2/product/product-faq-id/b47d12e5-f906-58d7-9a6d-498bae4c130a?page=FUZZ&1=FUZZ&size=FUZZ
https://api.lemonilo.com/v2/product/product-faq-id/b4b3997b-c647-5c63-bf33-7febfa990fe9?page=FUZZ&1=FUZZ&size=FUZZ
https://api.lemonilo.com/v2/product/product-faq-id/b525ed33-e55d-5e59-b366-b2bbe6ef44db?page=FUZZ&1=FUZZ&size=FUZZ
https://api.lemonilo.com/v2/product/product-faq-id/b918a522-83a6-56f1-9017-163c2771f4f5?page=FUZZ&1=FUZZ&size=FUZZ
https://api.lemonilo.com/v2/product/product-faq-id/baa01889-3d60-5462-a2fc-282a6fb9b02d?page=FUZZ&1=FUZZ&size=FUZZ
https://api.lemonilo.com/v2/product/product-faq-id/bbd16468-f064-542a-8084-02d382e11690?page=FUZZ&1=FUZZ&size=FUZZ
https://api.lemonilo.com/v2/product/product-faq-id/bca91ae9-5aeb-5bd8-add3-bd2a76b771d1?page=FUZZ&1=FUZZ&size=FUZZ
https://api.lemonilo.com/v2/product/product-faq-id/bce3c9fd-bd21-5688-b0de-fafcc1742a59?page=FUZZ&1=FUZZ&size=FUZZ
https://api.lemonilo.com/v2/product/product-faq-id/bd882678-c304-53d4-a613-bd7d91b6b15c?page=FUZZ&1=FUZZ&size=FUZZ
https://api.lemonilo.com/v2/product/product-faq-id/c3bf18d2-59f9-5065-b361-2cdc489e60b6?page=FUZZ&1=FUZZ&size=FUZZ
https://api.lemonilo.com/v2/product/product-faq-id/c514a0ee-2106-5acd-92eb-6812194b8546?page=FUZZ&1=FUZZ&size=FUZZ
https://api.lemonilo.com/v2/product/product-faq-id/c582e752-758a-5068-80a8-b22f51ae05d8?page=FUZZ&1=FUZZ&size=FUZZ
https://api.lemonilo.com/v2/product/product-faq-id/c94ff4b9-7b36-5983-93ac-29730c9ee888?page=FUZZ&1=FUZZ&size=FUZZ
https://api.lemonilo.com/v2/product/product-faq-id/cbaf799e-41ce-5fdc-9c0f-7807711558b0?page=FUZZ&1=FUZZ&size=FUZZ
https://api.lemonilo.com/v2/product/product-faq-id/cc2cd446-b82a-523c-9484-18c81d26e1ef?page=FUZZ&1=FUZZ&size=FUZZ
https://api.lemonilo.com/v2/product/product-faq-id/d563aa9b-3bea-5a45-b61f-27ff4d9b5eb1?page=FUZZ&1=FUZZ&size=FUZZ
https://api.lemonilo.com/v2/product/product-faq-id/d70bc2ab-f9d4-5c2c-b33f-e5b1d52f59b2?page=FUZZ&1=FUZZ&size=FUZZ
https://api.lemonilo.com/v2/product/product-faq-id/d9cc5382-975a-54c7-9f27-deef401abab5?page=FUZZ&1=FUZZ&size=FUZZ
https://api.lemonilo.com/v2/product/product-faq-id/dac7d148-12b5-53cd-bd16-f51c10ca0fe3?page=FUZZ&1=FUZZ&size=FUZZ
https://api.lemonilo.com/v2/product/product-faq-id/dcce2bad-e896-5a55-a633-e308e8f9b703?page=FUZZ&1=FUZZ&size=FUZZ
https://api.lemonilo.com/v2/product/product-faq-id/df2419db-8b0c-5f4e-80f9-f2bd540b61f0?page=FUZZ&1=FUZZ&size=FUZZ
https://api.lemonilo.com/v2/product/product-faq-id/e677388c-c657-56af-bcb7-2acfb0664a31?page=FUZZ&1=FUZZ&size=FUZZ
https://api.lemonilo.com/v2/product/product-faq-id/e9968135-fb50-5609-b60f-aa4db306c2d1?page=FUZZ&1=FUZZ&size=FUZZ
https://api.lemonilo.com/v2/product/product-faq-id/ee34b9b9-3910-5d9f-90c8-1750b793a7b4?page=FUZZ&1=FUZZ&size=FUZZ
https://api.lemonilo.com/v2/product/product-faq-id/efe0474a-b30d-5bbe-9979-25404861cfa2?page=FUZZ&1=FUZZ&size=FUZZ
https://api.lemonilo.com/v2/product/product-faq-id/f0507256-89c9-5a77-aa36-9590c5df0556?page=FUZZ&1=FUZZ&size=FUZZ
https://api.lemonilo.com/v2/product/product-faq-id/f0a4debd-bfab-5006-b862-3e6f58908f17?page=FUZZ&1=FUZZ&size=FUZZ
https://api.lemonilo.com/v2/product/product-faq-id/f468c8d5-2ac4-547a-b126-03dc739e9403?page=FUZZ&1=FUZZ&size=FUZZ
https://api.lemonilo.com/v2/product/product-faq-id/f5a0b7f9-982a-5624-8a8c-a39f4f1a6bdb?page=FUZZ&1=FUZZ&size=FUZZ
https://api.lemonilo.com/v2/product/product-faq-id/fb15b2e9-b3cd-5d51-ab4a-01f81e723bab?page=FUZZ&1=FUZZ&size=FUZZ
https://api.lemonilo.com/v2/product/product-faq-id/fbf58b63-5d17-52f0-a9d8-6761ce955323?page=FUZZ&1=FUZZ&size=FUZZ
https://api.lemonilo.com/v2/product/product-faq-id/fc786e9d-b254-539c-a0f0-d0dc0d3fe4c5?page=FUZZ&1=FUZZ&size=FUZZ
https://d-banggakansehatmu.lemonilo.com/?_branch_match_id=FUZZ
https://d-banggakansehatmu.lemonilo.com/_/view/logImpressions?authuser=FUZZ
https://d-wiranilo.lemonilo.com/?_branch_match_id=FUZZ
https://d-wiranilo.lemonilo.com/_/view/logImpressions?authuser=FUZZ
https://m.lemonilo.com/aromatherapy-essential-oils/aromatherapy?page=FUZZ
https://m.lemonilo.com/aromatherapy-essential-oils/essential-oils?page=FUZZ
https://m.lemonilo.com/aromatherapy-essential-oils?page=FUZZ
https://m.lemonilo.com/bahan/beras-quinoa?page=FUZZ
https://m.lemonilo.com/bahan/bumbu-masak?page=FUZZ
https://m.lemonilo.com/bahan/gula-pemanis-lainnya?page=FUZZ
https://m.lemonilo.com/bahan/madu?page=FUZZ
https://m.lemonilo.com/bahan/minyak?page=FUZZ
https://m.lemonilo.com/bahan?page=FUZZ
https://m.lemonilo.com/bahan/pasta-mie?page=FUZZ
https://m.lemonilo.com/bahan/seeds-dried-fruits?page=FUZZ
https://m.lemonilo.com/bahan/selai-taburan?page=FUZZ
https://m.lemonilo.com/bahan/tepung-sehat?page=FUZZ
https://m.lemonilo.com/bayi-anak?page=FUZZ
https://m.lemonilo.com/blog?page=FUZZ
https://m.lemonilo.com/brand/javara?page=FUZZ
https://m.lemonilo.com/brand?page=FUZZ
https://m.lemonilo.com/catering?page=FUZZ
https://m.lemonilo.com/cemilan/biskuit-kue-kering-crackers?page=FUZZ
https://m.lemonilo.com/cemilan/cokelat-permen?page=FUZZ
https://m.lemonilo.com/cemilan/energy-bars?page=FUZZ
https://m.lemonilo.com/cemilan/kacang-kacangan?page=FUZZ
https://m.lemonilo.com/cemilan/keripik?page=FUZZ
https://m.lemonilo.com/cemilan?page=FUZZ
https://m.lemonilo.com/cemilan/sereal-granola?page=FUZZ
https://m.lemonilo.com/merchant?page=FUZZ
https://m.lemonilo.com/min/?f=FUZZ
https://m.lemonilo.com/min/?f=FUZZ&/assets/js/custom.js=FUZZ
https://m.lemonilo.com/min/?f=FUZZ&/assets/js/filter.js=FUZZ
https://m.lemonilo.com/min/?f=FUZZ&/assets/js/general_message.js=FUZZ
https://m.lemonilo.com/min/?f=FUZZ&/assets/js/pages/article.js=FUZZ
https://m.lemonilo.com/min/?f=FUZZ&/assets/js/pages/cart.js=FUZZ
https://m.lemonilo.com/min/?f=FUZZ&/assets/js/pages/category.js=FUZZ
https://m.lemonilo.com/min/?f=FUZZ&/assets/js/pages/contributor.js=FUZZ
https://m.lemonilo.com/min/?f=FUZZ&/assets/js/pages/home.js=FUZZ
https://m.lemonilo.com/min/?f=FUZZ&/assets/js/pages/lemonilo-rack.js=FUZZ
https://m.lemonilo.com/min/?f=FUZZ&/assets/js/pages/merchant.js=FUZZ
https://m.lemonilo.com/min/?f=FUZZ&/assets/js/pages/product-box.js=FUZZ
https://m.lemonilo.com/min/?f=FUZZ&/assets/js/pages/product.js=FUZZ
https://m.lemonilo.com/min/?f=FUZZ&/assets/js/pages/product-tag.js=FUZZ
https://m.lemonilo.com/min/?f=FUZZ&/assets/js/pages/promo.js=FUZZ
https://m.lemonilo.com/min/?f=FUZZ&/assets/js/pages/referral-program.js=FUZZ
https://m.lemonilo.com/min/?f=FUZZ&/assets/js/pages/subcategory.js=FUZZ
https://m.lemonilo.com/min/?f=FUZZ&/assets/js/parts/banner_app_download.js=FUZZ
https://m.lemonilo.com/min/?f=FUZZ&/assets/js/sort.js=FUZZ
https://m.lemonilo.com/min/?f=FUZZ&/assets/vendor/bootstrap-datepicker/js/bootstrap-datepicker.js=FUZZ
https://m.lemonilo.com/min/?f=FUZZ&/assets/vendor/jquery.fly/jquery.fly.min.js=FUZZ
https://m.lemonilo.com/min/?f=FUZZ&/assets/vendor/slinky/assets/js/jquery.slinky.js=FUZZ
https://m.lemonilo.com/minuman/jus-buah-jus-sayur-cold-pressed?page=FUZZ
https://m.lemonilo.com/minuman/kombucha?page=FUZZ
https://m.lemonilo.com/minuman?page=FUZZ
https://m.lemonilo.com/minuman/susu-yoghurt?page=FUZZ
https://m.lemonilo.com/minuman/teh-kopi?page=FUZZ
https://m.lemonilo.com/perawatan-rambut?page=FUZZ
https://m.lemonilo.com/perawatan-rambut/shampoo?page=FUZZ
https://m.lemonilo.com/perawatan-tubuh/body-massage-oils?page=FUZZ
https://m.lemonilo.com/perawatan-tubuh?page=FUZZ
https://m.lemonilo.com/perawatan-tubuh/pelembab-tabir-surya-tubuh?page=FUZZ
https://m.lemonilo.com/perawatan-tubuh/sabun-mandi?page=FUZZ
https://m.lemonilo.com/perawatan-wajah?page=FUZZ
https://m.lemonilo.com/perawatan-wajah/pelembab-tabir-surya-wajah?page=FUZZ
https://m.lemonilo.com/perawatan-wajah/pembersih-wajah?page=FUZZ
https://m.lemonilo.com/perawatan-wajah/serum-perawatan-wajah?page=FUZZ
https://m.lemonilo.com/perawatan-wajah/toner-mists?page=FUZZ
https://m.lemonilo.com/product/golite-dark-chocolate-hazelnut-granola?search=FUZZ
https://m.lemonilo.com/product/healthy-bento-lunch-weekly-weight-loss-for-5-days?search=FUZZ
https://m.lemonilo.com/product/kimu-farm-green-curly-lettuce?search=FUZZ
https://m.lemonilo.com/product/lemonilo-100-extra-virgin-coconut-oil-vco-100-ml?search=FUZZ
https://m.lemonilo.com/product/natural-poultry-ayam-probiotik?search=FUZZ
https://m.lemonilo.com/product/newest?page=FUZZ
https://m.lemonilo.com/product/raw-almond-mylk-matcha-large?search=FUZZ
https://m.lemonilo.com/product/yourganic-overnight-oatmeal-bananarama?search=FUZZ
https://m.lemonilo.com/promo/dapatkan-gratis-ongkir-dengan-gosend?merchant=FUZZ
https://m.lemonilo.com/promo/dapatkan-gratis-ongkir-dengan-gosend?page=FUZZ
https://m.lemonilo.com/promo/deal-spesial-week-3-november-40-off?merchant=FUZZ
https://m.lemonilo.com/promo/gratis-ongkir?merchant=FUZZ
https://m.lemonilo.com/promo/lemonilo-x-teman-bumil?merchant=FUZZ
https://m.lemonilo.com/promo/lemonilo-x-teman-bumil?page=FUZZ
https://m.lemonilo.com/promo/paket-warkop-lemonilo-mulai-dari-rp-59900?merchant=FUZZ
https://m.lemonilo.com/promo/rekomendasi-nilo?merchant=FUZZ
https://m.lemonilo.com/promo/rekomendasi-nilo?page=FUZZ
https://m.lemonilo.com/promo/topfer-biotta-20-off-produk-pilihan?merchant=FUZZ
https://m.lemonilo.com/sayur-buah/buah-segar?page=FUZZ
https://m.lemonilo.com/sayur-buah?page=FUZZ
https://m.lemonilo.com/sayur-buah/sayuran-segar?page=FUZZ
https://m.lemonilo.com/search/query?page=FUZZ
https://m.lemonilo.com/search/query?search=FUZZ
https://m.lemonilo.com/siap-saji/overnight-oats?page=FUZZ
https://m.lemonilo.com/siap-saji?page=FUZZ
https://m.lemonilo.com/tag/bebas-gluten?page=FUZZ
https://m.lemonilo.com/tag/langsung-dari-petani?page=FUZZ
https://m.lemonilo.com/tag/organik?page=FUZZ
https://m.lemonilo.com/tag/pemberdayaan-wanita?page=FUZZ
https://m.lemonilo.com/tag/ramah-lingkungan?page=FUZZ
https://m.lemonilo.com/tag/rendah-gula?page=FUZZ
https://m.lemonilo.com/tag/rendah-kalori?page=FUZZ
https://m.lemonilo.com/tag/sertifikat-halal-mui?page=FUZZ
https://m.lemonilo.com/tag/tanpa-tambahan-gula?page=FUZZ
https://m.lemonilo.com/tag/tumbuh-kembang-anak?page=FUZZ
https://m.lemonilo.com/tag/vegetarian?page=FUZZ
https://m.lemonilo.com/utils/get_holidays?product_uuid=FUZZ
https://www.lemonilo.com/aromatherapy-essential-oils/aromatherapy?page=FUZZ
https://www.lemonilo.com/aromatherapy-essential-oils/essential-oils?page=FUZZ
https://www.lemonilo.com/aromatherapy-essential-oils?page=FUZZ
https://www.lemonilo.com/bahan/beras-quinoa?page=FUZZ
https://www.lemonilo.com/bahan/beras-quinoa?search=FUZZ
https://www.lemonilo.com/bahan/bumbu-masak?page=FUZZ
https://www.lemonilo.com/bahan/gula-pemanis-lainnya?page=FUZZ
https://www.lemonilo.com/bahan/madu?page=FUZZ
https://www.lemonilo.com/bahan/minyak?page=FUZZ
https://www.lemonilo.com/bahan/minyak?search=FUZZ
https://www.lemonilo.com/bahan?page=FUZZ
https://www.lemonilo.com/bahan/pasta-mie?page=FUZZ
https://www.lemonilo.com/bahan/seeds-dried-fruits?page=FUZZ
https://www.lemonilo.com/bahan/selai-taburan?page=FUZZ
https://www.lemonilo.com/bahan/tepung-sehat?page=FUZZ
https://www.lemonilo.com/bayi-anak?page=FUZZ
https://www.lemonilo.com/blog/contributor/billy?page=FUZZ
https://www.lemonilo.com/blog/fakta-menarik-resep-kokoa-untuk-kamu?_branch_match_id=FUZZ
https://www.lemonilo.com/blog/lemonilo-kampanyekan-peduli-hari-esok-untuk-generasi-hebat-indonesia?_branch_match_id=FUZZ
https://www.lemonilo.com/blog?page=FUZZ
https://www.lemonilo.com/blog/yuk-tulis-surat-untuk-ajak-teman-pedulihariesok?_branch_match_id=FUZZ
https://www.lemonilo.com/?_branch_match_id=FUZZ
https://www.lemonilo.com/brand/health-co?page=FUZZ
https://www.lemonilo.com/brand/javara?page=FUZZ
https://www.lemonilo.com/brand/lemonilobox?page=FUZZ
https://www.lemonilo.com/brand?page=FUZZ
https://www.lemonilo.com/catering?page=FUZZ
https://www.lemonilo.com/cemilan/biskuit-kue-kering-crackers?page=FUZZ
https://www.lemonilo.com/cemilan/cokelat-permen?page=FUZZ
https://www.lemonilo.com/cemilan/energy-bars?page=FUZZ
https://www.lemonilo.com/cemilan/kacang-kacangan?page=FUZZ
https://www.lemonilo.com/cemilan/kacang-kacangan?search=FUZZ
https://www.lemonilo.com/cemilan/keripik?page=FUZZ
https://www.lemonilo.com/cemilan?page=FUZZ
https://www.lemonilo.com/cemilan/sereal-granola?page=FUZZ
https://www.lemonilo.com/merchant?page=FUZZ
https://www.lemonilo.com/min/?f=FUZZ
https://www.lemonilo.com/min?f=FUZZ
https://www.lemonilo.com/min/?f=FUZZ&/assets/js/auth/register.js=FUZZ
https://www.lemonilo.com/min/?f=FUZZ&/assets/js/custom.js=FUZZ
https://www.lemonilo.com/min/?f=FUZZ&/assets/js/filter.js=FUZZ
https://www.lemonilo.com/min?f=FUZZ&/assets/js/filter.js=FUZZ
https://www.lemonilo.com/min/?f=FUZZ&/assets/js/general_message.js=FUZZ
https://www.lemonilo.com/min/?f=FUZZ&/assets/js/pages/article.js=FUZZ
https://www.lemonilo.com/min/?f=FUZZ&/assets/js/pages/cart.js=FUZZ
https://www.lemonilo.com/min/?f=FUZZ&/assets/js/pages/category.js=FUZZ
https://www.lemonilo.com/min?f=FUZZ&/assets/js/pages/category.js=FUZZ
https://www.lemonilo.com/min/?f=FUZZ&/assets/js/pages/home.js=FUZZ
https://www.lemonilo.com/min?f=FUZZ&/assets/js/pages/home.js=FUZZ
https://www.lemonilo.com/min/?f=FUZZ&/assets/js/pages/merchant.js=FUZZ
https://www.lemonilo.com/min/?f=FUZZ&/assets/js/pages/product-box.js=FUZZ
https://www.lemonilo.com/min/?f=FUZZ&/assets/js/pages/product.js=FUZZ
https://www.lemonilo.com/min?f=FUZZ&/assets/js/pages/product.js=FUZZ
https://www.lemonilo.com/min/?f=FUZZ&/assets/js/pages/promo.js=FUZZ
https://www.lemonilo.com/min/?f=FUZZ&/assets/js/pages/referral-program.js=FUZZ
https://www.lemonilo.com/min/?f=FUZZ&/assets/js/pages/subcategory.js=FUZZ
https://www.lemonilo.com/min?f=FUZZ&/assets/js/pages/subcategory.js=FUZZ
https://www.lemonilo.com/min/?f=FUZZ&/assets/js/sort.js=FUZZ
https://www.lemonilo.com/min?f=FUZZ&/assets/js/sort.js=FUZZ
https://www.lemonilo.com/min/?f=FUZZ&/assets/vendor/bootstrap-datepicker/js/bootstrap-datepicker.js=FUZZ
https://www.lemonilo.com/min/?f=FUZZ&/assets/vendor/duramenu/dura-main.js=FUZZ
https://www.lemonilo.com/minuman/jus-buah-jus-sayur-cold-pressed?page=FUZZ
https://www.lemonilo.com/minuman/kombucha?page=FUZZ
https://www.lemonilo.com/minuman?page=FUZZ
https://www.lemonilo.com/minuman/susu-yoghurt?page=FUZZ
https://www.lemonilo.com/minuman/teh-kopi?page=FUZZ
https://www.lemonilo.com/perawatan-rambut?page=FUZZ
https://www.lemonilo.com/perawatan-rambut/shampoo?page=FUZZ
https://www.lemonilo.com/perawatan-tubuh/body-massage-oils?page=FUZZ
https://www.lemonilo.com/perawatan-tubuh/lulur-body-scrub?page=FUZZ
https://www.lemonilo.com/perawatan-tubuh?page=FUZZ
https://www.lemonilo.com/perawatan-tubuh/pelembab-tabir-surya-tubuh?page=FUZZ
https://www.lemonilo.com/perawatan-tubuh/sabun-mandi?page=FUZZ
https://www.lemonilo.com/perawatan-wajah?page=FUZZ
https://www.lemonilo.com/perawatan-wajah/pelembab-tabir-surya-wajah?page=FUZZ
https://www.lemonilo.com/perawatan-wajah/pembersih-wajah?page=FUZZ
https://www.lemonilo.com/product/blueboots-creamy-peanut-butter/reviews?page=FUZZ
https://www.lemonilo.com/product/buy-20-lemonilo-mi-instan-kuah-rasa-kari-ayam-free-masker-kain/reviews?page=FUZZ
https://www.lemonilo.com/product/east-bali-cashew-sea-salt-cashew-nuts-75-gr/reviews?page=FUZZ
https://www.lemonilo.com/product/lemonilo-credit-idr-300000/reviews?page=FUZZ
https://www.lemonilo.com/product-list/query?type=FUZZ
https://www.lemonilo.com/product/mie-instan-rasa-pedas-korea-bundle-lemonilo?_branch_match_id=FUZZ
https://www.lemonilo.com/product/paket-2-lemonilo-mie-goreng-instan-alami-1-lemonilo-mie-kuah-instan-alami-rasa-ayam-bawang/reviews?page=FUZZ
https://www.lemonilo.com/promo/15-off-untuk-pengguna-kartu-debit-commonwealth-bank?merchant=FUZZ
https://www.lemonilo.com/promo/15-off-untuk-pengguna-kartu-kredit-bank-mandiri?merchant=FUZZ
https://www.lemonilo.com/promo/15-off-untuk-pengguna-kartu-kredit-bank-mandiri?page=FUZZ
https://www.lemonilo.com/promo/alfa-berkah-afia-up-to-45-off-produk-pilihan?merchant=FUZZ
https://www.lemonilo.com/promo/baru-lemonilo-michoco-sekarang-beli-3-gratis-1?_branch_match_id=FUZZ
https://www.lemonilo.com/promo/bca-promo-17-an-17-off?merchant=FUZZ
https://www.lemonilo.com/promo/bca-promo-17-an-17-off?page=FUZZ
https://www.lemonilo.com/promo/belanja-dan-dapatkan-berbagai-produk-lemonilo-gratis?_branch_match_id=FUZZ
https://www.lemonilo.com/promo/belanja-sekarang-dan-dapatkan-extra-cashback?merchant=FUZZ
https://www.lemonilo.com/promo/bri-15?merchant=FUZZ
https://www.lemonilo.com/promo/bri-15?page=FUZZ
https://www.lemonilo.com/promo/deal-spesial-agustus-40-off?merchant=FUZZ
https://www.lemonilo.com/promo/deal-spesial-week-3-november-40-off?merchant=FUZZ
https://www.lemonilo.com/promo/hampers-natal-tahun-baru-lemonilo-x-duanyam?_branch_match_id=FUZZ
https://www.lemonilo.com/promo/hampers-natal-tahun-baru-lemonilo-x-duanyam-spesial-wiranilo?_branch_match_id=FUZZ
https://www.lemonilo.com/promo/mandiri-pelanggan-baru?merchant=FUZZ
https://www.lemonilo.com/promo/mandiri-pelanggan-baru?page=FUZZ
https://www.lemonilo.com/promo/monis-curated-picks-10-off-september?merchant=FUZZ
https://www.lemonilo.com/promo/panin?merchant=FUZZ
https://www.lemonilo.com/promo/panin?page=FUZZ
https://www.lemonilo.com/promo/produk-lemonilo-pilihan-diskon-hingga-15?_branch_match_id=FUZZ
https://www.lemonilo.com/promo/promo-diskon-hingga-33-harbolnas-12-desember-2020?_branch_match_id=FUZZ
https://www.lemonilo.com/promo/promo-diskon-hingga-33-harbolnas-desember-2020?_branch_match_id=FUZZ
https://www.lemonilo.com/promo?promo_type=FUZZ
https://www.lemonilo.com/promo?promo_type=FUZZ&wiranilo=FUZZ&_branch_match_id=FUZZ
https://www.lemonilo.com/promo/voucher-belanja-15-off-untuk-pelanggan-airyrooms?merchant=FUZZ
https://www.lemonilo.com/promo/year-end-sale-lemonilo-diskon-hingga-30?_branch_match_id=FUZZ
https://www.lemonilo.com/redirect?url=FUZZ&lemonilo.typeform.com%2Fto%2FpR2u710i=FUZZ&_branch_match_id=FUZZ
https://www.lemonilo.com/redirect?url=FUZZ&lemonilo.typeform.com%2Fto%2FuFhuhbz0=FUZZ&_branch_match_id=FUZZ
https://www.lemonilo.com/referral/peduli-hari-esok?_branch_match_id=FUZZ
https://www.lemonilo.com/referral/peduli-hari-esok?_branch_match_id=FUZZ&755974219905472215?token=FUZZ
https://www.lemonilo.com/referral/peduli-hari-esok?_branch_match_id=FUZZ&859832946821163428?token=FUZZ
https://www.lemonilo.com/referral/peduli-hari-esok?token=FUZZ
https://www.lemonilo.com/referral/peduli-hari-esok?token=FUZZ&eyJhbGciOiJIUzI1NiIsInR5cCI6IkpXVCJ9.eyJyZWZlcnJlcl91dWlkIjoiMDA0NzdiYjctNDE1NS01MWQ1LWIxMDEtOGFmYmU3MTlhNDU3IiwicmVmZXJyYWxfcHJvZ3JhbV91dWlkIjoiMzdmODk2MzktZmQzZC00YmZiLTg0ZTYtOTBkODZmZDI5ZTFlIn0.-60wlPtwF3r2xJxwdjNAjL-DocM6WLv2ZCnguNEcyYo=FUZZ&_branch_match_id=FUZZ
https://www.lemonilo.com/referral/peduli-hari-esok?token=FUZZ&eyJhbGciOiJIUzI1NiIsInR5cCI6IkpXVCJ9.eyJyZWZlcnJlcl91dWlkIjoiMDI4MjEwMWUtMjY3OC01MTg2LWFiZWMtZjkwMTM4OTVlYWVlIiwicmVmZXJyYWxfcHJvZ3JhbV91dWlkIjoiMzdmODk2MzktZmQzZC00YmZiLTg0ZTYtOTBkODZmZDI5ZTFlIn0.ViY1-ma-q8pVWH7cPAOzNQMWp2u0wSOEO3MT856uo4s=FUZZ&_branch_match_id=FUZZ
https://www.lemonilo.com/referral/peduli-hari-esok?token=FUZZ&eyJhbGciOiJIUzI1NiIsInR5cCI6IkpXVCJ9.eyJyZWZlcnJlcl91dWlkIjoiMDQ1YjhjYmItOTE5Ni01YjgxLTg1OTktNGI4Mjc1MWRkZmMxIiwicmVmZXJyYWxfcHJvZ3JhbV91dWlkIjoiMzdmODk2MzktZmQzZC00YmZiLTg0ZTYtOTBkODZmZDI5ZTFlIn0.c-RFCEAq-IGSczgWYxbGvdPzq0G2wCYHyv9dj4QuQyA=FUZZ&_branch_match_id=FUZZ
https://www.lemonilo.com/referral/peduli-hari-esok?token=FUZZ&eyJhbGciOiJIUzI1NiIsInR5cCI6IkpXVCJ9.eyJyZWZlcnJlcl91dWlkIjoiMGViZjkzOGYtZDNjNC01NjViLWI0MWItZDMyNzM5ZjdlNTBiIiwicmVmZXJyYWxfcHJvZ3JhbV91dWlkIjoiMzdmODk2MzktZmQzZC00YmZiLTg0ZTYtOTBkODZmZDI5ZTFlIn0.zPUAfr1tkHOrz96sA0NjcwXg0remtpSmIFNSnxlDJO4=FUZZ&_branch_match_id=FUZZ
https://www.lemonilo.com/referral/peduli-hari-esok?token=FUZZ&eyJhbGciOiJIUzI1NiIsInR5cCI6IkpXVCJ9.eyJyZWZlcnJlcl91dWlkIjoiMjcwMjc0MTktN2ZmOC01NjQxLTljMTEtMGNlNTdiYzk5OTliIiwicmVmZXJyYWxfcHJvZ3JhbV91dWlkIjoiMzdmODk2MzktZmQzZC00YmZiLTg0ZTYtOTBkODZmZDI5ZTFlIn0.JBQdpVPSuDPaU_ED_NvAFBnxTOpcomkm38H9nQAvXm8=FUZZ&_branch_match_id=FUZZ
https://www.lemonilo.com/referral/peduli-hari-esok?token=FUZZ&eyJhbGciOiJIUzI1NiIsInR5cCI6IkpXVCJ9.eyJyZWZlcnJlcl91dWlkIjoiMjExNDIwMjktNjliZC01YzBkLTgzYTYtMjliMDEyOWEwNzc1IiwicmVmZXJyYWxfcHJvZ3JhbV91dWlkIjoiMzdmODk2MzktZmQzZC00YmZiLTg0ZTYtOTBkODZmZDI5ZTFlIn0.f_Wfsa7NLN2Mm8JnZ1Oz-j7Dfg-Bc-_Y0bax_G3wYQs=FUZZ&_branch_match_id=FUZZ
https://www.lemonilo.com/referral/peduli-hari-esok?token=FUZZ&eyJhbGciOiJIUzI1NiIsInR5cCI6IkpXVCJ9.eyJyZWZlcnJlcl91dWlkIjoiMmJjMGE4ZGItMjVjZS01YWQ0LTlhNTItOGJlOGU4ZTIzMmI5IiwicmVmZXJyYWxfcHJvZ3JhbV91dWlkIjoiMzdmODk2MzktZmQzZC00YmZiLTg0ZTYtOTBkODZmZDI5ZTFlIn0.KetPDDGEyaJWJ7bwhL2644VN1lPa5nkspuGxTJCqDlo=FUZZ&_branch_match_id=FUZZ
https://www.lemonilo.com/referral/peduli-hari-esok?token=FUZZ&eyJhbGciOiJIUzI1NiIsInR5cCI6IkpXVCJ9.eyJyZWZlcnJlcl91dWlkIjoiMmMxMThjZmEtYmRkZi01Yzc2LWI2ZGEtZjcxNDc1MzRiMGI1IiwicmVmZXJyYWxfcHJvZ3JhbV91dWlkIjoiMzdmODk2MzktZmQzZC00YmZiLTg0ZTYtOTBkODZmZDI5ZTFlIn0.LdFGrLrMbHOkw2ZQscJ2vD1v47h-y7PlE1YzbT65Tmo=FUZZ&_branch_match_id=FUZZ
https://www.lemonilo.com/referral/peduli-hari-esok?token=FUZZ&eyJhbGciOiJIUzI1NiIsInR5cCI6IkpXVCJ9.eyJyZWZlcnJlcl91dWlkIjoiMTc4OTAxMTAtODc2OC01YjlkLTlmNGItMWY5ZjM4YjNhNDAwIiwicmVmZXJyYWxfcHJvZ3JhbV91dWlkIjoiMzdmODk2MzktZmQzZC00YmZiLTg0ZTYtOTBkODZmZDI5ZTFlIn0.66DDvmdH7X3xWFzYQP9iLKGGa5upAenaU_drR61Svb8=FUZZ&_branch_match_id=FUZZ
https://www.lemonilo.com/referral/peduli-hari-esok?token=FUZZ&eyJhbGciOiJIUzI1NiIsInR5cCI6IkpXVCJ9.eyJyZWZlcnJlcl91dWlkIjoiMTdkZjFlZWEtZGJlYi01NmQ1LTgwYWItMjgxYmFiNjY5OTRlIiwicmVmZXJyYWxfcHJvZ3JhbV91dWlkIjoiMzdmODk2MzktZmQzZC00YmZiLTg0ZTYtOTBkODZmZDI5ZTFlIn0.kM9tl24Yu0W8Gsu5ZRx-_ad2BsUATtrIwB82bPIGTNA=FUZZ&_branch_match_id=FUZZ
https://www.lemonilo.com/referral/peduli-hari-esok?token=FUZZ&eyJhbGciOiJIUzI1NiIsInR5cCI6IkpXVCJ9.eyJyZWZlcnJlcl91dWlkIjoiMThiZDZiZGEtM2NmOS01NGNhLTkwZWMtYjEyM2VlZTE3NzNmIiwicmVmZXJyYWxfcHJvZ3JhbV91dWlkIjoiMzdmODk2MzktZmQzZC00YmZiLTg0ZTYtOTBkODZmZDI5ZTFlIn0.-qpA_8_CIqXpo21SR41OU4HFnDrA2tHFmHByuAYY3S4=FUZZ&_branch_match_id=FUZZ
https://www.lemonilo.com/referral/peduli-hari-esok?token=FUZZ&eyJhbGciOiJIUzI1NiIsInR5cCI6IkpXVCJ9.eyJyZWZlcnJlcl91dWlkIjoiMTQ2MTQ0Y2MtYzUxYS01MGNiLTliYzYtNTNkYTY3MmFkNDkxIiwicmVmZXJyYWxfcHJvZ3JhbV91dWlkIjoiMzdmODk2MzktZmQzZC00YmZiLTg0ZTYtOTBkODZmZDI5ZTFlIn0.A6qd9Y4KgNgD5Vpux7iB6Uki4kEaLxJ_KOYpXjshImg=FUZZ&_branch_match_id=FUZZ
https://www.lemonilo.com/referral/peduli-hari-esok?token=FUZZ&eyJhbGciOiJIUzI1NiIsInR5cCI6IkpXVCJ9.eyJyZWZlcnJlcl91dWlkIjoiMTQxOGExNTgtZTQ5Mi01NjZjLTlhYzctYjM2ZmI1YzA2NDM2IiwicmVmZXJyYWxfcHJvZ3JhbV91dWlkIjoiMzdmODk2MzktZmQzZC00YmZiLTg0ZTYtOTBkODZmZDI5ZTFlIn0._RNzpXBxa0eQlwzgcHtHfb7RAJ3MifNsfGsubSQ8tTA=FUZZ&_branch_match_id=FUZZ
https://www.lemonilo.com/referral/peduli-hari-esok?token=FUZZ&eyJhbGciOiJIUzI1NiIsInR5cCI6IkpXVCJ9.eyJyZWZlcnJlcl91dWlkIjoiMWRmYTdiMDYtZjAwMS01MjU4LTk4YzMtODU5OTE0YTNhZjI5IiwicmVmZXJyYWxfcHJvZ3JhbV91dWlkIjoiMzdmODk2MzktZmQzZC00YmZiLTg0ZTYtOTBkODZmZDI5ZTFlIn0.52eEMeO5b8_vGr4l_VUvup6Evrvk9zK8boQUv7AHCsw=FUZZ&_branch_match_id=FUZZ
https://www.lemonilo.com/referral/peduli-hari-esok?token=FUZZ&eyJhbGciOiJIUzI1NiIsInR5cCI6IkpXVCJ9.eyJyZWZlcnJlcl91dWlkIjoiMzk0ZGI0NGYtOTJhMS01NjgwLWJjYjQtYTU4ODljMmUwNTY2IiwicmVmZXJyYWxfcHJvZ3JhbV91dWlkIjoiMzdmODk2MzktZmQzZC00YmZiLTg0ZTYtOTBkODZmZDI5ZTFlIn0.lPokcoGNIE4LjbZLxxtQ_zrYebIbbKeC0eWYlolLDTs=FUZZ&_branch_match_id=FUZZ
https://www.lemonilo.com/referral/peduli-hari-esok?token=FUZZ&eyJhbGciOiJIUzI1NiIsInR5cCI6IkpXVCJ9.eyJyZWZlcnJlcl91dWlkIjoiMzk2NzQ4NDctZjI4My01NzE3LWFlODUtZGZmNGVhNTE0MzhmIiwicmVmZXJyYWxfcHJvZ3JhbV91dWlkIjoiMzdmODk2MzktZmQzZC00YmZiLTg0ZTYtOTBkODZmZDI5ZTFlIn0.nSTEO5XmlJGSk1f7U6eBqbmWUMzAATSnJMFdCIyTi9Q=FUZZ&_branch_match_id=FUZZ
https://www.lemonilo.com/referral/peduli-hari-esok?token=FUZZ&eyJhbGciOiJIUzI1NiIsInR5cCI6IkpXVCJ9.eyJyZWZlcnJlcl91dWlkIjoiMzk2ZjQwYzMtMDdmMy01YjkzLWJiY2ItNGE4YWU5MGQ3ODUxIiwicmVmZXJyYWxfcHJvZ3JhbV91dWlkIjoiMzdmODk2MzktZmQzZC00YmZiLTg0ZTYtOTBkODZmZDI5ZTFlIn0.fVgzblMZir1RB4nAJ0iO0iJAGafIvVY8jlBbrkVRU2c=FUZZ&_branch_match_id=FUZZ
https://www.lemonilo.com/referral/peduli-hari-esok?token=FUZZ&eyJhbGciOiJIUzI1NiIsInR5cCI6IkpXVCJ9.eyJyZWZlcnJlcl91dWlkIjoiMzViYzcxYmEtOGViNi01MjEyLWEwMWYtYjNhNWM3YjMwMTlmIiwicmVmZXJyYWxfcHJvZ3JhbV91dWlkIjoiMzdmODk2MzktZmQzZC00YmZiLTg0ZTYtOTBkODZmZDI5ZTFlIn0.D-MkL6CbJfd0LRKTkgl-oRjYm4O4VhaNbxMCBvfT4P0=FUZZ&_branch_match_id=FUZZ
https://www.lemonilo.com/referral/peduli-hari-esok?token=FUZZ&eyJhbGciOiJIUzI1NiIsInR5cCI6IkpXVCJ9.eyJyZWZlcnJlcl91dWlkIjoiN2E3YTkxNTctOTdjYy01NTIzLTk0MGYtYzZkNzg2YTExNWMxIiwicmVmZXJyYWxfcHJvZ3JhbV91dWlkIjoiMzdmODk2MzktZmQzZC00YmZiLTg0ZTYtOTBkODZmZDI5ZTFlIn0._Z2XDMCsAAANWVLTFC-x_HDnc8UlUJ0RFvhrwxw9qKw=FUZZ&_branch_match_id=FUZZ
https://www.lemonilo.com/referral/peduli-hari-esok?token=FUZZ&eyJhbGciOiJIUzI1NiIsInR5cCI6IkpXVCJ9.eyJyZWZlcnJlcl91dWlkIjoiN2MxZjA1MTYtNzgwOC01NGM5LWFiOWUtMDBjMWI4MDA3ODRiIiwicmVmZXJyYWxfcHJvZ3JhbV91dWlkIjoiMzdmODk2MzktZmQzZC00YmZiLTg0ZTYtOTBkODZmZDI5ZTFlIn0.W9yam7sdAa5ant9TfWktJG0refMMilKhBHCPf-VATrs=FUZZ&_branch_match_id=FUZZ
https://www.lemonilo.com/referral/peduli-hari-esok?token=FUZZ&eyJhbGciOiJIUzI1NiIsInR5cCI6IkpXVCJ9.eyJyZWZlcnJlcl91dWlkIjoiN2ZmZDVmNzYtN2ZhZi01NmQzLTg4YjUtZDVlYmMxODVjNmFlIiwicmVmZXJyYWxfcHJvZ3JhbV91dWlkIjoiMzdmODk2MzktZmQzZC00YmZiLTg0ZTYtOTBkODZmZDI5ZTFlIn0.sycaOqwpKmVDKil7SWqyfuLv9fI3ROljF1bahvtl18A=FUZZ&_branch_match_id=FUZZ
https://www.lemonilo.com/referral/peduli-hari-esok?token=FUZZ&eyJhbGciOiJIUzI1NiIsInR5cCI6IkpXVCJ9.eyJyZWZlcnJlcl91dWlkIjoiNDZiNjliNjMtNGM5Ni01NjRlLWEyMzItNTE3ZTNkOTJiNmQzIiwicmVmZXJyYWxfcHJvZ3JhbV91dWlkIjoiMzdmODk2MzktZmQzZC00YmZiLTg0ZTYtOTBkODZmZDI5ZTFlIn0.G2wThKxJBgf6I9asPKxuSNz87TQSiWLN1sfzqXJ95QI=FUZZ&_branch_match_id=FUZZ
https://www.lemonilo.com/referral/peduli-hari-esok?token=FUZZ&eyJhbGciOiJIUzI1NiIsInR5cCI6IkpXVCJ9.eyJyZWZlcnJlcl91dWlkIjoiNGJmYTAwNjgtMzAzYy01MjVmLThlNmQtYjViOGI0ZGYzYTk1IiwicmVmZXJyYWxfcHJvZ3JhbV91dWlkIjoiMzdmODk2MzktZmQzZC00YmZiLTg0ZTYtOTBkODZmZDI5ZTFlIn0.xGPIhb0jfqDIJWuGhyaMmuHMDjbVsFMDZsf9vhefJu0=FUZZ&_branch_match_id=FUZZ
https://www.lemonilo.com/referral/peduli-hari-esok?token=FUZZ&eyJhbGciOiJIUzI1NiIsInR5cCI6IkpXVCJ9.eyJyZWZlcnJlcl91dWlkIjoiNGQwOTdkMTQtY2RkMy01N2M3LWExOTgtZTRhYWI1YTZmODUzIiwicmVmZXJyYWxfcHJvZ3JhbV91dWlkIjoiMzdmODk2MzktZmQzZC00YmZiLTg0ZTYtOTBkODZmZDI5ZTFlIn0.9qvD3Mnmb8Rw54nepAuxH8j72bALrQJxwWYoiOiJL8U=FUZZ&_branch_match_id=FUZZ
https://www.lemonilo.com/referral/peduli-hari-esok?token=FUZZ&eyJhbGciOiJIUzI1NiIsInR5cCI6IkpXVCJ9.eyJyZWZlcnJlcl91dWlkIjoiNGRiMmFhN2ItNzMzOC01ZjEyLTk2YzctZDdkMTgxZGE4YzY5IiwicmVmZXJyYWxfcHJvZ3JhbV91dWlkIjoiMzdmODk2MzktZmQzZC00YmZiLTg0ZTYtOTBkODZmZDI5ZTFlIn0.yf8Z-HYU1PJb8G6XPmjEV8aAr5-IY3Qxf7rOgEcw_Sw=FUZZ&_branch_match_id=FUZZ
https://www.lemonilo.com/referral/peduli-hari-esok?token=FUZZ&eyJhbGciOiJIUzI1NiIsInR5cCI6IkpXVCJ9.eyJyZWZlcnJlcl91dWlkIjoiNjgxODU4NGUtYTg2MC01NjE0LWE2ZGItNDk2ZjdkYzlkODhlIiwicmVmZXJyYWxfcHJvZ3JhbV91dWlkIjoiMzdmODk2MzktZmQzZC00YmZiLTg0ZTYtOTBkODZmZDI5ZTFlIn0.MQPtVEa6o9YmLZHgF8jBvvWqDKe6bO0qZ0f32-V3cEY=FUZZ&_branch_match_id=FUZZ
https://www.lemonilo.com/referral/peduli-hari-esok?token=FUZZ&eyJhbGciOiJIUzI1NiIsInR5cCI6IkpXVCJ9.eyJyZWZlcnJlcl91dWlkIjoiNjUzNjc5ZTktOWZiNS01ZjRlLThlOTQtMDBmNmQ0MTgyOWFmIiwicmVmZXJyYWxfcHJvZ3JhbV91dWlkIjoiMzdmODk2MzktZmQzZC00YmZiLTg0ZTYtOTBkODZmZDI5ZTFlIn0.RO7RIT98rTvHPfMRrZ_EIkq2b7UAE1l_LskXTdui8XQ=FUZZ&_branch_match_id=FUZZ
https://www.lemonilo.com/referral/peduli-hari-esok?token=FUZZ&eyJhbGciOiJIUzI1NiIsInR5cCI6IkpXVCJ9.eyJyZWZlcnJlcl91dWlkIjoiNjViNDVmNWUtMGZmMC01MzIwLWJmYjAtNjUzMGI2NmMwMmJkIiwicmVmZXJyYWxfcHJvZ3JhbV91dWlkIjoiMzdmODk2MzktZmQzZC00YmZiLTg0ZTYtOTBkODZmZDI5ZTFlIn0.fZ5Y2bCNITwMlLLvREMMOdmkqpQDVRjOrXmAxmprCh0=FUZZ&_branch_match_id=FUZZ
https://www.lemonilo.com/referral/peduli-hari-esok?token=FUZZ&eyJhbGciOiJIUzI1NiIsInR5cCI6IkpXVCJ9.eyJyZWZlcnJlcl91dWlkIjoiNmQyZTAzZTYtZTY1My01YWY4LWFiZjEtNGIxM2JhOTJiM2ZhIiwicmVmZXJyYWxfcHJvZ3JhbV91dWlkIjoiMzdmODk2MzktZmQzZC00YmZiLTg0ZTYtOTBkODZmZDI5ZTFlIn0.JEwih9n45c19lLAFt82RgnIo8K8L_njw0FFSJN_ndVw=FUZZ&_branch_match_id=FUZZ
https://www.lemonilo.com/referral/peduli-hari-esok?token=FUZZ&eyJhbGciOiJIUzI1NiIsInR5cCI6IkpXVCJ9.eyJyZWZlcnJlcl91dWlkIjoiNTdiYzkwMGItNzdkOC01M2QyLTg5NjEtZDA5N2FlZjBiNDQ4IiwicmVmZXJyYWxfcHJvZ3JhbV91dWlkIjoiMzdmODk2MzktZmQzZC00YmZiLTg0ZTYtOTBkODZmZDI5ZTFlIn0.1Bl11EyJgWflYCHuRnMtwUzR2TgIyvhV5vvaBoyrq3Q=FUZZ&_branch_match_id=FUZZ
https://www.lemonilo.com/referral/peduli-hari-esok?token=FUZZ&eyJhbGciOiJIUzI1NiIsInR5cCI6IkpXVCJ9.eyJyZWZlcnJlcl91dWlkIjoiNTFmZGFhMmYtOGIzMi01ZmE3LTlhZjMtYTlkN2Q0ODkzOTkwIiwicmVmZXJyYWxfcHJvZ3JhbV91dWlkIjoiMzdmODk2MzktZmQzZC00YmZiLTg0ZTYtOTBkODZmZDI5ZTFlIn0.JBJYmc7ZszHVVGpw2Mme-hoyQFP6SepwKu9Ch4PNmRU=FUZZ&_branch_match_id=FUZZ
https://www.lemonilo.com/referral/peduli-hari-esok?token=FUZZ&eyJhbGciOiJIUzI1NiIsInR5cCI6IkpXVCJ9.eyJyZWZlcnJlcl91dWlkIjoiNTg1NWYyY2EtM2Y0Yy01Y2U5LWEzOTItNzkzODkzMmZjZWIxIiwicmVmZXJyYWxfcHJvZ3JhbV91dWlkIjoiMzdmODk2MzktZmQzZC00YmZiLTg0ZTYtOTBkODZmZDI5ZTFlIn0.2X0_heWFDZaHKqrEUrQ9BfKrPTwpnAiQPRcMUycUv8s=FUZZ&_branch_match_id=FUZZ
https://www.lemonilo.com/referral/peduli-hari-esok?token=FUZZ&eyJhbGciOiJIUzI1NiIsInR5cCI6IkpXVCJ9.eyJyZWZlcnJlcl91dWlkIjoiNTIzNzZmM2EtNjljNy01MTM1LTlhMmUtOWIzNjEzYTZkMDcyIiwicmVmZXJyYWxfcHJvZ3JhbV91dWlkIjoiMzdmODk2MzktZmQzZC00YmZiLTg0ZTYtOTBkODZmZDI5ZTFlIn0.IlD1btrmAmA7ufvzMAChtnB-lnoRiyrG3Iw1aoBVn18=FUZZ&_branch_match_id=FUZZ
https://www.lemonilo.com/referral/peduli-hari-esok?token=FUZZ&eyJhbGciOiJIUzI1NiIsInR5cCI6IkpXVCJ9.eyJyZWZlcnJlcl91dWlkIjoiNTJiY2M3ZTUtNDNmNC01NTliLWI5NDUtMmViMTMwYzlhMDdjIiwicmVmZXJyYWxfcHJvZ3JhbV91dWlkIjoiMzdmODk2MzktZmQzZC00YmZiLTg0ZTYtOTBkODZmZDI5ZTFlIn0.OxpX1hC_EIA9yyboKgFhvTsOB9tPufSVW9-mZZJ_wpo=FUZZ&_branch_match_id=FUZZ
https://www.lemonilo.com/referral/peduli-hari-esok?token=FUZZ&eyJhbGciOiJIUzI1NiIsInR5cCI6IkpXVCJ9.eyJyZWZlcnJlcl91dWlkIjoiNWQyODA0MzctOGU5My01YTJlLThhODgtYjIzMjJiZTdhYzhlIiwicmVmZXJyYWxfcHJvZ3JhbV91dWlkIjoiMzdmODk2MzktZmQzZC00YmZiLTg0ZTYtOTBkODZmZDI5ZTFlIn0.Lr78xW7kwCJrWRBnlgOvcQ23cPQvHTLe_6vE5wVARYU=FUZZ&_branch_match_id=FUZZ
https://www.lemonilo.com/referral/peduli-hari-esok?token=FUZZ&eyJhbGciOiJIUzI1NiIsInR5cCI6IkpXVCJ9.eyJyZWZlcnJlcl91dWlkIjoiNWZmZjY1OTMtYTc3Ni01ZGQyLWE3Y2MtNmMwMzI2NDJiOGU3IiwicmVmZXJyYWxfcHJvZ3JhbV91dWlkIjoiMzdmODk2MzktZmQzZC00YmZiLTg0ZTYtOTBkODZmZDI5ZTFlIn0.nuXc3UAjHKRRoGqJOiXem0_PrP-1VJgVRtbd--U3W_I=FUZZ&_branch_match_id=FUZZ
https://www.lemonilo.com/referral/peduli-hari-esok?token=FUZZ&eyJhbGciOiJIUzI1NiIsInR5cCI6IkpXVCJ9.eyJyZWZlcnJlcl91dWlkIjoiNzdkODE3NjgtY2YwYi01YzEwLTg2ZTUtMDZhZDczNGMyMDNiIiwicmVmZXJyYWxfcHJvZ3JhbV91dWlkIjoiMzdmODk2MzktZmQzZC00YmZiLTg0ZTYtOTBkODZmZDI5ZTFlIn0.A7sBiryosX7-wZA2LmSv4Pe8_2WHW8bnPkyMXaTUw-Y=FUZZ&_branch_match_id=FUZZ
https://www.lemonilo.com/referral/peduli-hari-esok?token=FUZZ&eyJhbGciOiJIUzI1NiIsInR5cCI6IkpXVCJ9.eyJyZWZlcnJlcl91dWlkIjoiNzE5N2UxYTctNTg0Ny01NDFjLWFkODAtNWIxNzI3NTFhODhkIiwicmVmZXJyYWxfcHJvZ3JhbV91dWlkIjoiMzdmODk2MzktZmQzZC00YmZiLTg0ZTYtOTBkODZmZDI5ZTFlIn0.mDphgFHtz6yVdScB6oBGhkB_dR8zGv1mWOawfPKI2rg=FUZZ&_branch_match_id=FUZZ
https://www.lemonilo.com/referral/peduli-hari-esok?token=FUZZ&eyJhbGciOiJIUzI1NiIsInR5cCI6IkpXVCJ9.eyJyZWZlcnJlcl91dWlkIjoiNzlmYmE2YWYtZjMwMS01NWFlLWI3NjctNTgzNjU0ZDlkZWQ2IiwicmVmZXJyYWxfcHJvZ3JhbV91dWlkIjoiMzdmODk2MzktZmQzZC00YmZiLTg0ZTYtOTBkODZmZDI5ZTFlIn0.M9powAz2uyjdgDE3dTugy6YEVaj7t6pLC4mBzLd_zcI=FUZZ&_branch_match_id=FUZZ
https://www.lemonilo.com/referral/peduli-hari-esok?token=FUZZ&eyJhbGciOiJIUzI1NiIsInR5cCI6IkpXVCJ9.eyJyZWZlcnJlcl91dWlkIjoiNzQ1OTcyM2YtMzE3Zi01NGQ4LWExNGEtMWRlZWQ2YmE5NmY5IiwicmVmZXJyYWxfcHJvZ3JhbV91dWlkIjoiMzdmODk2MzktZmQzZC00YmZiLTg0ZTYtOTBkODZmZDI5ZTFlIn0.jawt326FLsYEzWGfRULDdPA3UYJobvdQizMjjAWLZic=FUZZ&_branch_match_id=FUZZ
https://www.lemonilo.com/referral/peduli-hari-esok?token=FUZZ&eyJhbGciOiJIUzI1NiIsInR5cCI6IkpXVCJ9.eyJyZWZlcnJlcl91dWlkIjoiODAxMDAyNjMtYzUxNy01ODk0LThjNTQtNDg2Y2U1YTJkYzI3IiwicmVmZXJyYWxfcHJvZ3JhbV91dWlkIjoiMzdmODk2MzktZmQzZC00YmZiLTg0ZTYtOTBkODZmZDI5ZTFlIn0.zVYoN9H9ndGugRgWNDeyYtefUPCdMUDTNkdSdAkwCno=FUZZ&_branch_match_id=FUZZ
https://www.lemonilo.com/referral/peduli-hari-esok?token=FUZZ&eyJhbGciOiJIUzI1NiIsInR5cCI6IkpXVCJ9.eyJyZWZlcnJlcl91dWlkIjoiODE1MGRmNzMtNGZkYy01MjFiLTgwNzQtNDViODQ5ZTU2OWEyIiwicmVmZXJyYWxfcHJvZ3JhbV91dWlkIjoiMzdmODk2MzktZmQzZC00YmZiLTg0ZTYtOTBkODZmZDI5ZTFlIn0.drXuZWT1Ee_yzz6wwlgFDa5YDqAZTKqE1ppXiWbbfjo=FUZZ&_branch_match_id=FUZZ
https://www.lemonilo.com/referral/peduli-hari-esok?token=FUZZ&eyJhbGciOiJIUzI1NiIsInR5cCI6IkpXVCJ9.eyJyZWZlcnJlcl91dWlkIjoiODYwZTM4NzQtYmM2Ni01NGRkLTg0NWUtNzk3MTMyYzhkZjQyIiwicmVmZXJyYWxfcHJvZ3JhbV91dWlkIjoiMzdmODk2MzktZmQzZC00YmZiLTg0ZTYtOTBkODZmZDI5ZTFlIn0.IwiLToICFRjb2LLrZUZI1xqPz0v5rFhqpX0dbiyi4Ls=FUZZ&_branch_match_id=FUZZ
https://www.lemonilo.com/referral/peduli-hari-esok?token=FUZZ&eyJhbGciOiJIUzI1NiIsInR5cCI6IkpXVCJ9.eyJyZWZlcnJlcl91dWlkIjoiOGE2YzI4MGItMmZlNy01NjY0LWI2YzctNDE0YWI4Y2RkNGJjIiwicmVmZXJyYWxfcHJvZ3JhbV91dWlkIjoiMzdmODk2MzktZmQzZC00YmZiLTg0ZTYtOTBkODZmZDI5ZTFlIn0.d-3OzhaawHtcXRU5zlOhTiOyWywB_rRvbH-yKwxPe0s=FUZZ&_branch_match_id=FUZZ
https://www.lemonilo.com/referral/peduli-hari-esok?token=FUZZ&eyJhbGciOiJIUzI1NiIsInR5cCI6IkpXVCJ9.eyJyZWZlcnJlcl91dWlkIjoiOGNjYTBlZjktZDkwYS01N2VlLThkNWUtZjY1NGIxNjQwOTc2IiwicmVmZXJyYWxfcHJvZ3JhbV91dWlkIjoiMzdmODk2MzktZmQzZC00YmZiLTg0ZTYtOTBkODZmZDI5ZTFlIn0.dF5gX6byg5ZLOwYP3IZDzlKaQELYKaU5KqHIpWWMvBA=FUZZ&_branch_match_id=FUZZ
https://www.lemonilo.com/referral/peduli-hari-esok?token=FUZZ&eyJhbGciOiJIUzI1NiIsInR5cCI6IkpXVCJ9.eyJyZWZlcnJlcl91dWlkIjoiOGViM2NkOGYtNzBhOC01ZGQwLWExMTctZDUzZDZmZDRkODY1IiwicmVmZXJyYWxfcHJvZ3JhbV91dWlkIjoiMzdmODk2MzktZmQzZC00YmZiLTg0ZTYtOTBkODZmZDI5ZTFlIn0.Ei9AIivbuE_2D6OKLrAq60O9I7TfMvxuaPWvkdhPgU4=FUZZ&_branch_match_id=FUZZ
https://www.lemonilo.com/referral/peduli-hari-esok?token=FUZZ&eyJhbGciOiJIUzI1NiIsInR5cCI6IkpXVCJ9.eyJyZWZlcnJlcl91dWlkIjoiOThlN2FiZTUtNGMxMy01NWUxLWIwOWUtMTg2YjY4YmZhMDllIiwicmVmZXJyYWxfcHJvZ3JhbV91dWlkIjoiMzdmODk2MzktZmQzZC00YmZiLTg0ZTYtOTBkODZmZDI5ZTFlIn0.ruCBB0Ax1VowEUbWY2Xfo8GcuC00eVQ8zSBbfTf56To=FUZZ&_branch_match_id=FUZZ
https://www.lemonilo.com/referral/peduli-hari-esok?token=FUZZ&eyJhbGciOiJIUzI1NiIsInR5cCI6IkpXVCJ9.eyJyZWZlcnJlcl91dWlkIjoiOTQ2OGExMzgtYjRiMi01NWYxLWI5OGYtYzQ3MDI0MzQ4OWVhIiwicmVmZXJyYWxfcHJvZ3JhbV91dWlkIjoiMzdmODk2MzktZmQzZC00YmZiLTg0ZTYtOTBkODZmZDI5ZTFlIn0.psRkaGQ45tsLwDAHtR2yLiwb4bttdVsnwRL6lhFfA2g=FUZZ&_branch_match_id=FUZZ
https://www.lemonilo.com/referral/peduli-hari-esok?token=FUZZ&eyJhbGciOiJIUzI1NiIsInR5cCI6IkpXVCJ9.eyJyZWZlcnJlcl91dWlkIjoiOTQ3MTE4NWEtNWM0MS01NDA1LWE0NzAtNjkwYzg5MWEyMzg0IiwicmVmZXJyYWxfcHJvZ3JhbV91dWlkIjoiMzdmODk2MzktZmQzZC00YmZiLTg0ZTYtOTBkODZmZDI5ZTFlIn0.nfWe-5bZ-ElcM_JCwF7QbwVX3J7fP823Vbgw-HWCCog=FUZZ&_branch_match_id=FUZZ
https://www.lemonilo.com/referral/peduli-hari-esok?token=FUZZ&eyJhbGciOiJIUzI1NiIsInR5cCI6IkpXVCJ9.eyJyZWZlcnJlcl91dWlkIjoiOTQ4MTU3ZGEtZTAyZi01OWViLTk5MTYtNDczMzM2YjU4ZDkxIiwicmVmZXJyYWxfcHJvZ3JhbV91dWlkIjoiMzdmODk2MzktZmQzZC00YmZiLTg0ZTYtOTBkODZmZDI5ZTFlIn0.4Cbw7Ym7ERSN3ZJKMqexKY6-IBjSJFI96LfKAlZQd48=FUZZ&_branch_match_id=FUZZ
https://www.lemonilo.com/referral/peduli-hari-esok?token=FUZZ&eyJhbGciOiJIUzI1NiIsInR5cCI6IkpXVCJ9.eyJyZWZlcnJlcl91dWlkIjoiOTU3MzU5M2MtZWJlYy01Y2QzLTkwZWUtZmU0N2ZkMzBiZjlkIiwicmVmZXJyYWxfcHJvZ3JhbV91dWlkIjoiMzdmODk2MzktZmQzZC00YmZiLTg0ZTYtOTBkODZmZDI5ZTFlIn0.FQLZceQVn7Eq-yZJF-QNTHWQNyhR0YE7VojgPf2y1P8=FUZZ&_branch_match_id=FUZZ
https://www.lemonilo.com/referral/peduli-hari-esok?token=FUZZ&eyJhbGciOiJIUzI1NiIsInR5cCI6IkpXVCJ9.eyJyZWZlcnJlcl91dWlkIjoiOWJjNTJhYjEtOWQwYS01OGFhLWJlNmUtNWNhOWM0NTQzZjA1IiwicmVmZXJyYWxfcHJvZ3JhbV91dWlkIjoiMzdmODk2MzktZmQzZC00YmZiLTg0ZTYtOTBkODZmZDI5ZTFlIn0.qoVvfrGmOz19X11Pe8QrfOgeqwGZyS6UbubN077gycI=FUZZ&_branch_match_id=FUZZ
https://www.lemonilo.com/referral/peduli-hari-esok?token=FUZZ&eyJhbGciOiJIUzI1NiIsInR5cCI6IkpXVCJ9.eyJyZWZlcnJlcl91dWlkIjoiOWZhNjFkNDYtNjdkYS01MDIwLThlYTUtYTM5NjVjNmJmOGY2IiwicmVmZXJyYWxfcHJvZ3JhbV91dWlkIjoiMzdmODk2MzktZmQzZC00YmZiLTg0ZTYtOTBkODZmZDI5ZTFlIn0.ILDJL6fuUyv35S5CByy8oOOR4mtWKQP_qdYRSoJxXgw=FUZZ&_branch_match_id=FUZZ
https://www.lemonilo.com/referral/peduli-hari-esok?token=FUZZ&eyJhbGciOiJIUzI1NiIsInR5cCI6IkpXVCJ9.eyJyZWZlcnJlcl91dWlkIjoiY2ZiOTNiNTEtYjUwNC01MzdkLTg5MTMtMDM0ZDdmNWNkMjljIiwicmVmZXJyYWxfcHJvZ3JhbV91dWlkIjoiMzdmODk2MzktZmQzZC00YmZiLTg0ZTYtOTBkODZmZDI5ZTFlIn0.krpSm-wmF_p0VT3OJoA4F9plKRi4QaqgF4l-HKMd0_U=FUZZ&_branch_match_id=FUZZ
https://www.lemonilo.com/referral/peduli-hari-esok?token=FUZZ&eyJhbGciOiJIUzI1NiIsInR5cCI6IkpXVCJ9.eyJyZWZlcnJlcl91dWlkIjoiYjAzZTQyM2EtZTI0OC01MjhmLWI4ZmUtYmE4MGQxNDRkODA2IiwicmVmZXJyYWxfcHJvZ3JhbV91dWlkIjoiMzdmODk2MzktZmQzZC00YmZiLTg0ZTYtOTBkODZmZDI5ZTFlIn0.pmAEZGkNbrxh5h-kVAWzWnZVzik0LwEcm8B23cGfUkk=FUZZ&_branch_match_id=FUZZ
https://www.lemonilo.com/referral/peduli-hari-esok?token=FUZZ&eyJhbGciOiJIUzI1NiIsInR5cCI6IkpXVCJ9.eyJyZWZlcnJlcl91dWlkIjoiYjJlNGExMGMtOTVkMi01ZDgwLTg4YWEtOGYyMDlhNzU3OWQ3IiwicmVmZXJyYWxfcHJvZ3JhbV91dWlkIjoiMzdmODk2MzktZmQzZC00YmZiLTg0ZTYtOTBkODZmZDI5ZTFlIn0.gkFWY9CDCSBtKuLELF65VIB9LxdLnPcRPKdXwP7W8sw=FUZZ&_branch_match_id=FUZZ
https://www.lemonilo.com/referral/peduli-hari-esok?token=FUZZ&eyJhbGciOiJIUzI1NiIsInR5cCI6IkpXVCJ9.eyJyZWZlcnJlcl91dWlkIjoiYjk2ZTQ4M2UtM2U1My01Nzk3LWE2ZGMtY2ZhYWFlNzJlZGZhIiwicmVmZXJyYWxfcHJvZ3JhbV91dWlkIjoiMzdmODk2MzktZmQzZC00YmZiLTg0ZTYtOTBkODZmZDI5ZTFlIn0.YTSqZ8yKTlmiRV57a6uqLpr4eAvyK8SyGjaouXkmZMo=FUZZ&_branch_match_id=FUZZ
https://www.lemonilo.com/referral/peduli-hari-esok?token=FUZZ&eyJhbGciOiJIUzI1NiIsInR5cCI6IkpXVCJ9.eyJyZWZlcnJlcl91dWlkIjoiYjkyZTkyZWMtZDYzZC01MWJhLWI2MGQtMjI1ZmE1ZGI2ZGM5IiwicmVmZXJyYWxfcHJvZ3JhbV91dWlkIjoiMzdmODk2MzktZmQzZC00YmZiLTg0ZTYtOTBkODZmZDI5ZTFlIn0._g3pUHOvJhxaiOakONiuvv8cOTWZA2HCRElp--pKx_w=FUZZ&_branch_match_id=FUZZ
https://www.lemonilo.com/referral/peduli-hari-esok?token=FUZZ&eyJhbGciOiJIUzI1NiIsInR5cCI6IkpXVCJ9.eyJyZWZlcnJlcl91dWlkIjoiYjNmMmU3NjgtZjc4NC01NDcyLWE1MTMtNmM3ZWNmMjdmYzJlIiwicmVmZXJyYWxfcHJvZ3JhbV91dWlkIjoiMzdmODk2MzktZmQzZC00YmZiLTg0ZTYtOTBkODZmZDI5ZTFlIn0.Ce7y11JzRDk7TynPj3mMD75qAxLUI5vEr7V3IhsnKng=FUZZ&_branch_match_id=FUZZ
https://www.lemonilo.com/referral/peduli-hari-esok?token=FUZZ&eyJhbGciOiJIUzI1NiIsInR5cCI6IkpXVCJ9.eyJyZWZlcnJlcl91dWlkIjoiYjRhNmYyZjYtMGU2Yi01OTgxLWJmMGYtYzU3ZjVkMmY4YmI3IiwicmVmZXJyYWxfcHJvZ3JhbV91dWlkIjoiMzdmODk2MzktZmQzZC00YmZiLTg0ZTYtOTBkODZmZDI5ZTFlIn0.aTMRQOa9qybcnYsoYTOzM9IiTL2_a_uABjLPSGc6A3M=FUZZ&_branch_match_id=FUZZ
https://www.lemonilo.com/referral/peduli-hari-esok?token=FUZZ&eyJhbGciOiJIUzI1NiIsInR5cCI6IkpXVCJ9.eyJyZWZlcnJlcl91dWlkIjoiYmFiYjk0MjItYTlkNC01MzVmLWI1YzQtNTU1MGQzZTExMzljIiwicmVmZXJyYWxfcHJvZ3JhbV91dWlkIjoiMzdmODk2MzktZmQzZC00YmZiLTg0ZTYtOTBkODZmZDI5ZTFlIn0.1_C6_V9Z8erjNXyESTXyORMwV1tsqcCnmWwqUZ1hEqU=FUZZ&_branch_match_id=FUZZ
https://www.lemonilo.com/referral/peduli-hari-esok?token=FUZZ&eyJhbGciOiJIUzI1NiIsInR5cCI6IkpXVCJ9.eyJyZWZlcnJlcl91dWlkIjoiYmNhYjI2OTQtMGU2NS01MDdlLTg1N2UtYjE3OWU3MmU0ZjczIiwicmVmZXJyYWxfcHJvZ3JhbV91dWlkIjoiMzdmODk2MzktZmQzZC00YmZiLTg0ZTYtOTBkODZmZDI5ZTFlIn0.JnS7Y1KcS09nE4_9OOdbnmvaFlGk8N4dcEF_LCbIm0A=FUZZ&_branch_match_id=FUZZ
https://www.lemonilo.com/referral/peduli-hari-esok?token=FUZZ&eyJhbGciOiJIUzI1NiIsInR5cCI6IkpXVCJ9.eyJyZWZlcnJlcl91dWlkIjoiYTE4YzllZTUtZDI3ZS01NmFlLWFkMjMtNTk2YTFhYWJmOTg0IiwicmVmZXJyYWxfcHJvZ3JhbV91dWlkIjoiMzdmODk2MzktZmQzZC00YmZiLTg0ZTYtOTBkODZmZDI5ZTFlIn0.C_C_zkn8OZwsWChTU_0U3QYZBwF8uiuMJK5KLAC-46E=FUZZ&_branch_match_id=FUZZ&659016600481158701?token=FUZZ
https://www.lemonilo.com/referral/peduli-hari-esok?token=FUZZ&eyJhbGciOiJIUzI1NiIsInR5cCI6IkpXVCJ9.eyJyZWZlcnJlcl91dWlkIjoiYWEwYjJjYjctYWU5Yi01ODIyLTk5NzctM2U4Yjc4NWEwNWVmIiwicmVmZXJyYWxfcHJvZ3JhbV91dWlkIjoiMzdmODk2MzktZmQzZC00YmZiLTg0ZTYtOTBkODZmZDI5ZTFlIn0.UkBNX09KTsTL107xbrBhzyh4-Ddm12MdtILYMbhbhdE=FUZZ&_branch_match_id=FUZZ
https://www.lemonilo.com/referral/peduli-hari-esok?token=FUZZ&eyJhbGciOiJIUzI1NiIsInR5cCI6IkpXVCJ9.eyJyZWZlcnJlcl91dWlkIjoiYWZiNDNlNjktZTQ2Ni01NWZlLWFhMGYtZDQ0YzU4OTg2M2IxIiwicmVmZXJyYWxfcHJvZ3JhbV91dWlkIjoiMzdmODk2MzktZmQzZC00YmZiLTg0ZTYtOTBkODZmZDI5ZTFlIn0.Me9RwIWTq4PW_dTOWII7iIjO7-n1CxuFttzjlx84loE=FUZZ&_branch_match_id=FUZZ
https://www.lemonilo.com/referral/peduli-hari-esok?token=FUZZ&eyJhbGciOiJIUzI1NiIsInR5cCI6IkpXVCJ9.eyJyZWZlcnJlcl91dWlkIjoiYzdkNmI3MGItMjk4Yi01NGNmLThkM2EtODhkZmE3ZTI2ZWM3IiwicmVmZXJyYWxfcHJvZ3JhbV91dWlkIjoiMzdmODk2MzktZmQzZC00YmZiLTg0ZTYtOTBkODZmZDI5ZTFlIn0.xB8nFn50rRerhUH-nxqrWMRrvQntY4H3oH9MAZss9DQ=FUZZ&_branch_match_id=FUZZ
https://www.lemonilo.com/referral/peduli-hari-esok?token=FUZZ&eyJhbGciOiJIUzI1NiIsInR5cCI6IkpXVCJ9.eyJyZWZlcnJlcl91dWlkIjoiYzZhYmZmNjYtYWEzMy01ZDE0LWIyMmYtZGQ5Njk5ZDA1ZjdhIiwicmVmZXJyYWxfcHJvZ3JhbV91dWlkIjoiMzdmODk2MzktZmQzZC00YmZiLTg0ZTYtOTBkODZmZDI5ZTFlIn0.a-y1p8R5vseAA7F6B0VYX5Z9Ck-GMucR-M2_OT1ex4Q=FUZZ&_branch_match_id=FUZZ
https://www.lemonilo.com/referral/peduli-hari-esok?token=FUZZ&eyJhbGciOiJIUzI1NiIsInR5cCI6IkpXVCJ9.eyJyZWZlcnJlcl91dWlkIjoiZDdlYjU4Y2MtMzY3ZC01NTk0LThmMWEtNTEyOTYwOGMxNmI3IiwicmVmZXJyYWxfcHJvZ3JhbV91dWlkIjoiMzdmODk2MzktZmQzZC00YmZiLTg0ZTYtOTBkODZmZDI5ZTFlIn0.WHG9yyWHLZ5qwIQg-pau_uC_B1cbhsTEeVdNkkxcndA=FUZZ&_branch_match_id=FUZZ
https://www.lemonilo.com/referral/peduli-hari-esok?token=FUZZ&eyJhbGciOiJIUzI1NiIsInR5cCI6IkpXVCJ9.eyJyZWZlcnJlcl91dWlkIjoiZDI0NmJmMDAtNDgzZi01YjY3LTk2M2EtOGEzM2U3YzRmNTFjIiwicmVmZXJyYWxfcHJvZ3JhbV91dWlkIjoiMzdmODk2MzktZmQzZC00YmZiLTg0ZTYtOTBkODZmZDI5ZTFlIn0.pQLvDYhRtyR4lgnBlFBkoruaXdk5szCD0B1V_2-_WkA=FUZZ&_branch_match_id=FUZZ
https://www.lemonilo.com/referral/peduli-hari-esok?token=FUZZ&eyJhbGciOiJIUzI1NiIsInR5cCI6IkpXVCJ9.eyJyZWZlcnJlcl91dWlkIjoiZDU5ZGE2YzctZGM1Yy01NDc5LTljMDgtNGMxNzllMjc3MzVlIiwicmVmZXJyYWxfcHJvZ3JhbV91dWlkIjoiMzdmODk2MzktZmQzZC00YmZiLTg0ZTYtOTBkODZmZDI5ZTFlIn0.jzDxs7lbW1fFReyEY6IT4mn6Lu6H6J44vlPWjEVnlYA=FUZZ&_branch_match_id=FUZZ
https://www.lemonilo.com/referral/peduli-hari-esok?token=FUZZ&eyJhbGciOiJIUzI1NiIsInR5cCI6IkpXVCJ9.eyJyZWZlcnJlcl91dWlkIjoiZDViY2M5ZjktODJmNS01NTc0LThkNTQtNzZmZmQxMzJmYjlmIiwicmVmZXJyYWxfcHJvZ3JhbV91dWlkIjoiMzdmODk2MzktZmQzZC00YmZiLTg0ZTYtOTBkODZmZDI5ZTFlIn0.1oiJ3pBCWkYXDB5RwbhFuPDilYN0lNi-KW1HaT8L4_s=FUZZ&_branch_match_id=FUZZ
https://www.lemonilo.com/referral/peduli-hari-esok?token=FUZZ&eyJhbGciOiJIUzI1NiIsInR5cCI6IkpXVCJ9.eyJyZWZlcnJlcl91dWlkIjoiZDVmZjM5NTktNjc2My01ZWJkLTgwZmEtMzcwM2U0NmNhYzVmIiwicmVmZXJyYWxfcHJvZ3JhbV91dWlkIjoiMzdmODk2MzktZmQzZC00YmZiLTg0ZTYtOTBkODZmZDI5ZTFlIn0.vD6N7AQNlfOg-4gslLNTuP9cAJLQ5sTxc9xnC6kzh8s=FUZZ&_branch_match_id=FUZZ
https://www.lemonilo.com/referral/peduli-hari-esok?token=FUZZ&eyJhbGciOiJIUzI1NiIsInR5cCI6IkpXVCJ9.eyJyZWZlcnJlcl91dWlkIjoiZGNhMDhmOWItNTc5YS01MjlmLTljZjItOTE4ZjRlYWY5YjE0IiwicmVmZXJyYWxfcHJvZ3JhbV91dWlkIjoiMzdmODk2MzktZmQzZC00YmZiLTg0ZTYtOTBkODZmZDI5ZTFlIn0.fqL2UapHt78tMRZLPES7oosdbxajnlYAEGIqFHvCvhw=FUZZ&_branch_match_id=FUZZ
https://www.lemonilo.com/referral/peduli-hari-esok?token=FUZZ&eyJhbGciOiJIUzI1NiIsInR5cCI6IkpXVCJ9.eyJyZWZlcnJlcl91dWlkIjoiZGVkMDRhN2YtYmMyNS01ZDExLTlmMWQtZjdjNWJmYjA0MWI0IiwicmVmZXJyYWxfcHJvZ3JhbV91dWlkIjoiMzdmODk2MzktZmQzZC00YmZiLTg0ZTYtOTBkODZmZDI5ZTFlIn0.Uu69lPLpz671FhpoR1wSgBT4VNkl3t_TsUjkDV3_Auk=FUZZ&_branch_match_id=FUZZ
https://www.lemonilo.com/referral/peduli-hari-esok?token=FUZZ&eyJhbGciOiJIUzI1NiIsInR5cCI6IkpXVCJ9.eyJyZWZlcnJlcl91dWlkIjoiZjdjMjhiYjAtOTdlZS01MGQ4LTgxNjktNDZmZjg4OGI5ODNlIiwicmVmZXJyYWxfcHJvZ3JhbV91dWlkIjoiMzdmODk2MzktZmQzZC00YmZiLTg0ZTYtOTBkODZmZDI5ZTFlIn0.nan34vgWkZRhxzo-ocxb2eNvWSJLUczS0a5iWOyHX7c=FUZZ&_branch_match_id=FUZZ
https://www.lemonilo.com/referral/peduli-hari-esok?token=FUZZ&eyJhbGciOiJIUzI1NiIsInR5cCI6IkpXVCJ9.eyJyZWZlcnJlcl91dWlkIjoiZjIyNGNjNGYtMjE1NS01NDk2LTlkY2ItZDc1NTdmYzdmYjI0IiwicmVmZXJyYWxfcHJvZ3JhbV91dWlkIjoiMzdmODk2MzktZmQzZC00YmZiLTg0ZTYtOTBkODZmZDI5ZTFlIn0.VVGRV7XBFS_JJjkpaCM6atc1PuLui-9dKgYF70UuXvw=FUZZ&_branch_match_id=FUZZ
https://www.lemonilo.com/referral/peduli-hari-esok?token=FUZZ&eyJhbGciOiJIUzI1NiIsInR5cCI6IkpXVCJ9.eyJyZWZlcnJlcl91dWlkIjoiZjZiNDZhMDQtYTFiZS01YjBmLWIyMTYtOTdlZjY2MWM3YjZiIiwicmVmZXJyYWxfcHJvZ3JhbV91dWlkIjoiMzdmODk2MzktZmQzZC00YmZiLTg0ZTYtOTBkODZmZDI5ZTFlIn0.9Hti2Whfwot9Sz3niWvk7IkKmNgm7cfK6kr0edVbVUs=FUZZ&_branch_match_id=FUZZ
https://www.lemonilo.com/referral/peduli-hari-esok?token=FUZZ&eyJhbGciOiJIUzI1NiIsInR5cCI6IkpXVCJ9.eyJyZWZlcnJlcl91dWlkIjoiZjZlNjk5YWEtZTdhOS01NGI3LWJmOWEtODZiZGRhMWZmYmFmIiwicmVmZXJyYWxfcHJvZ3JhbV91dWlkIjoiMzdmODk2MzktZmQzZC00YmZiLTg0ZTYtOTBkODZmZDI5ZTFlIn0.6WTgy4Id8shiUN7Mx9XBppO13cIVObvSsJKYSITsKBI=FUZZ&_branch_match_id=FUZZ
https://www.lemonilo.com/referral/peduli-hari-esok?token=FUZZ&eyJhbGciOiJIUzI1NiIsInR5cCI6IkpXVCJ9.eyJyZWZlcnJlcl91dWlkIjoiZmYzNTQ3MzMtN2E5OS01YzQ3LWJlM2EtM2U0ZTY4ZjdjODQwIiwicmVmZXJyYWxfcHJvZ3JhbV91dWlkIjoiMzdmODk2MzktZmQzZC00YmZiLTg0ZTYtOTBkODZmZDI5ZTFlIn0.X5W2a8umAL-_qKSbQniIp-Q3aP1OYXcYI9q75JO2cSQ=FUZZ&_branch_match_id=FUZZ
https://www.lemonilo.com/referral/peduli-hari-esok?token=FUZZ&eyJhbGciOiJIUzI1NiIsInR5cCI6IkpXVCJ9.eyJyZWZlcnJlcl91dWlkIjoiZTA2YWQ2ZTYtZjAzNS01NmNhLWE3ZGQtYTgwMzBjNDFmZTVkIiwicmVmZXJyYWxfcHJvZ3JhbV91dWlkIjoiMzdmODk2MzktZmQzZC00YmZiLTg0ZTYtOTBkODZmZDI5ZTFlIn0.98SHP72InBPS8cZrnljWZtIkrkcHswqbw4BF2bq_EuE=FUZZ&_branch_match_id=FUZZ
https://www.lemonilo.com/referral/peduli-hari-esok?token=FUZZ&eyJhbGciOiJIUzI1NiIsInR5cCI6IkpXVCJ9.eyJyZWZlcnJlcl91dWlkIjoiZTk4OGM0YTUtZjllMi01M2MyLWE2ZTktZGI4YjBjZTk4NThlIiwicmVmZXJyYWxfcHJvZ3JhbV91dWlkIjoiMzdmODk2MzktZmQzZC00YmZiLTg0ZTYtOTBkODZmZDI5ZTFlIn0.y8IpooZBS2mEfYYV35rLqMPhqb__i8R5yhR0IMlS6iI=FUZZ&_branch_match_id=FUZZ
https://www.lemonilo.com/referral/peduli-hari-esok?token=FUZZ&eyJhbGciOiJIUzI1NiIsInR5cCI6IkpXVCJ9.eyJyZWZlcnJlcl91dWlkIjoiZTk4YzAwODEtMmRmNS01YmRlLTgzZGUtMzFmNGQ4OGRlYmViIiwicmVmZXJyYWxfcHJvZ3JhbV91dWlkIjoiMzdmODk2MzktZmQzZC00YmZiLTg0ZTYtOTBkODZmZDI5ZTFlIn0.Pr4ESAFFnLEXCAfvwGpNfjMfghWedG8OD1QAcxC7zxY=FUZZ&_branch_match_id=FUZZ
https://www.lemonilo.com/referral/peduli-hari-esok?token=FUZZ&eyJhbGciOiJIUzI1NiIsInR5cCI6IkpXVCJ9.eyJyZWZlcnJlcl91dWlkIjoiZTQ1NzcxZjYtNmI4NC01ZDM4LTkwOTAtNjk1MzcwOWMwODg1IiwicmVmZXJyYWxfcHJvZ3JhbV91dWlkIjoiMzdmODk2MzktZmQzZC00YmZiLTg0ZTYtOTBkODZmZDI5ZTFlIn0.p9dJvzQq00guIVf7mA1kK7rSiaR904_OHH5SitiecNI=FUZZ&_branch_match_id=FUZZ
https://www.lemonilo.com/referral/peduli-hari-esok?token=FUZZ&eyJhbGciOiJIUzI1NiIsInR5cCI6IkpXVCJ9.eyJyZWZlcnJlcl91dWlkIjoiZWM2MmM1NjQtMjMzMC01MzcxLWE0YzgtZDUxZjBiYzc4NzYwIiwicmVmZXJyYWxfcHJvZ3JhbV91dWlkIjoiMzdmODk2MzktZmQzZC00YmZiLTg0ZTYtOTBkODZmZDI5ZTFlIn0.EdvY_YMhsNikXYqtaMmDsbA4IvpkPygpGj6EhDHCq0I=FUZZ&_branch_match_id=FUZZ
https://www.lemonilo.com/referral/peduli-hari-esok?token=FUZZ&eyJhbGciOiJIUzI1NiIsInR5cCI6IkpXVCJ9.eyJyZWZlcnJlcl91dWlkIjoiZWQwMTdlOGQtY2Y3YS01NjVjLTlmMTAtNjIzYzE3YWUxNjFlIiwicmVmZXJyYWxfcHJvZ3JhbV91dWlkIjoiMzdmODk2MzktZmQzZC00YmZiLTg0ZTYtOTBkODZmZDI5ZTFlIn0.2y_KfQkhZDnVDjU4p67OWsqX9aplNPHUERCasbmjj38=FUZZ&_branch_match_id=FUZZ
https://www.lemonilo.com/referral/peduli-hari-esok?token=FUZZ&eyJhbGciOiJIUzI1NiIsInR5cCI6IkpXVCJ9.eyJyZWZlcnJlcl91dWlkIjoiZWQyYWU1NjQtYWE3NC01ZGEzLThmNDktMjNjNDRhZmI5NGQyIiwicmVmZXJyYWxfcHJvZ3JhbV91dWlkIjoiMzdmODk2MzktZmQzZC00YmZiLTg0ZTYtOTBkODZmZDI5ZTFlIn0.bnvJWU2wQOXy5pB6Pp4dG0EyJ80gtRLctzKtBjGhDzI=FUZZ&_branch_match_id=FUZZ
https://www.lemonilo.com/referral/peduli-hari-esok?token=FUZZ&eyJhbGciOiJIUzI1NiIsInR5cCI6IkpXVCJ9.eyJyZWZlcnJlcl91dWlkIjoiZWViZmUxNzQtZmQxMS01NGJiLWJjNWEtMDhmMzY2YjQxNTc0IiwicmVmZXJyYWxfcHJvZ3JhbV91dWlkIjoiMzdmODk2MzktZmQzZC00YmZiLTg0ZTYtOTBkODZmZDI5ZTFlIn0.6jDPeyG4SeJH1KKrIvWewOow30GUKhJ1CIVePAgEEWE=FUZZ&_branch_match_id=FUZZ
https://www.lemonilo.com/sayur-buah/buah-segar?page=FUZZ
https://www.lemonilo.com/sayur-buah?page=FUZZ
https://www.lemonilo.com/sayur-buah/sayuran-segar?page=FUZZ
https://www.lemonilo.com/?search=FUZZ
https://www.lemonilo.com/search/query?search=FUZZ
https://www.lemonilo.com/siap-saji/overnight-oats?page=FUZZ
https://www.lemonilo.com/siap-saji?page=FUZZ
https://www.lemonilo.com/tag/bebas-gluten?page=FUZZ
https://www.lemonilo.com/tag/buatan-lokal?page=FUZZ
https://www.lemonilo.com/tag/dinyatakan-halal-oleh-produsen?page=FUZZ
https://www.lemonilo.com/tag/ibu-hamil-menyusui?page=FUZZ
https://www.lemonilo.com/tag/langsung-dari-petani?page=FUZZ
https://www.lemonilo.com/tag/organik?page=FUZZ
https://www.lemonilo.com/tag/pemberdayaan-wanita?page=FUZZ
https://www.lemonilo.com/tag/ramah-lingkungan?page=FUZZ
https://www.lemonilo.com/tag/rendah-gula?page=FUZZ
https://www.lemonilo.com/tag/rendah-kalori?page=FUZZ
https://www.lemonilo.com/tag/rendah-sodium?page=FUZZ
https://www.lemonilo.com/tag/sertifikat-halal-mui?page=FUZZ
https://www.lemonilo.com/tag/tanpa-tambahan-gula?page=FUZZ
https://www.lemonilo.com/tag/tumbuh-kembang-anak?page=FUZZ
https://www.lemonilo.com/tag/vegetarian?page=FUZZ
http://www.lemonilo.com/bahan-dapur?page=FUZZ
http://www.lemonilo.com/blog/4-bahaya-terlalu-sering-rebahan-bagi-kesehatan-kaum-rebahan-wajib-tau?search=FUZZ
http://www.lemonilo.com/blog/category/keluarga?page=FUZZ
http://www.lemonilo.com/blog/ulang-tahun-rafathar-nagita-slavina-ajarkan-pola-hidup-sehat-untuk-sang-buah-hati?search=FUZZ
http://www.lemonilo.com/brand/lemonilobox?search=FUZZ
http://www.lemonilo.com/lemonilobox?page=FUZZ
http://www.lemonilo.com/promo/giveaway-uang-tunai-total-rp-70-juta?page=FUZZ
http://www.lemonilo.com/promo/siap-sambut-ramadhan-up-to-50-off?page=FUZZ
http://www.lemonilo.com/tag/rendah-lemak?page=FUZZ
http://www.lemonilo.com/wiranilo?page=FUZZ
