http://assets.starbucks.com/assets/aboutuscompanyprofileq12011final13111.pdf
http://assets.starbucks.com/assets/sobc-fy09-eng.pdf
http://assets.starbucks.com/assets/ysb-benefits-guide-06-11.pdf
http://globalassets.starbucks.com/assets/0c4216ad12084401b5ad12e4fe7fce98.pdf
http://globalassets.starbucks.com/assets/155ef189824c415ea81d7894ccaae6fb.pdf
http://globalassets.starbucks.com/assets/1baa058b88be4429a1b0257fd226cbb7.pdf
http://globalassets.starbucks.com/assets/2fc2b547f7884588b78ef766246b9049.pdf
http://globalassets.starbucks.com/assets/39415f5a386a47259479e9f553246eef.pdf
http://globalassets.starbucks.com/assets/3dad44b74723479688892918e97d6547.pdf
http://globalassets.starbucks.com/assets/7cd1d989cd0c4ddba75b22d53f7af8bc.pdf
http://globalassets.starbucks.com/assets/AF5F689426D5405B9FBEBF33566D28AA.pdf
http://globalassets.starbucks.com/assets/ba6185aa2f9440379ce0857d89de8412.pdf
http://globalassets.starbucks.com/assets/D43B807D47E14DEFAEC48AC0120EBFA6.pdf
http://globalassets.starbucks.com/assets/ea2441eb7cf647bb8ce8bb40f75e267e.pdf
http://globalassets.starbucks.com/assets/ee8121c1a6554399b554d126228d52ed.pdf
http://news.starbucks.com/uploads/documents/Message_from_Howard_-_It_Starts_with_Conversation.pdf
http://news.starbucks.com/uploads/documents/nutrition.pdf
https://athome.starbucks.com/modules/contrib/seckit/js/seckit.document_write.js
https://content-prod-live.cert.starbucks.com/binary/v2/asset/132-64211.pdf
https://content-prod-live.cert.starbucks.com/binary/v2/asset/132-65653.pdf
https://content-prod-live.cert.starbucks.com/binary/v2/asset/132-65655.pdf
https://content-prod-live.cert.starbucks.com/binary/v2/asset/132-65656.pdf
https://content-prod-live.cert.starbucks.com/binary/v2/asset/132-65658.pdf
https://content-prod-live.cert.starbucks.com/binary/v2/asset/132-66717.pdf
https://content-prod-live.cert.starbucks.com/binary/v2/asset/132-66718.pdf
https://content-prod-live.cert.starbucks.com/binary/v2/asset/132-66973.pdf
https://departments.starbucks.com/sites/partnerfamilysupport/en-us/Shared%20Documents/CUP%20Fund%20Guidelines.pdf
https://globalassets.starbucks.com/assets/0110125A401A46B7BEFAD86DD6BC884B.pdf
https://globalassets.starbucks.com/assets/0563cac214fe4abd827092eeb8221fce.pdf
https://globalassets.starbucks.com/assets/219ffa576a544d96b044b531b9409fd5.pdf
https://globalassets.starbucks.com/assets/21FF94AD722D4F02A1876164B2234102.pdf
https://globalassets.starbucks.com/assets/2fc2b547f7884588b78ef766246b9049.pdf
https://globalassets.starbucks.com/assets/394bea89bb0b4670b444859759607796.pdf
https://globalassets.starbucks.com/assets/52F29D372F904BD0A3EBAEA4813D4F0F.pdf
https://globalassets.starbucks.com/assets/586216652722444EBE611CDD015A6B56.pdf
https://globalassets.starbucks.com/assets/67A395974AC64C40A4E2E170465A0327.pdf
https://globalassets.starbucks.com/assets/82147EAA23CD436A842541A20B0267D7.pdf
https://globalassets.starbucks.com/assets/832a378e00664ec0b7ea87143ee38164.pdf
https://globalassets.starbucks.com/assets/877E1598591F4BBDAD4982AB8EB2380A.pdf
https://globalassets.starbucks.com/assets/9a06a16271f34d3b97636281f67bdb23.pdf
https://globalassets.starbucks.com/assets/A2A072E3411C4A6ABAEB8D6BCF286F43.pdf
https://globalassets.starbucks.com/assets/D9AEDA13DD734EE38494661326566B57.pdf%22,%22alternateText%22:%22Learn
https://news.starbucks.com/uploads/documents/Frappuccino_Fact_Sheet_FINAL.pdf
https://news.starbucks.com/uploads/documents/Mobile_Order_and_Pay_Fact_Sheet.pdf
https://news.starbucks.com/uploads/documents/nutrition.pdf
https://stories.starbucks.com/uploads/2019/01/Covington-Report-to-Starbucks-Jan-23-2019.pdf
https://stories.starbucks.com/uploads/2020/02/Starbucks-Civil-Rights-Assessment-2020-Update.pdf
https://stories.starbucks.com/uploads/2020/06/2019-Starbucks-Global-Social-Impact-Report.pdf
https://stories.starbucks.com/uploads/2020/10/SBUX20201008-2018-EEO-1-Consolidated-Report.pdf
https://stories.starbucks.com/uploads/documents/Frappuccino_Fact_Sheet_FINAL.pdf
https://stories.starbucks.com/uploads/documents/Message_from_Howard_-_It_Starts_with_Conversation.pdf
https://stories.starbucks.com/uploads/documents/Mobile_Order_and_Pay_Fact_Sheet.pdf
https://stories.starbucks.com/uploads/documents/nutrition.pdf
http://starbucks.com:80/aboutus/ARABIC_FINAL_updated_statement_16JAN08.pdf
https://www.starbucks.com/aboutus/company_factsheet.pdf
https://www.starbucks.com/aboutus/FY05_CSR_Total.pdf
https://www.starbucks.com/aboutus/USStoreClosureInfo.pdf
https://www.starbucks.com/account/AcroPDF.PDF
https://www.starbucks.com/account/create/AcroPDF.PDF
https://www.starbucks.com/account/create/croPDF.PDF
https://www.starbucks.com/account/create/PDF.PdfCt
https://www.starbucks.com/account/create/redeem/AcroPDF.PDF
https://www.starbucks.com/account/DF.PdfCt
https://www.starbucks.com/account/PDF.Pdf
https://www.starbucks.com/assets/2fe08c4489454fc9bb7d82e1401dd444.pdf
https://www.starbucks.com/assets/7392d13ed45545de9c1a6fcec8965c66.pdf
https://www.starbucks.com/assets/79decb3b5f814b8086ebfc6f137aadd1.pdf
http://www.starbucks.com:80/aboutus/2002_10K.pdf
http://www.starbucks.com:80/aboutus/2003_grant_program_guide_final.pdf
http://www.starbucks.com:80/aboutus/2003_proxy.pdf
http://www.starbucks.com:80/aboutus/2003_proxyvoteoutcome-0429.pdf
http://www.starbucks.com:80/aboutus/2004_1-22_Proxy_statement.pdf
http://www.starbucks.com:80/aboutus/2004_external_guidelines.pdf
http://www.starbucks.com:80/aboutus/2005_December_Proxy_Statement.pdf
http://www.starbucks.com:80/aboutus/27028_ONLINE_BRO.pdf
http://www.starbucks.com:80/aboutus/Annual_Report_2003_part1.pdf
http://www.starbucks.com:80/aboutus/Annual_Report_2003_part2.pdf
http://www.starbucks.com:80/aboutus/Annual_Report_2004_part1.pdf
http://www.starbucks.com:80/aboutus/Annual_Report_2004_part2.pdf
http://www.starbucks.com:80/aboutus/Annual_Report_2005_part1.pdf
http://www.starbucks.com:80/aboutus/Annual_Report_2005_part2.pdf
http://www.starbucks.com:80/aboutus/application.pdf
http://www.starbucks.com:80/aboutus/ar01_financials.pdf
http://www.starbucks.com:80/aboutus/ar01_narrative.pdf
http://www.starbucks.com:80/aboutus/ar02_financials.pdf
http://www.starbucks.com:80/aboutus/ar02_narrative.pdf
http://www.starbucks.com:80/aboutus/ARABIC_FINAL_updated_statement_31MAR09.pdf
http://www.starbucks.com:80/aboutus/ar_financial.pdf
http://www.starbucks.com:80/aboutus/ar_narrative.pdf
http://www.starbucks.com:80/aboutus/Board_committees_list_final.pdf
http://www.starbucks.com:80/aboutus/BSRCocoaRoundtableReport.pdf
http://www.starbucks.com:80/aboutus/Candidate_FAQ.pdf
http://www.starbucks.com:80/aboutus/Code+of+Ethics-Starbucks-REV+2003.pdf
http://www.starbucks.com:80/aboutus/Coffee%20Quality%20MOU.pdf
http://www.starbucks.com:80/aboutus/coffescoop.pdf
http://www.starbucks.com:80/aboutus/Company%20Fact%20Sheet%20Apr05.pdf
http://www.starbucks.com:80/aboutus/CompanyFactSheetFeb05.pdf
http://www.starbucks.com:80/aboutus/Company_Factsheet.pdf
http://www.starbucks.com:80/aboutus/CompanyProfileFeb05.pdf
http://www.starbucks.com:80/aboutus/Company_Profile_Feb06.pdf%FE
http://www.starbucks.com:80/aboutus/Company_Profile.pdf
http://www.starbucks.com:80/aboutus/CompanyRecognitionFeb05.pdf
http://www.starbucks.com:80/aboutus/Company_Recognition.pdf
http://www.starbucks.com:80/aboutus/CompanyTimelineFeb05.pdf
http://www.starbucks.com:80/aboutus/Company_Timeline.pdf
http://www.starbucks.com:80/aboutus/Corporate_Governance_Principles_and_Practices.pdf
http://www.starbucks.com:80/aboutus/CPA-140%20Company%20Factsheet.pdf
http://www.starbucks.com:80/aboutus/CPA-140%20Company%20Profile.pdf
http://www.starbucks.com:80/aboutus/CPA-140%20Company%20Recognition.pdf
http://www.starbucks.com:80/aboutus/CPA-140%2520Company%2520Timeline.pdf
http://www.starbucks.com:80/aboutus/CSR2004fullbook.pdf
http://www.starbucks.com:80/aboutus/CSR2004fullbook.pdf%23search='starbucks%202004%20annual%20report'
http://www.starbucks.com:80/aboutus/CSR2004_Sec1Intro.pdf
http://www.starbucks.com:80/aboutus/CSR2004_Sec2Coffee.pdf
http://www.starbucks.com:80/aboutus/CSR2004_Sec3Society.pdf
http://www.starbucks.com:80/aboutus/CSR2004_Sec3Society.pdf%23search='starbucks%20annual%20report'
http://www.starbucks.com:80/aboutus/CSR2004_Sec5Workplace.pdf
http://www.starbucks.com:80/aboutus/CSR_Annual_Report3.pdf
http://www.starbucks.com:80/aboutus/CSR_Annual_Report6.pdf
http://www.starbucks.com:80/aboutus/CSR_Annual_Report7.pdf
http://www.starbucks.com:80/aboutus/CSR_Final.pdf
http://www.starbucks.com:80/aboutus/CSR_FY01_AR.pdf
http://www.starbucks.com:80/aboutus/CSR_FY02_AR.pdf
http://www.starbucks.com:80/aboutus/csrreport/en/pdf/CSR_Full_Report.pdf
http://www.starbucks.com:80/aboutus/csrreport/stakeholder_voices_final.pdf
http://www.starbucks.com:80/aboutus/csrreport/starbucks_csr_fy2007.pdf
http://www.starbucks.com:80/aboutus/csrreport/Supplier_Code_of_Conduct.pdf
http://www.starbucks.com:80/aboutus/Ethical%20Decision-Making%20Framework.pdf
http://www.starbucks.com:80/aboutus/Executives%20-%20Company%20Fact%20Sheet%20.pdf
http://www.starbucks.com:80/aboutus/Foundation_Brochure.pdf
http://www.starbucks.com:80/aboutus/FY03_FY02_Historical_Segment_Detail.pdf
http://www.starbucks.com:80/aboutus/FY05_CSR_report_Spanish.pdf
http://www.starbucks.com:80/aboutus/FY06_CSR_AR.pdf
http://www.starbucks.com:80/aboutus/FY06_CSR_FULL.pdf
http://www.starbucks.com:80/aboutus/FY_2004_Proxy_statement.pdf
http://www.starbucks.com:80/aboutus/GIVING%20VOICE%20GUIDELINES.pdf
http://www.starbucks.com:80/aboutus/GIVING_VOICE_GUIDELINES.pdf
http://www.starbucks.com:80/aboutus/KPI_web07.pdf
http://www.starbucks.com:80/aboutus/natPrepared.pdf
http://www.starbucks.com:80/aboutus/NominatingGovernanceCmteCh.pdf
http://www.starbucks.com:80/aboutus/Oct_2007_Stakeholder_Update.pdf
http://www.starbucks.com:80/aboutus/preferred_supplier.pdf
http://www.starbucks.com:80/aboutus/PreparedRemarks.pdf
http://www.starbucks.com:80/aboutus/Response_to_Coverage_of_California_Lawsuit_21JAN2010.pdf
http://www.starbucks.com:80/aboutus/Restated_Articles_of_Incorporation.pdf
http://www.starbucks.com:80/aboutus/SB-DIVERSITY-FIN.pdf
http://www.starbucks.com:80/aboutus/SBUX%2520Directors%2520and%2520Senior%2520Officers%2520FINAL%252010-24-06.pdf
http://www.starbucks.com:80/aboutus/SB-YSB-US-HR.pdf
http://www.starbucks.com:80/aboutus/SoBC-Canada-English-2004.pdf
http://www.starbucks.com:80/aboutus/SoBC-Canada-French-2004.pdf
http://www.starbucks.com:80/aboutus/SoBC-Dutch-2007.pdf
http://www.starbucks.com:80/aboutus/SoBC-English-2007.pdf
http://www.starbucks.com:80/aboutus/SoBC-French-2007.pdf
http://www.starbucks.com:80/aboutus/SoBC_FY09_eng.pdf
http://www.starbucks.com:80/aboutus/SoBC-Spanish-2007.pdf
http://www.starbucks.com:80/aboutus/Standards_of_Business_Conduct-U.S.Version.pdf
http://www.starbucks.com:80/aboutus/Starbucks%20Foundation%20Letter%20of%20Inquiry.doc
http://www.starbucks.com:80/aboutus/StarbucksAndFairTrade.pdf
http://www.starbucks.com:80/aboutus/StarbucksAndFairTrade.pdf).
http://www.starbucks.com:80/aboutus/StarbucksAndFairTrade.pdf.
http://www.starbucks.com:80/aboutus/StarbucksAndFairTrade.pdf%20[web%20focused]
http://www.starbucks.com:80/aboutus/Starbucks_Board_of_Directors%20_4_01_05.pdf
http://www.starbucks.com:80/aboutus/Starbucks_Board_of_Directors_brief_bios_03-03-06_.pdf
http://www.starbucks.com:80/aboutus/Starbucks_Board_of_Directors.pdf
http://www.starbucks.com:80/aboutus/Starbucks_Canada_Application_Fr.pdf
http://www.starbucks.com:80/aboutus/Starbucks_Canada_Application.pdf
http://www.starbucks.com:80/aboutus/Starbucks_Glass_Bottle_Press_Release_27JAN2010.pdf
http://www.starbucks.com:80/aboutus/Starbucks_Parks_GrantApp_2005.pdf
http://www.starbucks.com:80/aboutus/Starbucks_Position_on_National_Health_Care_Reform(12-4-08).pdf
http://www.starbucks.com:80/aboutus/Store_Count_Detail.pdf
http://www.starbucks.com:80/aboutus/transform/earnings.pdf
http://www.starbucks.com:80/aboutus/transform/Howard%20communications%20July%2029.pdf
http://www.starbucks.com:80/aboutus/transform/News%20Bureau%20-%20July%20Newsletter%20-%207.28.08.PDF
http://www.starbucks.com:80/aboutus/transform/Starbucks%20Card%20Rewards%20-%20Press%20Release%20-%206%2002%2008.pdf
http://www.starbucks.com:80/aboutus/transform/Starbucks%20Card%20Rewards%20-%20Press%20Release%20-%206%2002%2008.pdf%20
http://www.starbucks.com:80/aboutus/union_position.pdf
http://www.starbucks.com:80/aboutus/US_English_full_kit.pdf
http://www.starbucks.com:80/aboutus/US_English_full_kit.pdf32,5
http://www.starbucks.com:80/aboutus/USStoreClosureInfo.pdf.
http://www.starbucks.com:80/aboutus/vivanno_cold_cups.pdf
http://www.starbucks.com:80/aboutus/WEB_QA.pdf
http://www.starbucks.com:80/ar02_financials.pdf
http://www.starbucks.com:80/assets/18d771d97c884256a49821f641602fa3.pdf
http://www.starbucks.com:80/assets/233b9b746b384f8ca57882614f6cebdb.pdf
http://www.starbucks.com:80/assets/2435d3294e3a4a39ba334580d2c1618f.pdf
http://www.starbucks.com:80/assets/27825184b1b54b80bdacb73f06592a2c.pdf
http://www.starbucks.com:80/assets/2c3cb5d089e54e65b6b5035bc53c1404.pdf
http://www.starbucks.com:80/assets/39415f5a386a47259479e9f553246eef.pdf
http://www.starbucks.com:80/assets/4fba93c23dc1413389d2a18fcd7d7371.pdf
http://www.starbucks.com:80/assets/581d72979ef0486682a5190eca573fef.pdf
http://www.starbucks.com:80/assets/589a80b922dd41809f7058eb146338cb.pdf
http://www.starbucks.com:80/assets/5deaa36b7f454011a8597d271f552106.pdf
http://www.starbucks.com:80/assets/7343fbbdc87845ff9a000ee009707893.pdf
http://www.starbucks.com:80/assets/7c763a5614d64b3392aae65bafd4aec1.pdf
http://www.starbucks.com:80/assets/7EABDACFE950495F8C0D8BCD2A96772C.docx
http://www.starbucks.com:80/assets/98e5a8e6c7b1435ab67f2368b1c7447a.pdf
http://www.starbucks.com:80/assets/9a6616b98dc64271ac8c910fbee47884.pdf
http://www.starbucks.com:80/assets/a7d6102370814542a90dd8c7442b5fa4.pdf
http://www.starbucks.com:80/assets/ba6185aa2f9440379ce0857d89de8412.pdf
http://www.starbucks.com:80/assets/ce97592533d140ed90d7f843622e7c8e.pdf
http://www.starbucks.com:80/assets/cfc969eee4074207b46c4ee0e184f9ac.pdf
http://www.starbucks.com:80/assets/code20of20ethicsstarbucksrev202003.pdf
http://www.starbucks.com:80/assets/company-factsheet.pdf
http://www.starbucks.com:80/assets/company-profile-feb10.pdf
http://www.starbucks.com:80/assets/csr-fy03-ar.pdf
http://www.starbucks.com:80/assets/e56b2a6b08244aaab0632dc6ac25ad0d.pdf
http://www.starbucks.com:80/assets/e980130ae05a4c2eab2d31e5577c1c72.pdf
http://www.starbucks.com:80/assets/eecd184d6d2141d58966319744393d1f.pdf
http://www.starbucks.com:80/assets/f0fd4978c9ec475fa5dd2f94c92b4a70.pdf
http://www.starbucks.com:80/assets/f945dbfa51904618982409e9c09c58b6.pdf
http://www.starbucks.com:80/assets/sirenamanual.pdf
http://www.starbucks.com:80/assets/ssp-g-p-full-report.pdf
http://www.starbucks.com:80/assets/starbucks-barista-burr-grinder.pdf
http://www.starbucks.com:80/assets/starbucks-csr-fy2007.pdf
http://www.starbucks.com:80/assets/starbucks-italia-digital-manual.pdf
http://www.starbucks.com:80/assets/starbucks-recognition-jan2010.pdf
http://www.starbucks.com:80/assets/starbucks-timeline-basic-jan2010.pdf
http://www.starbucks.com:80/business/B2B%20SalesKit.pdf
http://www.starbucks.com:80/business/B2B%2520SalesKit%25208-17-06.pdf
http://www.starbucks.com:80/business/Starbucks%20Card%20Brand%20Guidelines.pdf
http://www.starbucks.com:80/business/STBXCorpCard%20Brochure.pdf
http://www.starbucks.com/aboutus/Audit_Committee_Charter.pdf
http://www.starbucks.com/aboutus/Auditor_Service_Pre-Approval_Appendices.pdf
http://www.starbucks.com/aboutus/Board_Committee_List.pdf
http://www.starbucks.com/aboutus/BYLAWS%20_restated_02-08-06.pdf
http://www.starbucks.com/aboutus/Cocoa%20%20Practices%20%20Scorecard%202007.pdf
http://www.starbucks.com/aboutus/Cocoa%20Practices%20Guidelines%202007.pdf
http://www.starbucks.com/aboutus/Code%20of%20Ethics-Starbucks-REV%202003.pdf
http://www.starbucks.com/aboutus/Company_Fact_Sheet_Feb06.pdf
http://www.starbucks.com/aboutus/company_factsheet.pdf
http://www.starbucks.com/aboutus/Company_Profile_Feb06.pdf
http://www.starbucks.com/aboutus/Company_Profile.pdf?sourceid=chrome&sugexp=chrome%2Cmod
http://www.starbucks.com/aboutus/Company_Recognition_Feb06.pdf
http://www.starbucks.com/aboutus/Company_Timeline_Feb06.pdf
http://www.starbucks.com/aboutus/Compensation_Committee_Chart.pdf
http://www.starbucks.com/aboutus/Concerns_or_Complaints_Procedure.pdf
http://www.starbucks.com/aboutus/Conservation_update_chart.pdf
http://www.starbucks.com/aboutus/CR_English_full_kit.pdf
http://www.starbucks.com/aboutus/CR_Spanish_full_kit.pdf
http://www.starbucks.com/aboutus/csrannualreport.pdf
http://www.starbucks.com/aboutus/CSR_FY03_AR.pdf
http://www.starbucks.com/aboutus/CSR_FY04_AR.pdf
http://www.starbucks.com/aboutus/csrreport/Coffee_Report_PDF_FY07.pdf
http://www.starbucks.com/aboutus/Director_Nominations_Policy.pdf
http://www.starbucks.com/aboutus/EMEA_Dutch_full_kit.pdf
http://www.starbucks.com/aboutus/EMEA_English_full_kit.pdf
http://www.starbucks.com/aboutus/Farmer_Loans_Chart.pdf
http://www.starbucks.com/aboutus/FY05_CSR_Environment.pdf
http://www.starbucks.com/aboutus/FY05_CSR_MossAdamsLetter.pdf
http://www.starbucks.com/aboutus/FY05_CSR_Products.pdf
http://www.starbucks.com/aboutus/FY05_CSR_Society.pdf
http://www.starbucks.com/aboutus/FY05_CSR_Total.pdf
http://www.starbucks.com/aboutus/FY05_CSR_Workplace.pdf
http://www.starbucks.com/aboutus/HK_ENglish_full_kit.pdf
http://www.starbucks.com/aboutus/Proxyvoteoutcome_Feb2006.pdf
http://www.starbucks.com/aboutus/Restated_Articles_02-08-06.pdf
http://www.starbucks.com/aboutus/SCTC_English_full_kit.pdf
http://www.starbucks.com/aboutus/SCTC_French_full_kit.pdf
http://www.starbucks.com/aboutus/SpanishFY03CSR.pdf
http://www.starbucks.com/aboutus/StarbucksandtheCocoaIndustry.pdf
http://www.starbucks.com/aboutus/Starbucks_Board_of_Directors_brief_bios.pdf
http://www.starbucks.com/aboutus/StarbucksEnvironmentalFactSheetFeb04.pdf
http://www.starbucks.com/aboutus/top.document
http://www.starbucks.com/aboutus/transform/6.0-International-%20Project%20106%20Asset%20Acquisition%20Release.DOC
http://www.starbucks.com/aboutus/transform/Fall%201B%20Piadini-Warm%20Breakfast%20-%20Fact%20Sheet.doc
http://www.starbucks.com/aboutus/transform/Fall%20I%20-%20HW%20-%20Fact%20Sheet.DOC
http://www.starbucks.com/aboutus/transform/Mastrena%20Fact%20Sheet%20July%202008.pdf
http://www.starbucks.com/aboutus/transform/Pike%20Place%20Roast%20-04-07-08%20Natl%20Press%20Release.pdf
http://www.starbucks.com/aboutus/transform/Pike%20Place%20Roast%20-%20Fact%20Sheet%20-%204-4-08.pdf
http://www.starbucks.com/aboutus/transform/Project%20Artisan%20Release.pdf
http://www.starbucks.com/aboutus/transform/Shared%20Planet-EMEA_Press%20Release.doc
http://www.starbucks.com/aboutus/transform/Signature%20Hot%20Chocolate%20-%20Fact%20Sheet.DOC
http://www.starbucks.com/aboutus/transform/Signature%20Hot%20Chocolate%20-%20Press%20Release.DOC
http://www.starbucks.com/aboutus/transform/Starbucks%20SSP.pdf
http://www.starbucks.com/aboutus/TransformStarbucks_QandA.pdf
http://www.starbucks.com/aboutus/transform/The%20Coffee%20Scoop%20Newsletter.PDF
http://www.starbucks.com/aboutus/transform/Vivanno%20Press%20Releasel%20July%2014.pdf
http://www.starbucks.com/aboutus/try%7B_rf=_A(top.document
http://www.starbucks.com/aboutus/UK_English_full_kit.pdf
http://www.starbucks.com/aboutus/USStoreClosureInfo.pdf
http://www.starbucks.com/assets/02beab32ff394a8892cb4487a4ba84e0.pdf
http://www.starbucks.com/assets/19c68ea6c48a473d865c7327c08d817f.pdf
http://www.starbucks.com/assets/1d7de46ff5f845d89c01a81bebdbdb59.pdf
http://www.starbucks.com/assets/1deb372ee3d840179e59c5b9c21cd5fe.pdf
http://www.starbucks.com/assets/1f4cecd10e464938a7e5cd82fcbcb5e2.pdf
http://www.starbucks.com/assets/1fe6dbef0d5c4107a0bbd7b2411e80b5.pdf
http://www.starbucks.com/assets/2011-updated-board-bios-07-2011.pdf
http://www.starbucks.com/assets/2660085bf62e4246a91a8024f500cb37.pdf
http://www.starbucks.com/assets/2994ceff517a44aca17df6f1237c4c13.pdf
http://www.starbucks.com/assets/2b637b6a246f4d05aec0f76610da8465.pdf
http://www.starbucks.com/assets/3094fc9920a741748ff41b489d0702a8.pdf
http://www.starbucks.com/assets/359fba8443174461b674acdec0885479.pdf
http://www.starbucks.com/assets/3a3dc8070dab47ae872718f9fad77293.pdf
http://www.starbucks.com/assets/4302038cd4b0439aa77b51a38d872263.pdf
http://www.starbucks.com/assets/4586dcbfda0d46738fca5211c017a8c3.pdf
http://www.starbucks.com/assets/469b74c92cf143288cbb6971676bc387.pdf
http://www.starbucks.com/assets/4dd6216d0fd0400f8689eceba0497e04.pdf
http://www.starbucks.com/assets/4dd6216d0fd0400f8689eceba0497e04.pdf.
http://www.starbucks.com/assets/5e71c94483a44a5db41abf79581fbf22.pdf
http://www.starbucks.com/assets/5feb6717c6404068a2550d050fa53bc8.pdf
http://www.starbucks.com/assets/64d30f4e24724986a9e9823901567867.pdf
http://www.starbucks.com/assets/6956d71c36ba42509f27279e314b68ea.pdf
http://www.starbucks.com/assets/6e52b26a7602471dbff32c9e66e685e3.pdf
http://www.starbucks.com/assets/6ee14301a2364729abe59867fb913520.pdf
http://www.starbucks.com/assets/6f4f2564e35849ab93290da7fc23997a.pdf
http://www.starbucks.com/assets/6feaa6eabf914c80b7370bf183a4dca8.pdf
http://www.starbucks.com/assets/76f95d923db341fe9237a3360e0d03e3.pdf
http://www.starbucks.com/assets/79dfbc676592446181aa48f6fcf5d335.pdf
http://www.starbucks.com/assets/a228b865c3aa45938b7508cb82a17cf1.pdf
http://www.starbucks.com/assets/a437b089175f4415800028b1eb4d3faf.pdf
http://www.starbucks.com/assets/aboutuscompanyprofileq3201172811final.pdf
http://www.starbucks.com/assets/aboutuscompanyprofileq42011121411final.pdf
http://www.starbucks.com/assets/aboutusrecognition72811final.pdf
http://www.starbucks.com/assets/aboutustimelinefinal72811.pdf
http://www.starbucks.com/assets/ada1f37e34954eb1883a6b32d3e8a430.pdf
http://www.starbucks.com/assets/ae2f32c159e64a3e96fafd5a9b37ef25.pdf
http://www.starbucks.com/assets/af385e4556504ee38907bc0fd8d5db35.pdf
http://www.starbucks.com/assets/animal-welfare-statement-20apr2010.pdf
http://www.starbucks.com/assets/aromagrande.pdf
http://www.starbucks.com/assets/aroma-solo-manual.pdf
http://www.starbucks.com/assets/audit-committee-charter-6-7-2011.pdf
http://www.starbucks.com/assets/auditor-service-pre-approval-appendices.pdf
http://www.starbucks.com/assets/be606cc50fa14fa89f86c972fc046141.pdf
http://www.starbucks.com/assets/board-and-committee-list-5-3-11.pdf
http://www.starbucks.com/assets/bylaws20restated010609.pdf
http://www.starbucks.com/assets/c53c33fe3b484033bbe7c4285dcdb516.pdf
http://www.starbucks.com/assets/categories-of-partner-concerns-fy-2009.pdf
http://www.starbucks.com/assets/cb669080729f482a9a927966e688ef8e.pdf
http://www.starbucks.com/assets/cmdc-charter-6-7-11.pdf
http://www.starbucks.com/assets/coffee-report-pdf-fy07.pdf
http://www.starbucks.com/assets/concerns-or-complaints-procedure.pdf
http://www.starbucks.com/assets/corporate-governance-principles-6-7-11.pdf
http://www.starbucks.com/assets/csr-fy01-ar.pdf
http://www.starbucks.com/assets/csr-fy02-ar.pdf
http://www.starbucks.com/assets/csr-fy04-ar.pdf
http://www.starbucks.com/assets/cup-journey-fact-sheet9111final.pdf
http://www.starbucks.com/assets/d0ce9fa1502e4aa6a9b827bf5185feee.pdf
http://www.starbucks.com/assets/d3a53832f8a344f5971f936d82c09dbb.pdf
http://www.starbucks.com/assets/e31d4604b78141bfb13172aa5fd67cfa.pdf
http://www.starbucks.com/assets/e64de310d4704d1d8735940f3c56e023.pdf
http://www.starbucks.com/assets/electronic-payment-set-up-form.xls
http://www.starbucks.com/assets/f602155dd53b4770859d7724bc04a41a.pdf
http://www.starbucks.com/assets/f84a56a5b41d4a8d91beca73e993af4a.pdf
http://www.starbucks.com/assets/fla-newsletter-qify10.doc
http://www.starbucks.com/assets/fy05-csr-total.pdf
http://www.starbucks.com/assets/fy06-csr-full.pdf
http://www.starbucks.com/assets/fy08-gr-report.pdf
http://www.starbucks.com/assets/global-human-rights-position-paper-final-031110.pdf
http://www.starbucks.com/assets/global-reporting-lnitiative-indicators.pdf
http://www.starbucks.com/assets/goals-progress-report-2010.pdf
http://www.starbucks.com/assets/goals-progress-scorecard-2010.pdf
http://www.starbucks.com/assets/hwtimelinefinal42110.pdf
http://www.starbucks.com/assets/ll-budget.xls
http://www.starbucks.com/assets/ll-recon-template-example.xls
http://www.starbucks.com/assets/ll-recon-template.xls
http://www.starbucks.com/assets/moss-adams-2010.pdf
http://www.starbucks.com/assets/moss-adams-letter.pdf
http://www.starbucks.com/assets/nomgov-charter-06-7-2011.pdf
http://www.starbucks.com/assets/pfm-territories.pdf
http://www.starbucks.com/assets/policy-on-corporate-political-contributions-and-expenditures-march-2011.pdf
http://www.starbucks.com/assets/policy-on-corporate-politicial-contributions-and-expeditures-2010-update.pdf
http://www.starbucks.com/assets/recon-worksheet-instructions-072209.pdf
http://www.starbucks.com/assets/restated-articles-02-08-06.pdf
http://www.starbucks.com/assets/sobc-chinese-simplified-2011-09-01.pdf
http://www.starbucks.com/assets/sobc-dutch-2011-09-01.pdf
http://www.starbucks.com/assets/sobc-english-2010.pdf
http://www.starbucks.com/assets/sobc-english-2011-09-01.pdf
http://www.starbucks.com/assets/sobc-french-canadian-2011-09-01.pdf
http://www.starbucks.com/assets/sobc-french-continental-2011-09-01.pdf
http://www.starbucks.com/assets/sobc-german-2011-09-01.pdf
http://www.starbucks.com/assets/sobc-portuguese-2011-09-01.pdf
http://www.starbucks.com/assets/sobc-spanish-2011-09-01.pdf
http://www.starbucks.com/assets/sobc-thai-2011-09-01.pdf
http://www.starbucks.com/assets/ssp-g-p-scorecard.pdf
http://www.starbucks.com/assets/starbucks-corporation-director-nominations-policy-final.pdf
http://www.starbucks.com/assets/starbuckspositiononnationalhealthcarereform12408.pdf
http://www.starbucks.com/assets/supplier-code-of-conduct.pdf
http://www.starbucks.com/assets/trhinv10.doc
http://www.starbucks.com/assets/utlinv10.doc
http://www.starbucks.com/assets/viavenezia-manual.pdf
http://www.starbucks.com/assets/w-9.pdf
http://www.starbucks.com/assets/ysb-benefits-guide-06-11.pdf
http://www.starbucks.com/australia/closures.pdf
