http://app.starbucks.com/robots.txt
http://assets.starbucks.com/robots.txt
http://athome.starbucks.com/robots.txt
http://blonde.starbucks.com/robots.txt
http://community.starbucks.com/robots.txt
http://customerservice.starbucks.com/robots.txt
http://deepbrew-preprod-api.starbucks.com:80/robots.txt
http://ebm.e.starbucks.com/robots.txt
http://e.starbucks.com/robots.txt
http://givegood.starbucks.com/robots.txt
http://globalassets.starbucks.com/robots.txt
http://gr.starbucks.com/robots.txt
http://happyhour.starbucks.com/robots.txt
http://investor.starbucks.com/robots.txt
http://members.starbucks.com/robots.txt
http://news.starbucks.com/robots.txt
http://passport.starbucks.com/robots.txt
https://app.starbucks.com/manifest.json
https://app.starbucks.com/robots.txt
https://athome.starbucks.com/robots.txt
https://bcassets.starbucks.com/robots.txt
https://content-prod-live.cert.starbucks.com/robots.txt
https://creative.starbucks.com/robots.txt
https://customerservice.starbucks.com/robots.txt
https://delivery.starbucks.com/robots.txt
https://eapi.starbucks.com/robots.txt
https://globalassets.starbucks.com/robots.txt
https://ideas.starbucks.com/robots.txt
https://id.starbucks.com/robots.txt
https://investor.starbucks.com/robots.txt
https://livingourvalues.starbucks.com/en-us/robots.txt
https://livingourvalues.starbucks.com/robots.txt
https://mena.starbucks.com/robots.txt
https://mypartnerinfo-ext.starbucks.com/robots.txt
https://news.starbucks.com/robots.txt
http://solutions.starbucks.com/robots.txt
https://partner.starbucks.com/robots.txt
https://portal.starbucks.com/robots.txt
https://solutions.starbucks.com/robots.txt
https://sso-group-iad.starbucks.com/my.logout.php3?errorcode=19
https://sso-group-iad.starbucks.com/robots.txt
https://starbucks.com/robots.txt
https://stories.starbucks.com/asia/manifest.json
https://stories.starbucks.com/emea/manifest.json
https://stories.starbucks.com/manifest.json
https://stories.starbucks.com/robots.txt
https://sts-vis-cert-cloud3.starbucks.com/ofis/public/FedLogin.aspx?wa=wsignin1.0&wtrealm=https%3a%2f%2ftrace-cert.starbucks.com%2f&wctx=rm%3d0%26id%3dpassive%26ru%3d%252frobots.txt&wct=2021-01-15T11%3a04%3a35Z&wreply=https%3a%2f%2ftrace-cert.starbucks.com%2f&idp=urn%3AVISCertMain%3Asts
https://sts-vis-cert-cloud3.starbucks.com/ofis/?wa=wsignin1.0&wtrealm=https%3a%2f%2ftrace-cert.starbucks.com%2f&wctx=rm%3d0%26id%3dpassive%26ru%3d%252frobots.txt&wct=2021-01-15T11%3a04%3a35Z&wreply=https%3a%2f%2ftrace-cert.starbucks.com%2f
http://starbucks.com:80/aboutus/csrreport/data/copyData.xml
http://starbucks.com/robots.txt
http://stories.starbucks.com/robots.txt
https://traceability.starbucks.com/robots.txt
https://wifi.starbucks.com/robots.txt
https://www.starbucks.com/about-us/company-information/online-policies/terms-of-use/Microsoft.XMLDOM
https://www.starbucks.com/about-us/company-information/online-policies/terms-of-use/Microsoft.XMLHTTP
https://www.starbucks.com/account/create/Microsoft.XMLDOM
https://www.starbucks.com/account/create/Microsoft.XMLHTTP
https://www.starbucks.com/account/create?ReturnUrl=%2Fweb.config
https://www.starbucks.com/account/create?ReturnUrl=https%3A%2F%2Fpreview.starbucks.com%2Frobots.txt
https://www.starbucks.com/account/Microsoft.XML
https://www.starbucks.com/account/Microsoft.XMLDOM
https://www.starbucks.com/account/Microsoft.XMLH
https://www.starbucks.com/account/Microsoft.XMLHT
https://www.starbucks.com/account/Microsoft.XMLHTTP
https://www.starbucks.com/account/signin?ReturnUrl=%2Fcrossdomain.xml
https://www.starbucks.com/account/signin?ReturnUrl=%2Fweb.config
https://www.starbucks.com/account/signin?ReturnUrl=https%3A%2F%2Fapp.starbucks.com%2Frobots.txt
https://www.starbucks.com/account/signin?ReturnUrl=https%3A%2F%2Fpreview.starbucks.com%2Frobots.txt
https://www.starbucks.com/account/===Y.log,qb=
https://www.starbucks.com/AppEvents.logEvent
https://www.starbucks.com/AppEvents.logPageView
https://www.starbucks.com/AppEvents.logPurchase
https://www.starbucks.com/card/manage/Microsoft.XMLDOM
https://www.starbucks.com/card/manage/Microsoft.XMLHTTP
https://www.starbucks.com/card/Microsoft.XMLDOM
https://www.starbucks.com/card/Microsoft.XMLHTTP
https://www.starbucks.com/card/rewards/Microsoft.XMLDOM
https://www.starbucks.com/careers/browserconfig.xml
https://www.starbucks.com/careers/corporate-careers/Microsoft.XMLHTTP
https://www.starbucks.com/careers/corporate-careers/Msxml2.XMLHTTP
https://www.starbucks.com/careers/manifest.json
https://www.starbucks.com/home/browserconfig.xml
https://www.starbucks.com/home/manifest.json
https://www.starbucks.com/menu/browserconfig.xml
https://www.starbucks.com/menu/manifest.json
https://www.starbucks.com/rewards/browserconfig.xml
https://www.starbucks.com/rewards/manifest.json
https://www.starbucks.com/robots.txt
https://www.starbucks.com/routeInfo.json
https://www.starbucks.com/ways-to-order/manifest.json
https://www.starbucks.com/weblx/assets/manifest.json
http://trace-cert.starbucks.com/robots.txt
http://www.starbucks.com:80/aboutus/doc.xml
http://www.starbucks.com:80/aboutus.environment.asp
http://www.starbucks.com:80/business/doc.xml
http://www.starbucks.com:80/card/doc.xml
http://www.starbucks.com:80/cardrewards/doc.xml
http://www.starbucks.com/aboutus/JavaScriptFlashGateway.xml
http://www.starbucks.com/aboutus/Microsoft.XMLHTTP
http://www.starbucks.com/aboutus/Msxml2.XMLHTTP
http://www.starbucks.com/aboutus/Msxml2.XmlHttp.3.0
http://www.starbucks.com/aboutus/Msxml2.XmlHttp.6.0
http://www.starbucks.com/auth.login
http://www.starbucks.com/auth.logintofacebook
http://www.starbucks.com/auth.logout
http://www.starbucks.com/blog/602/Microsoft.XMLHTTP
http://www.starbucks.com/blog/602/microsoft.xmlhttp?reply=11701
http://www.starbucks.com/blog/602/microsoft.xmlhttp?reply=11702
http://www.starbucks.com/blog/602/microsoft.xmlhttp?reply=11703
http://www.starbucks.com/blog/602/microsoft.xmlhttp?reply=11704
http://www.starbucks.com/blog/602/microsoft.xmlhttp?reply=11705
http://www.starbucks.com/blog/602/microsoft.xmlhttp?reply=11706
http://www.starbucks.com/blog/602/microsoft.xmlhttp?reply=11707
http://www.starbucks.com/blog/602/microsoft.xmlhttp?reply=11708
http://www.starbucks.com/blog/602/microsoft.xmlhttp?reply=11709
http://www.starbucks.com/blog/602/microsoft.xmlhttp?reply=11710
http://www.starbucks.com/blog/602/microsoft.xmlhttp?reply=11711
http://www.starbucks.com/blog/602/microsoft.xmlhttp?reply=11712
http://www.starbucks.com/blog/602/microsoft.xmlhttp?reply=11713
http://www.starbucks.com/blog/602/microsoft.xmlhttp?reply=11714
http://www.starbucks.com/blog/602/microsoft.xmlhttp?reply=11715
http://www.starbucks.com/blog/602/microsoft.xmlhttp?reply=11716
http://www.starbucks.com/blog/602/microsoft.xmlhttp?reply=11717
http://www.starbucks.com/blog/602/microsoft.xmlhttp?reply=11718
http://www.starbucks.com/blog/602/microsoft.xmlhttp?reply=11719
http://www.starbucks.com/blog/602/microsoft.xmlhttp?reply=11720
http://www.starbucks.com/blog/602/microsoft.xmlhttp?reply=11721
http://www.starbucks.com/blog/602/microsoft.xmlhttp?reply=11722
http://www.starbucks.com/blog/602/microsoft.xmlhttp?reply=11723
http://www.starbucks.com/blog/602/microsoft.xmlhttp?reply=11724
http://www.starbucks.com/blog/602/microsoft.xmlhttp?reply=11725
http://www.starbucks.com/blog/602/microsoft.xmlhttp?reply=11726
http://www.starbucks.com/blog/602/microsoft.xmlhttp?reply=11727
http://www.starbucks.com/blog/602/microsoft.xmlhttp?reply=11728
http://www.starbucks.com/blog/602/microsoft.xmlhttp?reply=11729
http://www.starbucks.com/blog/602/microsoft.xmlhttp?reply=11730
http://www.starbucks.com/blog/602/microsoft.xmlhttp?reply=11731
http://www.starbucks.com/blog/602/microsoft.xmlhttp?reply=11732
http://www.starbucks.com/blog/602/microsoft.xmlhttp?reply=11733
http://www.starbucks.com/blog/602/microsoft.xmlhttp?reply=11734
http://www.starbucks.com/blog/602/microsoft.xmlhttp?reply=11735
http://www.starbucks.com/blog/602/microsoft.xmlhttp?reply=11736
http://www.starbucks.com/blog/602/microsoft.xmlhttp?reply=11737
http://www.starbucks.com/blog/602/microsoft.xmlhttp?reply=11738
http://www.starbucks.com/blog/602/microsoft.xmlhttp?reply=11739
http://www.starbucks.com/blog/602/microsoft.xmlhttp?reply=11740
http://www.starbucks.com/blog/602/microsoft.xmlhttp?reply=11741
http://www.starbucks.com/blog/602/microsoft.xmlhttp?reply=11742
http://www.starbucks.com/blog/602/microsoft.xmlhttp?reply=11743
http://www.starbucks.com/blog/602/microsoft.xmlhttp?reply=11744
http://www.starbucks.com/blog/602/microsoft.xmlhttp?reply=11745
http://www.starbucks.com/blog/602/microsoft.xmlhttp?reply=11746
http://www.starbucks.com/blog/602/microsoft.xmlhttp?reply=11747
http://www.starbucks.com/blog/602/microsoft.xmlhttp?reply=11748
http://www.starbucks.com/blog/602/microsoft.xmlhttp?reply=11749
http://www.starbucks.com/blog/602/microsoft.xmlhttp?reply=11750
http://www.starbucks.com/blog/602/microsoft.xmlhttp?reply=11751
http://www.starbucks.com/blog/602/microsoft.xmlhttp?reply=11752
http://www.starbucks.com/blog/602/microsoft.xmlhttp?reply=11753
http://www.starbucks.com/blog/602/microsoft.xmlhttp?reply=11754
http://www.starbucks.com/blog/602/microsoft.xmlhttp?reply=11755
http://www.starbucks.com/blog/602/microsoft.xmlhttp?reply=11756
http://www.starbucks.com/blog/602/microsoft.xmlhttp?reply=11757
http://www.starbucks.com/blog/602/microsoft.xmlhttp?reply=11758
http://www.starbucks.com/blog/602/microsoft.xmlhttp?reply=11759
http://www.starbucks.com/blog/602/microsoft.xmlhttp?reply=11997
http://www.starbucks.com/blog/602/microsoft.xmlhttp?reply=11998
http://www.starbucks.com/blog/602/microsoft.xmlhttp?reply=12153
http://www.starbucks.com/blog/602/microsoft.xmlhttp?reply=12253
http://www.starbucks.com/blog/602/microsoft.xmlhttp?reply=12254
http://www.starbucks.com/blog/introducing-starbucks-mobile-pour/Microsoft.XMLDOM
http://www.starbucks.com/blog/Microsoft.XMLHTTP
http://www.starbucks.com/card/robots.txt
http://www.starbucks.com/_res/flash/xml/snowglobe_config.xml
http://www.starbucks.com/robots.txt
http://www.starbucks.com/===Y.log,nb=
http://www.starbucks.com/===Y.log,qb=
