http://0a5a1c19f.ss0021.smartling.com/robots.txt
http://1e576fe71.ss0011.smartling.com/robots.txt
http://34a1a7fe1.ss0007.smartling.com/robots.txt
http://366063cc0.ss0002.smartling.com/robots.txt
http://3form.sl.smartling.com/robots.txt
http://836d4ebdf.ss0024.smartling.com/robots.txt
http://99ff09bac.ss0024.smartling.com/robots.txt
http://9b0467c6b.ss0016.smartling.com/robots.txt
http://a1806a09b.ss0014.smartling.com/robots.txt
http://a83edc4be.ss0010.smartling.com/robots.txt
http://acb541beb.ss0006.smartling.com/robots.txt
http://ae4e17171.ss0017.smartling.com/robots.txt
http://api.imvu.sl.smartling.com/robots.txt
http://api-reference.smartling.com/robots.txt
http://ar.smartling.com/robots.txt
http://bcf.sl.smartling.com/robots.txt
http://be9039865.ss0010.smartling.com/robots.txt
http://blackstone.sl.smartling.com/robots.txt
http://blog.smartling.com/robots.txt
http://britishairways.ba.sl.smartling.com/robots.txt
http://c0302f3b0.ss.smartling.com/robots.txt
http://c48d88baa.ss0001.smartling.com/robots.txt
http://c89d76999.ss0015.smartling.com/robots.txt
http://canadream.sl.smartling.com/robots.txt
http://cbff8093f.ss0014.smartling.com/robots.txt
http://cdn01.smartling.com/robots.txt
http://ch.surveymonkey.sl.smartling.com/robots.txt
http://chwnc.surveymonkey.sl.smartling.com/robots.txt
http://citymaps.sl.smartling.com/robots.txt
http://cloudera.sl.smartling.com/robots.txt
http://cmsgov.sl.smartling.com/robots.txt
http://cms.smartling.com/robots.txt
http://cn.smartling.com/robots.txt
http://dashboard-cdn.smartling.com/robots.txt
http://db3fdeb27.ss0004.smartling.com/robots.txt
http://de.smartling.com/robots.txt
http://docs.smartling.com:80/atom.xml
http://docs.smartling.com/robots.txt
http://downloads.smartling.com/robots.txt
http://e45e3997a.ss0012.smartling.com/robots.txt
http://ee8e4f9a6.ss0012.smartling.com/robots.txt
http://email.smartling.com/robots.txt
http://ent03.sl.smartling.com/robots.txt
http://entwnc01.sl.smartling.com/robots.txt
http://epiloglaser.sl.smartling.com/robots.txt
http://equinix.sl.smartling.com/robots.txt
http://es.smartling.com/robots.txt
http://f097e2ec8.ss0029.smartling.com/robots.txt
http://fdc31292d.ss0022.smartling.com/robots.txt
http://fr.smartling.com:80/blog/wp-includes/wlwmanifest.xml
http://fr.smartling.com/robots.txt
http://globalreadyuk.smartling.com/robots.txt
http://gopro.sl.smartling.com/robots.txt
http://go.smartling.com/robots.txt
http://hortonworks.sl.smartling.com/robots.txt
http://image.smartling.com/robots.txt
http://imvu.sl.smartling.com/robots.txt
http://info.smartling.com/robots.txt
http://integration02.sl.smartling.com/robots.txt
http://it.smartling.com/robots.txt
http://it-support.smartling.com/robots.txt
http://jcrew.sl.smartling.com/robots.txt
http://jp.smartling.com/robots.txt
http://leafly.sl.smartling.com/robots.txt
http://lp.smartling.com/robots.txt
http://marketing.tradeshift.sl.smartling.com/robots.txt
http://mdn-cdn.smartling.com/robots.txt
http://medium.smartling.com/robots.txt
http://miamiandbeaches.lionbridge.sl.smartling.com/robots.txt
http://myyearbook.sl.smartling.com/robots.txt
http://nl.smartling.com/robots.txt
http://pages.smartling.com:80/robots.txt
http://pantheon.smartling.com/robots.txt
http://pt.smartling.com/robots.txt
http://resource.smartling.com/robots.txt
http://rockstar.sl.smartling.com/robots.txt
http://ru.smartling.com/robots.txt
http://ru.surveymonkey.sl.smartling.com/robots.txt
http://ruwnc.surveymonkey.sl.smartling.com/robots.txt
https://api-reference.smartling.com/spec/api_common.yaml
https://api-reference.smartling.com/spec/translation_quality/account_settings.yaml
https://api-reference.smartling.com/spec/translation_quality/checks/accounts.yaml
https://api-reference.smartling.com/spec/translation_quality/checks/blacklisted_terms.yaml
https://api-reference.smartling.com/spec/translation_quality/checks/emoji_consistency.yaml
https://api-reference.smartling.com/spec/translation_quality/checks/global_capitalisation_consistency.yaml
https://api-reference.smartling.com/spec/translation_quality/checks/glossary_compliance.yaml
https://api-reference.smartling.com/spec/translation_quality/checks/grammar_check.yaml
https://api-reference.smartling.com/spec/translation_quality/checks/insertable_consistency.yaml
https://api-reference.smartling.com/spec/translation_quality/checks/leading_trailing_spaces.yaml
https://api-reference.smartling.com/spec/translation_quality/checks/non_translatable_text.yaml
https://api-reference.smartling.com/spec/translation_quality/checks/number_consistency.yaml
https://api-reference.smartling.com/spec/translation_quality/checks/original_equals_target.yaml
https://api-reference.smartling.com/spec/translation_quality/checks/repeated_word.yaml
https://api-reference.smartling.com/spec/translation_quality/checks/segment_completeness.yaml
https://api-reference.smartling.com/spec/translation_quality/checks/source_in_wrong_language.yaml
https://api-reference.smartling.com/spec/translation_quality/checks/spellcheck.yaml
https://api-reference.smartling.com/spec/translation_quality/checks/tag_consistency.yaml
https://api-reference.smartling.com/spec/translation_quality/checks/tag_validity.yaml
https://api-reference.smartling.com/spec/translation_quality/checks/target_in_wrong_language.yaml
https://api-reference.smartling.com/spec/translation_quality/checks/target_length_limit.yaml
https://api-reference.smartling.com/spec/translation_quality/checks/target_source_consistency.yaml
https://api-reference.smartling.com/spec/translation_quality/checks/trademark_consistency.yaml
https://api-reference.smartling.com/spec/translation_quality/checks/uncategorized.yaml
https://api-reference.smartling.com/spec/translation_quality/checks/whitespaces.yaml
https://api-reference.smartling.com/spec/translation_quality/check_type_severity_level.yaml
https://api-reference.smartling.com/spec/translation_quality/dictionaries.yaml
https://api-reference.smartling.com/spec/translation_quality/examples.yaml
https://api-reference.smartling.com/spec/translation_quality/tqc_check.yaml
https://api-reference.smartling.com/spec/translation_quality/tqc_common.yaml
https://api-reference.smartling.com/swagger.json
https://api.smartling.com/robots.txt
https://dashboard.smartling.com/robots.txt
https://developer.smartling.com/robots.txt
https://docs.smartling.com/download/attachments/327693/android.xml?version=2&modificationDate=1333702096000
https://docs.smartling.com/download/attachments/327693/xliff.xml?version=1&modificationDate=1330473246000
https://downloads.smartling.com/robots.txt
http://secure.imvu.sl.smartling.com/robots.txt
https://express.smartling.com/robots.txt
https://globalready.smartling.com/robots.txt
https://help.smartling.com/api/v2/help_center/en-us/articles/115004201453/stats/view.json
https://help.smartling.com/robots.txt
http://shop.gopro.sl.smartling.com/robots.txt
http://signatures.smartling.com/robots.txt
http://signup.smartling.com/robots.txt
https://info.smartling.com/robots.txt
http://smartling.com:80/robots.txt
http://smartling.sl.smartling.com/robots.txt
https://mdn.smartling.com/robots.txt
https://ondemand.smartling.com/robots.txt
http://spellchecker.smartling.com/robots.txt
http://sproutsocial.sl.smartling.com/robots.txt
http://squarespace.sl.smartling.com/robots.txt
https://reports.smartling.com/robots.txt
https://resource.smartling.com/robots.txt
https://resources.smartling.com/robots.txt
http://ss001-lbsrv.ss.smartling.com/robots.txt
http://ss002-lbsrv.ss.smartling.com/robots.txt
http://ss003-lbsrv.ss.smartling.com/robots.txt
https://sandbox-api.smartling.com/robots.txt
https://s-dashboard.smartling.com/robots.txt
http://s.smartling.com/robots.txt
https://smartling.com/robots.txt
https://sso.smartling.com/robots.txt
https://staging.smartling.com/robots.txt
https://status.smartling.com/robots.txt
http://status.smartling.com:80/metrics-display/8x0yh6jvsfz6/_.json
http://status.smartling.com:80/metrics-display/llxqq67pd7rl/_.json
http://status.smartling.com/robots.txt
https://tech.smartling.com/robots.txt
http://stg.squarespace.sl.smartling.com/robots.txt
https://ti.smartling.com/robots.txt
http://support.smartling.com:80/hc/en-us/article_attachments/200890758/sitemap_example.xml
http://support.smartling.com/robots.txt
http://support.smartling.com/widgets/async.json?user_id=null&v=1.1340390823&controller_name=entries&action_name=show&action_method=get&entry_id=20809373
http://support.smartling.com/widgets/async.json?user_id=null&v=1.1367462954&controller_name=entries&action_name=show&action_method=get&entry_id=23320652
http://support.smartling.com/widgets/async.json?user_id=null&v=1.1367864135&controller_name=entries&action_name=show&action_method=get&entry_id=20696386
http://support.smartling.com/widgets/async.json?user_id=null&v=1.1369434805&controller_name=categories&action_name=show&action_method=get
http://support.smartling.com/widgets/async.json?user_id=null&v=1.1381341221&controller_name=entries&action_name=show&action_method=get&entry_id=20586878
http://support.smartling.com/widgets/async.json?user_id=null&v=1.1381341221&controller_name=entries&action_name=show&action_method=get&entry_id=20587508
http://surveymonkeynet.sl.smartling.com/robots.txt
http://surveymonkey.sl.smartling.com/robots.txt
https://www.smartling.com/favicons/manifest.json
https://www.smartling.com/icons-c3d13abaaee51dd0abe289bd18651e72/manifest.json
https://www.smartling.com/icons-e6ee3cb10d54df3c9ef2b881a81136a0/manifest.json
https://www.smartling.com/page-data/404.html/page-data.json
https://www.smartling.com/page-data/about-us/page-data.json
https://www.smartling.com/page-data/adrian-cohn/page-data.json
https://www.smartling.com/page-data/app-data.json
https://www.smartling.com/page-data/become-a-translator/page-data.json
https://www.smartling.com/page-data/book/page-data.json
https://www.smartling.com/page-data/careers/page-data.json
https://www.smartling.com/page-data/ck-khandekar/page-data.json
https://www.smartling.com/page-data/contact-us/page-data.json
https://www.smartling.com/page-data/covid19/page-data.json
https://www.smartling.com/page-data/excellence-every-touchpoint/page-data.json
https://www.smartling.com/page-data/globalready/page-data.json
https://www.smartling.com/page-data/globalready/webinars/how-lyft-scaled-content-for-8-languages/page-data.json
https://www.smartling.com/page-data/index/page-data.json
https://www.smartling.com/page-data/legal/page-data.json
https://www.smartling.com/page-data/manifesto/page-data.json
https://www.smartling.com/page-data/partners/page-data.json
https://www.smartling.com/page-data/personal-data/page-data.json
https://www.smartling.com/page-data/plans/page-data.json
https://www.smartling.com/page-data/podcasts/locshow/ben-morfoot-gocardless/page-data.json
https://www.smartling.com/page-data/podcasts/locshow/page-data.json
https://www.smartling.com/page-data/podcasts/marketing-tess-whitty/page-data.json
https://www.smartling.com/page-data/podcasts/mont-blanc-cristina-silva/page-data.json
https://www.smartling.com/page-data/podcasts/movetheworldwithwords/german-translation-karen-leube/page-data.json
https://www.smartling.com/page-data/podcasts/movetheworldwithwords/page-data.json
https://www.smartling.com/page-data/podcasts/page-data.json
https://www.smartling.com/page-data/privacy/page-data.json
https://www.smartling.com/page-data/products/analyze/page-data.json
https://www.smartling.com/page-data/products/automate/api/page-data.json
https://www.smartling.com/page-data/products/automate/global-delivery-network/page-data.json
https://www.smartling.com/page-data/products/automate/integrations/page-data.json
https://www.smartling.com/page-data/products/automate/page-data.json
https://www.smartling.com/page-data/products/manage/onboarding-enablement-services/page-data.json
https://www.smartling.com/page-data/products/manage/page-data.json
https://www.smartling.com/page-data/products/manage/project-management/page-data.json
https://www.smartling.com/page-data/products/translate/page-data.json
https://www.smartling.com/page-data/products/translate/translation-interface/page-data.json
https://www.smartling.com/page-data/professional-services/page-data.json
https://www.smartling.com/page-data/resources/101/automated-content-creation/page-data.json
https://www.smartling.com/page-data/resources/101/csa-research-marketflex-for-language-oriented-tms/page-data.json
https://www.smartling.com/page-data/resources/101/csa-research-report-marketflex-for-language-oriented-tms/page-data.json
https://www.smartling.com/page-data/resources/101/how-one-translator-uses-technology-to-travel-back-in-time/page-data.json
https://www.smartling.com/page-data/resources/101/localization-what-it-really-means-for-your-business/page-data.json
https://www.smartling.com/page-data/resources/101/page-data.json
https://www.smartling.com/page-data/resources/101/preparing-your-website-for-translation-pt-1/page-data.json
https://www.smartling.com/page-data/resources/101/saas-tools-sell-globally/page-data.json
https://www.smartling.com/page-data/resources/101/six-ways-transcreation-differs-from-translation/page-data.json
https://www.smartling.com/page-data/resources/101/the-practical-benefits-of-translation-job-automation/page-data.json
https://www.smartling.com/page-data/resources/101/translation-memory-recycling-translations-to-improve-translation-quality-webinar/page-data.json
https://www.smartling.com/page-data/resources/101/what-is-automated-translation/page-data.json
https://www.smartling.com/page-data/resources/101/why-translators-should-adopt-cloud-translation/page-data.json
https://www.smartling.com/page-data/resources/101/why-you-need-to-leverage-linguistic-assets-for-high-quality-on-brand/page-data.json
https://www.smartling.com/page-data/resources/101/why-your-brand-should-already-be-leveraging-translation-memory/page-data.json
https://www.smartling.com/page-data/resources/account-management/page-data.json
https://www.smartling.com/page-data/resources/adobe-experience-manager/page-data.json
https://www.smartling.com/page-data/resources/api/page-data.json
https://www.smartling.com/page-data/resources/b2b/page-data.json
https://www.smartling.com/page-data/resources/blog/page-data.json
https://www.smartling.com/page-data/resources/case-studies/page-data.json
https://www.smartling.com/page-data/resources/case-study/bmj/page-data.json
https://www.smartling.com/page-data/resources/case-study/dazn/page-data.json
https://www.smartling.com/page-data/resources/case-study/page-data.json
https://www.smartling.com/page-data/resources/cloud-translation/page-data.json
https://www.smartling.com/page-data/resources/consumer-goods/page-data.json
https://www.smartling.com/page-data/resources/consumer-web-mobile/page-data.json
https://www.smartling.com/page-data/resources/contentful/page-data.json
https://www.smartling.com/page-data/resources/drupal/page-data.json
https://www.smartling.com/page-data/resources/ebook/page-data.json
https://www.smartling.com/page-data/resources/ecommerce/page-data.json
https://www.smartling.com/page-data/resources/features/page-data.json
https://www.smartling.com/page-data/resources/financial-services/page-data.json
https://www.smartling.com/page-data/resources/get-started/page-data.json
https://www.smartling.com/page-data/resources/global-delivery-network/page-data.json
https://www.smartling.com/page-data/resources/government-and-non-profit/page-data.json
https://www.smartling.com/page-data/resources/hospitality/page-data.json
https://www.smartling.com/page-data/resources/human-translation/page-data.json
https://www.smartling.com/page-data/resources/integrations/page-data.json
https://www.smartling.com/page-data/resources/it/page-data.json
https://www.smartling.com/page-data/resources/language-services/page-data.json
https://www.smartling.com/page-data/resources/lifestyle/page-data.json
https://www.smartling.com/page-data/resources/machine-translation/page-data.json
https://www.smartling.com/page-data/resources/manufacturing/page-data.json
https://www.smartling.com/page-data/resources/optimize/page-data.json
https://www.smartling.com/page-data/resources/page-data.json
https://www.smartling.com/page-data/resources/platinum-support/page-data.json
https://www.smartling.com/page-data/resources/press-release/page-data.json
https://www.smartling.com/page-data/resources/product-brief/page-data.json
https://www.smartling.com/page-data/resources/product/building-multi-architecture-docker-images-on-arm-64-bit-aws-graviton2/page-data.json
https://www.smartling.com/page-data/resources/product/did-you-really-mean-to-say-that/page-data.json
https://www.smartling.com/page-data/resources/product/page-data.json
https://www.smartling.com/page-data/resources/product/quality-check-profiles-safeguards-tailored-for-your-translations/page-data.json
https://www.smartling.com/page-data/resources/product/smartlings-quick-guide-to-updating-your-linguistic-assets/page-data.json
https://www.smartling.com/page-data/resources/product/visual-context-for-translation-solution-guide/page-data.json
https://www.smartling.com/page-data/resources/professional-services/page-data.json
https://www.smartling.com/page-data/resources/publicity/page-data.json
https://www.smartling.com/page-data/resources/sitecore/page-data.json
https://www.smartling.com/page-data/resources/today/5-reasons-to-attend-the-smartling-global-ready-tm-conference/page-data.json
https://www.smartling.com/page-data/resources/today/canadream-launches-multilingual-website-and-booking-engine-using-smartling/page-data.json
https://www.smartling.com/page-data/resources/today/cloudflare-and-smartling-team-up/page-data.json
https://www.smartling.com/page-data/resources/today/cloudflare-offers-smartling-translation-delivery-network-as-new-service/page-data.json
https://www.smartling.com/page-data/resources/today/dashlane-banks-on-Smartling-to-translate-its-secure-password-management/page-data.json
https://www.smartling.com/page-data/resources/today/defining-a-culture-of-growth/page-data.json
https://www.smartling.com/page-data/resources/today/dogs-of-smartling/page-data.json
https://www.smartling.com/page-data/resources/today/exacttarget-co-founder-peter-mccormick-joins-smartling's-board-of-directors/page-data.json
https://www.smartling.com/page-data/resources/today/five-reasons-you-should-attend-the-global-ready-translation-summit/page-data.json
https://www.smartling.com/page-data/resources/today/get-satisfaction-and-smartling-join-efforts-to-build-global-community/page-data.json
https://www.smartling.com/page-data/resources/today/global-brands-trust-smartling-to-manage-localization-at-scale/page-data.json
https://www.smartling.com/page-data/resources/today/global-marketers-can-achieve-252-percent-return-investment-translation-technology/page-data.json
https://www.smartling.com/page-data/resources/today/gopro-taps-smartling/page-data.json
https://www.smartling.com/page-data/resources/today/growing-up-in-sales-and-parenthood/page-data.json
https://www.smartling.com/page-data/resources/today/hitting-the-books-smartlings-story-based-marketing/page-data.json
https://www.smartling.com/page-data/resources/today/introducing-the-new-smartling-experience/page-data.json
https://www.smartling.com/page-data/resources/today/jack-welde-locworld37-warsaw/page-data.json
https://www.smartling.com/page-data/resources/today/join-us/page-data.json
https://www.smartling.com/page-data/resources/today/majority-of-marketers-arent-targeting-multilingual-audiences-leading-to-missed-growth-opportunities-worldwide/page-data.json
https://www.smartling.com/page-data/resources/today/my-best-career-move-joining-smartling/page-data.json
https://www.smartling.com/page-data/resources/today/nearly-70-percent-of-u-s-content-marketers-are-attempting-to-engage-with/page-data.json
https://www.smartling.com/page-data/resources/today/new-smartling-awards-program-recognizes-translator-excellence2/page-data.json
https://www.smartling.com/page-data/resources/today/new-smartling-integration-enables-global-brands-to-tap-into-ibm-watson-language-translator/page-data.json
https://www.smartling.com/page-data/resources/today/new-smartling-mobile-delivery-network-solves-android-and-ios-mobile-app/page-data.json
https://www.smartling.com/page-data/resources/today/our-story-through-the-lens-of-film/page-data.json
https://www.smartling.com/page-data/resources/today/page-data.json
https://www.smartling.com/page-data/resources/today/press-release-kunal-sarda/page-data.json
https://www.smartling.com/page-data/resources/today/press-release-smartling-announces-global-ready-conference-2019/page-data.json
https://www.smartling.com/page-data/resources/today/smartling-acquires-jargon-transforms-mobile-app-localization-for-global/page-data.json
https://www.smartling.com/page-data/resources/today/smartling-acquires-shark-tank-alumnus-verbalizeit-expand-multimedia-translation-capabilities/page-data.json
https://www.smartling.com/page-data/resources/today/smartling-adds-document-translation-to-cloud-based-platform-offers-one-stop/page-data.json
https://www.smartling.com/page-data/resources/today/smartling-and-adweek-to-co-host-webinar-on-content-strategies-for-global/page-data.json
https://www.smartling.com/page-data/resources/today/smartling-and-contentful-partner-to-deliver-built-in-translation/page-data.json
https://www.smartling.com/page-data/resources/today/smartling-and-surveymonkey-to-speak-at-localization-world/page-data.json
https://www.smartling.com/page-data/resources/today/smartling-and-total-retail-to-host-webinar-on-creating-native-brand/page-data.json
https://www.smartling.com/page-data/resources/today/smartling-annoucnes-wordpress-wpml-plugin/page-data.json
https://www.smartling.com/page-data/resources/today/smartling-announces-2019-merger-and-acquisition-strategy/page-data.json
https://www.smartling.com/page-data/resources/today/smartling-announces-2020-global-ready-events/page-data.json
https://www.smartling.com/page-data/resources/today/smartling-announces-european-customer-award-program-winners/page-data.json
https://www.smartling.com/page-data/resources/today/smartling-announces-expanded-automation-capabilities-at-global-ready/page-data.json
https://www.smartling.com/page-data/resources/today/smartling-announces-global-ready-conference-tm-keynote-speakers/page-data.json
https://www.smartling.com/page-data/resources/today/smartling-announces-north-american-customer-award-program-winners/page-data.json
https://www.smartling.com/page-data/resources/today/smartling-announces-strongest-annual-performance-in-company's-history/page-data.json
https://www.smartling.com/page-data/resources/today/smartling-announces-translation-connector-for-sap-hybris-commerce-solution/page-data.json
https://www.smartling.com/page-data/resources/today/smartling-appoints-adi-dehejia-as-chief-financial-officer/page-data.json
https://www.smartling.com/page-data/resources/today/smartling-appoints-judd-marcello-as-vp-of-marketing/page-data.json
https://www.smartling.com/page-data/resources/today/smartling-awarded-fastech-favorite-at-prestigious-dow-jones-venturewire/page-data.json
https://www.smartling.com/page-data/resources/today/smartling-becomes-platinum-sponsor-of-translators-without-borders/page-data.json
https://www.smartling.com/page-data/resources/today/smartling-ceo-jack-welde-to-keynote-win-and-atc-annual-conferences/page-data.json
https://www.smartling.com/page-data/resources/today/smartling-ceo-jack-welde-to-participate-in-invitation-only-wsjdlive/page-data.json
https://www.smartling.com/page-data/resources/today/smartling-chosen-by-cioreview-as-one-of-20-most-promising-textile-and/page-data.json
https://www.smartling.com/page-data/resources/today/smartling-closes-usd25-million-in-funding-as-demand-soars-for-its-business/page-data.json
https://www.smartling.com/page-data/resources/today/smartling-debuts-move-the-world-with-words-podcast-at-american-translators/page-data.json
https://www.smartling.com/page-data/resources/today/smartling-debuts-move-the-world-with-words-tm-at-global-readytm-conference/page-data.json
https://www.smartling.com/page-data/resources/today/smartling-debuts-partner-program-enabling-translation-providers-to-easily/page-data.json
https://www.smartling.com/page-data/resources/today/smartling-deepens-integration-with-yext-for-easy-translation-of-online/page-data.json
https://www.smartling.com/page-data/resources/today/smartling-exhibiting-at-locworld40-portugal/page-data.json
https://www.smartling.com/page-data/resources/today/smartling-expands-executive-team-to-support-accelerated-growth-adds-chief/page-data.json
https://www.smartling.com/page-data/resources/today/smartling-expands-referral-partner-program-with-new-preferred-partner-tier/page-data.json
https://www.smartling.com/page-data/resources/today/smartling-extends-global-reach-for-three-new-customers-twilio-shutterstock/page-data.json
https://www.smartling.com/page-data/resources/today/smartling-global-ready-tm-conferences-2018-that's-a-wrap/page-data.json
https://www.smartling.com/page-data/resources/today/smartling-grows-enterprise-customer-roster-accelerates-global-expansion-for/page-data.json
https://www.smartling.com/page-data/resources/today/smartling-helps-name-com-accelerate-growth-in-international-markets-and/page-data.json
https://www.smartling.com/page-data/resources/today/smartling-hosts-global-ready-bootcamps-coast-to-coast-to-help-brands-shape/page-data.json
https://www.smartling.com/page-data/resources/today/smartling-launches-big-data-approach-to-translation-quality-management/page-data.json
https://www.smartling.com/page-data/resources/today/smartling-launches-sitecore-translation-connector-for-customer-experience/page-data.json
https://www.smartling.com/page-data/resources/today/smartling-named-one-of-the-best-companies-to-work-for-by-built-in-nyc/page-data.json
https://www.smartling.com/page-data/resources/today/smartling-named-one-of-the-top-marketing-tools-of-2014-by-smart-selling/page-data.json
https://www.smartling.com/page-data/resources/today/smartling-named-to-deloitte's-technology-fast-500-ranking-tm/page-data.json
https://www.smartling.com/page-data/resources/today/Smartling-named-to-econtent-100-list-of-the-companies-that-matter-most-in/page-data.json
https://www.smartling.com/page-data/resources/today/smartling-named-to-econtent-magazine's-list-of-the-top-100-companies-that/page-data.json
https://www.smartling.com/page-data/resources/today/smartling-named-top-translation-management-software-in-g2's-summer-2019/page-data.json
https://www.smartling.com/page-data/resources/today/Smartling-Named-to-VentureWire-FASTech-50-Most/page-data.json
https://www.smartling.com/page-data/resources/today/smartling-names-kevin-cohn-vice-president-of-operations/page-data.json
https://www.smartling.com/page-data/resources/today/smartling-now-lets-any-sized-online-business-go-multilingual/page-data.json
https://www.smartling.com/page-data/resources/today/smartling-officially-launches-u-k-presence-with-kick-off-event-for-local/page-data.json
https://www.smartling.com/page-data/resources/today/smartling-opens-new-dublin-office/page-data.json
https://www.smartling.com/page-data/resources/today/smartling-partners-with-barton-health-to-launch-new-spanish-website/page-data.json
https://www.smartling.com/page-data/resources/today/smartling-promotes-ani-obermeier-to-vice-president-of-marketing/page-data.json
https://www.smartling.com/page-data/resources/today/smartling-provides-internationalization-and-localization-ios-plurals/page-data.json
https://www.smartling.com/page-data/resources/today/smartling-raises-usd10-million-to-make-every-website-multilingual/page-data.json
https://www.smartling.com/page-data/resources/today/smartling-ranked-1-market-leader-by-common-sense-advisory/page-data.json
https://www.smartling.com/page-data/resources/today/smartling-ranks-no-132-on-deloitte's-technology-fast-500/page-data.json
https://www.smartling.com/page-data/resources/today/smartling-recognized-by-econtent-magazine-as-one-of-top-100-companies-that/page-data.json
https://www.smartling.com/page-data/resources/today/smartling-releases-certified-translation-cartridge-for-demandware-commerce/page-data.json
https://www.smartling.com/page-data/resources/today/smartling-releases-move-the-world-with-words-book-at-global-ready/page-data.json
https://www.smartling.com/page-data/resources/today/smartling-reports-its-best-year-yet/page-data.json
https://www.smartling.com/page-data/resources/today/smartling-reports-record-year-adds-100-new-customers-in-2019/page-data.json
https://www.smartling.com/page-data/resources/today/smartling-secures-ususd4-million-in-first-funding-round-led-by-venrock/page-data.json
https://www.smartling.com/page-data/resources/today/smartling's-nataly-kelly-named-direct-marketing-news-40-under-40-award/page-data.json
https://www.smartling.com/page-data/resources/today/smartling's-ultimate-gift-guide/page-data.json
https://www.smartling.com/page-data/resources/today/smartling-to-co-present-with-customers-pinterest-hoteltonight-imvu-and/page-data.json
https://www.smartling.com/page-data/resources/today/smartling-to-host-webinar-on-multilingual-content-strategies-that-enable/page-data.json
https://www.smartling.com/page-data/resources/today/smartling-to-present-a-three-part-series-on-translation-inbound-2014/page-data.json
https://www.smartling.com/page-data/resources/today/smartling-to-present-at-localization-world-dublin-2014/page-data.json
https://www.smartling.com/page-data/resources/today/smartling-to-present-on-cloud-technology-and-translation-at-techweek-new/page-data.json
https://www.smartling.com/page-data/resources/today/smartling-to-present-on-globalization-and-localization-at-the-gilbane/page-data.json
https://www.smartling.com/page-data/resources/today/smartling-to-present-on-growing-a-global-business-at-etail-east-2014/page-data.json
https://www.smartling.com/page-data/resources/today/smartling-to-share-best-practices-on-taking-content-global-at-content/page-data.json
https://www.smartling.com/page-data/resources/today/smartling-to-showcase-language-translation-technology-at-adobe-summit-2017/page-data.json
https://www.smartling.com/page-data/resources/today/smartling-translation-platform-deepens-integration-with-new-adobe-creative/page-data.json
https://www.smartling.com/page-data/resources/today/smartling-translation-software-platform-now-includes-custom-workflows-to/page-data.json
https://www.smartling.com/page-data/resources/today/smartling-unveils-keynote-lineup-for-global-ready-tm-conference-2018/page-data.json
https://www.smartling.com/page-data/resources/today/smartling-unveils-translation-connector-for-adobe-experience-manager-6-1/page-data.json
https://www.smartling.com/page-data/resources/today/smartling-unveils-translation-connector-for-hubspot-at-inbound-2015/page-data.json
https://www.smartling.com/page-data/resources/today/smartling-upgrades-cloud-based-translation-management-platform-agile/page-data.json
https://www.smartling.com/page-data/resources/today/smartling-wins-gold-and-silver-in-best-in-biz-awards-2017/page-data.json
https://www.smartling.com/page-data/resources/today/smartling-wins-gold-in-2015-stevie-awards-for-sales-and-customer-service/page-data.json
https://www.smartling.com/page-data/resources/today/the-case-for-culture/page-data.json
https://www.smartling.com/page-data/resources/today/translation-industry-veteran-gavin-grimes-joins-smartlings-leadership-team/page-data.json
https://www.smartling.com/page-data/resources/today/traveling-the-world-with-smartling-my-experience-working-on-move-the-world/page-data.json
https://www.smartling.com/page-data/resources/today/what-does-shake-shack-have-to-do-with-software-sales/page-data.json
https://www.smartling.com/page-data/resources/today/why-we-give-to-translators-without-borders/page-data.json
https://www.smartling.com/page-data/resources/today/working-towards-a-connected-world-our-q-and-a-with-translators-without/page-data.json
https://www.smartling.com/page-data/resources/transcreation/page-data.json
https://www.smartling.com/page-data/resources/video/page-data.json
https://www.smartling.com/page-data/resources/webinar/page-data.json
https://www.smartling.com/page-data/resources/websites-and-web-applications/page-data.json
https://www.smartling.com/page-data/resources/wordpress/page-data.json
https://www.smartling.com/page-data/sample-translation-rfp/page-data.json
https://www.smartling.com/page-data/security/page-data.json
https://www.smartling.com/page-data/software/CAT-tool/page-data.json
https://www.smartling.com/page-data/software/global-delivery-network/page-data.json
https://www.smartling.com/page-data/software/page-data.json
https://www.smartling.com/page-data/software/transcreation-tool/page-data.json
https://www.smartling.com/page-data/software/translation-management-system/page-data.json
https://www.smartling.com/page-data/translation-memory/page-data.json
https://www.smartling.com/page-data/translation-services/translators/page-data.json
https://www.smartling.com/page-data/translators/daniel/page-data.json
https://www.smartling.com/page-data/translators/jean-francois/page-data.json
https://www.smartling.com/page-data/translators/maria/page-data.json
https://www.smartling.com/page-data/translators/nao/page-data.json
https://www.smartling.com/page-data/translators/oana/page-data.json
https://www.smartling.com/page-data/translators/page-data.json
https://www.smartling.com/page-data/translators/silvan/page-data.json
https://www.smartling.com/page-data/translators/taner/page-data.json
https://www.smartling.com/page-data/translators/teresa/page-data.json
https://www.smartling.com/page-data/verbalizeit/page-data.json
https://www.smartling.com/page-data/why-smartling/page-data.json
https://www.smartling.com/robots.txt
https://www.smartling.com/static/d/299/path---resources-blog-six-ways-transcreation-differs-from-translation-c-6-e-6fb-rr8nupALXt9mLLcqdT2NUg73aU.json
https://www.smartling.com/static/d/314/path---index-6a9-9G6uGvWm2qJJHfbth2tnJ8VGcq4.json
https://www.smartling.com/static/d/34/path---products-manage-94-c-acb-NZuapzHg3X9TaN1iIixfv1W23E.json
https://www.smartling.com/static/d/371/path---contact-us-110-75b-NZuapzHg3X9TaN1iIixfv1W23E.json
https://www.smartling.com/static/d/38/path---privacy-06-e-82f-bE3W5rMdBMy3vN2tP6KiINIXQWU.json
https://www.smartling.com/static/d/426/path---index-6a9-J4RKlBzMBL51Z8n94DCvq6PU9o.json
https://www.smartling.com/static/d/464/path---security-458-336-4vEDSxSFk5bO8tGM2nkFKWiPbM.json
https://www.smartling.com/static/d/498/path---blog-f-7-a-05d-pYo1Ke5W170ibdxWqRtdAAzCQPQ.json
https://www.smartling.com/static/d/565/path---resources-press-smartling-exhibiting-at-locworld-40-portugal-549-bc5-uY6hAeymxrfWl0nPzX0hxRE.json
https://www.smartling.com/static/d/627/path---resources-press-press-release-smartling-announces-global-ready-conference-2019-6-fe-ef7-Q72eQePMjPzv2ODVahTsO34nao.json
https://www.smartling.com/static/d/661/path---resources-fb-7-e03-E81BPZSXJjCbEKyN4wOF76I.json
https://www.smartling.com/static/d/666/path---index-6a9-LNH26VACEPIRSH1gxaR8yTLM38.json
https://www.smartling.com/static/d/709/path---why-smartling-143-1f8-NZuapzHg3X9TaN1iIixfv1W23E.json
https://www.smartling.com/static/d/745/path---careers-9-cf-41d-NZuapzHg3X9TaN1iIixfv1W23E.json
https://www.smartling.com/static/d/786/path---resources-101-the-current-state-of-machine-translation-in-2019-8-d-8-ebe-E2TKqlHm8wKCjmVmVzef8V43Bg.json
https://www.smartling.com/static/d/805/path---about-us-2-d-6-e3a-x1hVm2qpGzpqTJzH6puLl19N5U.json
http://teavana.sl.smartling.com/robots.txt
http://tech.smartling.com:80/robots.txt
http://test1.surveymonkey.sl.smartling.com/robots.txt
http://tools.smartling.com/robots.txt
http://tr1.sl.smartling.com/robots.txt
http://tradeshift.sl.smartling.com/robots.txt
http://translate.smartling.com/robots.txt
http://twilio.sl.smartling.com/robots.txt
http://us-east.gopro.sl.smartling.com/robots.txt
http://us-east.rockstar.sl.smartling.com/robots.txt
http://us-west.shop.gopro.sl.smartling.com/robots.txt
http://us-west.surveymonkey.sl.smartling.com/robots.txt
http://vpartsinc.sl.smartling.com/robots.txt
http://wlbs.smartling.com/robots.txt
http://w.smartling.com/robots.txt
http://wwwj.smartling.com/robots.txt
http://www.smartling.com:80/blog/wp-includes/wlwmanifest.xml
http://www.smartling.com:80/sitemap.xml
http://www.smartling.com/&&a.target.tagName!==
http://www.smartling.com/.loginFlyout
http://www.smartling.com/.loginFlyoutButton
http://www.smartling.com/Microsoft.XMLDOM
http://www.smartling.com/robots.txt
http://www.smartling.com/wp-includes/wlwmanifest.xml
