http://cn.smartling.com:80/static/pdf/smartling-case-study-surveymonkey.pdf
http://cn.smartling.com/static/pdf/EvaluationGuide.pdf
http://de.smartling.com/static/pdf/EvaluationGuide.pdf
http://es.smartling.com/static/pdf/EvaluationGuide.pdf
http://fr.smartling.com:80/static/pdf/Smartling-Numbers-Infographic.pdf
http://fr.smartling.com/static/pdf/EvaluationGuide.pdf
http://go.smartling.com/l/25512/2015-01-31/jswlh/25512/67936/Corporate_Overview.pdf
http://info.smartling.com/hubfs/PDFs/Smartling_eBook_ModernMarketer.pdf?t=1439574345339
http://info.smartling.com/hubfs/Smartling-eBook-Translate-or-Pay-the-Price-Dec2014.pdf?t=1439574345339
http://it.smartling.com:80/static/pdf/Smartling-CaseStudy-Kionix.pdf
http://it.smartling.com:80/static/pdf/Smartling-CaseStudy-MeetMe.pdf
http://it.smartling.com:80/static/pdf/smartling-case-study-surveymonkey.pdf
http://it.smartling.com/static/pdf/EvaluationGuide.pdf
http://jp.smartling.com/static/pdf/EvaluationGuide.pdf
http://nl.smartling.com/static/pdf/EvaluationGuide.pdf
http://pt.smartling.com/static/pdf/EvaluationGuide.pdf
http://support.smartling.com:80/hc/en-us/article_attachments/200121566/20131003_Translator_Glossary_v1.0.pdf
http://support.smartling.com:80/hc/en-us/article_attachments/200483763/glossary_template.xlsx
http://support.smartling.com:80/hc/en-us/article_attachments/200528023/Translator_Getting_Started.pdf
http://support.smartling.com:80/hc/en-us/article_attachments/200666887/Manage_Users_v2.0.pdf
http://support.smartling.com:80/hc/en-us/article_attachments/200820777/Manage_Strings.pdf
http://support.smartling.com:80/hc/en-us/article_attachments/200885148/Best_practice_Translation_Memory.pdf
http://support.smartling.com:80/hc/en-us/article_attachments/201419353/Getting_Ready_to_Localize_your_App_V1.0.pdf
http://support.smartling.com:80/hc/en-us/article_attachments/201419843/Smartling_Quick_Start_Guide.pdf
http://support.smartling.com:80/hc/en-us/article_attachments/201504537/Stringssegmentsandsnippets.pdf
https://www.smartling.com/wp-content/uploads/2014/09/Smartling_CaseStudy_HotelTonight.pdf
https://www.smartling.com/wp-content/uploads/2014/09/Smartling_CaseStudy_Kionix.pdf
https://www.smartling.com/wp-content/uploads/2014/09/Smartling_ContentMeetGoogleExpectations1.pdf
https://www.smartling.com/wp-content/uploads/2014/09/Smartling_eBook_BackToSchoolAroundTheWorld1.pdf
https://www.smartling.com/wp-content/uploads/2014/09/Smartling_eBook_GettingStartedWithGamingLocalization2.pdf
https://www.smartling.com/wp-content/uploads/2014/09/Smartling_eBook_The50MostBeautifulWordsInTheIrishLanguage1.pdf
https://www.smartling.com/wp-content/uploads/2014/09/Smartling_Infographic_100WaysToSayRunInSpanish1.pdf
https://www.smartling.com/wp-content/uploads/2014/09/Smartling_Infographic_FashionTerminologyTimeline1.pdf
https://www.smartling.com/wp-content/uploads/2014/09/Smartling_Infographic_SayHelloToTheGlobalWeb1.pdf
https://www.smartling.com/wp-content/uploads/2014/09/Smartling_Infographic_ThePowerOfTheUSLatinoMarket1.pdf
https://www.smartling.com/wp-content/uploads/2014/09/Smartling_Insight_BitsBytesAndAGrowingGlobalSoftwareMarket1.pdf
https://www.smartling.com/wp-content/uploads/2014/09/Smartling_Insight_ForeignStudentsAndTheOnlineLearningExperience1.pdf
https://www.smartling.com/wp-content/uploads/2014/09/Smartling_Insight_GlobalSEORequiresProfessionalHumanTranslation1.pdf
https://www.smartling.com/wp-content/uploads/2014/09/Smartling_Insight_LinkingToCountrySpecificPagesOptimizesGlobalSEO1.pdf
https://www.smartling.com/wp-content/uploads/2014/09/Smartling_Insight_LocalizingYourMobileAppIsGoodForBusiness.pdf
https://www.smartling.com/wp-content/uploads/2014/09/Smartling_Insight_TheImportanceOfVendorNeutralTranslationTechnology1.pdf
https://www.smartling.com/wp-content/uploads/2014/09/Smartling_Insight_TheLanguageOpportunity1.pdf
https://www.smartling.com/wp-content/uploads/2014/09/Smartling_Insight_WhyTranslationMemoryMattersAndWhyYouShouldOwnIt1.pdf
https://www.smartling.com/wp-content/uploads/2014/09/Smartling_ProductBrief_GlobalDeliveryNetwork1.pdf
https://www.smartling.com/wp-content/uploads/2014/09/Smartling_ProductBrief_TranslationManagementSystem1.pdf
https://www.smartling.com/wp-content/uploads/2014/12/Smartling-50-Shades-eBook.pdf
https://www.smartling.com/wp-content/uploads/2014/12/Smartling_The-Global-Nature-of-Manufacturing_v20140521.1.pdf
https://www.smartling.com/wp-content/uploads/pdf/Smartling_Guide_SelectingTheBestTranslationOptionsForYourBusiness.pdf
http://www.smartling.com:80/static/new-pdf/IG_100_Ways_to_Say_Run_in_Spanish.pdf
http://www.smartling.com:80/static/new-pdf/IG_Say_Hello_to_the_Global_Web.pdf
http://www.smartling.com:80/static/new-pdf/Smartling_CaseStudy_HotelTonight.pdf
http://www.smartling.com:80/static/new-pdf/Smartling_CaseStudy_Kionix.pdf
http://www.smartling.com:80/static/new-pdf/Smartling_CaseStudy_MeetMe.pdf
http://www.smartling.com:80/static/new-pdf/Smartling_CaseStudy_NiceLabel.pdf
http://www.smartling.com:80/static/new-pdf/Smartling_CaseStudy_SurveyMonkey.pdf
http://www.smartling.com:80/static/new-pdf/Smartling_CS_MeetMe_v20140519.1.pdf
http://www.smartling.com:80/static/new-pdf/Smartling_CS_SurveyMonkey_v20140519.1.pdf
http://www.smartling.com:80/static/new-pdf/Smartling_GBI_Involving_Bilingual_Staff.pdf
http://www.smartling.com:80/static/new-pdf/Smartling_GBI_Localizing_Your_Mobile_App.pdf
http://www.smartling.com:80/static/new-pdf/Smartling_GBI_The_Language_Opportunity.pdf
http://www.smartling.com:80/static/new-pdf/Smartling_GBI_The_Missing_Layer_in_your_Technology_Stack.pdf
http://www.smartling.com:80/static/new-pdf/Smartling_GBI_Translation_Memory.pdf
http://www.smartling.com:80/static/new-pdf/Smartling_GBI_Vendor_Neutral_Technology.pdf
http://www.smartling.com:80/static/new-pdf/SmartlingGlobalDeliveryNetwork.pdf
http://www.smartling.com:80/static/new-pdf/Smartling_Guide_Global_UX.pdf
http://www.smartling.com:80/static/new-pdf/Smartling_Guide_Selecting_the_Best_Translation_Options_for_Your_Business.pdf
http://www.smartling.com:80/static/new-pdf/Smartling_ProductBrief_GlobalDeliveryNetwork.pdf
http://www.smartling.com:80/static/new-pdf/SmartlingTranslationManagementSystem.pdf
http://www.smartling.com:80/static/pdf/brands_and_localization.pdf
http://www.smartling.com:80/static/pdf/CS_Foursquare.pdf
http://www.smartling.com:80/static/pdf/EvaluationGuide.pdf
http://www.smartling.com:80/static/pdf/Smartling-CaseStudy-Foursquare.pdf
http://www.smartling.com:80/static/pdf/Smartling_CaseStudy_HotelTonight.pdf
http://www.smartling.com:80/static/pdf/Smartling-CaseStudy-Kionix.pdf
http://www.smartling.com:80/static/pdf/Smartling_CaseStudy_Kionix.pdf
http://www.smartling.com:80/static/pdf/Smartling-CaseStudy-MeetMe.pdf
http://www.smartling.com:80/static/pdf/Smartling_CaseStudy_MeetMe.pdf
http://www.smartling.com:80/static/pdf/Smartling_CaseStudy_NiceLabel.pdf
http://www.smartling.com:80/static/pdf/Smartling_CaseStudy_SurveyMonkey.pdf
http://www.smartling.com:80/static/pdf/Smartling_CaseStudy_Vimeo.pdf
http://www.smartling.com:80/static/pdf/Smartling_ContentMeetGoogleExpectations.pdf
http://www.smartling.com:80/static/pdf/Smartling_eBook_34TipsAndTricksForImprovingTranslationEfficiency.pdf
http://www.smartling.com:80/static/pdf/Smartling_eBook_TheUltimateGuideToInternationalSEO.pdf
http://www.smartling.com:80/static/pdf/Smartling_eBook_TranslationWithoutTheHeadaches.pdf
http://www.smartling.com:80/static/pdf/Smartling_GlobalContentROIWorksheet.pdf
http://www.smartling.com:80/static/pdf/Smartling_Guide_CreatingAnOptimalUserExperienceForGlobalWebsiteVisitors.pdf
http://www.smartling.com:80/static/pdf/Smartling_Guide_SelectingTheBestTranslationOptionsForYourBusiness.pdf
http://www.smartling.com:80/static/pdf/Smartling_Infographic_100WaysToSayRunInSpanish.pdf
http://www.smartling.com:80/static/pdf/Smartling_Infographic_SayHelloToTheGlobalWeb.pdf
http://www.smartling.com:80/static/pdf/Smartling_Insight_InvolvingBilingualStaffInTheTranslationReviewProcess.pdf
http://www.smartling.com:80/static/pdf/Smartling_Insight_LanguageTheMissingPieceInYourMarketingTechnologyStack.pdf
http://www.smartling.com:80/static/pdf/Smartling_Insight_LinkingToCountrySpecificPagesOptimizesGlobalSEO.pdf
http://www.smartling.com:80/static/pdf/Smartling_Insight_LocalizingYourMobileAppIsGoodForBusiness.pdf
http://www.smartling.com:80/static/pdf/Smartling_Insight_TheImportanceOfVendorNeutralTranslationTechnology.pdf
http://www.smartling.com:80/static/pdf/Smartling_Insight_TheLanguageOpportunity.pdf
http://www.smartling.com:80/static/pdf/Smartling_Insight_WhyTranslationMemoryMattersAndWhyYouShouldOwnIt.pdf
http://www.smartling.com:80/static/pdf/Smartling_LanguageofLove_infographic.pdf
http://www.smartling.com:80/static/pdf/Smartling-MobileBestPractices.pdf
http://www.smartling.com:80/static/pdf/Smartling_Overview_Brochure.pdf
http://www.smartling.com:80/static/pdf/Smartling-Paltalk-CaseStudy.pdf
http://www.smartling.com:80/static/pdf/Smartling_ProductBrief_GlobalDeliveryNetwork.pdf
http://www.smartling.com:80/static/pdf/Smartling_ProductBrief_TranslationManagementSystem.pdf
http://www.smartling.com:80/static/pdf/whitepaper.pdf
http://www.smartling.com/static/pdf/communityandtranslation-whitepaper.pdf
http://www.smartling.com/static/pdf/Eg_RetailBestPractices_smartling.pdf
http://www.smartling.com/static/pdf/HowToPrepareWebsite_White_Paper.pdf
http://www.smartling.com/static/pdf/Smartling_CaseStudy_Foursquare.pdf
http://www.smartling.com/static/pdf/smartling-case-study-surveymonkey.pdf
http://www.smartling.com/static/pdf/Smartling_eBook_GettingStartedWithGamingLocalization.pdf
http://www.smartling.com/static/pdf/Smartling_eBook_The50MostBeautifulWordsInTheIrishLanguage.pdf
http://www.smartling.com/static/pdf/Smartling_Infographic_FashionTerminologyTimeline.pdf
http://www.smartling.com/static/pdf/Smartling_Infographic_IveGotYourNumber.pdf
http://www.smartling.com/static/pdf/Smartling_Infographic_ThePowerOfTheUSLatinoMarket.pdf
http://www.smartling.com/static/pdf/Smartling_Insight_BitsBytesAndAGrowingGlobalSoftwareMarket.pdf
http://www.smartling.com/static/pdf/Smartling_Insight_ForeignStudentsAndTheOnlineLearningExperience.pdf
http://www.smartling.com/static/pdf/Smartling_Insight_GlobalSEORequiresProfessionalHumanTranslation.pdf
http://www.smartling.com/static/pdf/Smartling_Insight_TheGlobalNatureOfManufacturing.pdf
http://www.smartling.com/static/pdf/Smartling-Numbers-Infographic.pdf
http://www.smartling.com/static/pdf/Smartling_ReferralPartnerProgramAgreement.pdf
http://www.smartling.com/static/pdf/Smartling_ReferralPartnerProgram.pdf
http://www.smartling.com/wp-content/uploads/pdf/smartling-casestudy-kionix.pdf
http://www.smartling.com/wp-content/uploads/pdf/Smartling_CaseStudy_SurveyMonkey.pdf
http://www.smartling.com/wp-content/uploads/pdf/Smartling_eBook_GettingStartedWithGamingLocalization.pdf
http://www.smartling.com/wp-content/uploads/pdf/Smartling_Infographic_ThePowerOfTheUSLatinoMarket.pdf
http://www.smartling.com/wp-content/uploads/pdf/Smartling_Insight_WhyTranslationMemoryMattersAndWhyYouShouldOwnIt.pdf
