http://blog.hellosign.com:80/10-mistakes-to-avoid-when-building-your-api/?imm_mid=FUZZ&0ea1c2=FUZZ&cmp=FUZZ
http://blog.hellosign.com:80/?p=FUZZ
http://blog.hellosign.com:80/?s=FUZZ
http://blog.hellosign.com:80/wp-json/oembed/1.0/embed?url=FUZZ
http://blog.hellosign.com:80/wp-json/oembed/1.0/embed?url=FUZZ&http%3A%2F%2Fblog.hellosign.com%2F10-mistakes-to-avoid-when-building-your-api%2F=FUZZ&format=FUZZ
http://blog.hellosign.com:80/wp-json/oembed/1.0/embed?url=FUZZ&http%3A%2F%2Fblog.hellosign.com%2F2015-end-of-year-review%2F=FUZZ&format=FUZZ
http://blog.hellosign.com:80/wp-json/oembed/1.0/embed?url=FUZZ&http%3A%2F%2Fblog.hellosign.com%2F3-key-takeaways-from-our-5-ways-to-increase-revenue-by-changing-your-workflows-webinar%2F=FUZZ&format=FUZZ
http://blog.hellosign.com:80/wp-json/oembed/1.0/embed?url=FUZZ&http%3A%2F%2Fblog.hellosign.com%2F3-key-takeaways-from-our-5-ways-to-increase-revenue-by-changing-your-workflows-webinar%2Fkeytakeawayswebinar%2F=FUZZ&format=FUZZ
http://blog.hellosign.com:80/wp-json/oembed/1.0/embed?url=FUZZ&http%3A%2F%2Fblog.hellosign.com%2F5-key-questions-to-ask-when-building-your-marketplace-or-on-demand-platform%2F=FUZZ&format=FUZZ
http://blog.hellosign.com:80/wp-json/oembed/1.0/embed?url=FUZZ&http%3A%2F%2Fblog.hellosign.com%2F5-questions-to-ask-to-determine-if-an-esignature-api-is-right-for-you%2F=FUZZ&format=FUZZ
http://blog.hellosign.com:80/wp-json/oembed/1.0/embed?url=FUZZ&http%3A%2F%2Fblog.hellosign.com%2F5-videos-your-sales-team-needs%2F=FUZZ&format=FUZZ
http://blog.hellosign.com:80/wp-json/oembed/1.0/embed?url=FUZZ&http%3A%2F%2Fblog.hellosign.com%2F6-simple-ways-to-spring-clean-your-workflows%2F=FUZZ&format=FUZZ
http://blog.hellosign.com:80/wp-json/oembed/1.0/embed?url=FUZZ&http%3A%2F%2Fblog.hellosign.com%2Fauthor-the-best-hellosign-api-tutorial-and-win-500-dollars%2F=FUZZ&format=FUZZ
http://blog.hellosign.com:80/wp-json/oembed/1.0/embed?url=FUZZ&http%3A%2F%2Fblog.hellosign.com%2Fdata-validation%2F=FUZZ&format=FUZZ
http://blog.hellosign.com:80/wp-json/oembed/1.0/embed?url=FUZZ&http%3A%2F%2Fblog.hellosign.com%2Fdesigning-at-a-startup%2F=FUZZ&format=FUZZ
http://blog.hellosign.com:80/wp-json/oembed/1.0/embed?url=FUZZ&http%3A%2F%2Fblog.hellosign.com%2Fdropbox%2F=FUZZ&format=FUZZ
http://blog.hellosign.com:80/wp-json/oembed/1.0/embed?url=FUZZ&http%3A%2F%2Fblog.hellosign.com%2Fesignature-security-talk-at-openlate%2F=FUZZ&format=FUZZ
http://blog.hellosign.com:80/wp-json/oembed/1.0/embed?url=FUZZ&http%3A%2F%2Fblog.hellosign.com%2Fesignatures-for-sales-teams%2F=FUZZ&format=FUZZ
http://blog.hellosign.com:80/wp-json/oembed/1.0/embed?url=FUZZ&http%3A%2F%2Fblog.hellosign.com%2Fesignatures-legal-handwritten-signatures%2F=FUZZ&format=FUZZ
http://blog.hellosign.com:80/wp-json/oembed/1.0/embed?url=FUZZ&http%3A%2F%2Fblog.hellosign.com%2Fhellosign-nodejs-sdk%2F=FUZZ&format=FUZZ
http://blog.hellosign.com:80/wp-json/oembed/1.0/embed?url=FUZZ&http%3A%2F%2Fblog.hellosign.com%2Fhellosign-now-integrates-with-oracle-documents-cloud%2F=FUZZ&format=FUZZ
http://blog.hellosign.com:80/wp-json/oembed/1.0/embed?url=FUZZ&http%3A%2F%2Fblog.hellosign.com%2Fhellosign-number-one-esignature-solution-for-smbs-and-mid-market-businesses%2F=FUZZ&format=FUZZ
http://blog.hellosign.com:80/wp-json/oembed/1.0/embed?url=FUZZ&http%3A%2F%2Fblog.hellosign.com%2Fhellosign-ranked-top-esignature-solution-by-g2-crowd%2F=FUZZ&format=FUZZ
http://blog.hellosign.com:80/wp-json/oembed/1.0/embed?url=FUZZ&http%3A%2F%2Fblog.hellosign.com%2Fhellosign-receives-enterprise-ready-rating-from-the-skyhigh-cloudtrust-program%2F=FUZZ&format=FUZZ
http://blog.hellosign.com:80/wp-json/oembed/1.0/embed?url=FUZZ&http%3A%2F%2Fblog.hellosign.com%2Fhellosign-simpler-ui-empower-users%2F=FUZZ&format=FUZZ
http://blog.hellosign.com:80/wp-json/oembed/1.0/embed?url=FUZZ&http%3A%2F%2Fblog.hellosign.com%2Fhellosign-top-tech-news-issue-0%2F=FUZZ&format=FUZZ
http://blog.hellosign.com:80/wp-json/oembed/1.0/embed?url=FUZZ&http%3A%2F%2Fblog.hellosign.com%2Fhow-edoula-uses-the-hellosign-api%2F=FUZZ&format=FUZZ
http://blog.hellosign.com:80/wp-json/oembed/1.0/embed?url=FUZZ&http%3A%2F%2Fblog.hellosign.com%2Fhow-to-fill-out-a-w-9-form-online-using-hellosign%2F=FUZZ&format=FUZZ
http://blog.hellosign.com:80/wp-json/oembed/1.0/embed?url=FUZZ&http%3A%2F%2Fblog.hellosign.com%2Fimproving-uptime-with-online-data-migrations%2F=FUZZ&format=FUZZ
http://blog.hellosign.com:80/wp-json/oembed/1.0/embed?url=FUZZ&http%3A%2F%2Fblog.hellosign.com%2Fintegrate-hellosign-with-dropbox%2F=FUZZ&format=FUZZ
http://blog.hellosign.com:80/wp-json/oembed/1.0/embed?url=FUZZ&http%3A%2F%2Fblog.hellosign.com%2Fnew-signer-experience%2F=FUZZ&format=FUZZ
http://blog.hellosign.com:80/wp-json/oembed/1.0/embed?url=FUZZ&http%3A%2F%2Fblog.hellosign.com%2Frecharge-your-dev-team-with-a-bug-squash%2F=FUZZ&format=FUZZ
http://blog.hellosign.com:80/wp-json/oembed/1.0/embed?url=FUZZ&http%3A%2F%2Fblog.hellosign.com%2Fthe-startup-circle-of-life%2F=FUZZ&format=FUZZ
http://blog.hellosign.com:80/wp-json/oembed/1.0/embed?url=FUZZ&http%3A%2F%2Fblog.hellosign.com%2Fvideo-demo-how-to-sign-documents-using-hellosign%2F=FUZZ&format=FUZZ
http://blog.hellosign.com:80/wp-json/oembed/1.0/embed?url=FUZZ&http%3A%2F%2Fblog.hellosign.com%2Fwhat-types-of-documents-can-i-sign-using-esignatures%2F=FUZZ&format=FUZZ
http://blog.hellosign.com:80/wp-json/oembed/1.0/embed?url=FUZZ&http%3A%2F%2Fblog.hellosign.com%2Fwhat-we-learned-after-launching-our-new-signer-experience%2F=FUZZ&format=FUZZ
http://blog.hellosign.com:80/wp-json/oembed/1.0/embed?url=FUZZ&http%3A%2F%2Fblog.hellosign.com%2Fwhy-every-api-needs-a-dashboard%2F=FUZZ&format=FUZZ
http://blog.hellosign.com:80/wp-json/oembed/1.0/embed?url=FUZZ&http://blog.hellosign.com/6-friction-points-that-are-killing-your-business/=FUZZ&format=FUZZ
http://blog.hellosign.com:80/wp-json/oembed/1.0/embed?url=FUZZ&http://blog.hellosign.com/are-esignatures-secure/=FUZZ&format=FUZZ
http://blog.hellosign.com:80/wp-json/oembed/1.0/embed?url=FUZZ&http://blog.hellosign.com/a-simple-way-to-calculate-how-much-your-time-is-worth/=FUZZ&format=FUZZ
http://blog.hellosign.com:80/wp-json/oembed/1.0/embed?url=FUZZ&http://blog.hellosign.com/digital-toolkit-independent-insurance-agents/=FUZZ&format=FUZZ
http://blog.hellosign.com:80/wp-json/oembed/1.0/embed?url=FUZZ&http://blog.hellosign.com/hellosign-for-enterprise/=FUZZ&format=FUZZ
http://blog.hellosign.com:80/wp-json/oembed/1.0/embed?url=FUZZ&http://blog.hellosign.com/hellosign-for-salesforce-essentials/=FUZZ&format=FUZZ
http://blog.hellosign.com:80/wp-json/oembed/1.0/embed?url=FUZZ&http://blog.hellosign.com/hellosign-is-soc2-hipaa-compliant/=FUZZ&format=FUZZ
http://blog.hellosign.com:80/wp-json/oembed/1.0/embed?url=FUZZ&http://blog.hellosign.com/hellosign-raises-sixteen-million-dollars-to-fuel-enterprise-growth/=FUZZ&format=FUZZ
http://blog.hellosign.com:80/wp-json/oembed/1.0/embed?url=FUZZ&http://blog.hellosign.com/hellosign-voted-1-ease-implementation-g2-crowd/=FUZZ&format=FUZZ
http://blog.hellosign.com:80/wp-json/oembed/1.0/embed?url=FUZZ&http://blog.hellosign.com/helloworks-showcase-hr/=FUZZ&format=FUZZ
http://blog.hellosign.com:80/wp-json/oembed/1.0/embed?url=FUZZ&http://blog.hellosign.com/how-brokermint-leveraged-esignatures-to-increase-their-sales-conversion-rate-by-23-percent/=FUZZ&format=FUZZ
http://blog.hellosign.com:80/wp-json/oembed/1.0/embed?url=FUZZ&http://blog.hellosign.com/how-to-extract-data-from-pdfs/=FUZZ&format=FUZZ
http://blog.hellosign.com:80/wp-json/oembed/1.0/embed?url=FUZZ&http://blog.hellosign.com/how-to-rollout-any-new-digital-tool-to-your-team/=FUZZ&format=FUZZ
http://blog.hellosign.com:80/wp-json/oembed/1.0/embed?url=FUZZ&http://blog.hellosign.com/how-to-use-hellosign-templates-to-eliminate-redundant-document-formatting/=FUZZ&format=FUZZ
http://blog.hellosign.com:80/wp-json/oembed/1.0/embed?url=FUZZ&http://blog.hellosign.com/instacart-accelerates-contractor-application-completion-270-percent-with-helloworks/=FUZZ&format=FUZZ
http://blog.hellosign.com:80/wp-json/oembed/1.0/embed?url=FUZZ&http://blog.hellosign.com/introducing-hellosign-for-salesforce-v2/=FUZZ&format=FUZZ
http://blog.hellosign.com:80/wp-json/oembed/1.0/embed?url=FUZZ&http://blog.hellosign.com/introducing-helloworks-entirely-new-way-workflow/=FUZZ&format=FUZZ
http://blog.hellosign.com:80/wp-json/oembed/1.0/embed?url=FUZZ&http://blog.hellosign.com/onboarding-employees-online-using-hellosign/=FUZZ&format=FUZZ
http://blog.hellosign.com:80/wp-json/oembed/1.0/embed?url=FUZZ&http://blog.hellosign.com/saml-sso-and-hellosign/=FUZZ&format=FUZZ
http://blog.hellosign.com:80/wp-json/oembed/1.0/embed?url=FUZZ&http://blog.hellosign.com/signature-maker/=FUZZ&format=FUZZ
http://blog.hellosign.com:80/wp-json/oembed/1.0/embed?url=FUZZ&http://blog.hellosign.com/three-new-advanced-signing-tools/=FUZZ&format=FUZZ
http://blog.hellosign.com:80/wp-json/oembed/1.0/embed?url=FUZZ&http://blog.hellosign.com/trxade-and-hellosign-api/=FUZZ&format=FUZZ
http://blog.hellosign.com:80/wp-json/oembed/1.0/embed?url=FUZZ&http://blog.hellosign.com/we-drank-our-own-champagne-and-raised-16m-while-we-were-at-it/=FUZZ&format=FUZZ
http://blog.hellosign.com:80/wp-json/oembed/1.0/embed?url=FUZZ&http://blog.hellosign.com/what-do-embedded-templates-look-like/=FUZZ&format=FUZZ
http://blog.hellosign.com:80/wp-json/oembed/1.0/embed?url=FUZZ&http://blog.hellosign.com/what-is-helloworks/=FUZZ&format=FUZZ
http://blog.hellosign.com:80/?zwi=FUZZ
http://blog.hellosign.com/?p=FUZZ
http://blog.hellosign.com/wp-content/plugins/media-element-html5-video-and-audio-player/mediaelement/mediaelement-and-player.min.js?ver=FUZZ
http://blog.hellosign.com/wp-includes/js/comment-reply.min.js?ver=FUZZ
http://blog.hellosign.com/wp-includes/js/jquery/jquery.js?ver=FUZZ
http://blog.hellosign.com/wp-includes/js/jquery/jquery-migrate.min.js?ver=FUZZ
http://blog.hellosign.com/wp-json/oembed/1.0/embed?url=FUZZ
http://blog.hellosign.com/wp-json/oembed/1.0/embed?url=FUZZ&http%3A%2F%2Fblog.hellosign.com%2F11-things-startups-know-before-rebranding%2F=FUZZ&format=FUZZ
http://blog.hellosign.com/wp-json/oembed/1.0/embed?url=FUZZ&http%3A%2F%2Fblog.hellosign.com%2F5-tips-for-cultivating-psychological-safety%2F=FUZZ&format=FUZZ
http://blog.hellosign.com/wp-json/oembed/1.0/embed?url=FUZZ&http%3A%2F%2Fblog.hellosign.com%2F5-ways-to-increase-revenue-by-changing-your-workflows-webinar%2F=FUZZ&format=FUZZ
http://blog.hellosign.com/wp-json/oembed/1.0/embed?url=FUZZ&http%3A%2F%2Fblog.hellosign.com%2F9-things-your-chatbot-should-do-for-you%2F=FUZZ&format=FUZZ
http://blog.hellosign.com/wp-json/oembed/1.0/embed?url=FUZZ&http%3A%2F%2Fblog.hellosign.com%2Fbenefits-building-tech-company-bay-area%2F=FUZZ&format=FUZZ
http://blog.hellosign.com/wp-json/oembed/1.0/embed?url=FUZZ&http%3A%2F%2Fblog.hellosign.com%2Fbolster-digital-workflow-with-custom-url%2F=FUZZ&format=FUZZ
http://blog.hellosign.com/wp-json/oembed/1.0/embed?url=FUZZ&http%3A%2F%2Fblog.hellosign.com%2Fbreezy-hr-used-the-hellosign-api-to-build-a-totally-seamless-hiring-flow%2F=FUZZ&format=FUZZ
http://blog.hellosign.com/wp-json/oembed/1.0/embed?url=FUZZ&http%3A%2F%2Fblog.hellosign.com%2Fchallenes-when-scaling-your-startup-team%2F=FUZZ&format=FUZZ
http://blog.hellosign.com/wp-json/oembed/1.0/embed?url=FUZZ&http%3A%2F%2Fblog.hellosign.com%2Fcure-auto-insurance-uses-esignature-digital-workflow-transform-customer-experience%2F=FUZZ&format=FUZZ
http://blog.hellosign.com/wp-json/oembed/1.0/embed?url=FUZZ&http%3A%2F%2Fblog.hellosign.com%2Fdevelopers%2F=FUZZ&format=FUZZ
http://blog.hellosign.com/wp-json/oembed/1.0/embed?url=FUZZ&http%3A%2F%2Fblog.hellosign.com%2Fdocusign-copies-hellosign-user-interface%2F=FUZZ&format=FUZZ
http://blog.hellosign.com/wp-json/oembed/1.0/embed?url=FUZZ&http%3A%2F%2Fblog.hellosign.com%2Fdocusign-copying-hellosign-open-letter-to-keith-krach%2F=FUZZ&format=FUZZ
http://blog.hellosign.com/wp-json/oembed/1.0/embed?url=FUZZ&http%3A%2F%2Fblog.hellosign.com%2Fesignatureguarantee-upgrading-securities-industry-hellosigns-api%2F=FUZZ&format=FUZZ
http://blog.hellosign.com/wp-json/oembed/1.0/embed?url=FUZZ&http%3A%2F%2Fblog.hellosign.com%2Fesignature-two-factor-authentication%2F=FUZZ&format=FUZZ
http://blog.hellosign.com/wp-json/oembed/1.0/embed?url=FUZZ&http%3A%2F%2Fblog.hellosign.com%2Ffavorite-task-management-apps%2F=FUZZ&format=FUZZ
http://blog.hellosign.com/wp-json/oembed/1.0/embed?url=FUZZ&http%3A%2F%2Fblog.hellosign.com%2Fhellosign-and-hubspot-join-forces%2F=FUZZ&format=FUZZ
http://blog.hellosign.com/wp-json/oembed/1.0/embed?url=FUZZ&http%3A%2F%2Fblog.hellosign.com%2Fhellosign-and-stack-exchange%2F=FUZZ&format=FUZZ
http://blog.hellosign.com/wp-json/oembed/1.0/embed?url=FUZZ&http%3A%2F%2Fblog.hellosign.com%2Fhellosign-at-inbound-2015%2F=FUZZ&format=FUZZ
http://blog.hellosign.com/wp-json/oembed/1.0/embed?url=FUZZ&http%3A%2F%2Fblog.hellosign.com%2Fhellosignchromeapp%2F=FUZZ&format=FUZZ
http://blog.hellosign.com/wp-json/oembed/1.0/embed?url=FUZZ&http%3A%2F%2Fblog.hellosign.com%2Fhellosign-launches-new-and-improved-esignature-api%2F=FUZZ&format=FUZZ
http://blog.hellosign.com/wp-json/oembed/1.0/embed?url=FUZZ&http%3A%2F%2Fblog.hellosign.com%2Fhellosign-names-anshu-gupta-as-the-head-of-security%2F=FUZZ&format=FUZZ
http://blog.hellosign.com/wp-json/oembed/1.0/embed?url=FUZZ&http%3A%2F%2Fblog.hellosign.com%2Fhellosign-partners-with-team-informatics%2F=FUZZ&format=FUZZ
http://blog.hellosign.com/wp-json/oembed/1.0/embed?url=FUZZ&http%3A%2F%2Fblog.hellosign.com%2Fhellosign-responsive%2F=FUZZ&format=FUZZ
http://blog.hellosign.com/wp-json/oembed/1.0/embed?url=FUZZ&http%3A%2F%2Fblog.hellosign.com%2Fhellosign-technical-newsletter-issue-1%2F=FUZZ&format=FUZZ
http://blog.hellosign.com/wp-json/oembed/1.0/embed?url=FUZZ&http%3A%2F%2Fblog.hellosign.com%2Fhellosign-technical-newsletter-issue-2%2F=FUZZ&format=FUZZ
http://blog.hellosign.com/wp-json/oembed/1.0/embed?url=FUZZ&http%3A%2F%2Fblog.hellosign.com%2Fhonoring-harvey-milk%2F=FUZZ&format=FUZZ
http://blog.hellosign.com/wp-json/oembed/1.0/embed?url=FUZZ&http%3A%2F%2Fblog.hellosign.com%2Fhow-to-give-your-customers-an-awesome-experience%2F=FUZZ&format=FUZZ
http://blog.hellosign.com/wp-json/oembed/1.0/embed?url=FUZZ&http%3A%2F%2Fblog.hellosign.com%2Fhow-to-hire-and-keep-your-best-engineers%2F=FUZZ&format=FUZZ
http://blog.hellosign.com/wp-json/oembed/1.0/embed?url=FUZZ&http%3A%2F%2Fblog.hellosign.com%2Finstacart-fuels-growth-automation%2F=FUZZ&format=FUZZ
http://blog.hellosign.com/wp-json/oembed/1.0/embed?url=FUZZ&http%3A%2F%2Fblog.hellosign.com%2Fintegrate-hellosign-with-box%2F=FUZZ&format=FUZZ
http://blog.hellosign.com/wp-json/oembed/1.0/embed?url=FUZZ&http%3A%2F%2Fblog.hellosign.com%2Finterview-with-garry-tan%2F=FUZZ&format=FUZZ
http://blog.hellosign.com/wp-json/oembed/1.0/embed?url=FUZZ&http%3A%2F%2Fblog.hellosign.com%2Fintroducing-business-plans-and-unified-teams%2F=FUZZ&format=FUZZ
http://blog.hellosign.com/wp-json/oembed/1.0/embed?url=FUZZ&http%3A%2F%2Fblog.hellosign.com%2Fintroducing-hellosign-avian%2F=FUZZ&format=FUZZ
http://blog.hellosign.com/wp-json/oembed/1.0/embed?url=FUZZ&http%3A%2F%2Fblog.hellosign.com%2Flean-startup-guide-employee-onboarding%2F=FUZZ&format=FUZZ
http://blog.hellosign.com/wp-json/oembed/1.0/embed?url=FUZZ&http%3A%2F%2Fblog.hellosign.com%2Fleveling-up-hellosign%2F=FUZZ&format=FUZZ
http://blog.hellosign.com/wp-json/oembed/1.0/embed?url=FUZZ&http%3A%2F%2Fblog.hellosign.com%2Fnew-brand%2F=FUZZ&format=FUZZ
http://blog.hellosign.com/wp-json/oembed/1.0/embed?url=FUZZ&http%3A%2F%2Fblog.hellosign.com%2Fonboarding-hellosign-engineers-experience%2F=FUZZ&format=FUZZ
http://blog.hellosign.com/wp-json/oembed/1.0/embed?url=FUZZ&http%3A%2F%2Fblog.hellosign.com%2Fopenlegal-and-hellosign%2F=FUZZ&format=FUZZ
http://blog.hellosign.com/wp-json/oembed/1.0/embed?url=FUZZ&http%3A%2F%2Fblog.hellosign.com%2Fpaperless-office-earth-day-2015%2F=FUZZ&format=FUZZ
http://blog.hellosign.com/wp-json/oembed/1.0/embed?url=FUZZ&http%3A%2F%2Fblog.hellosign.com%2Freact-rocks-redesign-your-front-end-for-composability%2F=FUZZ&format=FUZZ
http://blog.hellosign.com/wp-json/oembed/1.0/embed?url=FUZZ&http%3A%2F%2Fblog.hellosign.com%2Fthe-daily-scroll%2F=FUZZ&format=FUZZ
http://blog.hellosign.com/wp-json/oembed/1.0/embed?url=FUZZ&http%3A%2F%2Fblog.hellosign.com%2Fthe-new-web-elixir-phoenix-channels-and-redux%2F=FUZZ&format=FUZZ
http://blog.hellosign.com/wp-json/oembed/1.0/embed?url=FUZZ&http%3A%2F%2Fblog.hellosign.com%2Fthe-rise-of-developer-experience%2F=FUZZ&format=FUZZ
http://blog.hellosign.com/wp-json/oembed/1.0/embed?url=FUZZ&http%3A%2F%2Fblog.hellosign.com%2Fusing-hellosign-google-docs%2F=FUZZ&format=FUZZ
http://blog.hellosign.com/wp-json/oembed/1.0/embed?url=FUZZ&http%3A%2F%2Fblog.hellosign.com%2Fusing-the-hellosign-api-dashboard%2F=FUZZ&format=FUZZ
http://blog.hellosign.com/wp-json/oembed/1.0/embed?url=FUZZ&http%3A%2F%2Fblog.hellosign.com%2Fwhite-labeling%2F=FUZZ&format=FUZZ
http://blog.hellosign.com/wp-json/oembed/1.0/embed?url=FUZZ&http%3A%2F%2Fblog.hellosign.com%2Fwhitney-bouck-chief-operating-officer-at-hellosign%2F=FUZZ&format=FUZZ
http://blog.hellosign.com/wp-json/oembed/1.0/embed?url=FUZZ&http%3A%2F%2Fblog.hellosign.com%2Fwhy-rewrite-your-code-when-you-can-strangle-it%2F=FUZZ&format=FUZZ
http://blog.hellosign.com/wp-json/oembed/1.0/embed?url=FUZZ&http%3A%2F%2Fblog.hellosign.com%2Fzapier%2F=FUZZ&format=FUZZ
http://email.mail.hellosign.com/c/aD1kYjU5M2IzZmU5OGFiNTQ2MmJhMzUwNTcyNmJjZGFhYSZkPWY5NTYmcj1rYWtyb25hLmNoYW4lNDBnbWFpbC5jb20mdD1Cb3hBY3RpdmF0aW9uTWVzc2FnZSZsPWh0dHBzJTNBJTJGJTJGd3d3LmhlbGxvc2lnbi5jb20lMkZ0JTJGYjAxOWI1NjFlM2MxMWIxODY0NjFiZDBlZGVlMjk0N2RjZDZkZDljZg?iframe=FUZZ&true=FUZZ&width=FUZZ&100%=FUZZ&height=FUZZ
http://faq.hellosign.com:80/api/v1/oembed.json?url=FUZZ
http://faq.hellosign.com:80/api/v1/oembed.xml?url=FUZZ
http://faq.hellosign.com:80/forums/164888-general?filter=FUZZ&hot=FUZZ&page=FUZZ
http://faq.hellosign.com:80/forums/164888-general/suggestions/3859561-give-users-the-option-to-pay-per-signature-request%20?page=FUZZ&2=FUZZ&per_page=FUZZ
http://faq.hellosign.com:80/forums/164888-hellosign-feature-request-forum/category/64636-hellosign-for-gmail?page=FUZZ
http://faq.hellosign.com:80/forums/164888-hellosign-feature-request-forum/suggestions/3859561-give-users-the-option-to-pay-per-signature-request?page=FUZZ&2=FUZZ&per_page=FUZZ
http://faq.hellosign.com:80/hc/communities/public/topics?locale=FUZZ
http://faq.hellosign.com:80/hc/en-us/search?page=FUZZ
http://faq.hellosign.com:80/hc/tracking/events?locale=FUZZ
http://faq.hellosign.com:80/login_success?_session_id=FUZZ
http://faq.hellosign.com:80/search?filter=FUZZ&articles=FUZZ&query=FUZZ
http://faq.hellosign.com:80/search?filter=FUZZ&ideas=FUZZ&query=FUZZ
http://faq.hellosign.com:80/search?filter=FUZZ&merged=FUZZ&query=FUZZ
http://faq.hellosign.com:80/site/signin?lang=FUZZ
http://faq.hellosign.com/api/v1/oembed.json?url=FUZZ
http://faq.hellosign.com/api/v1/oembed.xml?url=FUZZ
http://faq.hellosign.com/hc/en-us/signin?return_to=FUZZ&http%3A%2F%2Ffaq.hellosign.com%2Fhc%2Fen-us=FUZZ&locale=FUZZ
http://hellosign.com:80/com_member/item/list.asp?s_id=FUZZ&s100=FUZZ&page=FUZZ
http://hellosign.com:80/com_member/item/list.asp?s_id=FUZZ&s101=FUZZ&page=FUZZ
http://hellosign.com:80/com_member/item/list.asp?s_id=FUZZ&s102=FUZZ&page=FUZZ
http://hellosign.com:80/com_member/item/list.asp?s_id=FUZZ&s107=FUZZ&page=FUZZ
http://hellosign.com:80/com_member/item/list.asp?s_id=FUZZ&s108=FUZZ&page=FUZZ
http://hellosign.com:80/com_member/item/list.asp?s_id=FUZZ&s109=FUZZ&page=FUZZ
http://hellosign.com:80/com_member/item/list.asp?s_id=FUZZ&s110=FUZZ&page=FUZZ
http://hellosign.com:80/com_member/item/view.asp?bcode=FUZZ&t=FUZZ&no=FUZZ&101=FUZZ&page=FUZZ&1=FUZZ&gubun=FUZZ
http://hellosign.com:80/com_member/item/view.asp?bcode=FUZZ&t=FUZZ&no=FUZZ&153=FUZZ&page=FUZZ&3=FUZZ&gubun=FUZZ
http://hellosign.com:80/com_member/item/view.asp?bcode=FUZZ&t=FUZZ&no=FUZZ&35=FUZZ&page=FUZZ&1=FUZZ&gubun=FUZZ
http://hellosign.com:80/com_member/item/view.asp?bcode=FUZZ&t=FUZZ&no=FUZZ&5=FUZZ&page=FUZZ&1=FUZZ&gubun=FUZZ
http://hellosign.com:80/com_member/item/view.asp?bcode=FUZZ&t=FUZZ&no=FUZZ&61=FUZZ&page=FUZZ&1=FUZZ&gubun=FUZZ
http://hellosign.com:80/com_member/item/view.asp?bcode=FUZZ&t=FUZZ&no=FUZZ&74=FUZZ&page=FUZZ&1=FUZZ&gubun=FUZZ
http://hellosign.com:80/enter_bbs/marketnews/read.asp?no=FUZZ
http://hellosign.com:80/event_new/event_view.asp?su=FUZZ
http://hellosign.com:80/item/quant/list.asp?bcode=FUZZ&a=FUZZ&page=FUZZ
http://hellosign.com:80/item/quant/list.asp?bcode=FUZZ&b=FUZZ&page=FUZZ
http://hellosign.com:80/item/quant/list.asp?bcode=FUZZ&e=FUZZ&page=FUZZ
http://hellosign.com:80/item/quant/list.asp?bcode=FUZZ&f=FUZZ&page=FUZZ
http://hellosign.com:80/item/quant/list.asp?bcode=FUZZ&g=FUZZ&page=FUZZ
http://hellosign.com:80/item/quant/list.asp?bcode=FUZZ&i=FUZZ&page=FUZZ
http://hellosign.com:80/item/view.asp?bcode=FUZZ&b=FUZZ&no=FUZZ&33=FUZZ&page=FUZZ&1=FUZZ&gubun=FUZZ
http://hellosign.com:80/item/view.asp?bcode=FUZZ&di=FUZZ&no=FUZZ&324=FUZZ&page=FUZZ&1=FUZZ&gubun=FUZZ
http://hellosign.com:80/item/view.asp?bcode=FUZZ&f=FUZZ&no=FUZZ&112=FUZZ&page=FUZZ&2=FUZZ&gubun=FUZZ
http://hellosign.com/googledocs?ref=FUZZ
http://hellosign.com/?ref=FUZZ
http://hellosign.com/?ref=FUZZ&8f5667d8=FUZZ&s=FUZZ
http://info.hellosign.com:80/API-demo.html?cr=FUZZ&%7Bcreative%7D=FUZZ&kw=FUZZ
http://info.hellosign.com:80/demo.html?cr=FUZZ&%7Bcreative%7D=FUZZ&kw=FUZZ
http://info.hellosign.com:80/demo-request.html?cr=FUZZ&%7Bcreative%7D=FUZZ&kw=FUZZ
http://info.hellosign.com:80/esignatures-for-insurance-quickstart-guide.html?cr=FUZZ&%7Bcreative%7D=FUZZ&kw=FUZZ
http://info.hellosign.com:80/leveling-up-your-company-webinar-thank-you.html?aliId=FUZZ
http://info.hellosign.com:80/million-dollar-producer-webinar.html?cr=FUZZ&%7Bcreative%7D=FUZZ&kw=FUZZ
http://info.hellosign.com:80/Modern-Agency-B.html?cr=FUZZ&%7Bcreative%7D=FUZZ&kw=FUZZ
http://info.hellosign.com:80/slack-demo.html?cr=FUZZ&%7Bcreative%7D=FUZZ&kw=FUZZ
http://info.hellosign.com:80/steve-anderson-webinar.html?cr=FUZZ&%7Bcreative%7D=FUZZ&kw=FUZZ
http://info.hellosign.com/avian.html?ref=FUZZ
https://app.hellosign.com/account/logIn?from_logout=FUZZ
https://app.hellosign.com/account/logIn?on_login_redirect_url=FUZZ&aHR0cHM6Ly9wb3J0YWwuaGVsbG93b3Jrcy5jb20vYXV0aC9jYWxsYmFjaz9od19zdGF0ZT00eGhNZjlBZEF3TkNqSld6Uk0wYWJDc3R0UVdtVEtqWDlKR2FERGJiWFR3PQ=FUZZ&=FUZZ
https://app.hellosign.com/account/logIn?on_login_redirect_url=FUZZ&aHR0cHM6Ly9wb3J0YWwuaGVsbG93b3Jrcy5jb20vYXV0aC9jYWxsYmFjaz9od19zdGF0ZT03Nk5iMG9ud0V1bnZSZXZZaTlIOWRCbzNVQktEOFRBa1RLY3BMYkF0UjBrPQ=FUZZ&=FUZZ
https://app.hellosign.com/account/logIn?on_login_redirect_url=FUZZ&aHR0cHM6Ly9wb3J0YWwuaGVsbG93b3Jrcy5jb20vYXV0aC9jYWxsYmFjaz9od19zdGF0ZT0rTW1EaVc2cURFZXVLSXJMUUhqZ2w4RDVncTd1eTFsUkpyaWowKzJ6a1djPQ=FUZZ&=FUZZ
https://app.hellosign.com/account/logIn?on_login_redirect_url=FUZZ&aHR0cHM6Ly9wb3J0YWwuaGVsbG93b3Jrcy5jb20vYXV0aC9jYWxsYmFjaz9od19zdGF0ZT0vVmpRYXVmbW1sZWxtQUNUNXZFZE4wLzlSOHkwTlgwQTEvMk5kRHQvN09rPQ=FUZZ&=FUZZ
https://app.hellosign.com/account/logIn?on_login_redirect_url=FUZZ&aHR0cHM6Ly9wb3J0YWwuaGVsbG93b3Jrcy5jb20vYXV0aC9jYWxsYmFjaz9od19zdGF0ZT0xSEdVQ2VZMngvUGl4K3R5aVNQQm5LM0RLUy9CR3M4RFVMOUJRUzNmd2E0PQ=FUZZ&=FUZZ
https://app.hellosign.com/account/logIn?on_login_redirect_url=FUZZ&aHR0cHM6Ly9wb3J0YWwuaGVsbG93b3Jrcy5jb20vYXV0aC9jYWxsYmFjaz9od19zdGF0ZT0yekpudWpJVmNPWkplbUtHL1RsM0hWMUNDV0JhZG9mS1B4V3laU0YwdjU0PQ=FUZZ&=FUZZ
https://app.hellosign.com/account/logIn?on_login_redirect_url=FUZZ&aHR0cHM6Ly9wb3J0YWwuaGVsbG93b3Jrcy5jb20vYXV0aC9jYWxsYmFjaz9od19zdGF0ZT10ZS9HT1A2Zk9SZlJjaHN0eUVreGtBOFVycmgyN0pTczQ0TW9mcUtzK0owPQ=FUZZ&=FUZZ
https://app.hellosign.com/account/logIn?on_login_redirect_url=FUZZ&aHR0cHM6Ly9wb3J0YWwuaGVsbG93b3Jrcy5jb20vYXV0aC9jYWxsYmFjaz9od19zdGF0ZT1DWHVUUkp3TEs2YWUxMDBZZWJudkhlUFZLT0QxVmlyUGpmUWJZRmNHYzBNPQ=FUZZ&=FUZZ
https://app.hellosign.com/account/logIn?on_login_redirect_url=FUZZ&aHR0cHM6Ly9wb3J0YWwuaGVsbG93b3Jrcy5jb20vYXV0aC9jYWxsYmFjaz9od19zdGF0ZT1FSUltMGxCZk43KzMyQW1pcWNJeGhnenMxSFNSM3dFMFRaSFpBR0lrSEQ0PQ=FUZZ&=FUZZ
https://app.hellosign.com/account/logIn?on_login_redirect_url=FUZZ&aHR0cHM6Ly9wb3J0YWwuaGVsbG93b3Jrcy5jb20vYXV0aC9jYWxsYmFjaz9od19zdGF0ZT1HcVo0VHEwTU5UZWs0WGZwZEpxdmRsZ3Q2aDZSV3dxUWtFUE5TLzBIODd3PQ=FUZZ&=FUZZ
https://app.hellosign.com/account/logIn?on_login_redirect_url=FUZZ&aHR0cHM6Ly9wb3J0YWwuaGVsbG93b3Jrcy5jb20vYXV0aC9jYWxsYmFjaz9od19zdGF0ZT1JVThaSXlHamlmMzVPc096bXhWUVl6ZUlFdXJUa0Z3QnNNN0IwZEowUTFvPQ=FUZZ&=FUZZ
https://app.hellosign.com/account/logIn?on_login_redirect_url=FUZZ&aHR0cHM6Ly9wb3J0YWwuaGVsbG93b3Jrcy5jb20vYXV0aC9jYWxsYmFjaz9od19zdGF0ZT1jZzFGVHJoRmJucDM3a2lwNjRQMmpxVVdsbkZVWXNkeGZ1b3VmVW1xTG5NPQ=FUZZ&=FUZZ
https://app.hellosign.com/account/logIn?on_login_redirect_url=FUZZ&aHR0cHM6Ly9wb3J0YWwuaGVsbG93b3Jrcy5jb20vYXV0aC9jYWxsYmFjaz9od19zdGF0ZT1lWi9MMVRScVBnTmtTd3p6bEh0THh4dWRVNkt1TWRTa0xvcVlLcUNYbmZZPQ=FUZZ&=FUZZ
https://app.hellosign.com/account/logIn?on_login_redirect_url=FUZZ&aHR0cHM6Ly9wb3J0YWwuaGVsbG93b3Jrcy5jb20vYXV0aC9jYWxsYmFjaz9od19zdGF0ZT1mdzFpcnRyTFZjSjFzK3FubUgvTmxyRDRCWGVwQ0UrY3BHdmMwVVZQdEprPQ=FUZZ&=FUZZ
https://app.hellosign.com/account/logIn?on_login_redirect_url=FUZZ&aHR0cHM6Ly9wb3J0YWwuaGVsbG93b3Jrcy5jb20vYXV0aC9jYWxsYmFjaz9od19zdGF0ZT1mTnF5WHY4R2pWaUlKVkpuMGFrQnQzMjl6TitORjcxS3hzeEJiQmdVbEhvPQ=FUZZ&=FUZZ
https://app.hellosign.com/account/logIn?on_login_redirect_url=FUZZ&aHR0cHM6Ly9wb3J0YWwuaGVsbG93b3Jrcy5jb20vYXV0aC9jYWxsYmFjaz9od19zdGF0ZT1ndkZoaHFhd1hpUUxBZWN3a1R0cGNvR0dpVElaK0piamFlY25CVXNTVU04PQ=FUZZ&=FUZZ
https://app.hellosign.com/account/logIn?on_login_redirect_url=FUZZ&aHR0cHM6Ly9wb3J0YWwuaGVsbG93b3Jrcy5jb20vYXV0aC9jYWxsYmFjaz9od19zdGF0ZT1qTG1xRUk5Rm1sbjljOW1KOUNDcUtWMmUzQWdjN1hVSjdjWTB3T3FUazhnPQ=FUZZ&=FUZZ
https://app.hellosign.com/account/logIn?on_login_redirect_url=FUZZ&aHR0cHM6Ly9wb3J0YWwuaGVsbG93b3Jrcy5jb20vYXV0aC9jYWxsYmFjaz9od19zdGF0ZT1sQ1JoSWhWdGNJSDNWZXFxWnBpSkY4YTFMUm5FcjliWmFOT00wb00vRk5NPQ=FUZZ&=FUZZ
https://app.hellosign.com/account/logIn?on_login_redirect_url=FUZZ&aHR0cHM6Ly9wb3J0YWwuaGVsbG93b3Jrcy5jb20vYXV0aC9jYWxsYmFjaz9od19zdGF0ZT1VTWh5ZUdlQlhZcG1SVjN6MXVNV1FDS0drYWxIbkI0WTMvNmZuWWk0ZG8wPQ=FUZZ&=FUZZ
https://app.hellosign.com/account/logIn?on_login_redirect_url=FUZZ&aHR0cHM6Ly9wb3J0YWwuaGVsbG93b3Jrcy5jb20vYXV0aC9jYWxsYmFjaz9od19zdGF0ZT1VYnQ1YmRQenppbklxK2NFaEppL0ZpbjhXTGliaENqbXRqQmdtb1NvUnJZPQ=FUZZ&=FUZZ
https://app.hellosign.com/account/logIn?on_login_redirect_url=FUZZ&aHR0cHM6Ly9wb3J0YWwuaGVsbG93b3Jrcy5jb20vYXV0aC9jYWxsYmFjaz9od19zdGF0ZT1XK0trZE5KbkQzSFp3aHVWYzJCQkUrdnc4Z2xlK0puRjNEYklPMzVLQnNnPQ=FUZZ&=FUZZ
https://app.hellosign.com/account/logIn?on_login_redirect_url=FUZZ&aHR0cHM6Ly9wb3J0YWwuaGVsbG93b3Jrcy5jb20vYXV0aC9jYWxsYmFjaz9od19zdGF0ZT1zNSt0OGUwQ09EZUxlV2JQR29tNmdsVGJvTFgyTjVZUDNSYXZHVkljeVBrPQ=FUZZ&=FUZZ
https://app.hellosign.com/account/openid/connect/google?on_login_redirect_url=FUZZ
https://app.hellosign.com/account/openid/connect/google?on_login_redirect_url=FUZZ&L29uYm9hcmRpbmcvc3RhcnQ=FUZZ
https://app.hellosign.com/account/openid/connect/google?on_login_redirect_url=FUZZ&L29uYm9hcmRpbmcvc3RhcnQ=FUZZ&=FUZZ&optIn=FUZZ
https://app.hellosign.com/account/openid/connect/google?optIn=FUZZ&0?on_login_redirect_url=FUZZ&aHR0cHM6Ly9hcHAuaGVsbG9zaWduLmNvbS9zaWduLzQ5MDYxYjNhYTkwNjBhYzRmZWQwNDE4MmIxNDJiYWFmZDRlOWU1MTc=FUZZ
https://app.hellosign.com/account/signUp?on_login_redirect_url=FUZZ
https://app.hellosign.com/ambidex?id=FUZZ
https://app.hellosign.com/api/pricing?coupon_code=FUZZ
https://app.hellosign.com/attachment/view?sig_guid=FUZZ
https://app.hellosign.com/content/viewCustomLogo?id=FUZZ&ac3ba6d68722efe49873b897da54%209db651a44268=FUZZ&type=FUZZ&acct=FUZZ&name=FUZZ&YnJhbmRfbG9nby5wbmc=FUZZ&=FUZZ&c=FUZZ
https://app.hellosign.com/editor/view?super_group_guid=FUZZ
https://app.hellosign.com/home/googleAppsSso?v=FUZZ&2=FUZZ&domain=FUZZ
https://app.hellosign.com/home/googleIncomingFile?state=FUZZ&%7B%22ids%22%3A%5B%221bun64Jtn7zFCsYkSm-8iYrt3DcHzDetL%22%5D%2C%22action%22%3A%22open%22%2C%22userId%22%3A%22113487333679000715931%22%2C%22resourceKeys%22%3A%7B%7D%7D=FUZZ&code=FUZZ&4%2F0AY0e-g73nr1tr8eg4BBxDzkGVxJRaCenTyu2VsztcBSlTiPknBgk2Fg2RUDuJM4qwuJx4w=FUZZ&scope=FUZZ&email+profile+openid+https%3A%2F%2Fwww.googleapis.com%2Fauth%2Fdrive.install+https%3A%2F%2Fwww.googleapis.com%2Fauth%2Fuserinfo.profile+https%3A%2F%2Fwww.googleapis.com%2Fauth%2Fdrive.file+https%3A%2F%2Fwww.googleapis.com%2Fauth%2Fuserinfo.email=FUZZ&authuser=FUZZ&0=FUZZ&prompt=FUZZ
https://app.hellosign.com/home/myAccount?current_tab=FUZZ
https://app.hellosign.com/home/reusableLink?guid=FUZZ&1vQfSme3=FUZZ&in_person=FUZZ
https://app.hellosign.com/home/reusableLink?guid=FUZZ&1yqMrNfG=FUZZ&in_person=FUZZ
https://app.hellosign.com/home/reusableLink?guid=FUZZ&25CHta8A=FUZZ&in_person=FUZZ
https://app.hellosign.com/home/reusableLink?guid=FUZZ&2ccf6e52=FUZZ&in_person=FUZZ
https://app.hellosign.com/home/reusableLink?guid=FUZZ&346HrUMy=FUZZ&in_person=FUZZ
https://app.hellosign.com/home/reusableLink?guid=FUZZ&3QeD2dPF=FUZZ&in_person=FUZZ
https://app.hellosign.com/home/reusableLink?guid=FUZZ&4QXL7L5q=FUZZ&in_person=FUZZ
https://app.hellosign.com/home/reusableLink?guid=FUZZ&5DMcVPK1=FUZZ&in_person=FUZZ
https://app.hellosign.com/home/reusableLink?guid=FUZZ&6dfcd81e=FUZZ&in_person=FUZZ
https://app.hellosign.com/home/reusableLink?guid=FUZZ&7ad8034b=FUZZ&in_person=FUZZ
https://app.hellosign.com/home/reusableLink?guid=FUZZ&7fdd63c9=FUZZ&in_person=FUZZ
https://app.hellosign.com/home/reusableLink?guid=FUZZ&85QYVada=FUZZ&in_person=FUZZ
https://app.hellosign.com/home/reusableLink?guid=FUZZ&918b3b7c=FUZZ&in_person=FUZZ
https://app.hellosign.com/home/reusableLink?guid=FUZZ&94a9f81e=FUZZ&in_person=FUZZ
https://app.hellosign.com/home/reusableLink?guid=FUZZ&9606d7d7=FUZZ&in_person=FUZZ
https://app.hellosign.com/home/reusableLink?guid=FUZZ&9adf367b=FUZZ&in_person=FUZZ
https://app.hellosign.com/home/reusableLink?guid=FUZZ&B3xPmRlE=FUZZ&in_person=FUZZ
https://app.hellosign.com/home/reusableLink?guid=FUZZ&bcb95629=FUZZ&in_person=FUZZ
https://app.hellosign.com/home/reusableLink?guid=FUZZ&BieYaKJW=FUZZ&in_person=FUZZ
https://app.hellosign.com/home/reusableLink?guid=FUZZ&cb0a346d=FUZZ&in_person=FUZZ
https://app.hellosign.com/home/reusableLink?guid=FUZZ&CoUITRfb=FUZZ&in_person=FUZZ
https://app.hellosign.com/home/reusableLink?guid=FUZZ&d6c78af3=FUZZ&in_person=FUZZ
https://app.hellosign.com/home/reusableLink?guid=FUZZ&ef38897e=FUZZ&in_person=FUZZ
https://app.hellosign.com/home/reusableLink?guid=FUZZ&ff932816=FUZZ&in_person=FUZZ
https://app.hellosign.com/home/reusableLink?guid=FUZZ&INnaHkSp=FUZZ&in_person=FUZZ
https://app.hellosign.com/home/reusableLink?guid=FUZZ&Isy12NJj=FUZZ&in_person=FUZZ
https://app.hellosign.com/home/reusableLink?guid=FUZZ&IwPNgIU8=FUZZ&in_person=FUZZ
https://app.hellosign.com/home/reusableLink?guid=FUZZ&K9nC70v8=FUZZ&in_person=FUZZ
https://app.hellosign.com/home/reusableLink?guid=FUZZ&Ka4GJYEq=FUZZ&in_person=FUZZ
https://app.hellosign.com/home/reusableLink?guid=FUZZ&KzpCd1Pj=FUZZ&in_person=FUZZ
https://app.hellosign.com/home/reusableLink?guid=FUZZ&L6ofa1Vm=FUZZ&in_person=FUZZ
https://app.hellosign.com/home/reusableLink?guid=FUZZ&YMMJjDyg=FUZZ&in_person=FUZZ
https://app.hellosign.com/info/press?asset_name=FUZZ
https://app.hellosign.com/prep-and-send/cdc9d6d57b49e95c032803f3373fa9fafcaefa60?is_external_download=FUZZ&1=FUZZ&external_cache_key=FUZZ&Array=FUZZ&external_file_name=FUZZ
https://app.hellosign.com/?ref=FUZZ&091444a3=FUZZ&s=FUZZ
https://app.hellosign.com/?ref=FUZZ&0c42f716=FUZZ&s=FUZZ
https://app.hellosign.com/?ref=FUZZ&12b8266f=FUZZ&s=FUZZ
https://app.hellosign.com/?ref=FUZZ&14e8180a=FUZZ&s=FUZZ
https://app.hellosign.com/?ref=FUZZ&17c13fa3=FUZZ&s=FUZZ
https://app.hellosign.com/?ref=FUZZ&1db3fe26=FUZZ&s=FUZZ
https://app.hellosign.com/?ref=FUZZ&2a767213=FUZZ&s=FUZZ
https://app.hellosign.com/?ref=FUZZ&3bd15f75=FUZZ&s=FUZZ
https://app.hellosign.com/?ref=FUZZ&3f99f4bc=FUZZ&s=FUZZ
https://app.hellosign.com/?ref=FUZZ&633f1f13=FUZZ&s=FUZZ
https://app.hellosign.com/?ref=FUZZ&68bb9e79=FUZZ&s=FUZZ
https://app.hellosign.com/?ref=FUZZ&6a53bfd8=FUZZ&s=FUZZ
https://app.hellosign.com/?ref=FUZZ&6b638338=FUZZ&s=FUZZ
https://app.hellosign.com/?ref=FUZZ&7843793d=FUZZ&s=FUZZ
https://app.hellosign.com/?ref=FUZZ&925cc54a=FUZZ&s=FUZZ
https://app.hellosign.com/?ref=FUZZ&9d55c8d9=FUZZ&s=FUZZ
https://app.hellosign.com/?ref=FUZZ&a6d50848=FUZZ&s=FUZZ
https://app.hellosign.com/?ref=FUZZ&aa49d1d4=FUZZ&s=FUZZ
https://app.hellosign.com/?ref=FUZZ&ab65fe5b=FUZZ&s=FUZZ
https://app.hellosign.com/?ref=FUZZ&ba3c55ae=FUZZ&s=FUZZ
https://app.hellosign.com/?ref=FUZZ&dfa18ee0=FUZZ&s=FUZZ
https://app.hellosign.com/?ref=FUZZ&ecd2ea36=FUZZ&s=FUZZ
https://app.hellosign.com/signature/list?type_code=FUZZ&I=FUZZ&ux_version=FUZZ
https://app.hellosign.com/signature/list?type_code=FUZZ&S=FUZZ&ux_version=FUZZ
https://app.hellosign.com/signer/getStartedInPerson?guid=FUZZ
https://app.hellosign.com/t/3411b3e2994b2871ca374729f670015fc3e80814?utm_channel=FUZZ
https://faq.hellosign.com/hc/api/internal/deflection/suggestions.json?locale=FUZZ&en-us=FUZZ&query=FUZZ
https://faq.hellosign.com/hc/api/internal/recent_activities?locale=FUZZ&en-us=FUZZ&page=FUZZ&1=FUZZ&per_page=FUZZ&5=FUZZ&locale=FUZZ
https://faq.hellosign.com/hc/change_language/da?return_to=FUZZ
https://faq.hellosign.com/hc/change_language/de?return_to=FUZZ
https://faq.hellosign.com/hc/change_language/es-419?return_to=FUZZ
https://faq.hellosign.com/hc/change_language/es-es?return_to=FUZZ
https://faq.hellosign.com/hc/change_language/fr-fr?return_to=FUZZ
https://faq.hellosign.com/hc/change_language/id?return_to=FUZZ
https://faq.hellosign.com/hc/change_language/it?return_to=FUZZ
https://faq.hellosign.com/hc/change_language/ko?return_to=FUZZ
https://faq.hellosign.com/hc/change_language/ms?return_to=FUZZ
https://faq.hellosign.com/hc/change_language/nl?return_to=FUZZ
https://faq.hellosign.com/hc/change_language/pt-br?return_to=FUZZ
https://faq.hellosign.com/hc/change_language/ru?return_to=FUZZ
https://faq.hellosign.com/hc/change_language/sv?return_to=FUZZ
https://faq.hellosign.com/hc/change_language/zh-tw?return_to=FUZZ
https://faq.hellosign.com/hc/da/related/click?data=FUZZ
https://faq.hellosign.com/hc/da/signin?return_to=FUZZ
https://faq.hellosign.com/hc/de/signin?return_to=FUZZ
https://faq.hellosign.com/hc/en-gb/related/click?data=FUZZ
https://faq.hellosign.com/hc/en-us%22,%22arrange_content_url%22:%22https://faq.hellosign.com/hc/admin/arrange_contents?locale=FUZZ&en-us","general_settings_url":"https://faq.hellosign.com/hc/admin/general_settings?locale=FUZZ&en-us","user_segments_url":"https://hellosign.zendesk.com/knowledge/user_segments?brand_id=FUZZ&154078","has_gather":true,"has_community_enabled":false,"has_community_badges":false,"has_user_segments":true,"has_answer_bot_web_form_enabled":false,"has_answer_bot_web_form_modal_v2":false,"billing_url":"/access/return_to?return_to=FUZZ&https://hellosign.zendesk.com/admin/billing/subscription","has_answer_bot":true,"has_block_answer_bot_embeddable":false,"answer_bot_management_url":"/access/return_to?return_to=FUZZ&https://hellosign.zendesk.com/agent/admin/answer_bot","is_account_owner":false,"theming_cookie_key":"hc-da39a3ee5e6b4b0d3255bfef95601890afd807091-preview","is_preview":false,"has_guide_user_segments_search":true,"has_alternate_templates":false,"arrange_articles_url":"https://hellosign.zendesk.com/knowledge/arrange?brand_id=FUZZ&154078","article_verification_url":"https://hellosign.zendesk.com/knowledge/verification?brand_id=FUZZ&154078","has_article_verification":false,"guide_language_settings_url":"https://faq.hellosign.com/hc/admin/language_settings?locale=FUZZ&en-us","docs_importer_url":"https://hellosign.zendesk.com/knowledge/import_articles?brand_id=FUZZ&154078","community_badges_url":"https://hellosign.zendesk.com/knowledge/community_badges?brand_id=FUZZ&154078","community_settings_url":"https://hellosign.zendesk.com/knowledge/community_settings?brand_id=FUZZ&154078","gather_plan_state":"subscribed","search_settings_url":"https://hellosign.zendesk.com/knowledge/search_settings?brand_id=FUZZ
https://faq.hellosign.com/hc/en-us/articles/206797217-Timed-Fax-Send-a-fax-later?sort_by=FUZZ
https://faq.hellosign.com/hc/en-us/articles/215348988-How-to-cancel-or-delete-active-and-trial-accounts?sort_by=FUZZ
https://faq.hellosign.com/hc/en-us/articles/215348988?page=FUZZ
https://faq.hellosign.com/hc/en-us/articles/215616257-Checkboxes?sort_by=FUZZ
https://faq.hellosign.com/hc/en-us/articles/215616257?page=FUZZ
https://faq.hellosign.com/hc/en-us/articles/360026662232-Supported-Fonts?sort_by=FUZZ
https://faq.hellosign.com/hc/en-us/related/click?data=FUZZ
https://faq.hellosign.com/hc/en-us/requests/new?ticket_form_id=FUZZ
https://faq.hellosign.com/hc/en-us/sections/115003702587-HelloWorks-Recent-Releases?page=FUZZ
https://faq.hellosign.com/hc/en-us/sections/200970378-API-Help?page=FUZZ
https://faq.hellosign.com/hc/en-us/sections/201052328-Billing-and-Cancellations/subscription?subscribe_to_grandchildren=FUZZ
https://faq.hellosign.com/hc/en-us/sections/204620488-HelloSign-Recent-Releases?page=FUZZ
https://faq.hellosign.com/hc/en-us/sections/360002183932-HelloSign-Integration-for-Salesforce?page=FUZZ
https://faq.hellosign.com/hc/en-us/signin?return_to=FUZZ
https://faq.hellosign.com/hc/en-us/signin?return_to=FUZZ&https%3A%2F%2Ffaq.hellosign.com%2Fhc%2Fen-us%2Farticles%2F206796957-How-Do-I-Fax-a-Google-Doc-Using-the-HelloFax-for-Google-Docs-Add-on-=FUZZ&locale=FUZZ
https://faq.hellosign.com/hc/en-us/signin?return_to=FUZZ&https%3A%2F%2Ffaq.hellosign.com%2Fhc%2Fen-us%2Farticles%2F213467318-API-Enabling-the-New-Signer-Experience=FUZZ&locale=FUZZ
https://faq.hellosign.com/hc/en-us/signin?return_to=FUZZ&https%3A%2F%2Ffaq.hellosign.com%2Fhc%2Fen-us%2Farticles%2F217115577=FUZZ&locale=FUZZ
https://faq.hellosign.com/hc/en-us/signin?return_to=FUZZ&https%3A%2F%2Ffaq.hellosign.com%2Fhc%2Fen-us%2Fcategories%2F200344087-Integrations=FUZZ&locale=FUZZ
https://faq.hellosign.com/hc/en-us/signin?return_to=FUZZ&https%3A%2F%2Ffaq.hellosign.com%2Fhc%2Fen-us%2Fcategories%2F200353237-HelloFax=FUZZ&locale=FUZZ
https://faq.hellosign.com/hc/en-us/signin?return_to=FUZZ&https%3A%2F%2Ffaq.hellosign.com%2Fhc%2Fen-us%2Fcategories%2F200353237-HelloFax-Help=FUZZ&locale=FUZZ
https://faq.hellosign.com/hc/en-us/signin?return_to=FUZZ&https%3A%2F%2Ffaq.hellosign.com%2Fhc%2Fen-us%2Fsignin%3Freturn_to%3Dhttps%253A%252F%252Ffaq.hellosign.com%252Fhc%252Fen-us%26locale%3D1=FUZZ&locale=FUZZ
https://faq.hellosign.com/hc/en-us/signin?return_to=FUZZ&https%3A%2F%2Ffaq.hellosign.com%2Fhc%2Fen-us=FUZZ&locale=FUZZ
https://faq.hellosign.com/hc/es-419/signin?return_to=FUZZ
https://faq.hellosign.com/hc/es-es/signin?return_to=FUZZ
https://faq.hellosign.com/hc/fr-fr/signin?return_to=FUZZ
https://faq.hellosign.com/hc/id/signin?return_to=FUZZ
https://faq.hellosign.com/hc/it/signin?return_to=FUZZ
https://faq.hellosign.com/hc/ja/related/click?data=FUZZ
https://faq.hellosign.com/hc/ja/signin?return_to=FUZZ
https://faq.hellosign.com/hc/ko/signin?return_to=FUZZ
https://faq.hellosign.com/hc/ms/signin?return_to=FUZZ
https://faq.hellosign.com/hc/nl/signin?return_to=FUZZ
https://faq.hellosign.com/hc/no/signin?return_to=FUZZ
https://faq.hellosign.com/hc/pl/signin?return_to=FUZZ
https://faq.hellosign.com/hc/pt-br/signin?return_to=FUZZ
https://faq.hellosign.com/hc/ru/signin?return_to=FUZZ
https://faq.hellosign.com/hc/sv/signin?return_to=FUZZ
https://faq.hellosign.com/hc/zh-cn/related/click?data=FUZZ
https://faq.hellosign.com/hc/zh-cn/signin?return_to=FUZZ
https://faq.hellosign.com/hc/zh-tw/related/click?data=FUZZ
https://faq.hellosign.com/hc/zh-tw/signin?return_to=FUZZ
https://info.hellosign.com//index.php/form/getForm?munchkinId=FUZZ&925-YQB-645=FUZZ&form=FUZZ&1294=FUZZ&url=FUZZ&http%3A%2F%2Fweb.archive.org%2Fweb%2F20190819001908%2Fhttps%3A%2F%2Fwww.hellosign.com%2F=FUZZ&callback=FUZZ&jQuery11240892858130577137_1571137129695=FUZZ&_=FUZZ
https://info.hellosign.com//index.php/form/getForm?munchkinId=FUZZ&925-YQB-645=FUZZ&form=FUZZ&1294=FUZZ&url=FUZZ&http%3A%2F%2Fweb.archive.org%2Fweb%2F20190819001908%2Fhttps%3A%2F%2Fwww.hellosign.com%2F=FUZZ&callback=FUZZ&jQuery11240892858130577137_1571137129697=FUZZ&_=FUZZ
https://info.hellosign.com//index.php/form/getForm?munchkinId=FUZZ&925-YQB-645=FUZZ&form=FUZZ&1294=FUZZ&url=FUZZ&http%3A%2F%2Fweb.archive.org%2Fweb%2F20190820085748%2Fhttps%3A%2F%2Fwww.hellosign.com%2F=FUZZ&callback=FUZZ&jQuery1124010656268484202647_1571137160130=FUZZ&_=FUZZ
https://info.hellosign.com//index.php/form/getForm?munchkinId=FUZZ&925-YQB-645=FUZZ&form=FUZZ&1294=FUZZ&url=FUZZ&http%3A%2F%2Fweb.archive.org%2Fweb%2F20190820085748%2Fhttps%3A%2F%2Fwww.hellosign.com%2F=FUZZ&callback=FUZZ&jQuery1124010656268484202647_1571137160132=FUZZ&_=FUZZ
https://info.hellosign.com/index.php/form/getForm?munchkinId=FUZZ&925-YQB-645=FUZZ&form=FUZZ&1294=FUZZ&url=FUZZ&http%3A%2F%2Fweb.archive.org%2Fweb%2F20190822044634%2Fhttps%3A%2F%2Fwww.hellosign.com%2F=FUZZ&callback=FUZZ&jQuery11240043415637860082304_1566449198191=FUZZ&_=FUZZ
https://info.hellosign.com/index.php/form/getForm?munchkinId=FUZZ&925-YQB-645=FUZZ&form=FUZZ&1294=FUZZ&url=FUZZ&http%3A%2F%2Fweb.archive.org%2Fweb%2F20190822044634%2Fhttps%3A%2F%2Fwww.hellosign.com%2F=FUZZ&callback=FUZZ&jQuery11240043415637860082304_1566449198193=FUZZ&_=FUZZ
https://info.hellosign.com//index.php/form/getForm?munchkinId=FUZZ&925-YQB-645=FUZZ&form=FUZZ&1294=FUZZ&url=FUZZ&http%3A%2F%2Fweb.archive.org%2Fweb%2F20190828034129%2Fhttps%3A%2F%2Fwww.hellosign.com%2F=FUZZ&callback=FUZZ&jQuery112403528993837113512_1570514803461=FUZZ&_=FUZZ
https://info.hellosign.com//index.php/form/getForm?munchkinId=FUZZ&925-YQB-645=FUZZ&form=FUZZ&1294=FUZZ&url=FUZZ&http%3A%2F%2Fweb.archive.org%2Fweb%2F20190828034129%2Fhttps%3A%2F%2Fwww.hellosign.com%2F=FUZZ&callback=FUZZ&jQuery112403528993837113512_1570514803463=FUZZ&_=FUZZ
https://info.hellosign.com//index.php/form/getForm?munchkinId=FUZZ&925-YQB-645=FUZZ&form=FUZZ&1294=FUZZ&url=FUZZ&http%3A%2F%2Fweb.archive.org%2Fweb%2F20190917164248%2Fhttps%3A%2F%2Fwww.hellosign.com%2F=FUZZ&callback=FUZZ&jQuery112405195460868347592_1571137648622=FUZZ&_=FUZZ
https://info.hellosign.com//index.php/form/getForm?munchkinId=FUZZ&925-YQB-645=FUZZ&form=FUZZ&1294=FUZZ&url=FUZZ&http%3A%2F%2Fweb.archive.org%2Fweb%2F20190917164248%2Fhttps%3A%2F%2Fwww.hellosign.com%2F=FUZZ&callback=FUZZ&jQuery112405195460868347592_1571137648624=FUZZ&_=FUZZ
https://info.hellosign.com/index.php/form/getForm?munchkinId=FUZZ&925-YQB-645=FUZZ&form=FUZZ&1294=FUZZ&url=FUZZ&https%3A%2F%2Fweb.archive.org%2Fweb%2F20190808213127%2Fhttps%3A%2F%2Fwww.hellosign.com%2F=FUZZ&callback=FUZZ&jQuery112404617980854325472_1582836157866=FUZZ&_=FUZZ
https://info.hellosign.com/index.php/form/getForm?munchkinId=FUZZ&925-YQB-645=FUZZ&form=FUZZ&1294=FUZZ&url=FUZZ&https%3A%2F%2Fweb.archive.org%2Fweb%2F20190808213127%2Fhttps%3A%2F%2Fwww.hellosign.com%2F=FUZZ&callback=FUZZ&jQuery112404617980854325472_1582836157868=FUZZ&_=FUZZ
https://info.hellosign.com//index.php/form/getForm?munchkinId=FUZZ&925-YQB-645=FUZZ&form=FUZZ&1294=FUZZ&url=FUZZ&https%3A%2F%2Fweb.archive.org%2Fweb%2F20190819001908%2Fhttps%3A%2F%2Fwww.hellosign.com%2F=FUZZ&callback=FUZZ&jQuery112404771153424314287_1571249706361=FUZZ&_=FUZZ
https://info.hellosign.com//index.php/form/getForm?munchkinId=FUZZ&925-YQB-645=FUZZ&form=FUZZ&1294=FUZZ&url=FUZZ&https%3A%2F%2Fweb.archive.org%2Fweb%2F20190819001908%2Fhttps%3A%2F%2Fwww.hellosign.com%2F=FUZZ&callback=FUZZ&jQuery112404771153424314287_1571249706363=FUZZ&_=FUZZ
https://info.hellosign.com//index.php/form/getForm?munchkinId=FUZZ&925-YQB-645=FUZZ&form=FUZZ&1294=FUZZ&url=FUZZ&https%3A%2F%2Fweb.archive.org%2Fweb%2F20190819054831%2Fhttps%3A%2F%2Fwww.hellosign.com%2F=FUZZ&callback=FUZZ&jQuery1124078789542924385_1566286316400=FUZZ&_=FUZZ
https://info.hellosign.com//index.php/form/getForm?munchkinId=FUZZ&925-YQB-645=FUZZ&form=FUZZ&1294=FUZZ&url=FUZZ&https%3A%2F%2Fweb.archive.org%2Fweb%2F20190819054831%2Fhttps%3A%2F%2Fwww.hellosign.com%2F=FUZZ&callback=FUZZ&jQuery1124078789542924385_1566286316402=FUZZ&_=FUZZ
https://info.hellosign.com//index.php/form/getForm?munchkinId=FUZZ&925-YQB-645=FUZZ&form=FUZZ&1294=FUZZ&url=FUZZ&https%3A%2F%2Fweb.archive.org%2Fweb%2F20190828072719%2Fhttps%3A%2F%2Fwww.hellosign.com%2F=FUZZ&callback=FUZZ&jQuery112407183467214266375_1568667018797=FUZZ&_=FUZZ
https://info.hellosign.com//index.php/form/getForm?munchkinId=FUZZ&925-YQB-645=FUZZ&form=FUZZ&1294=FUZZ&url=FUZZ&https%3A%2F%2Fweb.archive.org%2Fweb%2F20190828072719%2Fhttps%3A%2F%2Fwww.hellosign.com%2F=FUZZ&callback=FUZZ&jQuery112407183467214266375_1568667018799=FUZZ&_=FUZZ
https://info.hellosign.com//index.php/form/getForm?munchkinId=FUZZ&925-YQB-645=FUZZ&form=FUZZ&1294=FUZZ&url=FUZZ&https%3A%2F%2Fweb.archive.org%2Fweb%2F20190902115946%2Fhttps%3A%2F%2Fwww.hellosign.com%2F=FUZZ&callback=FUZZ&jQuery112402887796492233621_1568667190621=FUZZ&_=FUZZ
https://info.hellosign.com//index.php/form/getForm?munchkinId=FUZZ&925-YQB-645=FUZZ&form=FUZZ&1294=FUZZ&url=FUZZ&https%3A%2F%2Fweb.archive.org%2Fweb%2F20190902115946%2Fhttps%3A%2F%2Fwww.hellosign.com%2F=FUZZ&callback=FUZZ&jQuery112402887796492233621_1568667190623=FUZZ&_=FUZZ
https://info.hellosign.com//index.php/form/getForm?munchkinId=FUZZ&925-YQB-645=FUZZ&form=FUZZ&1294=FUZZ&url=FUZZ&https%3A%2F%2Fweb.archive.org%2Fweb%2F20190917164227%2Fhttps%3A%2F%2Fwww.hellosign.com%2F=FUZZ&callback=FUZZ&jQuery112408059747780759456_1569838723285=FUZZ&_=FUZZ
https://info.hellosign.com//index.php/form/getForm?munchkinId=FUZZ&925-YQB-645=FUZZ&form=FUZZ&1294=FUZZ&url=FUZZ&https%3A%2F%2Fweb.archive.org%2Fweb%2F20190917164227%2Fhttps%3A%2F%2Fwww.hellosign.com%2F=FUZZ&callback=FUZZ&jQuery112408059747780759456_1569838723287=FUZZ&_=FUZZ
https://info.hellosign.com//index.php/form/getForm?munchkinId=FUZZ&925-YQB-645=FUZZ&form=FUZZ&1294=FUZZ&url=FUZZ&https%3A%2F%2Fweb.archive.org%2Fweb%2F20190929134347%2Fhttps%3A%2F%2Fwww.hellosign.com%2Fintegrations%2Fdropbox=FUZZ&callback=FUZZ&jQuery112406399802473490181_1569764671338=FUZZ&_=FUZZ
https://info.hellosign.com/index.php/form/getForm?munchkinId=FUZZ&925-YQB-645=FUZZ&form=FUZZ&1294=FUZZ&url=FUZZ&https%3A%2F%2Fwww.hellosign.com%2Ffeatures=FUZZ&callback=FUZZ&jQuery1124024746848132335564_1595323080918=FUZZ&_=FUZZ
https://info.hellosign.com/index.php/form/getForm?munchkinId=FUZZ&925-YQB-645=FUZZ&form=FUZZ&1294=FUZZ&url=FUZZ&https%3A%2F%2Fwww.hellosign.com%2Fproducts%2Fapi=FUZZ&callback=FUZZ&jQuery1124048535236625514405_1581811174005=FUZZ&_=FUZZ
https://sfdc-docs.hellosign.com/%7B%7Bstate.current().root%20!=FUZZ&%20%22home%22%20=FUZZ&%20state.current().root%20!=FUZZ
https://sfdc-docs.hellosign.com/v4.18/%7B%7Bstate.current().root%20!=FUZZ&%20%22home%22%20=FUZZ&%20state.current().root%20!=FUZZ
https://status.hellosign.com/incidents/1hwy1hgpymwk?u=FUZZ
https://status.hellosign.com/incidents/23dc88nnfvbs?u=FUZZ
https://status.hellosign.com/incidents/bhhh80rpqchl?u=FUZZ
https://status.hellosign.com/incidents/ckjfz7sn6v7t?u=FUZZ
https://status.hellosign.com/incidents/d5ncf9x542f2?u=FUZZ
https://status.hellosign.com/incidents/gw3rmfkpwp06?u=FUZZ
https://status.hellosign.com/incidents/gz9ts1zt961f?u=FUZZ
https://status.hellosign.com/incidents/hl2bwxmccvrn?u=FUZZ
https://status.hellosign.com/incidents/m3gltch8wr4m?u=FUZZ
https://status.hellosign.com/incidents/nz8ghhpp0ssr?u=FUZZ
https://status.hellosign.com/incidents/p4wsgrm6p2zl?u=FUZZ
https://status.hellosign.com/incidents/xr7rs3shcl0b?u=FUZZ
https://status.hellosign.com/incidents/yvbblk56pb7x?u=FUZZ
https://status.hellosign.com/incidents/z2h8fyfpsylg?u=FUZZ
https://www.hellosign.com/?0:this.cssPosition=FUZZ&=FUZZ
https://www.hellosign.com/;a5.innerHTML=FUZZ
https://www.hellosign.com/;a5.style.zoom=FUZZ&1;a.support.inlineBlockNeedsLayout=FUZZ&a5.offsetWidth=FUZZ&=FUZZ&=FUZZ&2;a5.style.display=FUZZ
https://www.hellosign.com/ABCDEFGHIJKLMNOPQRSTUVWXYZabcdefghijklmnopqrstuvwxyz0123456789+/=FUZZ
https://www.hellosign.com/account/logOut?is_timeout=FUZZ&1=FUZZ&on_login_redirect_url=FUZZ
https://www.hellosign.com/account/openid/connect/google?on_login_redirect_url=FUZZ
https://www.hellosign.com/account/openid/connect/google?on_login_redirect_url=FUZZ&aHR0cHM6Ly93d3cuaGVsbG9zaWduLmNvbS9hcGkvZG9jdW1lbnRhdGlvbg=FUZZ&=FUZZ
https://www.hellosign.com/account/openid/connect/google?on_login_redirect_url=FUZZ&aHR0cHM6Ly93d3cuaGVsbG9zaWduLmNvbS9ob21lL215QWNjb3VudA=FUZZ&=FUZZ
https://www.hellosign.com/account/openid/connect/google?on_login_redirect_url=FUZZ&L29uYm9hcmRpbmcvc3RhcnQ=FUZZ
https://www.hellosign.com/account/openid/connect/google?on_login_redirect_url=FUZZ&L2FwaS9wcmljaW5nP3BsYW5faWQ9MjdkNjk5N2ImcGVyaW9kPU0=FUZZ
https://www.hellosign.com/account/openid/connect/google?on_login_redirect_url=FUZZ&L2FwaS9wcmljaW5nP3BsYW5faWQ9MjdkNjk5N2ImcGVyaW9kPVk=FUZZ
https://www.hellosign.com/account/openid/connect/google?on_login_redirect_url=FUZZ&L2FwaS9wcmljaW5nP3BsYW5faWQ9MjQ2MGZmZjcmcGVyaW9kPU0=FUZZ
https://www.hellosign.com/account/openid/connect/google?on_login_redirect_url=FUZZ&L2FwaS9wcmljaW5nP3BsYW5faWQ9MjQ2MGZmZjcmcGVyaW9kPVk=FUZZ
https://www.hellosign.com/account/openid/connect/google?on_login_redirect_url=FUZZ&L2FwaS9wcmljaW5nP3BsYW5faWQ9MmYzYTkwMTImcGVyaW9kPU0=FUZZ
https://www.hellosign.com/account/openid/connect/google?on_login_redirect_url=FUZZ&L2FwaS9wcmljaW5nP3BsYW5faWQ9MmYzYTkwMTImcGVyaW9kPVk=FUZZ
https://www.hellosign.com/account/openid/connect/google?on_login_redirect_url=FUZZ&L2FwaS9wcmljaW5nP3BsYW5faWQ9MTJhZWQ2Y2UmcGVyaW9kPU0=FUZZ
https://www.hellosign.com/account/openid/connect/google?on_login_redirect_url=FUZZ&L2FwaS9wcmljaW5nP3BsYW5faWQ9MTJhZWQ2Y2UmcGVyaW9kPVk=FUZZ
https://www.hellosign.com/account/openid/connect/google?on_login_redirect_url=FUZZ&L2FwaS9wcmljaW5nP3BsYW5faWQ9MTU5Mzk5MjUmcGVyaW9kPU0=FUZZ
https://www.hellosign.com/account/openid/connect/google?on_login_redirect_url=FUZZ&L2FwaS9wcmljaW5nP3BsYW5faWQ9MTU5Mzk5MjUmcGVyaW9kPVk=FUZZ
https://www.hellosign.com/account/openid/connect/google?on_login_redirect_url=FUZZ&L2FwaS9wcmljaW5nP3BsYW5faWQ9MWM0ZjczMDcmcGVyaW9kPU0=FUZZ
https://www.hellosign.com/account/openid/connect/google?on_login_redirect_url=FUZZ&L2FwaS9wcmljaW5nP3BsYW5faWQ9MWM0ZjczMDcmcGVyaW9kPVk=FUZZ
https://www.hellosign.com/account/openid/connect/google?on_login_redirect_url=FUZZ&L2FwaS9wcmljaW5nP3BsYW5faWQ9MzEzZTQ3NWMmcGVyaW9kPU0=FUZZ
https://www.hellosign.com/account/openid/connect/google?on_login_redirect_url=FUZZ&L2FwaS9wcmljaW5nP3BsYW5faWQ9MzEzZTQ3NWMmcGVyaW9kPVk=FUZZ
https://www.hellosign.com/account/openid/connect/google?on_login_redirect_url=FUZZ&L2FwaS9wcmljaW5nP3BsYW5faWQ9NDljYmFkNmQmcGVyaW9kPU0=FUZZ
https://www.hellosign.com/account/openid/connect/google?on_login_redirect_url=FUZZ&L2FwaS9wcmljaW5nP3BsYW5faWQ9NDljYmFkNmQmcGVyaW9kPVk=FUZZ
https://www.hellosign.com/account/openid/connect/google?on_login_redirect_url=FUZZ&L2FwaS9wcmljaW5nP3BsYW5faWQ9NjNiZDg3NzYmcGVyaW9kPU0=FUZZ
https://www.hellosign.com/account/openid/connect/google?on_login_redirect_url=FUZZ&L2FwaS9wcmljaW5nP3BsYW5faWQ9NjNiZDg3NzYmcGVyaW9kPVk=FUZZ
https://www.hellosign.com/account/openid/connect/google?on_login_redirect_url=FUZZ&L2FwaS9wcmljaW5nP3BsYW5faWQ9NWQxOGJiNTQmcGVyaW9kPU0=FUZZ
https://www.hellosign.com/account/openid/connect/google?on_login_redirect_url=FUZZ&L2FwaS9wcmljaW5nP3BsYW5faWQ9NWQxOGJiNTQmcGVyaW9kPVk=FUZZ
https://www.hellosign.com/account/openid/connect/google?on_login_redirect_url=FUZZ&L2FwaS9wcmljaW5nP3BsYW5faWQ9NWU3NzdjYjUmcGVyaW9kPU0=FUZZ
https://www.hellosign.com/account/openid/connect/google?on_login_redirect_url=FUZZ&L2FwaS9wcmljaW5nP3BsYW5faWQ9NWU3NzdjYjUmcGVyaW9kPVk=FUZZ
https://www.hellosign.com/account/openid/connect/google?on_login_redirect_url=FUZZ&L2FwaS9wcmljaW5nP3BsYW5faWQ9YjBjZTU1NzYmcGVyaW9kPU0=FUZZ
https://www.hellosign.com/account/openid/connect/google?on_login_redirect_url=FUZZ&L2FwaS9wcmljaW5nP3BsYW5faWQ9YjBjZTU1NzYmcGVyaW9kPVk=FUZZ
https://www.hellosign.com/account/openid/connect/google?on_login_redirect_url=FUZZ&L2FwaS9wcmljaW5nP3BsYW5faWQ9YmY1NzI0NzEmcGVyaW9kPU0=FUZZ
https://www.hellosign.com/account/openid/connect/google?on_login_redirect_url=FUZZ&L2FwaS9wcmljaW5nP3BsYW5faWQ9YmY1NzI0NzEmcGVyaW9kPVk=FUZZ
https://www.hellosign.com/account/openid/connect/google?on_login_redirect_url=FUZZ&L2FwaS9wcmljaW5nP3BsYW5faWQ9YzkxZDZkNDcmcGVyaW9kPU0=FUZZ
https://www.hellosign.com/account/openid/connect/google?on_login_redirect_url=FUZZ&L2FwaS9wcmljaW5nP3BsYW5faWQ9YzkxZDZkNDcmcGVyaW9kPVk=FUZZ
https://www.hellosign.com/account/openid/connect/google?on_login_redirect_url=FUZZ&L2FwaS9wcmljaW5nP3BsYW5faWQ9YzM5ZTZhYTMmcGVyaW9kPU0=FUZZ
https://www.hellosign.com/account/openid/connect/google?on_login_redirect_url=FUZZ&L2FwaS9wcmljaW5nP3BsYW5faWQ9YzM5ZTZhYTMmcGVyaW9kPVk=FUZZ
https://www.hellosign.com/account/openid/connect/google?on_login_redirect_url=FUZZ&L2FwaS9wcmljaW5nP3BsYW5faWQ9ZGM3NDA4OTEmcGVyaW9kPU0=FUZZ
https://www.hellosign.com/account/openid/connect/google?on_login_redirect_url=FUZZ&L2FwaS9wcmljaW5nP3BsYW5faWQ9ZGM3NDA4OTEmcGVyaW9kPVk=FUZZ
https://www.hellosign.com/account/openid/connect/google?on_login_redirect_url=FUZZ&Lw=FUZZ&=FUZZ
https://www.hellosign.com/account/openid/connect/google?override_create_type_code=FUZZ&1=FUZZ&on_login_redirect_url=FUZZ
https://www.hellosign.com/account/openid/connect/google?override_create_type_code=FUZZ&1=FUZZ&on_login_redirect_url=FUZZ&L2V4dGVuc2lvbnMvaGVsbG9zaWduLWZvci1nbWFpbC54cGk=FUZZ
https://www.hellosign.com/account/openid/connect/google?override_create_type_code=FUZZ&9=FUZZ&on_login_redirect_url=FUZZ&L2hvbWUvbXlBY2NvdW50I2ludGVncmF0aW9ucw=FUZZ&=FUZZ
https://www.hellosign.com/account/recoverPassword?recover[email_address]=FUZZ&=FUZZ&redirect_url=FUZZ
https://www.hellosign.com/?amp%3Butm_source=FUZZ&twitter=FUZZ&amp%3Butm_campaign=FUZZ&hellofax-incentivized-tweet=FUZZ&amp%3Butm_content=FUZZ
https://www.hellosign.com/;aS.innerHTML=FUZZ
https://www.hellosign.com/;aW.style.overflow=FUZZ
https://www.hellosign.com/;aW.style.position=FUZZ
https://www.hellosign.com/;aY.style.top=FUZZ
https://www.hellosign.com/;bc.innerHTML=FUZZ
https://www.hellosign.com/blog/10-mistakes-to-avoid-when-building-your-api/?imm_mid=FUZZ&0ea1c2=FUZZ&cmp=FUZZ
https://www.hellosign.com/blog/going-global-how-localization-and-internationalization-fuel-growth?ref=FUZZ
https://www.hellosign.com/blog/planned-isolation-why-walled-gardens-dont-work-in-2020?ref=FUZZ
https://www.hellosign.com/blog/remote-work-culture-how-teams-maintain-connection-at-a-distance?ref=FUZZ
https://www.hellosign.com/blog/security-and-delight-shaping-the-modern-fintech-customer-experience?ref=FUZZ
https://www.hellosign.com/blog/the-uk-esignature-guide-laws-regulations-and-privacy?ref=FUZZ
https://www.hellosign.com/blog/understanding-eca-2000-and-its-impact-on-international-esignatures?ref=FUZZ
https://www.hellosign.com/blog/workwoes-act-iii-stacking-the-deck-for-disaster?ref=FUZZ
https://www.hellosign.com/blog/workwoes-act-ii-the-dark-side-of-productivity?ref=FUZZ
https://www.hellosign.com/?display_login=FUZZ
https://www.hellosign.com/?display_login=FUZZ&1=FUZZ&on_login_redirect_url=FUZZ
https://www.hellosign.com/?display_login=FUZZ&1=FUZZ&on_login_redirect_url=FUZZ&aHR0cHM6Ly93d3cuaGVsbG9zaWduLmNvbS9ob21lL215QWNjb3VudA=FUZZ&=FUZZ
https://www.hellosign.com/?display_signup=FUZZ
https://www.hellosign.com/;document.domain=FUZZ
https://www.hellosign.com/,D.style.marginRight=FUZZ
https://www.hellosign.com/editor/getStarted?guid=FUZZ
https://www.hellosign.com/editor/getStartedInPerson?guid=FUZZ
https://www.hellosign.com/:f=FUZZ
https://www.hellosign.com/,f,h;this.dropZone=FUZZ&e;this.progressSelector=FUZZ
https://www.hellosign.com/=FUZZ&esheet=FUZZ&51944980=FUZZ&newsitemid=FUZZ&20190226005344=FUZZ&lan=FUZZ&en-US=FUZZ&anchor=FUZZ&HelloSign=FUZZ&index=FUZZ&2=FUZZ&md5=FUZZ
https://www.hellosign.com/=FUZZ&esheet=FUZZ&52148779=FUZZ&newsitemid=FUZZ&20191218005166=FUZZ&lan=FUZZ&en-US=FUZZ&anchor=FUZZ&HelloSign=FUZZ&index=FUZZ&1=FUZZ&md5=FUZZ
https://www.hellosign.com/=FUZZ&=FUZZ&b.search!=FUZZ
https://www.hellosign.com/=FUZZ&=FUZZ&=FUZZ
https://www.hellosign.com/=FUZZ&=FUZZ&=FUZZ&b?a.offsetWidth:a.offsetHeight,e=FUZZ
https://www.hellosign.com/=FUZZ&=FUZZ&=FUZZ&document.location.protocol=FUZZ&=FUZZ
https://www.hellosign.com/=FUZZ&=FUZZ&=FUZZ&Y.cross_browser;E=FUZZ
https://www.hellosign.com/=FUZZ&=FUZZ&=FUZZ&Y.log,qb=FUZZ
https://www.hellosign.com/=FUZZ&=FUZZ&=FUZZ&Y.preview,Q=FUZZ
https://www.hellosign.com/=FUZZ&=FUZZ&=FUZZ&Y.verbose,id=FUZZ
https://www.hellosign.com/=FUZZ&=FUZZ&K.type!=FUZZ&=FUZZ
https://www.hellosign.com/=FUZZ&=FUZZ&this.orientation=FUZZ&=FUZZ&=FUZZ
https://www.hellosign.com/!=FUZZ&=FUZZ&Y.disable=FUZZ&=FUZZ
https://www.hellosign.com/!=FUZZ&=FUZZ&Y.opt_out=FUZZ&=FUZZ
https://www.hellosign.com/googledocs?ref=FUZZ
https://www.hellosign.com/gtag/js?id=FUZZ
https://www.hellosign.com/:h=FUZZ&=FUZZ&this.isover=FUZZ&=FUZZ
https://www.hellosign.com/home/googleAppsSso?v=FUZZ&2=FUZZ&domain=FUZZ
https://www.hellosign.com/home/manage?guid=FUZZ
https://www.hellosign.com/iapi/public_suffix?host=FUZZ
https://www.hellosign.com/,i=FUZZ&k.name,b=FUZZ
https://www.hellosign.com/info/pricing?period=FUZZ
https://www.hellosign.com/info/pricing?period=FUZZ&M=FUZZ&is_from_ga_setup=FUZZ
https://www.hellosign.com/info/pricing?period=FUZZ&Y=FUZZ&is_from_ga_setup=FUZZ
https://www.hellosign.com/info/pricing?showContactUs=FUZZ
https://www.hellosign.com/?j/100:1,x:d!=FUZZ
https://www.hellosign.com/:k=FUZZ
https://www.hellosign.com/;K.height=FUZZ
https://www.hellosign.com/,nondefaultemail:o.recipient_validator=FUZZ&=FUZZ&=FUZZ
https://www.hellosign.com/,o.innerHTML=FUZZ
https://www.hellosign.com/;o.style.width=FUZZ&o.style.paddingLeft=FUZZ
https://www.hellosign.com/,o.style.zoom=FUZZ&1,s.inlineBlockNeedsLayout=FUZZ&2=FUZZ&=FUZZ&=FUZZ&o.offsetWidth,o.style.display=FUZZ
https://www.hellosign.com/_preview.js?account_id=FUZZ
https://www.hellosign.com/products/hellofax=FUZZ&esheet=FUZZ&51944980=FUZZ&newsitemid=FUZZ&20190226005344=FUZZ&lan=FUZZ&en-US=FUZZ&anchor=FUZZ&HelloFax=FUZZ&index=FUZZ&4=FUZZ&md5=FUZZ
https://www.hellosign.com/products/hellofax=FUZZ&esheet=FUZZ&52148779=FUZZ&newsitemid=FUZZ&20191218005166=FUZZ&lan=FUZZ&en-US=FUZZ&anchor=FUZZ&HelloFax=FUZZ&index=FUZZ&3=FUZZ&md5=FUZZ
https://www.hellosign.com/products/helloworks=FUZZ&esheet=FUZZ&51944980=FUZZ&newsitemid=FUZZ&20190226005344=FUZZ&lan=FUZZ&en-US=FUZZ&anchor=FUZZ&HelloWorks=FUZZ&index=FUZZ&3=FUZZ&md5=FUZZ
https://www.hellosign.com/products/helloworks=FUZZ&esheet=FUZZ&51944980=FUZZ&newsitemid=FUZZ&20190226005344=FUZZ&lan=FUZZ&en-US=FUZZ&anchor=FUZZ&www.hellosign.com/products/helloworks=FUZZ&index=FUZZ&1=FUZZ&md5=FUZZ
https://www.hellosign.com/products/helloworks=FUZZ&esheet=FUZZ&52148779=FUZZ&newsitemid=FUZZ&20191218005166=FUZZ&lan=FUZZ&en-US=FUZZ&anchor=FUZZ&HelloWorks=FUZZ&index=FUZZ&2=FUZZ&md5=FUZZ
https://www.hellosign.com/products/helloworks?ref=FUZZ
https://www.hellosign.com/?ref=FUZZ
https://www.hellosign.com/?ref=FUZZ&1e7f59dc=FUZZ&s=FUZZ
https://www.hellosign.com/?ref=FUZZ&37846a13=FUZZ&s=FUZZ
https://www.hellosign.com/?ref=FUZZ&418fd3a5=FUZZ&s=FUZZ
https://www.hellosign.com/?ref=FUZZ&489c8cf9=FUZZ&s=FUZZ
https://www.hellosign.com/?ref=FUZZ&5140660d=FUZZ&s=FUZZ
https://www.hellosign.com/?ref=FUZZ&59b566ea=FUZZ&s=FUZZ
https://www.hellosign.com/?ref=FUZZ&92f9561f=FUZZ&s=FUZZ
https://www.hellosign.com/?ref=FUZZ&9fbea589=FUZZ&s=FUZZ
https://www.hellosign.com/?ref=FUZZ&d843cc8a=FUZZ&s=FUZZ
https://www.hellosign.com/?ref=FUZZ&dde19b1c=FUZZ&s=FUZZ
https://www.hellosign.com/?ref=FUZZ&e134c379=FUZZ&s=FUZZ
https://www.hellosign.com/?ref=FUZZ&e6101147=FUZZ&s=FUZZ
https://www.hellosign.com/?ref=FUZZ&e8fae747=FUZZ&s=FUZZ
https://www.hellosign.com/?r=FUZZ
https://www.hellosign.com/send/resendDocs?tsm_group_guid=FUZZ
https://www.hellosign.com/;this.cancelSelector=FUZZ
https://www.hellosign.com/;this.cssClassHighlight=FUZZ
https://www.hellosign.com/;this.cssClassLarge=FUZZ
https://www.hellosign.com/;this.cssClassSmall=FUZZ
https://www.hellosign.com/;this.dropEffect=FUZZ
https://www.hellosign.com/?utc_campaign=FUZZ
https://www.hellosign.com/?utc_campaign=FUZZ&box25=FUZZ&source=FUZZ
https://www.hellosign.com/;z=FUZZ&0=FUZZ&=FUZZ&=FUZZ
http://www.hellosign.com:80/editor/getStarted?guid=FUZZ
http://www.hellosign.com:80/gmail?id=FUZZ
http://www.hellosign.com:80/info/jobs?gh_jid=FUZZ
http://www.hellosign.com:80/info/jobs?gh_jid=FUZZ&5414=FUZZ&gh_src=FUZZ
http://www.hellosign.com/account/openid/connect/google?on_login_redirect_url=FUZZ&aHR0cHM6Ly9jaHJvbWUuZ29vZ2xlLmNvbS93ZWJzdG9yZS9kZXRhaWwvZGNpZmxpZWlnZG1vZ3BtYW1jZ2JpZ2luZ2FvZGhuaWw=FUZZ
http://www.hellosign.com/account/openid/connect/google?on_login_redirect_url=FUZZ&aHR0cHM6Ly9jaHJvbWUuZ29vZ2xlLmNvbS93ZWJzdG9yZS9kZXRhaWwvZGNpZmxpZWlnZG1vZ3BtYW1jZ2JpZ2luZ2FvZGhuaWw=FUZZ&=FUZZ&override_create_type_code=FUZZ
http://www.hellosign.com/info/=FUZZ&=FUZZ&=FUZZ&b?a.offsetWidth:a.offsetHeight,e=FUZZ
http://www.hellosign.com/info/=FUZZ&=FUZZ&=FUZZ&document.location.protocol=FUZZ&=FUZZ
http://www.hellosign.com/info/=FUZZ&=FUZZ&=FUZZ&Y.log,qb=FUZZ
http://www.hellosign.com/info/=FUZZ&=FUZZ&=FUZZ&Y.preview,Q=FUZZ
http://www.hellosign.com/info/=FUZZ&=FUZZ&=FUZZ&Y.verbose,jd=FUZZ
http://www.hellosign.com/info/!=FUZZ&=FUZZ&Y.disable=FUZZ&=FUZZ
http://www.hellosign.com/info/!=FUZZ&=FUZZ&Y.opt_out=FUZZ&=FUZZ
