http://info.hellosign.com:80/rs/925-YQB-645/images/7Habits_CTOs.pdf
http://info.hellosign.com:80/rs/925-YQB-645/images/eSignatures_for_HR.pdf?
http://info.hellosign.com:80/rs/925-YQB-645/images/eSignatures_for_Recruiters.pdf
http://info.hellosign.com:80/rs/925-YQB-645/images/HelloSign%20for%20Marketplaces%20and%20On-demand%20Platforms.pdf
http://info.hellosign.com:80/rs/925-YQB-645/images/HelloSign_CheatSheet_eSignatures.pdf
http://info.hellosign.com/rs/hellosign/images/hs%2BBinti_bm.pdf
http://info.hellosign.com/rs/hellosign/images/hs%2Binstacart_bm.pdf
http://info.hellosign.com/rs/hellosign/images/hs%2BSimplyInsured_bm_PRINT.pdf
https://app.hellosign.com/docs/texttags_example.pdf
https://faq.hellosign.com/hc/article_attachments/360063654051/HelloSign_W9_2020.pdf
https://www.hellosign.com/api/Agreement.pdf
https://www.hellosign.com/api/ApendixA.pdf
https://www.hellosign.com/api/AppendixA.pdf
https://www.hellosign.com/api/Appendix.doc
https://www.hellosign.com/api/Appendix.pdf
https://www.hellosign.com/api/file0.pdf
https://www.hellosign.com/api/file1.doc
https://www.hellosign.com/api/finalCopy.pdf
https://www.hellosign.com/api/mySignedDocument.pdf
https://www.hellosign.com/api/nda.docx
https://www.hellosign.com/api/NDA.pdf
https://www.hellosign.com/api/path_to_document.pdf
https://www.hellosign.com/api/path/to/nda.pdf
https://www.hellosign.com/api/TextTagsDocument.pdf
https://www.hellosign.com/docs/texttags_example.pdf
