http://alert.hellosign.com/robots.txt
http://app.hellosign.com/s/af1ea87c/robots.txt
http://blog.hellosign.com/robots.txt
http://blog.hellosign.com/using-hellosign-google-docs/Microsoft.XMLDOM
http://blog.hellosign.com/using-hellosign-google-docs/Microsoft.XMLHTTP
http://blog.hellosign.com/wp-includes/wlwmanifest.xml
http://cdn.hellosign.com/robots.txt
http://demo.hellosign.com/robots.txt
http://email.email.hellosign.com/robots.txt
http://email.em.hellosign.com/robots.txt
http://email.mail.hellosign.com/robots.txt
http://embedded.hellosign.com/robots.txt
http://em.hellosign.com/robots.txt
http://faq.hellosign.com:80/api/v1/oembed.json?url=http%3A%2F%2Ffaq.hellosign.com%2Fforums%2F164888-general%2Fsuggestions%2F3840449-variable-number-of-signers
http://faq.hellosign.com:80/api/v1/oembed.json?url=http%3A%2F%2Ffaq.hellosign.com%2Fforums%2F164888-general%2Fsuggestions%2F3859665-integrate-with-google-voice-to-send-faxes-with-a-g
http://faq.hellosign.com:80/api/v1/oembed.json?url=http%3A%2F%2Ffaq.hellosign.com%2Fforums%2F164888-general%2Fsuggestions%2F3859792-in-person-signing-for-uncommon-links
http://faq.hellosign.com:80/api/v1/oembed.json?url=http%3A%2F%2Ffaq.hellosign.com%2Fforums%2F164888-general%2Fsuggestions%2F3888513-allow-signers-to-reject-a-signature-request
http://faq.hellosign.com:80/api/v1/oembed.json?url=http%3A%2F%2Ffaq.hellosign.com%2Fforums%2F164888-general%2Fsuggestions%2F4115512-enable-making-some-documents-private-and-not-sha
http://faq.hellosign.com:80/api/v1/oembed.json?url=http%3A%2F%2Ffaq.hellosign.com%2Fforums%2F164888-general%2Fsuggestions%2F4415095-mass-delete-documents
http://faq.hellosign.com:80/api/v1/oembed.json?url=http%3A%2F%2Ffaq.hellosign.com%2Fforums%2F164888-hellosign-feature-request-forum%2Fsuggestions%2F3202207-api-wrapper-for-objective-c
http://faq.hellosign.com:80/api/v1/oembed.json?url=http%3A%2F%2Ffaq.hellosign.com%2Fforums%2F164888-hellosign-feature-request-forum%2Fsuggestions%2F3276515-don-t-rasterize-the-documents-preserve-searchab
http://faq.hellosign.com:80/api/v1/oembed.json?url=http%3A%2F%2Ffaq.hellosign.com%2Fforums%2F164888-hellosign-feature-request-forum%2Fsuggestions%2F3556237-improve-quality-of-final-pdfs
http://faq.hellosign.com:80/api/v1/oembed.json?url=http%3A%2F%2Ffaq.hellosign.com%2Fforums%2F164888-hellosign-feature-request-forum%2Fsuggestions%2F3782166-have-a-mobile-friendly-website
http://faq.hellosign.com:80/api/v1/oembed.json?url=http%3A%2F%2Ffaq.hellosign.com%2Fforums%2F164888-hellosign-feature-request-forum%2Fsuggestions%2F3840449-variable-number-of-signers
http://faq.hellosign.com:80/api/v1/oembed.json?url=http%3A%2F%2Ffaq.hellosign.com%2Fforums%2F164888-hellosign-feature-request-forum%2Fsuggestions%2F3922893-edit-email-address-after-signature-request-is-sent
http://faq.hellosign.com:80/api/v1/oembed.json?url=http%3A%2F%2Ffaq.hellosign.com%2Fforums%2F164888-hellosign-feature-request-forum%2Fsuggestions%2F4292237-improve-the-quality-of-the-final-pdf
http://faq.hellosign.com:80/api/v1/oembed.json?url=http%3A%2F%2Ffaq.hellosign.com%2Fforums%2F164888-hellosign-feature-request-forum%2Fsuggestions%2F4440567-enable-colors-for-stored-signatures
http://faq.hellosign.com:80/api/v1/oembed.json?url=http%3A%2F%2Ffaq.hellosign.com%2Fforums%2F164888-hellosign-feature-request-forum%2Fsuggestions%2F6208414-allow-two-factor-for-pro-plans
http://faq.hellosign.com:80/api/v1/oembed.xml?url=http%3A%2F%2Ffaq.hellosign.com%2Fforums%2F164888-general%2Fsuggestions%2F3840449-variable-number-of-signers
http://faq.hellosign.com:80/api/v1/oembed.xml?url=http%3A%2F%2Ffaq.hellosign.com%2Fforums%2F164888-general%2Fsuggestions%2F3859665-integrate-with-google-voice-to-send-faxes-with-a-g
http://faq.hellosign.com:80/api/v1/oembed.xml?url=http%3A%2F%2Ffaq.hellosign.com%2Fforums%2F164888-general%2Fsuggestions%2F3859792-in-person-signing-for-uncommon-links
http://faq.hellosign.com:80/api/v1/oembed.xml?url=http%3A%2F%2Ffaq.hellosign.com%2Fforums%2F164888-general%2Fsuggestions%2F3888513-allow-signers-to-reject-a-signature-request
http://faq.hellosign.com:80/api/v1/oembed.xml?url=http%3A%2F%2Ffaq.hellosign.com%2Fforums%2F164888-general%2Fsuggestions%2F4115512-enable-making-some-documents-private-and-not-sha
http://faq.hellosign.com:80/api/v1/oembed.xml?url=http%3A%2F%2Ffaq.hellosign.com%2Fforums%2F164888-general%2Fsuggestions%2F4415095-mass-delete-documents
http://faq.hellosign.com:80/api/v1/oembed.xml?url=http%3A%2F%2Ffaq.hellosign.com%2Fforums%2F164888-hellosign-feature-request-forum%2Fsuggestions%2F3202207-api-wrapper-for-objective-c
http://faq.hellosign.com:80/api/v1/oembed.xml?url=http%3A%2F%2Ffaq.hellosign.com%2Fforums%2F164888-hellosign-feature-request-forum%2Fsuggestions%2F3276515-don-t-rasterize-the-documents-preserve-searchab
http://faq.hellosign.com:80/api/v1/oembed.xml?url=http%3A%2F%2Ffaq.hellosign.com%2Fforums%2F164888-hellosign-feature-request-forum%2Fsuggestions%2F3556237-improve-quality-of-final-pdfs
http://faq.hellosign.com:80/api/v1/oembed.xml?url=http%3A%2F%2Ffaq.hellosign.com%2Fforums%2F164888-hellosign-feature-request-forum%2Fsuggestions%2F3782166-have-a-mobile-friendly-website
http://faq.hellosign.com:80/api/v1/oembed.xml?url=http%3A%2F%2Ffaq.hellosign.com%2Fforums%2F164888-hellosign-feature-request-forum%2Fsuggestions%2F3840449-variable-number-of-signers
http://faq.hellosign.com:80/api/v1/oembed.xml?url=http%3A%2F%2Ffaq.hellosign.com%2Fforums%2F164888-hellosign-feature-request-forum%2Fsuggestions%2F3922893-edit-email-address-after-signature-request-is-sent
http://faq.hellosign.com:80/api/v1/oembed.xml?url=http%3A%2F%2Ffaq.hellosign.com%2Fforums%2F164888-hellosign-feature-request-forum%2Fsuggestions%2F4292237-improve-the-quality-of-the-final-pdf
http://faq.hellosign.com:80/api/v1/oembed.xml?url=http%3A%2F%2Ffaq.hellosign.com%2Fforums%2F164888-hellosign-feature-request-forum%2Fsuggestions%2F4440567-enable-colors-for-stored-signatures
http://faq.hellosign.com:80/api/v1/oembed.xml?url=http%3A%2F%2Ffaq.hellosign.com%2Fforums%2F164888-hellosign-feature-request-forum%2Fsuggestions%2F6208414-allow-two-factor-for-pro-plans
http://faq.hellosign.com:80/w3c/p3p.xml
http://faq.hellosign.com/api/v1/oembed.json?url=http%3A%2F%2Ffaq.hellosign.com%2Fforums%2F164888-hellosign-feature-request-forum%2Fsuggestions%2F5815000-email-notification-management
http://faq.hellosign.com/api/v1/oembed.xml?url=http%3A%2F%2Ffaq.hellosign.com%2Fforums%2F164888-hellosign-feature-request-forum%2Fsuggestions%2F3789435-preview-contract-before-sending
http://faq.hellosign.com/api/v1/oembed.xml?url=http%3A%2F%2Ffaq.hellosign.com%2Fforums%2F164888-hellosign-feature-request-forum%2Fsuggestions%2F3859561-give-users-the-option-to-pay-per-signature-request
http://faq.hellosign.com/api/v1/oembed.xml?url=http%3A%2F%2Ffaq.hellosign.com%2Fforums%2F164888-hellosign-feature-request-forum%2Fsuggestions%2F5815000-email-notification-management
http://faq.hellosign.com/robots.txt
http://get.hellosign.com:80/robots.txt
http://go.hellosign.com/robots.txt
http://hant.hellosign.com/robots.txt
http://hellosign.com:80/robots.txt
http://hellosign.com/robots.txt
http://info.hellosign.com/robots.txt
http://mkt.hellosign.com/robots.txt
http://mkt-img.hellosign.com/robots.txt
http://sales.hellosign.com/robots.txt
https://api.hellosign.com/robots.txt
https://app.hellosign.com/account/googleapis.config
https://app.hellosign.com/?ref=12b8266f&s=S/robots.txt
https://app.hellosign.com/robots.txt
https://app.hellosign.com/s/46ff2ef4/robots.txt
https://app.hellosign.com/s/8eb4a8ed/robots.txt
https://app.hellosign.com/s/d467c4d0/robots.txt
https://app.hellosign.com/s/de776b99/robots.txt
https://da.hellosign.com/robots.txt
https://da.smartling-mar-stg.hellosign.com/robots.txt
https://de.hellosign.com/blog/rss.xml
https://de.hellosign.com/robots.txt
https://de.smartling-mar-stg.hellosign.com/robots.txt
https://es.hellosign.com/robots.txt
https://es.smartling-mar-stg.hellosign.com/robots.txt
https://faq.hellosign.com/hc/api/internal/csrf_token.json
https://faq.hellosign.com/hc/api/internal/deflection/suggestions.json?locale=en-us&query=upgrading
https://faq.hellosign.com/hc/api/internal/deflection/suggestions.json?locale=en-us&query=upgrading+hellofax
https://faq.hellosign.com/robots.txt
https://fr.hellosign.com/blog/rss.xml
https://fr.hellosign.com/robots.txt
https://fr.smartling-mar-stg.hellosign.com/robots.txt
https://gb.hellosign.com/blog/rss.xml
https://gb.hellosign.com/robots.txt
https://gb.smartling-mar-stg.hellosign.com/robots.txt
https://hans.hellosign.com/blog/rss.xml
https://hans.hellosign.com/robots.txt
https://hans.smartling-mar-stg.hellosign.com/robots.txt
https://hant.hellosign.com/blog/rss.xml
https://hant.hellosign.com/robots.txt
https://hant.smartling-mar-stg.hellosign.com/robots.txt
https://hellosign.com/robots.txt
https://id.hellosign.com/robots.txt
https://id.smartling-mar-stg.hellosign.com/robots.txt
https://info.hellosign.com/robots.txt
https://it.hellosign.com/robots.txt
https://it.smartling-mar-stg.hellosign.com/robots.txt
https://ja.hellosign.com/blog/rss.xml
https://ja.hellosign.com/robots.txt
https://ja.smartling-mar-stg.hellosign.com/robots.txt
https://k3.hellosign.com/robots.txt
https://kibana.hellosign.com/robots.txt
https://ko.hellosign.com/robots.txt
https://ko.smartling-mar-stg.hellosign.com/robots.txt
https://mar-cdn.hellosign.com/robots.txt
https://ms.hellosign.com/robots.txt
https://ms.smartling-mar-stg.hellosign.com/robots.txt
https://nl.hellosign.com/blog/rss.xml
https://nl.hellosign.com/robots.txt
https://nl.smartling-mar-stg.hellosign.com/robots.txt
https://no.hellosign.com/robots.txt
https://no.smartling-mar-stg.hellosign.com/robots.txt
https://pl.hellosign.com/robots.txt
https://pl.smartling-mar-stg.hellosign.com/robots.txt
https://pt.hellosign.com/robots.txt
https://pt.smartling-mar-stg.hellosign.com/robots.txt
https://ru.hellosign.com/blog/rss.xml
https://ru.hellosign.com/robots.txt
https://ru.smartling-mar-stg.hellosign.com/robots.txt
https://sfdc-docs.hellosign.com/robots.txt
https://spa.hellosign.com/robots.txt
https://spa.smartling-mar-stg.hellosign.com/robots.txt
https://status.hellosign.com/robots.txt
https://sv.hellosign.com/robots.txt
https://sv.smartling-mar-stg.hellosign.com/robots.txt
http://staging.hellosign.com:80/robots.txt
http://status.hellosign.com:80/metrics-display/5y39628bz3bp/_.json
http://status.hellosign.com:80/metrics-display/dtdhm64dhpzs/_.json
http://status.hellosign.com:80/metrics-display/stqs99vdqqx5/_.json
http://status.hellosign.com/robots.txt
https://th.hellosign.com/robots.txt
https://th.smartling-mar-stg.hellosign.com/robots.txt
https://uk.hellosign.com/robots.txt
https://uk.smartling-mar-stg.hellosign.com/robots.txt
https://webflow.hellosign.com/robots.txt
https://www.hellosign.com/blog/robots.txt
https://www.hellosign.com/blog/rss.xml
https://www.hellosign.com/Microsoft.XMLDOM
https://www.hellosign.com/Microsoft.XMLHTTP
https://www.hellosign.com/robots.txt
https://www.hellosign.com/s/31a0520e/robots.txt
https://www.hellosign.com/s/c0edfa07/robots.txt
https://www.hellosign.com/s/de776b99/robots.txt
https://www.hellosign.com/sitemap.xml
https://www.hellosign.com/===Y.log,qb=
http://w.hellosign.com/robots.txt
http://www.hellosign.com/info/Microsoft.XMLDOM
http://www.hellosign.com/info/===Y.log,qb=
http://www.hellosign.com/s/8c061664/robots.txt
