http://admin.starlink.com:80/robots.txt
http://aries.starlink.com/robots.txt
http://email.starlink.com/robots.txt
http://e.starlink.com/robots.txt
http://leo.starlink.com/robots.txt
http://mail.starlink.com:80/robots.txt
http://ns1.starlink.com:80/robots.txt
https://api.starlink.com/auth-rp/auth/login?ReturnUrl=https://shop.starlink.com/robots.txt
https://api.starlink.com/auth-rp/auth/login?ReturnUrl=https://support.starlink.com/robots.txt
https://api.starlink.com/robots.txt
https://auth.starlink.com/robots.txt
https://shop.starlink.com/robots.txt
https://support.starlink.com/robots.txt
http://starlink.com/KdlkZ/TgZpZ/MKZPZ/robots.txt
http://starlink.com/KOjRZ/TQSUZ/MabNZ/TpmpZ/robots.txt
http://starlink.com/KQdmZ/robots.txt
http://starlink.com/LRKNZ/robots.txt
http://starlink.com/MabNZ/TpmpZ/robots.txt
http://starlink.com/MKZPZ/robots.txt
http://starlink.com/MVhLZ/robots.txt
http://starlink.com/NanmZ/robots.txt
http://starlink.com/NkROZ/KdlkZ/TgZpZ/MKZPZ/robots.txt
http://starlink.com/OcLPZ/WknVZ/WWgcZ/XRLLZ/robots.txt
http://starlink.com/OiTdZ/robots.txt
http://starlink.com/OMjbZ/robots.txt
http://starlink.com/OSgXZ/robots.txt
http://starlink.com/PceRZ/VdPRZ/KQdmZ/robots.txt
http://starlink.com/QZjWZ/robots.txt
http://starlink.com/SKLRZ/robots.txt
http://starlink.com/TgZpZ/MKZPZ/robots.txt
http://starlink.com/TpmpZ/robots.txt
http://starlink.com/TQSUZ/MabNZ/TpmpZ/robots.txt
http://starlink.com/UaYnZ/SKLRZ/robots.txt
http://starlink.com/UToZZ/UXUeZ/UaYnZ/SKLRZ/robots.txt
http://starlink.com/UXUeZ/UaYnZ/SKLRZ/robots.txt
http://starlink.com/VdPRZ/KQdmZ/robots.txt
http://starlink.com/WknVZ/WWgcZ/XRLLZ/robots.txt
http://starlink.com/WVnZZ/robots.txt
http://starlink.com/WWgcZ/XRLLZ/robots.txt
http://starlink.com/XeYfZ/robots.txt
http://starlink.com/XkmdZ/robots.txt
http://starlink.com/XRLLZ/robots.txt
http://starlink.com/YKOjZ/robots.txt
http://starlink.com/ZkmiZ/robots.txt
http://starlink.com/ZnSQZ/XeYfZ/robots.txt
https://www.starlink.com/robots.txt
http://virtuals.starlink.com:80/robots.txt
http://webmail.starlink.com:80/robots.txt
http://www.heineken.starlink.com/robots.txt
http://www.starlink.com:80/%7Escotts/war2cht.txt
http://www.starlink.com:80/~chuckh/newsltr.txt
http://www.starlink.com:80/~chuckh/roster.txt
http://www.starlink.com:80/robots.txt
http://www.starlink.com:80/terms.txt
http://www.starlink.com:80/~tscott/Fortress.txt
http://www.starlink.com:80/~tscott/ww3.txt
http://www.starlink.com/KNfjZ/robots.txt
http://www.starlink.com/KoRnZ/robots.txt
http://www.starlink.com/LNTpZ/KNfjZ/robots.txt
http://www.starlink.com/MbcfZ/robots.txt
http://www.starlink.com/MeokZ/LNTpZ/KNfjZ/robots.txt
http://www.starlink.com/MnRgZ/robots.txt
http://www.starlink.com/MoSfZ/robots.txt
http://www.starlink.com/NanmZ/QQYZZ/robots.txt
http://www.starlink.com/NmMpZ/robots.txt
http://www.starlink.com/NPVXZ/TSpbZ/RkbOZ/ULkgZ/robots.txt
http://www.starlink.com/OafVZ/SjKXZ/OhMMZ/robots.txt
http://www.starlink.com/OhMMZ/robots.txt
http://www.starlink.com/OPKPZ/MoSfZ/robots.txt
http://www.starlink.com/ORVOZ/NanmZ/QQYZZ/robots.txt
http://www.starlink.com/OWXjZ/robots.txt
http://www.starlink.com/PpbKZ/robots.txt
http://www.starlink.com/QandZ/ZMKUZ/TkSLZ/QclVZ/robots.txt
http://www.starlink.com/QclVZ/robots.txt
http://www.starlink.com/QnUlZ/robots.txt
http://www.starlink.com/QQYZZ/robots.txt
http://www.starlink.com/RkbOZ/ULkgZ/robots.txt
http://www.starlink.com/robots.txt?23da3080
http://www.starlink.com/robots.txt?62fca700
http://www.starlink.com/robots.txt?9d0bca40
http://www.starlink.com/robots.txt?db8dcf68
http://www.starlink.com/SbWeZ/robots.txt
http://www.starlink.com/SikWZ/robots.txt
http://www.starlink.com/SjKXZ/OhMMZ/robots.txt
http://www.starlink.com/STePZ/robots.txt
http://www.starlink.com/STQoZ/robots.txt
http://www.starlink.com/TibWZ/STePZ/robots.txt
http://www.starlink.com/TkSLZ/QclVZ/robots.txt
http://www.starlink.com/TSpbZ/RkbOZ/ULkgZ/robots.txt
http://www.starlink.com/UakiZ/ZSmcZ/SikWZ/robots.txt
http://www.starlink.com/ULkgZ/robots.txt
http://www.starlink.com/VgmKZ/robots.txt
http://www.starlink.com/XmbWZ/robots.txt
http://www.starlink.com/YaLfZ/MeokZ/LNTpZ/KNfjZ/robots.txt
http://www.starlink.com/YOPiZ/ORVOZ/NanmZ/QQYZZ/robots.txt
http://www.starlink.com/YUokZ/robots.txt
http://www.starlink.com/YVoRZ/robots.txt
http://www.starlink.com/YXVcZ/robots.txt
http://www.starlink.com/ZMKUZ/TkSLZ/QclVZ/robots.txt
http://www.starlink.com/ZSmcZ/SikWZ/robots.txt
