1345560771
1347573673
1348079008
1348250002
1348767315
1349123938
1349359164
1349792868
1349802512
1349907039
1358459650
1360767503
1365800790
1368477490
1368567058
1370296504716
1376080286
1377814382
1381163547
1381353406352
1381946411624
1383063980
1383071514881
1383074995913
1388420195
1417436750214
1420133916911
1420133942068
1422067302450
1436541452778
1448900473646
1448900609433
1453836418744
1454411933887
1479095876496
1479095924223
1558802586354
1558802620719
1559778521902
1559781674221
1562014557470
1562014589141
1562559598860
1584992487184
1586517432056
1586518520792
1590755690734
1590756484724
514fea8404f6fef8113300d05b6554d0
97283338
account_id
action
action_method
action_name
adv
allFields
amp
as
authenticity_token
Author
bgcolor
bid
blaid
b-modified
campaign_id
cb
client_id
color
commit
completeModuleKey
conditionalComment
confirmation
conly
contentAuthorization
controller_name
countryId
ct
d
d21f113c4fbbf1d45c6e94fd95ff085d
data
entry_id
errorMessage
errors
expanded
fb_locale
fbrefresh
feed
fileUri
fit
fmt
force_unaltered_return_to
format
forum_id
gclid
gi
hc
height
hsFormKey
__hsfp
__hssc
__hstc
hubItemID
j0p9i8
languageId
locale
login
lv4qfq
maxcount
media
message
mid
modificationDate
moduleid
name
os_destination
p
page
pckgId
pfstyle
pi_ad_id
pid
pi_opt_in
portalId
profile
query
r
redirect_uri
ref
referer
referrer
replytocom
req_id
response_type
return_to
RewriteStatus
rsd
scope
showChildren
site_id
siteId
smt
smtNoRedir
smtPath
source
spaceKey
state
stylesheetName
t
tabid
tag
Tag
text
theme
tid
title
u
uid
url
urlIdentifier
user_id
utf8
utm_campaign
utm_content
utm_medium
utm_source
utm_term
_v
v
v0.0.1
ver
version
visitor_id
visitor_id_sign
w
width
workflowStepUids
xhr
zz
